2021-12-12 18:50:12,977 INFO Let the games begin
2021-12-12 18:50:41,389 INFO [Step 99/ Epoch 0]  Loss: 2.1551  
2021-12-12 18:50:44,710 INFO val acc:22.16
2021-12-12 18:50:44,719 INFO [*] best model saved

2021-12-12 18:51:12,214 INFO [Step 199/ Epoch 0]  Loss: 2.0213  
2021-12-12 18:51:15,673 INFO val acc:32.62
2021-12-12 18:51:15,695 INFO [*] best model saved

2021-12-12 18:51:45,430 INFO [Step 299/ Epoch 0]  Loss: 2.0136  
2021-12-12 18:51:48,981 INFO val acc:35.56
2021-12-12 18:51:49,007 INFO [*] best model saved

2021-12-12 18:52:33,280 INFO [Step 47/ Epoch 1]  Loss: 1.8911  
2021-12-12 18:52:37,883 INFO val acc:40.4
2021-12-12 18:52:37,908 INFO [*] best model saved

2021-12-12 18:53:13,653 INFO [Step 147/ Epoch 1]  Loss: 1.9121  
2021-12-12 18:53:17,988 INFO val acc:42.72
2021-12-12 18:53:18,014 INFO [*] best model saved

2021-12-12 18:53:57,892 INFO [Step 247/ Epoch 1]  Loss: 1.6998  
2021-12-12 18:54:02,179 INFO val acc:45.68
2021-12-12 18:54:02,205 INFO [*] best model saved

2021-12-12 18:54:38,386 INFO [Step 347/ Epoch 1]  Loss: 1.6981  
2021-12-12 18:54:42,917 INFO val acc:46.66
2021-12-12 18:54:42,946 INFO [*] best model saved

2021-12-12 18:55:22,313 INFO [Step 95/ Epoch 2]  Loss: 1.7036  
2021-12-12 18:55:26,669 INFO val acc:47.3
2021-12-12 18:55:26,700 INFO [*] best model saved

2021-12-12 18:56:02,962 INFO [Step 195/ Epoch 2]  Loss: 1.5143  
2021-12-12 18:56:07,720 INFO val acc:48.24
2021-12-12 18:56:07,751 INFO [*] best model saved

2021-12-12 18:56:42,752 INFO [Step 295/ Epoch 2]  Loss: 1.6314  
2021-12-12 18:56:47,142 INFO val acc:48.64
2021-12-12 18:56:47,169 INFO [*] best model saved

2021-12-12 18:57:25,834 INFO [Step 43/ Epoch 3]  Loss: 1.5136  
2021-12-12 18:57:30,071 INFO val acc:49.54
2021-12-12 18:57:30,091 INFO [*] best model saved

2021-12-12 18:58:06,059 INFO [Step 143/ Epoch 3]  Loss: 1.5799  
2021-12-12 18:58:10,382 INFO val acc:50.76
2021-12-12 18:58:10,408 INFO [*] best model saved

2021-12-12 18:58:45,830 INFO [Step 243/ Epoch 3]  Loss: 1.6449  
2021-12-12 18:58:50,035 INFO val acc:49.04
2021-12-12 18:58:50,061 INFO [*] best model saved

2021-12-12 18:59:26,262 INFO [Step 343/ Epoch 3]  Loss: 1.5377  
2021-12-12 18:59:30,775 INFO val acc:52.08
2021-12-12 18:59:30,801 INFO [*] best model saved

2021-12-12 19:00:06,183 INFO [Step 91/ Epoch 4]  Loss: 1.6292  
2021-12-12 19:00:10,445 INFO val acc:54.58
2021-12-12 19:00:10,472 INFO [*] best model saved

2021-12-12 19:00:43,712 INFO [Step 191/ Epoch 4]  Loss: 1.4798  
2021-12-12 19:00:47,844 INFO val acc:54.46
2021-12-12 19:00:47,871 INFO [*] best model saved

2021-12-12 19:01:20,772 INFO [Step 291/ Epoch 4]  Loss: 1.6637  
2021-12-12 19:01:25,032 INFO val acc:54.76
2021-12-12 19:01:25,058 INFO [*] best model saved

2021-12-12 19:02:01,955 INFO [Step 39/ Epoch 5]  Loss: 1.5062  
2021-12-12 19:02:06,810 INFO val acc:55.52
2021-12-12 19:02:06,835 INFO [*] best model saved

2021-12-12 19:02:41,555 INFO [Step 139/ Epoch 5]  Loss: 1.3670  
2021-12-12 19:02:46,092 INFO val acc:55.02
2021-12-12 19:02:46,122 INFO [*] best model saved

2021-12-12 19:03:20,541 INFO [Step 239/ Epoch 5]  Loss: 1.4549  
2021-12-12 19:03:24,747 INFO val acc:56.48
2021-12-12 19:03:24,778 INFO [*] best model saved

2021-12-12 19:03:58,430 INFO [Step 339/ Epoch 5]  Loss: 1.3932  
2021-12-12 19:04:02,734 INFO val acc:56.42
2021-12-12 19:04:02,760 INFO [*] best model saved

2021-12-12 19:04:37,045 INFO [Step 87/ Epoch 6]  Loss: 1.5994  
2021-12-12 19:04:41,579 INFO val acc:58.26
2021-12-12 19:04:41,610 INFO [*] best model saved

2021-12-12 19:05:15,498 INFO [Step 187/ Epoch 6]  Loss: 1.5002  
2021-12-12 19:05:19,798 INFO val acc:59.0
2021-12-12 19:05:19,827 INFO [*] best model saved

2021-12-12 19:05:54,184 INFO [Step 287/ Epoch 6]  Loss: 1.4262  
2021-12-12 19:05:58,475 INFO val acc:57.82
2021-12-12 19:05:58,501 INFO [*] best model saved

2021-12-12 19:06:44,536 INFO [Step 35/ Epoch 7]  Loss: 1.4975  
2021-12-12 19:06:48,861 INFO val acc:59.24
2021-12-12 19:06:48,887 INFO [*] best model saved

2021-12-12 19:07:27,465 INFO [Step 135/ Epoch 7]  Loss: 1.3914  
2021-12-12 19:07:31,793 INFO val acc:59.68
2021-12-12 19:07:31,820 INFO [*] best model saved

2021-12-12 19:08:08,717 INFO [Step 235/ Epoch 7]  Loss: 1.4189  
2021-12-12 19:08:12,955 INFO val acc:60.04
2021-12-12 19:08:12,974 INFO [*] best model saved

2021-12-12 19:08:52,585 INFO [Step 335/ Epoch 7]  Loss: 1.5355  
2021-12-12 19:09:01,993 INFO val acc:60.9
2021-12-12 19:09:02,038 INFO [*] best model saved

2021-12-12 19:09:39,891 INFO [Step 83/ Epoch 8]  Loss: 1.3865  
2021-12-12 19:09:44,215 INFO val acc:59.44
2021-12-12 19:09:44,241 INFO [*] best model saved

2021-12-12 19:10:18,794 INFO [Step 183/ Epoch 8]  Loss: 1.3937  
2021-12-12 19:10:23,321 INFO val acc:61.0
2021-12-12 19:10:23,347 INFO [*] best model saved

2021-12-12 19:10:58,416 INFO [Step 283/ Epoch 8]  Loss: 1.4684  
2021-12-12 19:11:04,296 INFO val acc:58.8
2021-12-12 19:11:04,332 INFO [*] best model saved

2021-12-12 19:11:48,460 INFO [Step 31/ Epoch 9]  Loss: 1.4753  
2021-12-12 19:11:52,668 INFO val acc:60.94
2021-12-12 19:11:52,697 INFO [*] best model saved

2021-12-12 19:12:32,140 INFO [Step 131/ Epoch 9]  Loss: 1.4083  
2021-12-12 19:12:36,491 INFO val acc:61.98
2021-12-12 19:12:36,516 INFO [*] best model saved

2021-12-12 19:13:28,310 INFO [Step 231/ Epoch 9]  Loss: 1.2536  
2021-12-12 19:13:35,337 INFO val acc:63.12
2021-12-12 19:13:35,354 INFO [*] best model saved

2021-12-12 19:14:08,760 INFO [Step 331/ Epoch 9]  Loss: 1.3135  
2021-12-12 19:14:13,072 INFO val acc:64.1
2021-12-12 19:14:13,101 INFO [*] best model saved

2021-12-12 19:14:46,991 INFO [Step 79/ Epoch 10]  Loss: 1.4247  
2021-12-12 19:14:51,480 INFO val acc:61.18
2021-12-12 19:14:51,512 INFO [*] best model saved

2021-12-12 19:15:24,733 INFO [Step 179/ Epoch 10]  Loss: 1.3960  
2021-12-12 19:15:32,671 INFO val acc:60.48
2021-12-12 19:15:32,723 INFO [*] best model saved

2021-12-12 19:16:13,691 INFO [Step 279/ Epoch 10]  Loss: 1.2368  
2021-12-12 19:16:18,169 INFO val acc:64.26
2021-12-12 19:16:18,200 INFO [*] best model saved

2021-12-12 19:16:51,959 INFO [Step 27/ Epoch 11]  Loss: 1.3246  
2021-12-12 19:16:56,229 INFO val acc:62.02
2021-12-12 19:16:56,255 INFO [*] best model saved

2021-12-12 19:17:29,548 INFO [Step 127/ Epoch 11]  Loss: 1.1614  
2021-12-12 19:17:33,723 INFO val acc:65.1
2021-12-12 19:17:33,748 INFO [*] best model saved

2021-12-12 19:18:07,234 INFO [Step 227/ Epoch 11]  Loss: 1.3154  
2021-12-12 19:18:12,624 INFO val acc:65.6
2021-12-12 19:18:12,662 INFO [*] best model saved

2021-12-12 19:18:57,480 INFO [Step 327/ Epoch 11]  Loss: 1.1247  
2021-12-12 19:19:01,741 INFO val acc:65.36
2021-12-12 19:19:01,773 INFO [*] best model saved

2021-12-12 19:19:35,633 INFO [Step 75/ Epoch 12]  Loss: 1.2464  
2021-12-12 19:19:39,799 INFO val acc:62.38
2021-12-12 19:19:39,825 INFO [*] best model saved

2021-12-12 19:20:12,918 INFO [Step 175/ Epoch 12]  Loss: 1.2219  
2021-12-12 19:20:17,206 INFO val acc:64.12
2021-12-12 19:20:17,232 INFO [*] best model saved

2021-12-12 19:20:51,002 INFO [Step 275/ Epoch 12]  Loss: 1.0646  
2021-12-12 19:20:55,268 INFO val acc:65.78
2021-12-12 19:20:55,293 INFO [*] best model saved

2021-12-12 19:21:41,899 INFO [Step 23/ Epoch 13]  Loss: 1.1556  
2021-12-12 19:21:45,901 INFO val acc:66.64
2021-12-12 19:21:45,932 INFO [*] best model saved

2021-12-12 19:22:18,752 INFO [Step 123/ Epoch 13]  Loss: 1.2075  
2021-12-12 19:22:22,881 INFO val acc:65.76
2021-12-12 19:22:22,907 INFO [*] best model saved

2021-12-12 19:22:56,173 INFO [Step 223/ Epoch 13]  Loss: 1.1388  
2021-12-12 19:23:00,305 INFO val acc:66.94
2021-12-12 19:23:00,331 INFO [*] best model saved

2021-12-12 19:23:34,756 INFO [Step 323/ Epoch 13]  Loss: 1.0645  
2021-12-12 19:23:39,010 INFO val acc:66.36
2021-12-12 19:23:39,036 INFO [*] best model saved

2021-12-12 19:24:16,142 INFO [Step 71/ Epoch 14]  Loss: 1.1404  
2021-12-12 19:24:25,100 INFO val acc:67.24
2021-12-12 19:24:25,143 INFO [*] best model saved

2021-12-12 19:25:01,658 INFO [Step 171/ Epoch 14]  Loss: 1.1026  
2021-12-12 19:25:05,880 INFO val acc:66.42
2021-12-12 19:25:05,906 INFO [*] best model saved

2021-12-12 19:25:41,074 INFO [Step 271/ Epoch 14]  Loss: 1.0332  
2021-12-12 19:25:45,578 INFO val acc:66.72
2021-12-12 19:25:45,604 INFO [*] best model saved

2021-12-12 19:26:20,509 INFO [Step 19/ Epoch 15]  Loss: 1.2731  
2021-12-12 19:26:24,777 INFO val acc:68.38
2021-12-12 19:26:24,801 INFO [*] best model saved

2021-12-12 19:26:58,547 INFO [Step 119/ Epoch 15]  Loss: 1.0084  
2021-12-12 19:27:02,786 INFO val acc:69.14
2021-12-12 19:27:02,810 INFO [*] best model saved

2021-12-12 19:27:46,898 INFO [Step 219/ Epoch 15]  Loss: 0.9264  
2021-12-12 19:27:51,074 INFO val acc:68.64
2021-12-12 19:27:51,100 INFO [*] best model saved

2021-12-12 19:28:23,966 INFO [Step 319/ Epoch 15]  Loss: 0.9362  
2021-12-12 19:28:28,241 INFO val acc:69.62
2021-12-12 19:28:28,259 INFO [*] best model saved

2021-12-12 19:29:03,923 INFO [Step 67/ Epoch 16]  Loss: 1.1361  
2021-12-12 19:29:08,200 INFO val acc:69.42
2021-12-12 19:29:08,227 INFO [*] best model saved

2021-12-12 19:29:43,640 INFO [Step 167/ Epoch 16]  Loss: 1.1837  
2021-12-12 19:29:48,212 INFO val acc:68.5
2021-12-12 19:29:48,230 INFO [*] best model saved

2021-12-12 19:30:32,265 INFO [Step 267/ Epoch 16]  Loss: 1.1047  
2021-12-12 19:30:37,167 INFO val acc:69.1
2021-12-12 19:30:37,185 INFO [*] best model saved

2021-12-12 19:31:11,804 INFO [Step 15/ Epoch 17]  Loss: 1.2526  
2021-12-12 19:31:16,252 INFO val acc:69.78
2021-12-12 19:31:16,280 INFO [*] best model saved

2021-12-12 19:31:49,452 INFO [Step 115/ Epoch 17]  Loss: 1.0301  
2021-12-12 19:31:53,756 INFO val acc:70.02
2021-12-12 19:31:53,782 INFO [*] best model saved

2021-12-12 19:32:29,162 INFO [Step 215/ Epoch 17]  Loss: 0.9656  
2021-12-12 19:32:35,134 INFO val acc:70.38
2021-12-12 19:32:35,171 INFO [*] best model saved

2021-12-12 19:33:21,383 INFO [Step 315/ Epoch 17]  Loss: 0.9388  
2021-12-12 19:33:25,518 INFO val acc:70.28
2021-12-12 19:33:25,544 INFO [*] best model saved

2021-12-12 19:34:00,962 INFO [Step 63/ Epoch 18]  Loss: 1.2298  
2021-12-12 19:34:05,625 INFO val acc:71.68
2021-12-12 19:34:05,651 INFO [*] best model saved

2021-12-12 19:34:39,269 INFO [Step 163/ Epoch 18]  Loss: 1.0105  
2021-12-12 19:34:43,411 INFO val acc:71.18
2021-12-12 19:34:43,437 INFO [*] best model saved

2021-12-12 19:35:29,921 INFO [Step 263/ Epoch 18]  Loss: 1.1960  
2021-12-12 19:35:33,873 INFO val acc:70.68
2021-12-12 19:35:33,899 INFO [*] best model saved

2021-12-12 19:36:07,400 INFO [Step 11/ Epoch 19]  Loss: 1.2988  
2021-12-12 19:36:11,929 INFO val acc:71.3
2021-12-12 19:36:11,960 INFO [*] best model saved

2021-12-12 19:36:45,460 INFO [Step 111/ Epoch 19]  Loss: 0.9447  
2021-12-12 19:36:49,753 INFO val acc:70.86
2021-12-12 19:36:49,784 INFO [*] best model saved

2021-12-12 19:37:23,949 INFO [Step 211/ Epoch 19]  Loss: 1.0488  
2021-12-12 19:37:28,157 INFO val acc:71.44
2021-12-12 19:37:28,188 INFO [*] best model saved

2021-12-12 19:38:13,167 INFO [Step 311/ Epoch 19]  Loss: 0.9364  
2021-12-12 19:38:17,273 INFO val acc:71.4
2021-12-12 19:38:17,298 INFO [*] best model saved

2021-12-12 19:38:51,658 INFO [Step 59/ Epoch 20]  Loss: 1.2297  
2021-12-12 19:38:56,158 INFO val acc:71.56
2021-12-12 19:38:56,183 INFO [*] best model saved

2021-12-12 19:39:32,640 INFO [Step 159/ Epoch 20]  Loss: 0.8954  
2021-12-12 19:39:37,200 INFO val acc:71.98
2021-12-12 19:39:37,227 INFO [*] best model saved

2021-12-12 19:40:12,057 INFO [Step 259/ Epoch 20]  Loss: 0.8667  
2021-12-12 19:40:21,642 INFO val acc:72.54
2021-12-12 19:40:21,699 INFO [*] best model saved

2021-12-12 19:41:00,520 INFO [Step 7/ Epoch 21]  Loss: 0.9264  
2021-12-12 19:41:04,829 INFO val acc:72.66
2021-12-12 19:41:04,854 INFO [*] best model saved

2021-12-12 19:41:38,356 INFO [Step 107/ Epoch 21]  Loss: 0.9954  
2021-12-12 19:41:42,638 INFO val acc:72.68
2021-12-12 19:41:42,669 INFO [*] best model saved

2021-12-12 19:42:21,769 INFO [Step 207/ Epoch 21]  Loss: 0.9648  
2021-12-12 19:42:30,397 INFO val acc:73.42
2021-12-12 19:42:30,450 INFO [*] best model saved

2021-12-12 19:43:06,651 INFO [Step 307/ Epoch 21]  Loss: 0.8692  
2021-12-12 19:43:10,959 INFO val acc:73.4
2021-12-12 19:43:10,985 INFO [*] best model saved

2021-12-12 19:43:45,078 INFO [Step 55/ Epoch 22]  Loss: 0.9162  
2021-12-12 19:43:49,428 INFO val acc:73.36
2021-12-12 19:43:49,454 INFO [*] best model saved

2021-12-12 19:44:22,805 INFO [Step 155/ Epoch 22]  Loss: 1.0620  
2021-12-12 19:44:27,120 INFO val acc:72.64
2021-12-12 19:44:27,138 INFO [*] best model saved

2021-12-12 19:45:12,018 INFO [Step 255/ Epoch 22]  Loss: 1.0005  
2021-12-12 19:45:16,225 INFO val acc:74.02
2021-12-12 19:45:16,257 INFO [*] best model saved

2021-12-12 19:45:50,812 INFO [Step 3/ Epoch 23]  Loss: 0.9815  
2021-12-12 19:45:55,235 INFO val acc:73.14
2021-12-12 19:45:55,259 INFO [*] best model saved

2021-12-12 19:46:30,763 INFO [Step 103/ Epoch 23]  Loss: 1.0733  
2021-12-12 19:46:40,685 INFO val acc:73.14
2021-12-12 19:46:40,729 INFO [*] best model saved

2021-12-12 19:47:18,073 INFO [Step 203/ Epoch 23]  Loss: 0.9787  
2021-12-12 19:47:22,388 INFO val acc:74.3
2021-12-12 19:47:22,414 INFO [*] best model saved

2021-12-12 19:47:55,670 INFO [Step 303/ Epoch 23]  Loss: 0.9740  
2021-12-12 19:47:59,982 INFO val acc:74.78
2021-12-12 19:48:00,009 INFO [*] best model saved

2021-12-12 19:48:39,906 INFO [Step 51/ Epoch 24]  Loss: 1.0376  
2021-12-12 19:48:48,842 INFO val acc:75.24
2021-12-12 19:48:48,874 INFO [*] best model saved

2021-12-12 19:49:23,614 INFO [Step 151/ Epoch 24]  Loss: 1.0504  
2021-12-12 19:49:27,762 INFO val acc:73.98
2021-12-12 19:49:27,788 INFO [*] best model saved

2021-12-12 19:50:02,149 INFO [Step 251/ Epoch 24]  Loss: 0.8227  
2021-12-12 19:50:06,399 INFO val acc:74.5
2021-12-12 19:50:06,430 INFO [*] best model saved

2021-12-12 19:50:57,436 INFO [Step 351/ Epoch 24]  Loss: 1.0511  
2021-12-12 19:51:02,235 INFO val acc:73.84
2021-12-12 19:51:02,258 INFO [*] best model saved

2021-12-12 19:51:38,673 INFO [Step 99/ Epoch 25]  Loss: 1.0633  
2021-12-12 19:51:42,884 INFO val acc:76.02
2021-12-12 19:51:42,915 INFO [*] best model saved

2021-12-12 19:52:18,949 INFO [Step 199/ Epoch 25]  Loss: 0.9337  
2021-12-12 19:52:23,195 INFO val acc:75.94
2021-12-12 19:52:23,221 INFO [*] best model saved

2021-12-12 19:53:13,974 INFO [Step 299/ Epoch 25]  Loss: 0.8727  
2021-12-12 19:53:18,245 INFO val acc:75.22
2021-12-12 19:53:18,264 INFO [*] best model saved

2021-12-12 19:53:54,307 INFO [Step 47/ Epoch 26]  Loss: 0.7621  
2021-12-12 19:53:58,497 INFO val acc:76.0
2021-12-12 19:53:58,516 INFO [*] best model saved

2021-12-12 19:54:32,004 INFO [Step 147/ Epoch 26]  Loss: 0.9766  
2021-12-12 19:54:36,582 INFO val acc:75.26
2021-12-12 19:54:36,614 INFO [*] best model saved

2021-12-12 19:55:19,929 INFO [Step 247/ Epoch 26]  Loss: 0.9381  
2021-12-12 19:55:27,463 INFO val acc:75.48
2021-12-12 19:55:27,490 INFO [*] best model saved

2021-12-12 19:56:01,575 INFO [Step 347/ Epoch 26]  Loss: 1.0038  
2021-12-12 19:56:06,070 INFO val acc:75.74
2021-12-12 19:56:06,102 INFO [*] best model saved

2021-12-12 19:56:39,802 INFO [Step 95/ Epoch 27]  Loss: 0.8680  
2021-12-12 19:56:44,307 INFO val acc:75.94
2021-12-12 19:56:44,333 INFO [*] best model saved

2021-12-12 19:57:30,587 INFO [Step 195/ Epoch 27]  Loss: 0.8497  
2021-12-12 19:57:34,694 INFO val acc:75.96
2021-12-12 19:57:34,723 INFO [*] best model saved

2021-12-12 19:58:07,954 INFO [Step 295/ Epoch 27]  Loss: 1.0576  
2021-12-12 19:58:12,093 INFO val acc:76.0
2021-12-12 19:58:12,119 INFO [*] best model saved

2021-12-12 19:58:45,594 INFO [Step 43/ Epoch 28]  Loss: 0.7670  
2021-12-12 19:58:50,130 INFO val acc:75.86
2021-12-12 19:58:50,157 INFO [*] best model saved

2021-12-12 19:59:36,483 INFO [Step 143/ Epoch 28]  Loss: 0.9176  
2021-12-12 19:59:40,602 INFO val acc:76.3
2021-12-12 19:59:40,627 INFO [*] best model saved

2021-12-12 20:00:14,357 INFO [Step 243/ Epoch 28]  Loss: 0.8438  
2021-12-12 20:00:18,882 INFO val acc:76.46
2021-12-12 20:00:18,907 INFO [*] best model saved

2021-12-12 20:00:54,325 INFO [Step 343/ Epoch 28]  Loss: 0.8336  
2021-12-12 20:00:58,608 INFO val acc:76.52
2021-12-12 20:00:58,635 INFO [*] best model saved

2021-12-12 20:01:44,377 INFO [Step 91/ Epoch 29]  Loss: 0.8832  
2021-12-12 20:01:48,445 INFO val acc:77.08
2021-12-12 20:01:48,471 INFO [*] best model saved

2021-12-12 20:02:23,667 INFO [Step 191/ Epoch 29]  Loss: 0.7456  
2021-12-12 20:02:27,787 INFO val acc:77.06
2021-12-12 20:02:27,813 INFO [*] best model saved

2021-12-12 20:03:01,390 INFO [Step 291/ Epoch 29]  Loss: 0.8372  
2021-12-12 20:03:05,956 INFO val acc:77.38
2021-12-12 20:03:05,987 INFO [*] best model saved

2021-12-12 20:03:51,861 INFO [Step 39/ Epoch 30]  Loss: 0.8648  
2021-12-12 20:03:56,330 INFO val acc:77.5
2021-12-12 20:03:56,356 INFO [*] best model saved

2021-12-12 20:04:29,804 INFO [Step 139/ Epoch 30]  Loss: 0.7500  
2021-12-12 20:04:34,123 INFO val acc:76.82
2021-12-12 20:04:34,141 INFO [*] best model saved

2021-12-12 20:05:08,467 INFO [Step 239/ Epoch 30]  Loss: 0.8968  
2021-12-12 20:05:12,680 INFO val acc:76.94
2021-12-12 20:05:12,705 INFO [*] best model saved

2021-12-12 20:05:57,110 INFO [Step 339/ Epoch 30]  Loss: 0.7379  
2021-12-12 20:06:01,378 INFO val acc:76.92
2021-12-12 20:06:01,408 INFO [*] best model saved

2021-12-12 20:06:36,491 INFO [Step 87/ Epoch 31]  Loss: 0.8924  
2021-12-12 20:06:40,675 INFO val acc:76.88
2021-12-12 20:06:40,707 INFO [*] best model saved

2021-12-12 20:07:14,411 INFO [Step 187/ Epoch 31]  Loss: 0.7751  
2021-12-12 20:07:18,925 INFO val acc:77.86
2021-12-12 20:07:18,952 INFO [*] best model saved

2021-12-12 20:08:03,233 INFO [Step 287/ Epoch 31]  Loss: 0.9520  
2021-12-12 20:08:07,451 INFO val acc:77.72
2021-12-12 20:08:07,477 INFO [*] best model saved

2021-12-12 20:08:41,224 INFO [Step 35/ Epoch 32]  Loss: 0.9555  
2021-12-12 20:08:45,535 INFO val acc:77.1
2021-12-12 20:08:45,567 INFO [*] best model saved

2021-12-12 20:09:18,921 INFO [Step 135/ Epoch 32]  Loss: 0.7281  
2021-12-12 20:09:23,182 INFO val acc:77.56
2021-12-12 20:09:23,206 INFO [*] best model saved

2021-12-12 20:10:10,402 INFO [Step 235/ Epoch 32]  Loss: 0.6694  
2021-12-12 20:10:14,499 INFO val acc:78.02
2021-12-12 20:10:14,530 INFO [*] best model saved

2021-12-12 20:10:48,419 INFO [Step 335/ Epoch 32]  Loss: 0.9719  
2021-12-12 20:10:52,635 INFO val acc:78.0
2021-12-12 20:10:52,660 INFO [*] best model saved

2021-12-12 20:11:26,414 INFO [Step 83/ Epoch 33]  Loss: 0.8239  
2021-12-12 20:11:30,618 INFO val acc:78.5
2021-12-12 20:11:30,644 INFO [*] best model saved

2021-12-12 20:12:15,487 INFO [Step 183/ Epoch 33]  Loss: 0.7910  
2021-12-12 20:12:19,486 INFO val acc:77.2
2021-12-12 20:12:19,516 INFO [*] best model saved

2021-12-12 20:12:53,144 INFO [Step 283/ Epoch 33]  Loss: 0.7260  
2021-12-12 20:12:57,388 INFO val acc:78.58
2021-12-12 20:12:57,413 INFO [*] best model saved

2021-12-12 20:13:32,013 INFO [Step 31/ Epoch 34]  Loss: 0.8088  
2021-12-12 20:13:36,535 INFO val acc:78.26
2021-12-12 20:13:36,562 INFO [*] best model saved

2021-12-12 20:14:23,426 INFO [Step 131/ Epoch 34]  Loss: 0.7375  
2021-12-12 20:14:27,613 INFO val acc:78.38
2021-12-12 20:14:27,639 INFO [*] best model saved

2021-12-12 20:15:01,068 INFO [Step 231/ Epoch 34]  Loss: 0.7051  
2021-12-12 20:15:05,355 INFO val acc:78.32
2021-12-12 20:15:05,386 INFO [*] best model saved

2021-12-12 20:15:38,769 INFO [Step 331/ Epoch 34]  Loss: 0.7451  
2021-12-12 20:15:43,265 INFO val acc:79.0
2021-12-12 20:15:43,296 INFO [*] best model saved

2021-12-12 20:16:29,811 INFO [Step 79/ Epoch 35]  Loss: 0.7434  
2021-12-12 20:16:34,030 INFO val acc:78.82
2021-12-12 20:16:34,056 INFO [*] best model saved

2021-12-12 20:17:06,244 INFO [Step 179/ Epoch 35]  Loss: 0.8151  
2021-12-12 20:17:10,423 INFO val acc:78.38
2021-12-12 20:17:10,449 INFO [*] best model saved

2021-12-12 20:17:43,508 INFO [Step 279/ Epoch 35]  Loss: 0.7817  
2021-12-12 20:17:47,837 INFO val acc:78.4
2021-12-12 20:17:47,868 INFO [*] best model saved

2021-12-12 20:18:31,942 INFO [Step 27/ Epoch 36]  Loss: 0.8740  
2021-12-12 20:18:36,223 INFO val acc:78.82
2021-12-12 20:18:36,254 INFO [*] best model saved

2021-12-12 20:19:10,701 INFO [Step 127/ Epoch 36]  Loss: 0.7728  
2021-12-12 20:19:15,241 INFO val acc:78.54
2021-12-12 20:19:15,267 INFO [*] best model saved

2021-12-12 20:19:52,989 INFO [Step 227/ Epoch 36]  Loss: 0.6596  
2021-12-12 20:20:01,999 INFO val acc:79.3
2021-12-12 20:20:02,050 INFO [*] best model saved

2021-12-12 20:20:39,027 INFO [Step 327/ Epoch 36]  Loss: 0.7974  
2021-12-12 20:20:43,530 INFO val acc:79.6
2021-12-12 20:20:43,556 INFO [*] best model saved

2021-12-12 20:21:17,907 INFO [Step 75/ Epoch 37]  Loss: 0.7284  
2021-12-12 20:21:22,400 INFO val acc:78.76
2021-12-12 20:21:22,426 INFO [*] best model saved

2021-12-12 20:22:10,468 INFO [Step 175/ Epoch 37]  Loss: 0.6414  
2021-12-12 20:22:14,820 INFO val acc:79.54
2021-12-12 20:22:14,842 INFO [*] best model saved

2021-12-12 20:22:48,894 INFO [Step 275/ Epoch 37]  Loss: 0.6159  
2021-12-12 20:22:53,170 INFO val acc:79.32
2021-12-12 20:22:53,196 INFO [*] best model saved

2021-12-12 20:23:27,299 INFO [Step 23/ Epoch 38]  Loss: 0.6422  
2021-12-12 20:23:31,521 INFO val acc:79.58
2021-12-12 20:23:31,545 INFO [*] best model saved

2021-12-12 20:24:16,264 INFO [Step 123/ Epoch 38]  Loss: 0.6618  
2021-12-12 20:24:20,568 INFO val acc:79.32
2021-12-12 20:24:20,600 INFO [*] best model saved

2021-12-12 20:24:54,398 INFO [Step 223/ Epoch 38]  Loss: 0.8499  
2021-12-12 20:24:58,606 INFO val acc:79.14
2021-12-12 20:24:58,632 INFO [*] best model saved

2021-12-12 20:25:32,679 INFO [Step 323/ Epoch 38]  Loss: 0.6735  
2021-12-12 20:25:37,197 INFO val acc:79.1
2021-12-12 20:25:37,233 INFO [*] best model saved

2021-12-12 20:26:23,110 INFO [Step 71/ Epoch 39]  Loss: 0.5494  
2021-12-12 20:26:27,337 INFO val acc:79.84
2021-12-12 20:26:27,362 INFO [*] best model saved

2021-12-12 20:27:00,952 INFO [Step 171/ Epoch 39]  Loss: 0.7546  
2021-12-12 20:27:05,446 INFO val acc:79.62
2021-12-12 20:27:05,471 INFO [*] best model saved

2021-12-12 20:27:39,570 INFO [Step 271/ Epoch 39]  Loss: 0.7389  
2021-12-12 20:27:44,104 INFO val acc:80.12
2021-12-12 20:27:44,135 INFO [*] best model saved

2021-12-12 20:28:30,560 INFO [Step 19/ Epoch 40]  Loss: 0.7651  
2021-12-12 20:28:34,660 INFO val acc:79.52
2021-12-12 20:28:34,676 INFO [*] best model saved

2021-12-12 20:29:07,146 INFO [Step 119/ Epoch 40]  Loss: 0.7853  
2021-12-12 20:29:11,515 INFO val acc:80.0
2021-12-12 20:29:11,541 INFO [*] best model saved

2021-12-12 20:29:45,752 INFO [Step 219/ Epoch 40]  Loss: 0.7537  
2021-12-12 20:29:49,945 INFO val acc:80.24
2021-12-12 20:29:49,976 INFO [*] best model saved

2021-12-12 20:30:36,661 INFO [Step 319/ Epoch 40]  Loss: 0.6501  
2021-12-12 20:30:40,958 INFO val acc:79.7
2021-12-12 20:30:40,980 INFO [*] best model saved

2021-12-12 20:31:15,695 INFO [Step 67/ Epoch 41]  Loss: 0.6037  
2021-12-12 20:31:20,210 INFO val acc:80.06
2021-12-12 20:31:20,236 INFO [*] best model saved

2021-12-12 20:31:53,771 INFO [Step 167/ Epoch 41]  Loss: 0.7913  
2021-12-12 20:31:58,265 INFO val acc:79.86
2021-12-12 20:31:58,291 INFO [*] best model saved

2021-12-12 20:32:43,336 INFO [Step 267/ Epoch 41]  Loss: 0.5807  
2021-12-12 20:32:47,830 INFO val acc:79.72
2021-12-12 20:32:47,856 INFO [*] best model saved

2021-12-12 20:33:21,938 INFO [Step 15/ Epoch 42]  Loss: 0.7271  
2021-12-12 20:33:26,239 INFO val acc:79.28
2021-12-12 20:33:26,271 INFO [*] best model saved

2021-12-12 20:34:00,041 INFO [Step 115/ Epoch 42]  Loss: 0.5567  
2021-12-12 20:34:04,315 INFO val acc:79.2
2021-12-12 20:34:04,361 INFO [*] best model saved

2021-12-12 20:34:51,258 INFO [Step 215/ Epoch 42]  Loss: 0.6194  
2021-12-12 20:34:55,363 INFO val acc:80.62
2021-12-12 20:34:55,388 INFO [*] best model saved

2021-12-12 20:35:29,308 INFO [Step 315/ Epoch 42]  Loss: 0.7118  
2021-12-12 20:35:33,528 INFO val acc:79.96
2021-12-12 20:35:33,561 INFO [*] best model saved

2021-12-12 20:36:08,213 INFO [Step 63/ Epoch 43]  Loss: 0.6514  
2021-12-12 20:36:12,539 INFO val acc:79.88
2021-12-12 20:36:12,568 INFO [*] best model saved

2021-12-12 20:36:58,370 INFO [Step 163/ Epoch 43]  Loss: 0.6543  
2021-12-12 20:37:02,465 INFO val acc:80.28
2021-12-12 20:37:02,497 INFO [*] best model saved

2021-12-12 20:37:35,646 INFO [Step 263/ Epoch 43]  Loss: 0.6670  
2021-12-12 20:37:39,975 INFO val acc:80.38
2021-12-12 20:37:40,003 INFO [*] best model saved

2021-12-12 20:38:13,485 INFO [Step 11/ Epoch 44]  Loss: 0.7501  
2021-12-12 20:38:18,001 INFO val acc:80.56
2021-12-12 20:38:18,035 INFO [*] best model saved

2021-12-12 20:38:51,934 INFO [Step 111/ Epoch 44]  Loss: 0.7686  
2021-12-12 20:38:56,849 INFO val acc:80.72
2021-12-12 20:38:56,880 INFO [*] best model saved

2021-12-12 20:39:40,334 INFO [Step 211/ Epoch 44]  Loss: 0.6722  
2021-12-12 20:39:44,488 INFO val acc:79.96
2021-12-12 20:39:44,522 INFO [*] best model saved

2021-12-12 20:40:17,426 INFO [Step 311/ Epoch 44]  Loss: 0.5950  
2021-12-12 20:40:21,652 INFO val acc:81.34
2021-12-12 20:40:21,686 INFO [*] best model saved

2021-12-12 20:40:55,650 INFO [Step 59/ Epoch 45]  Loss: 0.6837  
2021-12-12 20:41:00,063 INFO val acc:80.28
2021-12-12 20:41:00,096 INFO [*] best model saved

2021-12-12 20:41:46,316 INFO [Step 159/ Epoch 45]  Loss: 0.7306  
2021-12-12 20:41:50,941 INFO val acc:80.46
2021-12-12 20:41:50,973 INFO [*] best model saved

2021-12-12 20:42:29,533 INFO [Step 259/ Epoch 45]  Loss: 0.6837  
2021-12-12 20:42:36,252 INFO val acc:81.28
2021-12-12 20:42:36,279 INFO [*] best model saved

2021-12-12 20:43:12,846 INFO [Step 7/ Epoch 46]  Loss: 0.6227  
2021-12-12 20:43:18,333 INFO val acc:81.02
2021-12-12 20:43:18,374 INFO [*] best model saved

2021-12-12 20:44:03,869 INFO [Step 107/ Epoch 46]  Loss: 0.8491  
2021-12-12 20:44:08,326 INFO val acc:80.54
2021-12-12 20:44:08,354 INFO [*] best model saved

2021-12-12 20:44:41,301 INFO [Step 207/ Epoch 46]  Loss: 0.7123  
2021-12-12 20:44:45,463 INFO val acc:80.94
2021-12-12 20:44:45,484 INFO [*] best model saved

2021-12-12 20:45:19,006 INFO [Step 307/ Epoch 46]  Loss: 0.6258  
2021-12-12 20:45:23,142 INFO val acc:81.62
2021-12-12 20:45:23,171 INFO [*] best model saved

2021-12-12 20:46:12,455 INFO [Step 55/ Epoch 47]  Loss: 0.7519  
2021-12-12 20:46:16,761 INFO val acc:80.66
2021-12-12 20:46:16,788 INFO [*] best model saved

2021-12-12 20:46:51,833 INFO [Step 155/ Epoch 47]  Loss: 0.8137  
2021-12-12 20:46:55,949 INFO val acc:79.94
2021-12-12 20:46:55,983 INFO [*] best model saved

2021-12-12 20:47:29,216 INFO [Step 255/ Epoch 47]  Loss: 0.7187  
2021-12-12 20:47:33,604 INFO val acc:80.82
2021-12-12 20:47:33,632 INFO [*] best model saved

2021-12-12 20:48:07,709 INFO [Step 3/ Epoch 48]  Loss: 0.5250  
2021-12-12 20:48:16,861 INFO val acc:81.8
2021-12-12 20:48:16,907 INFO [*] best model saved

2021-12-12 20:48:58,577 INFO [Step 103/ Epoch 48]  Loss: 0.6221  
2021-12-12 20:49:03,011 INFO val acc:81.58
2021-12-12 20:49:03,039 INFO [*] best model saved

2021-12-12 20:49:36,194 INFO [Step 203/ Epoch 48]  Loss: 0.6445  
2021-12-12 20:49:40,706 INFO val acc:81.56
2021-12-12 20:49:40,729 INFO [*] best model saved

2021-12-12 20:50:21,370 INFO [Step 303/ Epoch 48]  Loss: 0.5145  
2021-12-12 20:50:29,501 INFO val acc:81.5
2021-12-12 20:50:29,555 INFO [*] best model saved

2021-12-12 20:51:02,886 INFO [Step 51/ Epoch 49]  Loss: 0.6517  
2021-12-12 20:51:07,150 INFO val acc:80.22
2021-12-12 20:51:07,176 INFO [*] best model saved

2021-12-12 20:51:40,048 INFO [Step 151/ Epoch 49]  Loss: 0.5180  
2021-12-12 20:51:44,549 INFO val acc:82.4
2021-12-12 20:51:44,579 INFO [*] best model saved

2021-12-12 20:52:23,663 INFO [Step 251/ Epoch 49]  Loss: 0.6282  
2021-12-12 20:52:32,363 INFO val acc:81.04
2021-12-12 20:52:32,397 INFO [*] best model saved

2021-12-12 20:53:07,059 INFO [Step 351/ Epoch 49]  Loss: 0.5669  
2021-12-12 20:53:11,185 INFO val acc:81.18
2021-12-12 20:53:11,216 INFO [*] best model saved

2021-12-12 20:53:55,168 INFO [Step 99/ Epoch 50]  Loss: 0.6749  
2021-12-12 20:54:00,468 INFO val acc:80.86
2021-12-12 20:54:00,484 INFO [*] best model saved

2021-12-12 20:54:56,422 INFO [Step 199/ Epoch 50]  Loss: 0.4835  
2021-12-12 20:55:00,817 INFO val acc:81.34
2021-12-12 20:55:00,839 INFO [*] best model saved

2021-12-12 20:55:39,088 INFO [Step 299/ Epoch 50]  Loss: 0.6274  
2021-12-12 20:55:43,437 INFO val acc:81.58
2021-12-12 20:55:43,468 INFO [*] best model saved

2021-12-12 20:56:32,501 INFO [Step 47/ Epoch 51]  Loss: 0.6503  
2021-12-12 20:56:37,970 INFO val acc:81.86
2021-12-12 20:56:37,993 INFO [*] best model saved

2021-12-12 20:57:21,714 INFO [Step 147/ Epoch 51]  Loss: 0.6972  
2021-12-12 20:57:26,463 INFO val acc:80.88
2021-12-12 20:57:26,492 INFO [*] best model saved

2021-12-12 20:58:21,703 INFO [Step 247/ Epoch 51]  Loss: 0.7379  
2021-12-12 20:58:26,469 INFO val acc:82.28
2021-12-12 20:58:26,501 INFO [*] best model saved

2021-12-12 20:59:09,184 INFO [Step 347/ Epoch 51]  Loss: 0.5547  
2021-12-12 20:59:18,773 INFO val acc:80.84
2021-12-12 20:59:18,835 INFO [*] best model saved

2021-12-12 21:00:03,412 INFO [Step 95/ Epoch 52]  Loss: 0.6275  
2021-12-12 21:00:07,637 INFO val acc:82.62
2021-12-12 21:00:07,661 INFO [*] best model saved

2021-12-12 21:00:40,811 INFO [Step 195/ Epoch 52]  Loss: 0.6770  
2021-12-12 21:00:45,041 INFO val acc:82.26
2021-12-12 21:00:45,063 INFO [*] best model saved

2021-12-12 21:01:23,277 INFO [Step 295/ Epoch 52]  Loss: 0.5393  
2021-12-12 21:01:32,117 INFO val acc:81.1
2021-12-12 21:01:32,152 INFO [*] best model saved

2021-12-12 21:02:09,502 INFO [Step 43/ Epoch 53]  Loss: 0.5060  
2021-12-12 21:02:13,611 INFO val acc:82.0
2021-12-12 21:02:13,639 INFO [*] best model saved

2021-12-12 21:02:47,117 INFO [Step 143/ Epoch 53]  Loss: 0.6841  
2021-12-12 21:02:51,613 INFO val acc:81.36
2021-12-12 21:02:51,647 INFO [*] best model saved

2021-12-12 21:03:36,187 INFO [Step 243/ Epoch 53]  Loss: 0.5939  
2021-12-12 21:03:40,293 INFO val acc:82.58
2021-12-12 21:03:40,314 INFO [*] best model saved

2021-12-12 21:04:13,549 INFO [Step 343/ Epoch 53]  Loss: 0.5498  
2021-12-12 21:04:17,771 INFO val acc:82.32
2021-12-12 21:04:17,805 INFO [*] best model saved

2021-12-12 21:05:04,985 INFO [Step 91/ Epoch 54]  Loss: 0.8057  
2021-12-12 21:05:10,756 INFO val acc:82.54
2021-12-12 21:05:10,784 INFO [*] best model saved

2021-12-12 21:05:45,511 INFO [Step 191/ Epoch 54]  Loss: 0.6214  
2021-12-12 21:05:50,043 INFO val acc:80.72
2021-12-12 21:05:50,072 INFO [*] best model saved

2021-12-12 21:06:52,356 INFO [Step 291/ Epoch 54]  Loss: 0.6237  
2021-12-12 21:06:58,508 INFO val acc:82.08
2021-12-12 21:06:58,534 INFO [*] best model saved

2021-12-12 21:07:34,587 INFO [Step 39/ Epoch 55]  Loss: 0.3870  
2021-12-12 21:07:38,765 INFO val acc:82.26
2021-12-12 21:07:38,793 INFO [*] best model saved

2021-12-12 21:08:22,310 INFO [Step 139/ Epoch 55]  Loss: 0.8102  
2021-12-12 21:08:30,642 INFO val acc:82.14
2021-12-12 21:08:30,674 INFO [*] best model saved

2021-12-12 21:09:05,298 INFO [Step 239/ Epoch 55]  Loss: 0.4656  
2021-12-12 21:09:09,526 INFO val acc:82.3
2021-12-12 21:09:09,560 INFO [*] best model saved

2021-12-12 21:09:43,023 INFO [Step 339/ Epoch 55]  Loss: 0.4593  
2021-12-12 21:09:47,270 INFO val acc:82.48
2021-12-12 21:09:47,299 INFO [*] best model saved

2021-12-12 21:10:33,986 INFO [Step 87/ Epoch 56]  Loss: 0.4548  
2021-12-12 21:10:38,185 INFO val acc:82.34
2021-12-12 21:10:38,214 INFO [*] best model saved

2021-12-12 21:11:10,984 INFO [Step 187/ Epoch 56]  Loss: 0.6028  
2021-12-12 21:11:15,339 INFO val acc:82.26
2021-12-12 21:11:15,364 INFO [*] best model saved

2021-12-12 21:12:04,008 INFO [Step 287/ Epoch 56]  Loss: 0.7311  
2021-12-12 21:12:08,939 INFO val acc:82.72
2021-12-12 21:12:08,972 INFO [*] best model saved

2021-12-12 21:12:45,466 INFO [Step 35/ Epoch 57]  Loss: 0.5471  
2021-12-12 21:12:50,167 INFO val acc:82.74
2021-12-12 21:12:50,187 INFO [*] best model saved

2021-12-12 21:13:46,422 INFO [Step 135/ Epoch 57]  Loss: 0.4726  
2021-12-12 21:13:50,708 INFO val acc:81.7
2021-12-12 21:13:50,733 INFO [*] best model saved

2021-12-12 21:14:29,664 INFO [Step 235/ Epoch 57]  Loss: 0.7625  
2021-12-12 21:14:35,135 INFO val acc:82.26
2021-12-12 21:14:35,169 INFO [*] best model saved

2021-12-12 21:15:36,814 INFO [Step 335/ Epoch 57]  Loss: 0.7130  
2021-12-12 21:15:41,717 INFO val acc:81.56
2021-12-12 21:15:41,749 INFO [*] best model saved

2021-12-12 21:16:23,335 INFO [Step 83/ Epoch 58]  Loss: 0.5673  
2021-12-12 21:16:27,683 INFO val acc:82.44
2021-12-12 21:16:27,711 INFO [*] best model saved

2021-12-12 21:17:19,215 INFO [Step 183/ Epoch 58]  Loss: 0.5631  
2021-12-12 21:17:23,259 INFO val acc:82.16
2021-12-12 21:17:23,288 INFO [*] best model saved

2021-12-12 21:18:13,288 INFO [Step 283/ Epoch 58]  Loss: 0.4731  
2021-12-12 21:18:17,450 INFO val acc:82.56
2021-12-12 21:18:17,485 INFO [*] best model saved

2021-12-12 21:19:11,591 INFO [Step 31/ Epoch 59]  Loss: 0.5389  
2021-12-12 21:19:16,561 INFO val acc:82.62
2021-12-12 21:19:16,597 INFO [*] best model saved

2021-12-12 21:19:56,857 INFO [Step 131/ Epoch 59]  Loss: 0.7142  
2021-12-12 21:20:03,204 INFO val acc:82.78
2021-12-12 21:20:03,231 INFO [*] best model saved

2021-12-12 21:21:05,152 INFO [Step 231/ Epoch 59]  Loss: 0.4852  
2021-12-12 21:21:10,163 INFO val acc:82.82
2021-12-12 21:21:10,192 INFO [*] best model saved

2021-12-12 21:22:10,813 INFO [Step 331/ Epoch 59]  Loss: 0.4867  
2021-12-12 21:22:15,961 INFO val acc:83.44
2021-12-12 21:22:15,993 INFO [*] best model saved

2021-12-12 21:23:04,589 INFO [Step 79/ Epoch 60]  Loss: 0.7026  
2021-12-12 21:23:12,528 INFO val acc:82.7
2021-12-12 21:23:12,571 INFO [*] best model saved

2021-12-12 21:24:10,869 INFO [Step 179/ Epoch 60]  Loss: 0.4013  
2021-12-12 21:24:17,144 INFO val acc:82.24
2021-12-12 21:24:17,176 INFO [*] best model saved

2021-12-12 21:25:17,686 INFO [Step 279/ Epoch 60]  Loss: 0.6122  
2021-12-12 21:25:22,731 INFO val acc:82.74
2021-12-12 21:25:22,766 INFO [*] best model saved

2021-12-12 21:26:03,002 INFO [Step 27/ Epoch 61]  Loss: 0.5349  
2021-12-12 21:26:07,181 INFO val acc:82.84
2021-12-12 21:26:07,202 INFO [*] best model saved

2021-12-12 21:26:59,178 INFO [Step 127/ Epoch 61]  Loss: 0.4230  
2021-12-12 21:27:03,882 INFO val acc:82.32
2021-12-12 21:27:03,904 INFO [*] best model saved

2021-12-12 21:27:53,621 INFO [Step 227/ Epoch 61]  Loss: 0.4857  
2021-12-12 21:28:04,911 INFO val acc:82.64
2021-12-12 21:28:04,968 INFO [*] best model saved

2021-12-12 21:28:51,939 INFO [Step 327/ Epoch 61]  Loss: 0.5605  
2021-12-12 21:28:57,047 INFO val acc:82.58
2021-12-12 21:28:57,073 INFO [*] best model saved

2021-12-12 21:29:55,358 INFO [Step 75/ Epoch 62]  Loss: 0.4510  
2021-12-12 21:30:00,351 INFO val acc:82.42
2021-12-12 21:30:00,379 INFO [*] best model saved

2021-12-12 21:30:43,306 INFO [Step 175/ Epoch 62]  Loss: 0.8336  
2021-12-12 21:30:53,836 INFO val acc:82.64
2021-12-12 21:30:53,900 INFO [*] best model saved

2021-12-12 21:31:45,439 INFO [Step 275/ Epoch 62]  Loss: 0.6041  
2021-12-12 21:31:50,433 INFO val acc:82.86
2021-12-12 21:31:50,457 INFO [*] best model saved

2021-12-12 21:32:49,219 INFO [Step 23/ Epoch 63]  Loss: 0.4681  
2021-12-12 21:32:54,224 INFO val acc:82.7
2021-12-12 21:32:54,257 INFO [*] best model saved

2021-12-12 21:33:39,009 INFO [Step 123/ Epoch 63]  Loss: 0.4324  
2021-12-12 21:33:49,281 INFO val acc:83.28
2021-12-12 21:33:49,329 INFO [*] best model saved

2021-12-12 21:34:32,992 INFO [Step 223/ Epoch 63]  Loss: 0.5575  
2021-12-12 21:34:37,549 INFO val acc:83.54
2021-12-12 21:34:37,578 INFO [*] best model saved

2021-12-12 21:35:39,816 INFO [Step 323/ Epoch 63]  Loss: 0.5760  
2021-12-12 21:35:45,929 INFO val acc:83.26
2021-12-12 21:35:45,962 INFO [*] best model saved

2021-12-12 21:36:45,391 INFO [Step 71/ Epoch 64]  Loss: 0.5276  
2021-12-12 21:36:58,875 INFO val acc:82.4
2021-12-12 21:36:58,930 INFO [*] best model saved

2021-12-12 21:37:44,569 INFO [Step 171/ Epoch 64]  Loss: 0.3809  
2021-12-12 21:37:49,991 INFO val acc:82.28
2021-12-12 21:37:50,021 INFO [*] best model saved

2021-12-12 21:38:57,339 INFO [Step 271/ Epoch 64]  Loss: 0.4772  
2021-12-12 21:39:02,584 INFO val acc:83.02
2021-12-12 21:39:02,604 INFO [*] best model saved

2021-12-12 21:39:51,480 INFO [Step 19/ Epoch 65]  Loss: 0.5750  
2021-12-12 21:39:55,494 INFO val acc:83.8
2021-12-12 21:39:55,518 INFO [*] best model saved

2021-12-12 21:40:28,724 INFO [Step 119/ Epoch 65]  Loss: 0.6803  
2021-12-12 21:40:32,884 INFO val acc:83.12
2021-12-12 21:40:32,911 INFO [*] best model saved

2021-12-12 21:41:37,073 INFO [Step 219/ Epoch 65]  Loss: 0.5692  
2021-12-12 21:41:42,230 INFO val acc:82.54
2021-12-12 21:41:42,256 INFO [*] best model saved

2021-12-12 21:42:45,799 INFO [Step 319/ Epoch 65]  Loss: 0.5607  
2021-12-12 21:42:52,832 INFO val acc:83.1
2021-12-12 21:42:52,859 INFO [*] best model saved

2021-12-12 21:43:41,126 INFO [Step 67/ Epoch 66]  Loss: 0.4613  
2021-12-12 21:44:01,394 INFO val acc:83.1
2021-12-12 21:44:01,442 INFO [*] best model saved

2021-12-12 21:44:40,296 INFO [Step 167/ Epoch 66]  Loss: 0.3742  
2021-12-12 21:44:44,488 INFO val acc:82.78
2021-12-12 21:44:44,522 INFO [*] best model saved

2021-12-12 21:45:23,972 INFO [Step 267/ Epoch 66]  Loss: 0.5377  
2021-12-12 21:45:32,433 INFO val acc:83.3
2021-12-12 21:45:32,468 INFO [*] best model saved

2021-12-12 21:46:09,282 INFO [Step 15/ Epoch 67]  Loss: 0.5406  
2021-12-12 21:46:13,383 INFO val acc:83.34
2021-12-12 21:46:13,417 INFO [*] best model saved

2021-12-12 21:46:47,919 INFO [Step 115/ Epoch 67]  Loss: 0.4872  
2021-12-12 21:46:57,778 INFO val acc:83.68
2021-12-12 21:46:57,836 INFO [*] best model saved

2021-12-12 21:47:38,762 INFO [Step 215/ Epoch 67]  Loss: 0.5323  
2021-12-12 21:47:43,261 INFO val acc:82.86
2021-12-12 21:47:43,294 INFO [*] best model saved

2021-12-12 21:48:16,462 INFO [Step 315/ Epoch 67]  Loss: 0.5866  
2021-12-12 21:48:21,013 INFO val acc:83.3
2021-12-12 21:48:21,047 INFO [*] best model saved

2021-12-12 21:49:09,316 INFO [Step 63/ Epoch 68]  Loss: 0.5159  
2021-12-12 21:49:13,808 INFO val acc:83.54
2021-12-12 21:49:13,834 INFO [*] best model saved

2021-12-12 21:49:47,943 INFO [Step 163/ Epoch 68]  Loss: 0.3973  
2021-12-12 21:49:52,163 INFO val acc:83.42
2021-12-12 21:49:52,186 INFO [*] best model saved

2021-12-12 21:50:39,956 INFO [Step 263/ Epoch 68]  Loss: 0.5915  
2021-12-12 21:50:43,966 INFO val acc:83.1
2021-12-12 21:50:43,992 INFO [*] best model saved

2021-12-12 21:51:18,897 INFO [Step 11/ Epoch 69]  Loss: 0.3776  
2021-12-12 21:51:23,383 INFO val acc:82.74
2021-12-12 21:51:23,412 INFO [*] best model saved

2021-12-12 21:52:01,766 INFO [Step 111/ Epoch 69]  Loss: 0.5028  
2021-12-12 21:52:11,308 INFO val acc:83.04
2021-12-12 21:52:11,351 INFO [*] best model saved

2021-12-12 21:52:50,195 INFO [Step 211/ Epoch 69]  Loss: 0.5208  
2021-12-12 21:52:54,733 INFO val acc:83.86
2021-12-12 21:52:54,762 INFO [*] best model saved

2021-12-12 21:53:30,781 INFO [Step 311/ Epoch 69]  Loss: 0.4931  
2021-12-12 21:53:34,995 INFO val acc:83.48
2021-12-12 21:53:35,023 INFO [*] best model saved

2021-12-12 21:54:22,357 INFO [Step 59/ Epoch 70]  Loss: 0.3934  
2021-12-12 21:54:26,835 INFO val acc:83.16
2021-12-12 21:54:26,856 INFO [*] best model saved

2021-12-12 21:55:01,289 INFO [Step 159/ Epoch 70]  Loss: 0.4908  
2021-12-12 21:55:05,565 INFO val acc:83.12
2021-12-12 21:55:05,599 INFO [*] best model saved

2021-12-12 21:55:56,497 INFO [Step 259/ Epoch 70]  Loss: 0.4932  
2021-12-12 21:56:01,016 INFO val acc:82.72
2021-12-12 21:56:01,049 INFO [*] best model saved

2021-12-12 21:56:37,422 INFO [Step 7/ Epoch 71]  Loss: 0.3986  
2021-12-12 21:56:41,815 INFO val acc:84.14
2021-12-12 21:56:41,848 INFO [*] best model saved

2021-12-12 21:57:29,005 INFO [Step 107/ Epoch 71]  Loss: 0.5066  
2021-12-12 21:57:33,025 INFO val acc:83.78
2021-12-12 21:57:33,046 INFO [*] best model saved

2021-12-12 21:58:07,260 INFO [Step 207/ Epoch 71]  Loss: 0.4036  
2021-12-12 21:58:11,477 INFO val acc:83.5
2021-12-12 21:58:11,497 INFO [*] best model saved

2021-12-12 21:58:49,277 INFO [Step 307/ Epoch 71]  Loss: 0.4916  
2021-12-12 21:58:58,736 INFO val acc:84.1
2021-12-12 21:58:58,782 INFO [*] best model saved

2021-12-12 21:59:40,608 INFO [Step 55/ Epoch 72]  Loss: 0.4297  
2021-12-12 21:59:44,853 INFO val acc:83.84
2021-12-12 21:59:44,880 INFO [*] best model saved

2021-12-12 22:00:18,572 INFO [Step 155/ Epoch 72]  Loss: 0.5512  
2021-12-12 22:00:23,055 INFO val acc:83.08
2021-12-12 22:00:23,083 INFO [*] best model saved

2021-12-12 22:01:09,742 INFO [Step 255/ Epoch 72]  Loss: 0.4681  
2021-12-12 22:01:14,224 INFO val acc:83.8
2021-12-12 22:01:14,245 INFO [*] best model saved

2021-12-12 22:01:48,307 INFO [Step 3/ Epoch 73]  Loss: 0.4569  
2021-12-12 22:01:52,550 INFO val acc:83.4
2021-12-12 22:01:52,582 INFO [*] best model saved

2021-12-12 22:02:36,506 INFO [Step 103/ Epoch 73]  Loss: 0.4225  
2021-12-12 22:02:42,941 INFO val acc:83.82
2021-12-12 22:02:42,968 INFO [*] best model saved

2021-12-12 22:03:17,129 INFO [Step 203/ Epoch 73]  Loss: 0.3148  
2021-12-12 22:03:21,566 INFO val acc:84.3
2021-12-12 22:03:21,594 INFO [*] best model saved

2021-12-12 22:04:04,320 INFO [Step 303/ Epoch 73]  Loss: 0.5199  
2021-12-12 22:04:12,885 INFO val acc:84.08
2021-12-12 22:04:12,933 INFO [*] best model saved

2021-12-12 22:04:47,807 INFO [Step 51/ Epoch 74]  Loss: 0.3186  
2021-12-12 22:04:52,301 INFO val acc:83.54
2021-12-12 22:04:52,326 INFO [*] best model saved

2021-12-12 22:05:25,665 INFO [Step 151/ Epoch 74]  Loss: 0.4293  
2021-12-12 22:05:29,809 INFO val acc:83.78
2021-12-12 22:05:29,842 INFO [*] best model saved

2021-12-12 22:06:15,381 INFO [Step 251/ Epoch 74]  Loss: 0.3456  
2021-12-12 22:06:19,377 INFO val acc:84.36
2021-12-12 22:06:19,405 INFO [*] best model saved

2021-12-12 22:06:52,631 INFO [Step 351/ Epoch 74]  Loss: 0.5339  
2021-12-12 22:06:57,110 INFO val acc:83.02
2021-12-12 22:06:57,138 INFO [*] best model saved

2021-12-12 22:07:30,092 INFO [Step 99/ Epoch 75]  Loss: 0.4918  
2021-12-12 22:07:34,358 INFO val acc:84.24
2021-12-12 22:07:34,387 INFO [*] best model saved

2021-12-12 22:08:20,331 INFO [Step 199/ Epoch 75]  Loss: 0.4272  
2021-12-12 22:08:24,428 INFO val acc:83.84
2021-12-12 22:08:24,456 INFO [*] best model saved

2021-12-12 22:08:58,337 INFO [Step 299/ Epoch 75]  Loss: 0.4413  
2021-12-12 22:09:02,811 INFO val acc:83.68
2021-12-12 22:09:02,840 INFO [*] best model saved

2021-12-12 22:09:45,504 INFO [Step 47/ Epoch 76]  Loss: 0.4561  
2021-12-12 22:09:53,477 INFO val acc:83.36
2021-12-12 22:09:53,505 INFO [*] best model saved

2021-12-12 22:10:28,931 INFO [Step 147/ Epoch 76]  Loss: 0.3846  
2021-12-12 22:10:33,404 INFO val acc:84.1
2021-12-12 22:10:33,432 INFO [*] best model saved

2021-12-12 22:11:07,932 INFO [Step 247/ Epoch 76]  Loss: 0.5858  
2021-12-12 22:11:12,068 INFO val acc:83.76
2021-12-12 22:11:12,097 INFO [*] best model saved

2021-12-12 22:11:57,644 INFO [Step 347/ Epoch 76]  Loss: 0.3813  
2021-12-12 22:12:01,948 INFO val acc:84.1
2021-12-12 22:12:01,972 INFO [*] best model saved

2021-12-12 22:12:34,888 INFO [Step 95/ Epoch 77]  Loss: 0.4977  
2021-12-12 22:12:39,512 INFO val acc:83.66
2021-12-12 22:12:39,547 INFO [*] best model saved

2021-12-12 22:13:17,963 INFO [Step 195/ Epoch 77]  Loss: 0.3766  
2021-12-12 22:13:22,759 INFO val acc:83.34
2021-12-12 22:13:22,785 INFO [*] best model saved

2021-12-12 22:14:15,859 INFO [Step 295/ Epoch 77]  Loss: 0.5698  
2021-12-12 22:14:20,318 INFO val acc:84.42
2021-12-12 22:14:20,346 INFO [*] best model saved

2021-12-12 22:14:58,836 INFO [Step 43/ Epoch 78]  Loss: 0.4845  
2021-12-12 22:15:03,166 INFO val acc:83.84
2021-12-12 22:15:03,192 INFO [*] best model saved

2021-12-12 22:15:59,363 INFO [Step 143/ Epoch 78]  Loss: 0.4422  
2021-12-12 22:16:04,528 INFO val acc:84.14
2021-12-12 22:16:04,562 INFO [*] best model saved

2021-12-12 22:16:45,833 INFO [Step 243/ Epoch 78]  Loss: 0.4210  
2021-12-12 22:16:50,507 INFO val acc:84.14
2021-12-12 22:16:50,529 INFO [*] best model saved

2021-12-12 22:17:27,282 INFO [Step 343/ Epoch 78]  Loss: 0.3950  
2021-12-12 22:17:31,526 INFO val acc:83.48
2021-12-12 22:17:31,555 INFO [*] best model saved

2021-12-12 22:18:22,781 INFO [Step 91/ Epoch 79]  Loss: 0.3365  
2021-12-12 22:18:27,286 INFO val acc:83.54
2021-12-12 22:18:27,314 INFO [*] best model saved

2021-12-12 22:19:08,742 INFO [Step 191/ Epoch 79]  Loss: 0.4620  
2021-12-12 22:19:13,611 INFO val acc:83.68
2021-12-12 22:19:13,640 INFO [*] best model saved

2021-12-12 22:20:05,118 INFO [Step 291/ Epoch 79]  Loss: 0.4165  
2021-12-12 22:20:09,387 INFO val acc:84.1
2021-12-12 22:20:09,418 INFO [*] best model saved

