2021-12-12 22:28:49,872 INFO Let the games begin
2021-12-12 22:29:21,515 INFO [Step 99/ Epoch 0]  Loss: 2.0145  
2021-12-12 22:29:25,013 INFO val acc:28.2
2021-12-12 22:29:25,025 INFO [*] best model saved

2021-12-12 22:29:52,177 INFO [Step 199/ Epoch 0]  Loss: 1.9752  
2021-12-12 22:29:55,668 INFO val acc:32.82
2021-12-12 22:29:55,692 INFO [*] best model saved

2021-12-12 22:30:23,997 INFO [Step 299/ Epoch 0]  Loss: 1.8332  
2021-12-12 22:30:27,634 INFO val acc:38.08
2021-12-12 22:30:27,664 INFO [*] best model saved

2021-12-12 22:31:24,509 INFO [Step 47/ Epoch 1]  Loss: 1.7008  
2021-12-12 22:31:28,525 INFO val acc:39.16
2021-12-12 22:31:28,547 INFO [*] best model saved

2021-12-12 22:32:03,214 INFO [Step 147/ Epoch 1]  Loss: 1.6334  
2021-12-12 22:32:07,451 INFO val acc:42.8
2021-12-12 22:32:07,480 INFO [*] best model saved

2021-12-12 22:32:41,720 INFO [Step 247/ Epoch 1]  Loss: 1.4934  
2021-12-12 22:32:45,993 INFO val acc:46.08
2021-12-12 22:32:46,014 INFO [*] best model saved

2021-12-12 22:33:19,365 INFO [Step 347/ Epoch 1]  Loss: 1.4755  
2021-12-12 22:33:23,908 INFO val acc:46.94
2021-12-12 22:33:23,937 INFO [*] best model saved

2021-12-12 22:34:08,351 INFO [Step 95/ Epoch 2]  Loss: 1.4607  
2021-12-12 22:34:16,488 INFO val acc:46.8
2021-12-12 22:34:16,529 INFO [*] best model saved

2021-12-12 22:34:51,176 INFO [Step 195/ Epoch 2]  Loss: 1.4867  
2021-12-12 22:34:55,589 INFO val acc:49.0
2021-12-12 22:34:55,623 INFO [*] best model saved

2021-12-12 22:35:30,219 INFO [Step 295/ Epoch 2]  Loss: 1.4413  
2021-12-12 22:35:34,716 INFO val acc:50.12
2021-12-12 22:35:34,745 INFO [*] best model saved

2021-12-12 22:36:10,080 INFO [Step 43/ Epoch 3]  Loss: 1.3733  
2021-12-12 22:36:15,610 INFO val acc:52.24
2021-12-12 22:36:15,656 INFO [*] best model saved

2021-12-12 22:36:59,827 INFO [Step 143/ Epoch 3]  Loss: 1.4942  
2021-12-12 22:37:04,053 INFO val acc:53.38
2021-12-12 22:37:04,082 INFO [*] best model saved

2021-12-12 22:37:39,372 INFO [Step 243/ Epoch 3]  Loss: 1.3406  
2021-12-12 22:37:43,535 INFO val acc:53.68
2021-12-12 22:37:43,563 INFO [*] best model saved

2021-12-12 22:38:18,920 INFO [Step 343/ Epoch 3]  Loss: 1.1624  
2021-12-12 22:38:23,504 INFO val acc:54.1
2021-12-12 22:38:23,533 INFO [*] best model saved

2021-12-12 22:39:11,097 INFO [Step 91/ Epoch 4]  Loss: 1.3428  
2021-12-12 22:39:15,625 INFO val acc:55.26
2021-12-12 22:39:15,654 INFO [*] best model saved

2021-12-12 22:39:49,996 INFO [Step 191/ Epoch 4]  Loss: 1.4330  
2021-12-12 22:39:54,513 INFO val acc:55.46
2021-12-12 22:39:54,542 INFO [*] best model saved

2021-12-12 22:40:29,467 INFO [Step 291/ Epoch 4]  Loss: 1.2852  
2021-12-12 22:40:33,783 INFO val acc:57.06
2021-12-12 22:40:33,818 INFO [*] best model saved

2021-12-12 22:41:20,285 INFO [Step 39/ Epoch 5]  Loss: 1.4327  
2021-12-12 22:41:24,528 INFO val acc:57.7
2021-12-12 22:41:24,557 INFO [*] best model saved

2021-12-12 22:41:59,225 INFO [Step 139/ Epoch 5]  Loss: 1.1801  
2021-12-12 22:42:03,787 INFO val acc:58.32
2021-12-12 22:42:03,821 INFO [*] best model saved

2021-12-12 22:42:47,034 INFO [Step 239/ Epoch 5]  Loss: 1.1935  
2021-12-12 22:42:56,008 INFO val acc:58.06
2021-12-12 22:42:56,051 INFO [*] best model saved

2021-12-12 22:43:30,910 INFO [Step 339/ Epoch 5]  Loss: 1.1489  
2021-12-12 22:43:35,306 INFO val acc:59.02
2021-12-12 22:43:35,336 INFO [*] best model saved

2021-12-12 22:44:10,261 INFO [Step 87/ Epoch 6]  Loss: 1.2785  
2021-12-12 22:44:14,493 INFO val acc:60.54
2021-12-12 22:44:14,519 INFO [*] best model saved

2021-12-12 22:45:01,453 INFO [Step 187/ Epoch 6]  Loss: 1.2326  
2021-12-12 22:45:05,559 INFO val acc:59.42
2021-12-12 22:45:05,587 INFO [*] best model saved

2021-12-12 22:45:39,806 INFO [Step 287/ Epoch 6]  Loss: 1.2458  
2021-12-12 22:45:44,138 INFO val acc:60.98
2021-12-12 22:45:44,163 INFO [*] best model saved

2021-12-12 22:46:18,525 INFO [Step 35/ Epoch 7]  Loss: 1.2283  
2021-12-12 22:46:22,816 INFO val acc:60.18
2021-12-12 22:46:22,850 INFO [*] best model saved

2021-12-12 22:47:08,664 INFO [Step 135/ Epoch 7]  Loss: 1.0472  
2021-12-12 22:47:12,866 INFO val acc:61.14
2021-12-12 22:47:12,898 INFO [*] best model saved

2021-12-12 22:47:48,234 INFO [Step 235/ Epoch 7]  Loss: 0.9345  
2021-12-12 22:47:52,822 INFO val acc:62.66
2021-12-12 22:47:52,839 INFO [*] best model saved

2021-12-12 22:48:29,497 INFO [Step 335/ Epoch 7]  Loss: 1.0475  
2021-12-12 22:48:39,524 INFO val acc:63.56
2021-12-12 22:48:39,568 INFO [*] best model saved

2021-12-12 22:49:18,732 INFO [Step 83/ Epoch 8]  Loss: 0.9752  
2021-12-12 22:49:22,981 INFO val acc:64.9
2021-12-12 22:49:23,011 INFO [*] best model saved

2021-12-12 22:49:58,087 INFO [Step 183/ Epoch 8]  Loss: 1.0501  
2021-12-12 22:50:02,314 INFO val acc:66.0
2021-12-12 22:50:02,343 INFO [*] best model saved

2021-12-12 22:50:36,693 INFO [Step 283/ Epoch 8]  Loss: 1.1097  
2021-12-12 22:50:41,224 INFO val acc:65.3
2021-12-12 22:50:41,259 INFO [*] best model saved

2021-12-12 22:51:27,095 INFO [Step 31/ Epoch 9]  Loss: 1.0775  
2021-12-12 22:51:31,607 INFO val acc:64.38
2021-12-12 22:51:31,637 INFO [*] best model saved

2021-12-12 22:52:05,651 INFO [Step 131/ Epoch 9]  Loss: 1.1375  
2021-12-12 22:52:10,124 INFO val acc:65.84
2021-12-12 22:52:10,154 INFO [*] best model saved

2021-12-12 22:52:43,558 INFO [Step 231/ Epoch 9]  Loss: 1.1397  
2021-12-12 22:52:48,105 INFO val acc:67.0
2021-12-12 22:52:48,134 INFO [*] best model saved

2021-12-12 22:53:34,093 INFO [Step 331/ Epoch 9]  Loss: 0.9781  
2021-12-12 22:53:38,239 INFO val acc:66.3
2021-12-12 22:53:38,261 INFO [*] best model saved

2021-12-12 22:54:12,078 INFO [Step 79/ Epoch 10]  Loss: 1.0984  
2021-12-12 22:54:16,635 INFO val acc:68.62
2021-12-12 22:54:16,664 INFO [*] best model saved

2021-12-12 22:54:50,070 INFO [Step 179/ Epoch 10]  Loss: 1.0377  
2021-12-12 22:54:54,381 INFO val acc:67.4
2021-12-12 22:54:54,410 INFO [*] best model saved

2021-12-12 22:55:40,902 INFO [Step 279/ Epoch 10]  Loss: 0.9652  
2021-12-12 22:55:45,023 INFO val acc:69.94
2021-12-12 22:55:45,056 INFO [*] best model saved

2021-12-12 22:56:19,943 INFO [Step 27/ Epoch 11]  Loss: 0.9076  
2021-12-12 22:56:24,116 INFO val acc:69.0
2021-12-12 22:56:24,147 INFO [*] best model saved

2021-12-12 22:57:00,121 INFO [Step 127/ Epoch 11]  Loss: 0.9550  
2021-12-12 22:57:04,558 INFO val acc:68.82
2021-12-12 22:57:04,579 INFO [*] best model saved

2021-12-12 22:57:37,653 INFO [Step 227/ Epoch 11]  Loss: 1.1610  
2021-12-12 22:57:41,641 INFO val acc:69.92
2021-12-12 22:57:41,670 INFO [*] best model saved

2021-12-12 22:58:12,567 INFO [Step 327/ Epoch 11]  Loss: 1.0448  
2021-12-12 22:58:16,532 INFO val acc:69.96
2021-12-12 22:58:16,552 INFO [*] best model saved

2021-12-12 22:58:51,239 INFO [Step 75/ Epoch 12]  Loss: 0.9466  
2021-12-12 22:58:55,179 INFO val acc:69.08
2021-12-12 22:58:55,212 INFO [*] best model saved

2021-12-12 22:59:25,666 INFO [Step 175/ Epoch 12]  Loss: 0.7705  
2021-12-12 22:59:29,647 INFO val acc:68.94
2021-12-12 22:59:29,675 INFO [*] best model saved

2021-12-12 23:00:00,632 INFO [Step 275/ Epoch 12]  Loss: 0.9083  
2021-12-12 23:00:04,683 INFO val acc:70.56
2021-12-12 23:00:04,712 INFO [*] best model saved

2021-12-12 23:00:35,738 INFO [Step 23/ Epoch 13]  Loss: 0.8101  
2021-12-12 23:00:39,893 INFO val acc:69.94
2021-12-12 23:00:39,918 INFO [*] best model saved

2021-12-12 23:01:10,987 INFO [Step 123/ Epoch 13]  Loss: 0.8588  
2021-12-12 23:01:15,240 INFO val acc:71.24
2021-12-12 23:01:15,261 INFO [*] best model saved

2021-12-12 23:01:47,350 INFO [Step 223/ Epoch 13]  Loss: 0.8266  
2021-12-12 23:01:51,542 INFO val acc:71.26
2021-12-12 23:01:51,572 INFO [*] best model saved

2021-12-12 23:02:22,728 INFO [Step 323/ Epoch 13]  Loss: 0.9417  
2021-12-12 23:02:26,999 INFO val acc:71.18
2021-12-12 23:02:27,028 INFO [*] best model saved

2021-12-12 23:02:59,163 INFO [Step 71/ Epoch 14]  Loss: 0.8593  
2021-12-12 23:03:03,432 INFO val acc:72.22
2021-12-12 23:03:03,466 INFO [*] best model saved

2021-12-12 23:03:36,391 INFO [Step 171/ Epoch 14]  Loss: 1.0015  
2021-12-12 23:03:40,441 INFO val acc:71.76
2021-12-12 23:03:40,469 INFO [*] best model saved

2021-12-12 23:04:12,880 INFO [Step 271/ Epoch 14]  Loss: 0.8699  
2021-12-12 23:04:17,170 INFO val acc:72.82
2021-12-12 23:04:17,191 INFO [*] best model saved

2021-12-12 23:04:48,863 INFO [Step 19/ Epoch 15]  Loss: 0.7848  
2021-12-12 23:04:52,891 INFO val acc:72.16
2021-12-12 23:04:52,920 INFO [*] best model saved

2021-12-12 23:05:24,558 INFO [Step 119/ Epoch 15]  Loss: 0.8110  
2021-12-12 23:05:28,850 INFO val acc:73.62
2021-12-12 23:05:28,883 INFO [*] best model saved

2021-12-12 23:06:02,921 INFO [Step 219/ Epoch 15]  Loss: 1.0432  
2021-12-12 23:06:07,056 INFO val acc:72.26
2021-12-12 23:06:07,075 INFO [*] best model saved

2021-12-12 23:06:40,242 INFO [Step 319/ Epoch 15]  Loss: 0.9333  
2021-12-12 23:06:44,338 INFO val acc:72.28
2021-12-12 23:06:44,362 INFO [*] best model saved

2021-12-12 23:07:15,574 INFO [Step 67/ Epoch 16]  Loss: 0.9569  
2021-12-12 23:07:19,670 INFO val acc:73.76
2021-12-12 23:07:19,697 INFO [*] best model saved

2021-12-12 23:07:50,531 INFO [Step 167/ Epoch 16]  Loss: 0.8859  
2021-12-12 23:07:54,570 INFO val acc:73.5
2021-12-12 23:07:54,588 INFO [*] best model saved

2021-12-12 23:08:25,643 INFO [Step 267/ Epoch 16]  Loss: 0.7954  
2021-12-12 23:08:29,818 INFO val acc:73.64
2021-12-12 23:08:29,846 INFO [*] best model saved

2021-12-12 23:09:01,954 INFO [Step 15/ Epoch 17]  Loss: 0.6368  
2021-12-12 23:09:06,024 INFO val acc:74.3
2021-12-12 23:09:06,053 INFO [*] best model saved

2021-12-12 23:09:41,974 INFO [Step 115/ Epoch 17]  Loss: 0.7182  
2021-12-12 23:09:46,224 INFO val acc:73.62
2021-12-12 23:09:46,251 INFO [*] best model saved

2021-12-12 23:10:17,556 INFO [Step 215/ Epoch 17]  Loss: 0.8048  
2021-12-12 23:10:21,599 INFO val acc:73.7
2021-12-12 23:10:21,631 INFO [*] best model saved

2021-12-12 23:10:52,616 INFO [Step 315/ Epoch 17]  Loss: 0.9426  
2021-12-12 23:10:56,653 INFO val acc:73.66
2021-12-12 23:10:56,681 INFO [*] best model saved

2021-12-12 23:11:28,008 INFO [Step 63/ Epoch 18]  Loss: 1.0212  
2021-12-12 23:11:32,071 INFO val acc:74.74
2021-12-12 23:11:32,094 INFO [*] best model saved

2021-12-12 23:12:03,792 INFO [Step 163/ Epoch 18]  Loss: 0.8166  
2021-12-12 23:12:07,827 INFO val acc:74.34
2021-12-12 23:12:07,856 INFO [*] best model saved

2021-12-12 23:12:39,937 INFO [Step 263/ Epoch 18]  Loss: 0.9072  
2021-12-12 23:12:43,988 INFO val acc:72.04
2021-12-12 23:12:44,008 INFO [*] best model saved

2021-12-12 23:13:15,491 INFO [Step 11/ Epoch 19]  Loss: 0.5758  
2021-12-12 23:13:19,548 INFO val acc:73.88
2021-12-12 23:13:19,577 INFO [*] best model saved

2021-12-12 23:13:52,288 INFO [Step 111/ Epoch 19]  Loss: 0.8915  
2021-12-12 23:13:56,190 INFO val acc:74.0
2021-12-12 23:13:56,218 INFO [*] best model saved

2021-12-12 23:14:27,037 INFO [Step 211/ Epoch 19]  Loss: 0.8113  
2021-12-12 23:14:31,095 INFO val acc:73.94
2021-12-12 23:14:31,123 INFO [*] best model saved

2021-12-12 23:15:01,930 INFO [Step 311/ Epoch 19]  Loss: 0.7315  
2021-12-12 23:15:05,964 INFO val acc:75.64
2021-12-12 23:15:05,992 INFO [*] best model saved

2021-12-12 23:15:38,202 INFO [Step 59/ Epoch 20]  Loss: 0.6543  
2021-12-12 23:15:42,461 INFO val acc:76.22
2021-12-12 23:15:42,491 INFO [*] best model saved

2021-12-12 23:16:13,890 INFO [Step 159/ Epoch 20]  Loss: 0.8563  
2021-12-12 23:16:18,124 INFO val acc:75.92
2021-12-12 23:16:18,152 INFO [*] best model saved

2021-12-12 23:16:50,082 INFO [Step 259/ Epoch 20]  Loss: 0.8821  
2021-12-12 23:16:54,145 INFO val acc:76.32
2021-12-12 23:16:54,179 INFO [*] best model saved

2021-12-12 23:17:25,617 INFO [Step 7/ Epoch 21]  Loss: 0.6870  
2021-12-12 23:17:29,695 INFO val acc:74.62
2021-12-12 23:17:29,723 INFO [*] best model saved

2021-12-12 23:18:02,405 INFO [Step 107/ Epoch 21]  Loss: 0.6265  
2021-12-12 23:18:06,463 INFO val acc:76.54
2021-12-12 23:18:06,492 INFO [*] best model saved

2021-12-12 23:18:40,658 INFO [Step 207/ Epoch 21]  Loss: 0.7360  
2021-12-12 23:18:44,926 INFO val acc:76.72
2021-12-12 23:18:44,951 INFO [*] best model saved

2021-12-12 23:19:17,279 INFO [Step 307/ Epoch 21]  Loss: 0.6522  
2021-12-12 23:19:21,308 INFO val acc:76.2
2021-12-12 23:19:21,329 INFO [*] best model saved

2021-12-12 23:19:53,369 INFO [Step 55/ Epoch 22]  Loss: 0.6348  
2021-12-12 23:19:57,744 INFO val acc:77.12
2021-12-12 23:19:57,800 INFO [*] best model saved

2021-12-12 23:20:29,203 INFO [Step 155/ Epoch 22]  Loss: 0.8478  
2021-12-12 23:20:33,261 INFO val acc:77.14
2021-12-12 23:20:33,293 INFO [*] best model saved

2021-12-12 23:21:04,722 INFO [Step 255/ Epoch 22]  Loss: 0.7004  
2021-12-12 23:21:08,996 INFO val acc:77.68
2021-12-12 23:21:09,020 INFO [*] best model saved

2021-12-12 23:21:40,514 INFO [Step 3/ Epoch 23]  Loss: 0.6300  
2021-12-12 23:21:44,731 INFO val acc:77.66
2021-12-12 23:21:44,759 INFO [*] best model saved

2021-12-12 23:22:16,834 INFO [Step 103/ Epoch 23]  Loss: 0.7365  
2021-12-12 23:22:20,953 INFO val acc:77.9
2021-12-12 23:22:20,982 INFO [*] best model saved

2021-12-12 23:22:52,168 INFO [Step 203/ Epoch 23]  Loss: 0.6940  
2021-12-12 23:22:56,169 INFO val acc:77.34
2021-12-12 23:22:56,190 INFO [*] best model saved

2021-12-12 23:23:29,336 INFO [Step 303/ Epoch 23]  Loss: 0.6356  
2021-12-12 23:23:33,362 INFO val acc:76.5
2021-12-12 23:23:33,394 INFO [*] best model saved

2021-12-12 23:24:08,360 INFO [Step 51/ Epoch 24]  Loss: 0.7274  
2021-12-12 23:24:12,658 INFO val acc:77.6
2021-12-12 23:24:12,678 INFO [*] best model saved

2021-12-12 23:24:45,612 INFO [Step 151/ Epoch 24]  Loss: 0.6557  
2021-12-12 23:24:49,734 INFO val acc:77.24
2021-12-12 23:24:49,762 INFO [*] best model saved

2021-12-12 23:25:23,269 INFO [Step 251/ Epoch 24]  Loss: 0.6092  
2021-12-12 23:25:27,578 INFO val acc:78.0
2021-12-12 23:25:27,606 INFO [*] best model saved

2021-12-12 23:26:00,378 INFO [Step 351/ Epoch 24]  Loss: 0.5060  
2021-12-12 23:26:04,680 INFO val acc:77.92
2021-12-12 23:26:04,714 INFO [*] best model saved

2021-12-12 23:26:36,311 INFO [Step 99/ Epoch 25]  Loss: 0.7315  
2021-12-12 23:26:40,371 INFO val acc:77.6
2021-12-12 23:26:40,401 INFO [*] best model saved

2021-12-12 23:27:11,914 INFO [Step 199/ Epoch 25]  Loss: 0.6733  
2021-12-12 23:27:15,994 INFO val acc:78.68
2021-12-12 23:27:16,028 INFO [*] best model saved

2021-12-12 23:27:47,705 INFO [Step 299/ Epoch 25]  Loss: 0.7172  
2021-12-12 23:27:51,760 INFO val acc:78.42
2021-12-12 23:27:51,780 INFO [*] best model saved

2021-12-12 23:28:23,495 INFO [Step 47/ Epoch 26]  Loss: 0.5764  
2021-12-12 23:28:27,584 INFO val acc:76.22
2021-12-12 23:28:27,612 INFO [*] best model saved

2021-12-12 23:29:01,208 INFO [Step 147/ Epoch 26]  Loss: 0.6087  
2021-12-12 23:29:05,263 INFO val acc:78.06
2021-12-12 23:29:05,291 INFO [*] best model saved

2021-12-12 23:29:41,059 INFO [Step 247/ Epoch 26]  Loss: 0.6327  
2021-12-12 23:29:45,082 INFO val acc:79.2
2021-12-12 23:29:45,111 INFO [*] best model saved

2021-12-12 23:30:18,695 INFO [Step 347/ Epoch 26]  Loss: 0.5564  
2021-12-12 23:30:22,993 INFO val acc:78.32
2021-12-12 23:30:23,027 INFO [*] best model saved

2021-12-12 23:30:57,832 INFO [Step 95/ Epoch 27]  Loss: 0.6869  
2021-12-12 23:31:01,873 INFO val acc:78.16
2021-12-12 23:31:01,906 INFO [*] best model saved

2021-12-12 23:31:33,728 INFO [Step 195/ Epoch 27]  Loss: 0.5673  
2021-12-12 23:31:37,792 INFO val acc:78.98
2021-12-12 23:31:37,812 INFO [*] best model saved

2021-12-12 23:32:11,419 INFO [Step 295/ Epoch 27]  Loss: 0.5633  
2021-12-12 23:32:15,433 INFO val acc:79.62
2021-12-12 23:32:15,457 INFO [*] best model saved

2021-12-12 23:32:49,482 INFO [Step 43/ Epoch 28]  Loss: 0.5260  
2021-12-12 23:32:53,509 INFO val acc:78.38
2021-12-12 23:32:53,544 INFO [*] best model saved

2021-12-12 23:33:25,987 INFO [Step 143/ Epoch 28]  Loss: 0.6739  
2021-12-12 23:33:30,382 INFO val acc:79.64
2021-12-12 23:33:30,398 INFO [*] best model saved

2021-12-12 23:34:02,373 INFO [Step 243/ Epoch 28]  Loss: 0.5025  
2021-12-12 23:34:06,447 INFO val acc:79.18
2021-12-12 23:34:06,469 INFO [*] best model saved

2021-12-12 23:34:39,040 INFO [Step 343/ Epoch 28]  Loss: 0.4778  
2021-12-12 23:34:43,308 INFO val acc:78.82
2021-12-12 23:34:43,329 INFO [*] best model saved

2021-12-12 23:35:15,002 INFO [Step 91/ Epoch 29]  Loss: 0.6341  
2021-12-12 23:35:19,084 INFO val acc:78.5
2021-12-12 23:35:19,114 INFO [*] best model saved

2021-12-12 23:35:49,728 INFO [Step 191/ Epoch 29]  Loss: 0.4827  
2021-12-12 23:35:53,741 INFO val acc:79.24
2021-12-12 23:35:53,770 INFO [*] best model saved

2021-12-12 23:36:25,092 INFO [Step 291/ Epoch 29]  Loss: 0.6411  
2021-12-12 23:36:29,187 INFO val acc:79.98
2021-12-12 23:36:29,221 INFO [*] best model saved

2021-12-12 23:37:00,977 INFO [Step 39/ Epoch 30]  Loss: 0.6101  
2021-12-12 23:37:05,045 INFO val acc:78.18
2021-12-12 23:37:05,073 INFO [*] best model saved

2021-12-12 23:37:36,629 INFO [Step 139/ Epoch 30]  Loss: 0.5296  
2021-12-12 23:37:40,676 INFO val acc:80.08
2021-12-12 23:37:40,696 INFO [*] best model saved

2021-12-12 23:38:15,971 INFO [Step 239/ Epoch 30]  Loss: 0.6964  
2021-12-12 23:38:20,086 INFO val acc:79.42
2021-12-12 23:38:20,115 INFO [*] best model saved

2021-12-12 23:38:51,749 INFO [Step 339/ Epoch 30]  Loss: 0.4514  
2021-12-12 23:38:55,810 INFO val acc:80.52
2021-12-12 23:38:55,838 INFO [*] best model saved

2021-12-12 23:39:29,859 INFO [Step 87/ Epoch 31]  Loss: 0.6752  
2021-12-12 23:39:34,176 INFO val acc:79.18
2021-12-12 23:39:34,197 INFO [*] best model saved

2021-12-12 23:40:06,255 INFO [Step 187/ Epoch 31]  Loss: 0.7745  
2021-12-12 23:40:10,531 INFO val acc:80.08
2021-12-12 23:40:10,551 INFO [*] best model saved

2021-12-12 23:40:42,970 INFO [Step 287/ Epoch 31]  Loss: 0.5029  
2021-12-12 23:40:47,299 INFO val acc:80.46
2021-12-12 23:40:47,326 INFO [*] best model saved

2021-12-12 23:41:19,624 INFO [Step 35/ Epoch 32]  Loss: 0.4012  
2021-12-12 23:41:23,588 INFO val acc:79.0
2021-12-12 23:41:23,616 INFO [*] best model saved

2021-12-12 23:41:54,057 INFO [Step 135/ Epoch 32]  Loss: 0.4483  
2021-12-12 23:41:58,097 INFO val acc:80.72
2021-12-12 23:41:58,117 INFO [*] best model saved

2021-12-12 23:42:28,346 INFO [Step 235/ Epoch 32]  Loss: 0.5231  
2021-12-12 23:42:32,299 INFO val acc:80.56
2021-12-12 23:42:32,324 INFO [*] best model saved

2021-12-12 23:43:03,021 INFO [Step 335/ Epoch 32]  Loss: 0.6138  
2021-12-12 23:43:06,994 INFO val acc:78.76
2021-12-12 23:43:07,016 INFO [*] best model saved

2021-12-12 23:43:38,999 INFO [Step 83/ Epoch 33]  Loss: 0.5224  
2021-12-12 23:43:43,312 INFO val acc:80.98
2021-12-12 23:43:43,330 INFO [*] best model saved

2021-12-12 23:44:13,954 INFO [Step 183/ Epoch 33]  Loss: 0.4687  
2021-12-12 23:44:18,063 INFO val acc:79.68
2021-12-12 23:44:18,091 INFO [*] best model saved

2021-12-12 23:44:52,046 INFO [Step 283/ Epoch 33]  Loss: 0.5263  
2021-12-12 23:44:56,123 INFO val acc:79.82
2021-12-12 23:44:56,156 INFO [*] best model saved

2021-12-12 23:45:28,088 INFO [Step 31/ Epoch 34]  Loss: 0.6643  
2021-12-12 23:45:32,412 INFO val acc:80.5
2021-12-12 23:45:32,439 INFO [*] best model saved

2021-12-12 23:46:05,298 INFO [Step 131/ Epoch 34]  Loss: 0.4376  
2021-12-12 23:46:09,367 INFO val acc:80.74
2021-12-12 23:46:09,401 INFO [*] best model saved

2021-12-12 23:46:40,274 INFO [Step 231/ Epoch 34]  Loss: 0.6374  
2021-12-12 23:46:44,294 INFO val acc:81.34
2021-12-12 23:46:44,318 INFO [*] best model saved

2021-12-12 23:47:16,324 INFO [Step 331/ Epoch 34]  Loss: 0.3825  
2021-12-12 23:47:20,388 INFO val acc:79.52
2021-12-12 23:47:20,411 INFO [*] best model saved

2021-12-12 23:47:52,453 INFO [Step 79/ Epoch 35]  Loss: 0.3586  
2021-12-12 23:47:56,493 INFO val acc:81.04
2021-12-12 23:47:56,521 INFO [*] best model saved

2021-12-12 23:48:27,040 INFO [Step 179/ Epoch 35]  Loss: 0.5356  
2021-12-12 23:48:31,005 INFO val acc:81.3
2021-12-12 23:48:31,033 INFO [*] best model saved

2021-12-12 23:49:01,985 INFO [Step 279/ Epoch 35]  Loss: 0.3299  
2021-12-12 23:49:06,289 INFO val acc:80.12
2021-12-12 23:49:06,321 INFO [*] best model saved

2021-12-12 23:49:40,200 INFO [Step 27/ Epoch 36]  Loss: 0.5335  
2021-12-12 23:49:44,135 INFO val acc:81.46
2021-12-12 23:49:44,160 INFO [*] best model saved

2021-12-12 23:50:15,889 INFO [Step 127/ Epoch 36]  Loss: 0.4216  
2021-12-12 23:50:19,832 INFO val acc:81.32
2021-12-12 23:50:19,861 INFO [*] best model saved

2021-12-12 23:50:51,578 INFO [Step 227/ Epoch 36]  Loss: 0.5015  
2021-12-12 23:50:55,537 INFO val acc:81.62
2021-12-12 23:50:55,557 INFO [*] best model saved

2021-12-12 23:51:27,034 INFO [Step 327/ Epoch 36]  Loss: 0.4655  
2021-12-12 23:51:30,938 INFO val acc:81.94
2021-12-12 23:51:30,967 INFO [*] best model saved

2021-12-12 23:52:02,084 INFO [Step 75/ Epoch 37]  Loss: 0.3500  
2021-12-12 23:52:06,159 INFO val acc:81.66
2021-12-12 23:52:06,193 INFO [*] best model saved

2021-12-12 23:52:37,623 INFO [Step 175/ Epoch 37]  Loss: 0.6104  
2021-12-12 23:52:41,637 INFO val acc:81.42
2021-12-12 23:52:41,671 INFO [*] best model saved

2021-12-12 23:53:15,138 INFO [Step 275/ Epoch 37]  Loss: 0.4526  
2021-12-12 23:53:19,080 INFO val acc:80.54
2021-12-12 23:53:19,109 INFO [*] best model saved

2021-12-12 23:53:51,151 INFO [Step 23/ Epoch 38]  Loss: 0.3657  
2021-12-12 23:53:55,185 INFO val acc:81.74
2021-12-12 23:53:55,215 INFO [*] best model saved

2021-12-12 23:54:25,628 INFO [Step 123/ Epoch 38]  Loss: 0.3176  
2021-12-12 23:54:29,683 INFO val acc:82.36
2021-12-12 23:54:29,708 INFO [*] best model saved

2021-12-12 23:55:03,735 INFO [Step 223/ Epoch 38]  Loss: 0.4129  
2021-12-12 23:55:07,822 INFO val acc:81.58
2021-12-12 23:55:07,851 INFO [*] best model saved

2021-12-12 23:55:38,637 INFO [Step 323/ Epoch 38]  Loss: 0.4168  
2021-12-12 23:55:42,667 INFO val acc:82.06
2021-12-12 23:55:42,695 INFO [*] best model saved

2021-12-12 23:56:13,339 INFO [Step 71/ Epoch 39]  Loss: 0.4435  
2021-12-12 23:56:17,333 INFO val acc:82.6
2021-12-12 23:56:17,355 INFO [*] best model saved

2021-12-12 23:56:49,485 INFO [Step 171/ Epoch 39]  Loss: 0.5076  
2021-12-12 23:56:53,744 INFO val acc:82.28
2021-12-12 23:56:53,777 INFO [*] best model saved

2021-12-12 23:57:25,163 INFO [Step 271/ Epoch 39]  Loss: 0.4186  
2021-12-12 23:57:29,396 INFO val acc:81.36
2021-12-12 23:57:29,429 INFO [*] best model saved

2021-12-12 23:58:03,206 INFO [Step 19/ Epoch 40]  Loss: 0.6399  
2021-12-12 23:58:07,189 INFO val acc:80.96
2021-12-12 23:58:07,222 INFO [*] best model saved

2021-12-12 23:58:38,930 INFO [Step 119/ Epoch 40]  Loss: 0.4680  
2021-12-12 23:58:42,966 INFO val acc:82.42
2021-12-12 23:58:42,999 INFO [*] best model saved

2021-12-12 23:59:13,940 INFO [Step 219/ Epoch 40]  Loss: 0.4298  
2021-12-12 23:59:18,315 INFO val acc:81.38
2021-12-12 23:59:18,348 INFO [*] best model saved

2021-12-12 23:59:49,045 INFO [Step 319/ Epoch 40]  Loss: 0.5071  
2021-12-12 23:59:52,956 INFO val acc:82.54
2021-12-12 23:59:52,984 INFO [*] best model saved

2021-12-13 00:00:23,651 INFO [Step 67/ Epoch 41]  Loss: 0.3766  
2021-12-13 00:00:27,513 INFO val acc:82.56
2021-12-13 00:00:27,541 INFO [*] best model saved

2021-12-13 00:00:58,706 INFO [Step 167/ Epoch 41]  Loss: 0.4255  
2021-12-13 00:01:02,755 INFO val acc:81.64
2021-12-13 00:01:02,782 INFO [*] best model saved

2021-12-13 00:01:33,860 INFO [Step 267/ Epoch 41]  Loss: 0.4777  
2021-12-13 00:01:37,879 INFO val acc:82.16
2021-12-13 00:01:37,906 INFO [*] best model saved

2021-12-13 00:02:12,609 INFO [Step 15/ Epoch 42]  Loss: 0.3463  
2021-12-13 00:02:16,623 INFO val acc:81.82
2021-12-13 00:02:16,648 INFO [*] best model saved

2021-12-13 00:02:48,394 INFO [Step 115/ Epoch 42]  Loss: 0.5428  
2021-12-13 00:02:52,395 INFO val acc:82.22
2021-12-13 00:02:52,415 INFO [*] best model saved

2021-12-13 00:03:22,789 INFO [Step 215/ Epoch 42]  Loss: 0.4050  
2021-12-13 00:03:26,904 INFO val acc:82.4
2021-12-13 00:03:26,936 INFO [*] best model saved

2021-12-13 00:03:58,599 INFO [Step 315/ Epoch 42]  Loss: 0.3733  
2021-12-13 00:04:02,629 INFO val acc:81.88
2021-12-13 00:04:02,659 INFO [*] best model saved

2021-12-13 00:04:35,914 INFO [Step 63/ Epoch 43]  Loss: 0.2383  
2021-12-13 00:04:39,823 INFO val acc:82.24
2021-12-13 00:04:39,858 INFO [*] best model saved

2021-12-13 00:05:12,670 INFO [Step 163/ Epoch 43]  Loss: 0.3302  
2021-12-13 00:05:16,665 INFO val acc:81.96
2021-12-13 00:05:16,684 INFO [*] best model saved

2021-12-13 00:05:47,661 INFO [Step 263/ Epoch 43]  Loss: 0.4687  
2021-12-13 00:05:51,759 INFO val acc:82.68
2021-12-13 00:05:51,784 INFO [*] best model saved

2021-12-13 00:06:24,944 INFO [Step 11/ Epoch 44]  Loss: 0.4110  
2021-12-13 00:06:29,023 INFO val acc:82.6
2021-12-13 00:06:29,052 INFO [*] best model saved

2021-12-13 00:07:00,125 INFO [Step 111/ Epoch 44]  Loss: 0.2832  
2021-12-13 00:07:04,134 INFO val acc:82.44
2021-12-13 00:07:04,166 INFO [*] best model saved

2021-12-13 00:07:36,415 INFO [Step 211/ Epoch 44]  Loss: 0.3117  
2021-12-13 00:07:40,730 INFO val acc:82.58
2021-12-13 00:07:40,764 INFO [*] best model saved

2021-12-13 00:08:12,931 INFO [Step 311/ Epoch 44]  Loss: 0.3188  
2021-12-13 00:08:16,954 INFO val acc:82.74
2021-12-13 00:08:16,974 INFO [*] best model saved

2021-12-13 00:08:51,535 INFO [Step 59/ Epoch 45]  Loss: 0.3309  
2021-12-13 00:08:55,853 INFO val acc:82.1
2021-12-13 00:08:55,877 INFO [*] best model saved

2021-12-13 00:09:28,867 INFO [Step 159/ Epoch 45]  Loss: 0.4844  
2021-12-13 00:09:33,029 INFO val acc:82.52
2021-12-13 00:09:33,054 INFO [*] best model saved

2021-12-13 00:10:05,260 INFO [Step 259/ Epoch 45]  Loss: 0.3727  
2021-12-13 00:10:09,580 INFO val acc:82.94
2021-12-13 00:10:09,609 INFO [*] best model saved

2021-12-13 00:10:41,004 INFO [Step 7/ Epoch 46]  Loss: 0.3640  
2021-12-13 00:10:45,296 INFO val acc:82.88
2021-12-13 00:10:45,325 INFO [*] best model saved

2021-12-13 00:11:16,522 INFO [Step 107/ Epoch 46]  Loss: 0.4362  
2021-12-13 00:11:20,827 INFO val acc:82.7
2021-12-13 00:11:20,860 INFO [*] best model saved

2021-12-13 00:11:52,431 INFO [Step 207/ Epoch 46]  Loss: 0.3378  
2021-12-13 00:11:56,629 INFO val acc:83.08
2021-12-13 00:11:56,649 INFO [*] best model saved

2021-12-13 00:12:28,908 INFO [Step 307/ Epoch 46]  Loss: 0.3473  
2021-12-13 00:12:33,208 INFO val acc:82.38
2021-12-13 00:12:33,236 INFO [*] best model saved

2021-12-13 00:13:05,583 INFO [Step 55/ Epoch 47]  Loss: 0.3527  
2021-12-13 00:13:09,907 INFO val acc:82.94
2021-12-13 00:13:09,936 INFO [*] best model saved

2021-12-13 00:13:41,274 INFO [Step 155/ Epoch 47]  Loss: 0.4264  
2021-12-13 00:13:45,272 INFO val acc:82.7
2021-12-13 00:13:45,300 INFO [*] best model saved

2021-12-13 00:14:16,844 INFO [Step 255/ Epoch 47]  Loss: 0.3168  
2021-12-13 00:14:20,838 INFO val acc:83.0
2021-12-13 00:14:20,871 INFO [*] best model saved

2021-12-13 00:14:52,435 INFO [Step 3/ Epoch 48]  Loss: 0.3493  
2021-12-13 00:14:56,461 INFO val acc:81.86
2021-12-13 00:14:56,486 INFO [*] best model saved

2021-12-13 00:15:29,912 INFO [Step 103/ Epoch 48]  Loss: 0.4335  
2021-12-13 00:15:33,946 INFO val acc:83.32
2021-12-13 00:15:33,979 INFO [*] best model saved

2021-12-13 00:16:05,459 INFO [Step 203/ Epoch 48]  Loss: 0.3313  
2021-12-13 00:16:09,498 INFO val acc:83.14
2021-12-13 00:16:09,525 INFO [*] best model saved

2021-12-13 00:16:40,927 INFO [Step 303/ Epoch 48]  Loss: 0.4049  
2021-12-13 00:16:44,975 INFO val acc:82.84
2021-12-13 00:16:45,007 INFO [*] best model saved

2021-12-13 00:17:17,090 INFO [Step 51/ Epoch 49]  Loss: 0.3815  
2021-12-13 00:17:21,138 INFO val acc:82.96
2021-12-13 00:17:21,164 INFO [*] best model saved

2021-12-13 00:17:53,479 INFO [Step 151/ Epoch 49]  Loss: 0.3947  
2021-12-13 00:17:57,473 INFO val acc:83.24
2021-12-13 00:17:57,502 INFO [*] best model saved

2021-12-13 00:18:31,997 INFO [Step 251/ Epoch 49]  Loss: 0.2610  
2021-12-13 00:18:36,206 INFO val acc:83.62
2021-12-13 00:18:36,234 INFO [*] best model saved

2021-12-13 00:19:06,652 INFO [Step 351/ Epoch 49]  Loss: 0.4848  
2021-12-13 00:19:10,676 INFO val acc:83.26
2021-12-13 00:19:10,711 INFO [*] best model saved

2021-12-13 00:19:41,814 INFO [Step 99/ Epoch 50]  Loss: 0.4386  
2021-12-13 00:19:46,085 INFO val acc:83.9
2021-12-13 00:19:46,117 INFO [*] best model saved

2021-12-13 00:20:17,256 INFO [Step 199/ Epoch 50]  Loss: 0.4082  
2021-12-13 00:20:21,375 INFO val acc:83.74
2021-12-13 00:20:21,400 INFO [*] best model saved

2021-12-13 00:20:54,062 INFO [Step 299/ Epoch 50]  Loss: 0.3070  
2021-12-13 00:20:58,084 INFO val acc:83.52
2021-12-13 00:20:58,104 INFO [*] best model saved

2021-12-13 00:21:29,927 INFO [Step 47/ Epoch 51]  Loss: 0.3414  
2021-12-13 00:21:33,955 INFO val acc:83.68
2021-12-13 00:21:33,983 INFO [*] best model saved

2021-12-13 00:22:05,823 INFO [Step 147/ Epoch 51]  Loss: 0.3363  
2021-12-13 00:22:09,845 INFO val acc:82.68
2021-12-13 00:22:09,879 INFO [*] best model saved

2021-12-13 00:22:44,080 INFO [Step 247/ Epoch 51]  Loss: 0.4907  
2021-12-13 00:22:48,119 INFO val acc:83.16
2021-12-13 00:22:48,148 INFO [*] best model saved

2021-12-13 00:23:20,239 INFO [Step 347/ Epoch 51]  Loss: 0.2449  
2021-12-13 00:23:24,225 INFO val acc:84.04
2021-12-13 00:23:24,254 INFO [*] best model saved

2021-12-13 00:23:56,626 INFO [Step 95/ Epoch 52]  Loss: 0.3212  
2021-12-13 00:24:00,924 INFO val acc:83.26
2021-12-13 00:24:00,950 INFO [*] best model saved

2021-12-13 00:24:31,513 INFO [Step 195/ Epoch 52]  Loss: 0.4543  
2021-12-13 00:24:35,568 INFO val acc:83.52
2021-12-13 00:24:35,597 INFO [*] best model saved

2021-12-13 00:25:07,670 INFO [Step 295/ Epoch 52]  Loss: 0.3820  
2021-12-13 00:25:11,674 INFO val acc:83.48
2021-12-13 00:25:11,703 INFO [*] best model saved

2021-12-13 00:25:43,374 INFO [Step 43/ Epoch 53]  Loss: 0.3821  
2021-12-13 00:25:47,365 INFO val acc:84.4
2021-12-13 00:25:47,395 INFO [*] best model saved

2021-12-13 00:26:19,033 INFO [Step 143/ Epoch 53]  Loss: 0.3805  
2021-12-13 00:26:23,336 INFO val acc:84.06
2021-12-13 00:26:23,369 INFO [*] best model saved

2021-12-13 00:26:55,590 INFO [Step 243/ Epoch 53]  Loss: 0.3933  
2021-12-13 00:26:59,886 INFO val acc:83.42
2021-12-13 00:26:59,936 INFO [*] best model saved

2021-12-13 00:27:30,837 INFO [Step 343/ Epoch 53]  Loss: 0.3199  
2021-12-13 00:27:34,886 INFO val acc:83.6
2021-12-13 00:27:34,919 INFO [*] best model saved

2021-12-13 00:28:14,225 INFO [Step 91/ Epoch 54]  Loss: 0.2664  
2021-12-13 00:28:18,252 INFO val acc:83.56
2021-12-13 00:28:18,281 INFO [*] best model saved

2021-12-13 00:28:50,736 INFO [Step 191/ Epoch 54]  Loss: 0.2920  
2021-12-13 00:28:54,714 INFO val acc:83.48
2021-12-13 00:28:54,742 INFO [*] best model saved

2021-12-13 00:29:27,624 INFO [Step 291/ Epoch 54]  Loss: 0.3284  
2021-12-13 00:29:31,769 INFO val acc:83.42
2021-12-13 00:29:31,802 INFO [*] best model saved

2021-12-13 00:30:03,940 INFO [Step 39/ Epoch 55]  Loss: 0.2445  
2021-12-13 00:30:08,213 INFO val acc:82.8
2021-12-13 00:30:08,247 INFO [*] best model saved

2021-12-13 00:30:43,246 INFO [Step 139/ Epoch 55]  Loss: 0.1922  
2021-12-13 00:30:47,198 INFO val acc:83.18
2021-12-13 00:30:47,233 INFO [*] best model saved

2021-12-13 00:31:18,887 INFO [Step 239/ Epoch 55]  Loss: 0.4411  
2021-12-13 00:31:22,902 INFO val acc:83.52
2021-12-13 00:31:22,928 INFO [*] best model saved

2021-12-13 00:31:53,733 INFO [Step 339/ Epoch 55]  Loss: 0.3690  
2021-12-13 00:31:57,756 INFO val acc:83.18
2021-12-13 00:31:57,774 INFO [*] best model saved

2021-12-13 00:32:29,075 INFO [Step 87/ Epoch 56]  Loss: 0.2649  
2021-12-13 00:32:33,247 INFO val acc:83.86
2021-12-13 00:32:33,275 INFO [*] best model saved

2021-12-13 00:33:04,665 INFO [Step 187/ Epoch 56]  Loss: 0.2758  
2021-12-13 00:33:08,712 INFO val acc:83.26
2021-12-13 00:33:08,733 INFO [*] best model saved

2021-12-13 00:33:42,354 INFO [Step 287/ Epoch 56]  Loss: 0.3521  
2021-12-13 00:33:46,646 INFO val acc:83.94
2021-12-13 00:33:46,665 INFO [*] best model saved

2021-12-13 00:34:17,305 INFO [Step 35/ Epoch 57]  Loss: 0.2574  
2021-12-13 00:34:21,362 INFO val acc:84.02
2021-12-13 00:34:21,386 INFO [*] best model saved

2021-12-13 00:34:53,004 INFO [Step 135/ Epoch 57]  Loss: 0.4852  
2021-12-13 00:34:57,043 INFO val acc:83.18
2021-12-13 00:34:57,065 INFO [*] best model saved

2021-12-13 00:35:27,678 INFO [Step 235/ Epoch 57]  Loss: 0.3709  
2021-12-13 00:35:31,576 INFO val acc:83.16
2021-12-13 00:35:31,606 INFO [*] best model saved

2021-12-13 00:36:05,126 INFO [Step 335/ Epoch 57]  Loss: 0.2160  
2021-12-13 00:36:09,105 INFO val acc:83.48
2021-12-13 00:36:09,130 INFO [*] best model saved

2021-12-13 00:36:41,449 INFO [Step 83/ Epoch 58]  Loss: 0.3809  
2021-12-13 00:36:45,721 INFO val acc:83.14
2021-12-13 00:36:45,750 INFO [*] best model saved

2021-12-13 00:37:17,523 INFO [Step 183/ Epoch 58]  Loss: 0.3153  
2021-12-13 00:37:21,713 INFO val acc:82.86
2021-12-13 00:37:21,747 INFO [*] best model saved

2021-12-13 00:37:55,019 INFO [Step 283/ Epoch 58]  Loss: 0.2684  
2021-12-13 00:37:59,036 INFO val acc:83.56
2021-12-13 00:37:59,069 INFO [*] best model saved

2021-12-13 00:38:31,530 INFO [Step 31/ Epoch 59]  Loss: 0.3265  
2021-12-13 00:38:35,479 INFO val acc:83.6
2021-12-13 00:38:35,506 INFO [*] best model saved

2021-12-13 00:39:06,857 INFO [Step 131/ Epoch 59]  Loss: 0.3875  
2021-12-13 00:39:11,159 INFO val acc:83.78
2021-12-13 00:39:11,193 INFO [*] best model saved

2021-12-13 00:39:42,007 INFO [Step 231/ Epoch 59]  Loss: 0.2819  
2021-12-13 00:39:46,059 INFO val acc:84.46
2021-12-13 00:39:46,092 INFO [*] best model saved

2021-12-13 00:40:17,552 INFO [Step 331/ Epoch 59]  Loss: 0.3714  
2021-12-13 00:40:21,700 INFO val acc:83.46
2021-12-13 00:40:21,734 INFO [*] best model saved

2021-12-13 00:40:56,511 INFO [Step 79/ Epoch 60]  Loss: 0.2777  
2021-12-13 00:41:00,808 INFO val acc:84.26
2021-12-13 00:41:00,837 INFO [*] best model saved

2021-12-13 00:41:35,933 INFO [Step 179/ Epoch 60]  Loss: 0.3592  
2021-12-13 00:41:39,895 INFO val acc:84.26
2021-12-13 00:41:39,924 INFO [*] best model saved

2021-12-13 00:42:11,063 INFO [Step 279/ Epoch 60]  Loss: 0.2239  
2021-12-13 00:42:15,038 INFO val acc:83.86
2021-12-13 00:42:15,067 INFO [*] best model saved

2021-12-13 00:42:48,831 INFO [Step 27/ Epoch 61]  Loss: 0.2831  
2021-12-13 00:42:53,133 INFO val acc:83.56
2021-12-13 00:42:53,149 INFO [*] best model saved

2021-12-13 00:43:25,615 INFO [Step 127/ Epoch 61]  Loss: 0.1749  
2021-12-13 00:43:29,850 INFO val acc:84.08
2021-12-13 00:43:29,877 INFO [*] best model saved

2021-12-13 00:44:00,922 INFO [Step 227/ Epoch 61]  Loss: 0.2413  
2021-12-13 00:44:05,045 INFO val acc:82.84
2021-12-13 00:44:05,066 INFO [*] best model saved

2021-12-13 00:44:36,143 INFO [Step 327/ Epoch 61]  Loss: 0.2480  
2021-12-13 00:44:40,287 INFO val acc:83.8
2021-12-13 00:44:40,321 INFO [*] best model saved

2021-12-13 00:45:12,398 INFO [Step 75/ Epoch 62]  Loss: 0.1851  
2021-12-13 00:45:16,696 INFO val acc:84.14
2021-12-13 00:45:16,718 INFO [*] best model saved

2021-12-13 00:45:48,253 INFO [Step 175/ Epoch 62]  Loss: 0.3770  
2021-12-13 00:45:52,429 INFO val acc:83.58
2021-12-13 00:45:52,448 INFO [*] best model saved

2021-12-13 00:46:23,925 INFO [Step 275/ Epoch 62]  Loss: 0.2071  
2021-12-13 00:46:28,134 INFO val acc:84.46
2021-12-13 00:46:28,156 INFO [*] best model saved

2021-12-13 00:47:00,357 INFO [Step 23/ Epoch 63]  Loss: 0.2472  
2021-12-13 00:47:04,636 INFO val acc:84.2
2021-12-13 00:47:04,669 INFO [*] best model saved

2021-12-13 00:47:37,625 INFO [Step 123/ Epoch 63]  Loss: 0.2897  
2021-12-13 00:47:41,899 INFO val acc:83.5
2021-12-13 00:47:41,927 INFO [*] best model saved

2021-12-13 00:48:12,471 INFO [Step 223/ Epoch 63]  Loss: 0.2243  
2021-12-13 00:48:16,787 INFO val acc:83.22
2021-12-13 00:48:16,812 INFO [*] best model saved

2021-12-13 00:48:48,858 INFO [Step 323/ Epoch 63]  Loss: 0.2300  
2021-12-13 00:48:52,829 INFO val acc:84.5
2021-12-13 00:48:52,854 INFO [*] best model saved

2021-12-13 00:49:24,630 INFO [Step 71/ Epoch 64]  Loss: 0.1341  
2021-12-13 00:49:28,613 INFO val acc:83.92
2021-12-13 00:49:28,633 INFO [*] best model saved

2021-12-13 00:49:59,985 INFO [Step 171/ Epoch 64]  Loss: 0.1643  
2021-12-13 00:50:04,223 INFO val acc:84.64
2021-12-13 00:50:04,257 INFO [*] best model saved

2021-12-13 00:50:35,322 INFO [Step 271/ Epoch 64]  Loss: 0.1817  
2021-12-13 00:50:39,615 INFO val acc:84.08
2021-12-13 00:50:39,649 INFO [*] best model saved

2021-12-13 00:51:12,194 INFO [Step 19/ Epoch 65]  Loss: 0.1743  
2021-12-13 00:51:16,272 INFO val acc:83.66
2021-12-13 00:51:16,306 INFO [*] best model saved

2021-12-13 00:51:49,935 INFO [Step 119/ Epoch 65]  Loss: 0.1872  
2021-12-13 00:51:53,905 INFO val acc:84.04
2021-12-13 00:51:53,939 INFO [*] best model saved

2021-12-13 00:52:25,931 INFO [Step 219/ Epoch 65]  Loss: 0.1652  
2021-12-13 00:52:29,931 INFO val acc:84.3
2021-12-13 00:52:29,960 INFO [*] best model saved

2021-12-13 00:53:04,915 INFO [Step 319/ Epoch 65]  Loss: 0.2524  
2021-12-13 00:53:09,213 INFO val acc:84.28
2021-12-13 00:53:09,241 INFO [*] best model saved

2021-12-13 00:53:42,791 INFO [Step 67/ Epoch 66]  Loss: 0.0967  
2021-12-13 00:53:46,794 INFO val acc:84.48
2021-12-13 00:53:46,815 INFO [*] best model saved

2021-12-13 00:54:17,742 INFO [Step 167/ Epoch 66]  Loss: 0.1480  
2021-12-13 00:54:22,007 INFO val acc:84.66
2021-12-13 00:54:22,027 INFO [*] best model saved

2021-12-13 00:54:53,598 INFO [Step 267/ Epoch 66]  Loss: 0.2147  
2021-12-13 00:54:57,883 INFO val acc:83.82
2021-12-13 00:54:57,901 INFO [*] best model saved

2021-12-13 00:55:30,486 INFO [Step 15/ Epoch 67]  Loss: 0.2281  
2021-12-13 00:55:34,471 INFO val acc:84.76
2021-12-13 00:55:34,506 INFO [*] best model saved

2021-12-13 00:56:06,137 INFO [Step 115/ Epoch 67]  Loss: 0.1710  
2021-12-13 00:56:10,408 INFO val acc:84.42
2021-12-13 00:56:10,435 INFO [*] best model saved

2021-12-13 00:56:41,550 INFO [Step 215/ Epoch 67]  Loss: 0.1660  
2021-12-13 00:56:45,600 INFO val acc:83.98
2021-12-13 00:56:45,629 INFO [*] best model saved

2021-12-13 00:57:17,886 INFO [Step 315/ Epoch 67]  Loss: 0.1918  
2021-12-13 00:57:21,971 INFO val acc:84.14
2021-12-13 00:57:21,996 INFO [*] best model saved

2021-12-13 00:57:52,601 INFO [Step 63/ Epoch 68]  Loss: 0.1811  
2021-12-13 00:57:56,782 INFO val acc:83.9
2021-12-13 00:57:56,803 INFO [*] best model saved

2021-12-13 00:58:31,096 INFO [Step 163/ Epoch 68]  Loss: 0.1590  
2021-12-13 00:58:34,994 INFO val acc:84.32
2021-12-13 00:58:35,023 INFO [*] best model saved

2021-12-13 00:59:05,432 INFO [Step 263/ Epoch 68]  Loss: 0.2944  
2021-12-13 00:59:09,436 INFO val acc:82.08
2021-12-13 00:59:09,463 INFO [*] best model saved

2021-12-13 00:59:40,364 INFO [Step 11/ Epoch 69]  Loss: 0.2012  
2021-12-13 00:59:44,345 INFO val acc:84.3
2021-12-13 00:59:44,367 INFO [*] best model saved

2021-12-13 01:00:16,074 INFO [Step 111/ Epoch 69]  Loss: 0.1312  
2021-12-13 01:00:20,118 INFO val acc:84.06
2021-12-13 01:00:20,148 INFO [*] best model saved

2021-12-13 01:00:50,792 INFO [Step 211/ Epoch 69]  Loss: 0.2654  
2021-12-13 01:00:54,638 INFO val acc:83.98
2021-12-13 01:00:54,668 INFO [*] best model saved

2021-12-13 01:01:26,182 INFO [Step 311/ Epoch 69]  Loss: 0.1670  
2021-12-13 01:01:30,222 INFO val acc:84.4
2021-12-13 01:01:30,257 INFO [*] best model saved

2021-12-13 01:02:02,146 INFO [Step 59/ Epoch 70]  Loss: 0.1875  
2021-12-13 01:02:06,166 INFO val acc:84.3
2021-12-13 01:02:06,187 INFO [*] best model saved

2021-12-13 01:02:44,544 INFO [Step 159/ Epoch 70]  Loss: 0.1966  
2021-12-13 01:02:48,847 INFO val acc:84.68
2021-12-13 01:02:48,881 INFO [*] best model saved

2021-12-13 01:03:21,107 INFO [Step 259/ Epoch 70]  Loss: 0.2369  
2021-12-13 01:03:25,079 INFO val acc:84.34
2021-12-13 01:03:25,110 INFO [*] best model saved

2021-12-13 01:03:57,585 INFO [Step 7/ Epoch 71]  Loss: 0.1668  
2021-12-13 01:04:01,871 INFO val acc:84.0
2021-12-13 01:04:01,899 INFO [*] best model saved

2021-12-13 01:04:33,685 INFO [Step 107/ Epoch 71]  Loss: 0.2083  
2021-12-13 01:04:37,635 INFO val acc:84.6
2021-12-13 01:04:37,669 INFO [*] best model saved

2021-12-13 01:05:08,911 INFO [Step 207/ Epoch 71]  Loss: 0.1180  
2021-12-13 01:05:13,198 INFO val acc:84.06
2021-12-13 01:05:13,215 INFO [*] best model saved

2021-12-13 01:05:44,440 INFO [Step 307/ Epoch 71]  Loss: 0.4150  
2021-12-13 01:05:48,439 INFO val acc:84.22
2021-12-13 01:05:48,471 INFO [*] best model saved

2021-12-13 01:06:21,568 INFO [Step 55/ Epoch 72]  Loss: 0.1484  
2021-12-13 01:06:25,605 INFO val acc:84.34
2021-12-13 01:06:25,638 INFO [*] best model saved

2021-12-13 01:06:58,490 INFO [Step 155/ Epoch 72]  Loss: 0.1659  
2021-12-13 01:07:02,788 INFO val acc:82.8
2021-12-13 01:07:02,817 INFO [*] best model saved

2021-12-13 01:07:35,630 INFO [Step 255/ Epoch 72]  Loss: 0.2019  
2021-12-13 01:07:39,711 INFO val acc:84.12
2021-12-13 01:07:39,744 INFO [*] best model saved

2021-12-13 01:08:10,598 INFO [Step 3/ Epoch 73]  Loss: 0.1193  
2021-12-13 01:08:14,654 INFO val acc:84.2
2021-12-13 01:08:14,675 INFO [*] best model saved

2021-12-13 01:08:47,980 INFO [Step 103/ Epoch 73]  Loss: 0.1734  
2021-12-13 01:08:52,278 INFO val acc:84.82
2021-12-13 01:08:52,306 INFO [*] best model saved

2021-12-13 01:09:24,986 INFO [Step 203/ Epoch 73]  Loss: 0.3400  
2021-12-13 01:09:29,202 INFO val acc:83.76
2021-12-13 01:09:29,230 INFO [*] best model saved

2021-12-13 01:09:59,911 INFO [Step 303/ Epoch 73]  Loss: 0.1162  
2021-12-13 01:10:03,926 INFO val acc:84.78
2021-12-13 01:10:03,955 INFO [*] best model saved

2021-12-13 01:10:34,788 INFO [Step 51/ Epoch 74]  Loss: 0.1127  
2021-12-13 01:10:38,785 INFO val acc:84.62
2021-12-13 01:10:38,806 INFO [*] best model saved

2021-12-13 01:11:10,105 INFO [Step 151/ Epoch 74]  Loss: 0.1623  
2021-12-13 01:11:14,393 INFO val acc:84.72
2021-12-13 01:11:14,422 INFO [*] best model saved

2021-12-13 01:11:45,969 INFO [Step 251/ Epoch 74]  Loss: 0.2633  
2021-12-13 01:11:49,939 INFO val acc:84.3
2021-12-13 01:11:49,968 INFO [*] best model saved

2021-12-13 01:12:20,393 INFO [Step 351/ Epoch 74]  Loss: 0.1257  
2021-12-13 01:12:24,391 INFO val acc:84.82
2021-12-13 01:12:24,425 INFO [*] best model saved

2021-12-13 01:12:56,110 INFO [Step 99/ Epoch 75]  Loss: 0.1556  
2021-12-13 01:13:00,135 INFO val acc:84.54
2021-12-13 01:13:00,164 INFO [*] best model saved

2021-12-13 01:13:35,177 INFO [Step 199/ Epoch 75]  Loss: 0.2585  
2021-12-13 01:13:39,375 INFO val acc:84.52
2021-12-13 01:13:39,405 INFO [*] best model saved

2021-12-13 01:14:09,972 INFO [Step 299/ Epoch 75]  Loss: 0.1062  
2021-12-13 01:14:13,929 INFO val acc:84.84
2021-12-13 01:14:13,962 INFO [*] best model saved

2021-12-13 01:14:48,151 INFO [Step 47/ Epoch 76]  Loss: 0.2166  
2021-12-13 01:14:52,453 INFO val acc:85.04
2021-12-13 01:14:52,487 INFO [*] best model saved

2021-12-13 01:15:23,711 INFO [Step 147/ Epoch 76]  Loss: 0.1113  
2021-12-13 01:15:27,725 INFO val acc:83.26
2021-12-13 01:15:27,751 INFO [*] best model saved

2021-12-13 01:15:59,690 INFO [Step 247/ Epoch 76]  Loss: 0.1705  
2021-12-13 01:16:03,635 INFO val acc:84.76
2021-12-13 01:16:03,663 INFO [*] best model saved

2021-12-13 01:16:35,201 INFO [Step 347/ Epoch 76]  Loss: 0.2579  
2021-12-13 01:16:39,197 INFO val acc:84.08
2021-12-13 01:16:39,231 INFO [*] best model saved

2021-12-13 01:17:11,755 INFO [Step 95/ Epoch 77]  Loss: 0.1996  
2021-12-13 01:17:15,776 INFO val acc:84.52
2021-12-13 01:17:15,805 INFO [*] best model saved

2021-12-13 01:17:46,244 INFO [Step 195/ Epoch 77]  Loss: 0.3081  
2021-12-13 01:17:50,262 INFO val acc:84.28
2021-12-13 01:17:50,290 INFO [*] best model saved

2021-12-13 01:18:20,773 INFO [Step 295/ Epoch 77]  Loss: 0.1290  
2021-12-13 01:18:25,072 INFO val acc:83.48
2021-12-13 01:18:25,105 INFO [*] best model saved

2021-12-13 01:18:56,858 INFO [Step 43/ Epoch 78]  Loss: 0.2333  
2021-12-13 01:19:00,970 INFO val acc:84.34
2021-12-13 01:19:01,004 INFO [*] best model saved

2021-12-13 01:19:38,261 INFO [Step 143/ Epoch 78]  Loss: 0.1879  
2021-12-13 01:19:42,442 INFO val acc:84.08
2021-12-13 01:19:42,475 INFO [*] best model saved

2021-12-13 01:20:15,318 INFO [Step 243/ Epoch 78]  Loss: 0.1146  
2021-12-13 01:20:19,432 INFO val acc:84.12
2021-12-13 01:20:19,453 INFO [*] best model saved

2021-12-13 01:20:50,581 INFO [Step 343/ Epoch 78]  Loss: 0.1133  
2021-12-13 01:20:54,834 INFO val acc:84.54
2021-12-13 01:20:54,867 INFO [*] best model saved

2021-12-13 01:21:27,167 INFO [Step 91/ Epoch 79]  Loss: 0.0850  
2021-12-13 01:21:31,544 INFO val acc:84.28
2021-12-13 01:21:31,572 INFO [*] best model saved

2021-12-13 01:22:02,380 INFO [Step 191/ Epoch 79]  Loss: 0.1317  
2021-12-13 01:22:06,791 INFO val acc:84.62
2021-12-13 01:22:06,816 INFO [*] best model saved

2021-12-13 01:22:42,298 INFO [Step 291/ Epoch 79]  Loss: 0.2427  
2021-12-13 01:22:46,257 INFO val acc:83.48
2021-12-13 01:22:46,286 INFO [*] best model saved

