2021-10-26 09:04:01,267 Namespace(eval_interval=1, frequent=10, gpus='', num_workers=4, out_dir='out')
2021-10-26 09:04:01,272 => load 200 samples
2021-10-26 09:04:01,272 => load 200 samples
2021-10-26 09:04:01,723 Epoch: [0][0/200]	Time 0.450s (0.450s)	Speed 71.0 samples/s	Data 0.061s (0.061s)	Loss 2.40604 (2.40604)
2021-10-26 09:04:05,158 Epoch: [0][10/200]	Time 0.346s (0.353s)	Speed 92.4 samples/s	Data 0.001s (0.007s)	Loss 2.34168 (2.37233)
2021-10-26 09:04:08,533 Epoch: [0][20/200]	Time 0.335s (0.346s)	Speed 95.4 samples/s	Data 0.001s (0.004s)	Loss 2.28542 (2.34333)
2021-10-26 09:04:12,137 Epoch: [0][30/200]	Time 0.390s (0.350s)	Speed 81.9 samples/s	Data 0.001s (0.003s)	Loss 2.22424 (2.31405)
2021-10-26 09:04:15,596 Epoch: [0][40/200]	Time 0.343s (0.349s)	Speed 93.4 samples/s	Data 0.001s (0.003s)	Loss 2.15560 (2.28301)
2021-10-26 09:04:19,108 Epoch: [0][50/200]	Time 0.354s (0.350s)	Speed 90.4 samples/s	Data 0.001s (0.002s)	Loss 2.09153 (2.25133)
2021-10-26 09:04:22,668 Epoch: [0][60/200]	Time 0.358s (0.351s)	Speed 89.3 samples/s	Data 0.001s (0.002s)	Loss 2.02872 (2.21991)
2021-10-26 09:04:26,279 Epoch: [0][70/200]	Time 0.363s (0.352s)	Speed 88.2 samples/s	Data 0.001s (0.002s)	Loss 1.97032 (2.18876)
2021-10-26 09:04:29,973 Epoch: [0][80/200]	Time 0.362s (0.354s)	Speed 88.5 samples/s	Data 0.001s (0.002s)	Loss 1.90056 (2.15702)
2021-10-26 09:04:33,713 Epoch: [0][90/200]	Time 0.381s (0.356s)	Speed 84.0 samples/s	Data 0.001s (0.002s)	Loss 1.83034 (2.12436)
2021-10-26 09:04:37,544 Epoch: [0][100/200]	Time 0.370s (0.359s)	Speed 86.4 samples/s	Data 0.001s (0.002s)	Loss 1.75479 (2.09095)
2021-10-26 09:04:41,228 Epoch: [0][110/200]	Time 0.365s (0.360s)	Speed 87.6 samples/s	Data 0.001s (0.002s)	Loss 1.69759 (2.05782)
2021-10-26 09:04:44,943 Epoch: [0][120/200]	Time 0.374s (0.361s)	Speed 85.5 samples/s	Data 0.001s (0.002s)	Loss 1.66365 (2.02672)
2021-10-26 09:04:49,113 Epoch: [0][130/200]	Time 0.451s (0.365s)	Speed 70.9 samples/s	Data 0.001s (0.002s)	Loss 1.65288 (1.99904)
2021-10-26 09:04:53,158 Epoch: [0][140/200]	Time 0.401s (0.368s)	Speed 79.8 samples/s	Data 0.001s (0.002s)	Loss 1.64114 (1.97397)
2021-10-26 09:04:57,178 Epoch: [0][150/200]	Time 0.404s (0.370s)	Speed 79.1 samples/s	Data 0.001s (0.002s)	Loss 1.63309 (1.95154)
2021-10-26 09:05:00,867 Epoch: [0][160/200]	Time 0.366s (0.370s)	Speed 87.4 samples/s	Data 0.001s (0.002s)	Loss 1.62583 (1.93157)
2021-10-26 09:05:04,561 Epoch: [0][170/200]	Time 0.394s (0.370s)	Speed 81.2 samples/s	Data 0.001s (0.002s)	Loss 1.63024 (1.91369)
2021-10-26 09:05:08,356 Epoch: [0][180/200]	Time 0.399s (0.371s)	Speed 80.2 samples/s	Data 0.001s (0.001s)	Loss 1.63218 (1.89754)
2021-10-26 09:05:12,370 Epoch: [0][190/200]	Time 0.402s (0.372s)	Speed 79.6 samples/s	Data 0.001s (0.001s)	Loss 1.60843 (1.88284)
2021-10-26 09:05:15,982 Test: [0/200]	Time 0.053 (0.053)	Loss 1.6944 (1.6944)
2021-10-26 09:05:16,209 Test: [10/200]	Time 0.020 (0.025)	Loss 1.5948 (1.6745)
2021-10-26 09:05:16,414 Test: [20/200]	Time 0.019 (0.023)	Loss 1.6438 (1.6772)
2021-10-26 09:05:16,620 Test: [30/200]	Time 0.020 (0.022)	Loss 1.7370 (1.6815)
2021-10-26 09:05:16,831 Test: [40/200]	Time 0.020 (0.022)	Loss 1.6792 (1.6866)
2021-10-26 09:05:17,039 Test: [50/200]	Time 0.020 (0.022)	Loss 1.7078 (1.6878)
2021-10-26 09:05:17,246 Test: [60/200]	Time 0.020 (0.022)	Loss 1.7024 (1.6881)
2021-10-26 09:05:17,452 Test: [70/200]	Time 0.020 (0.021)	Loss 1.6837 (1.6883)
2021-10-26 09:05:17,656 Test: [80/200]	Time 0.020 (0.021)	Loss 1.7346 (1.6867)
2021-10-26 09:05:17,863 Test: [90/200]	Time 0.020 (0.021)	Loss 1.7259 (1.6879)
2021-10-26 09:05:18,067 Test: [100/200]	Time 0.020 (0.021)	Loss 1.7468 (1.6878)
2021-10-26 09:05:18,270 Test: [110/200]	Time 0.019 (0.021)	Loss 1.7243 (1.6879)
2021-10-26 09:05:18,471 Test: [120/200]	Time 0.020 (0.021)	Loss 1.7180 (1.6867)
2021-10-26 09:05:18,678 Test: [130/200]	Time 0.020 (0.021)	Loss 1.6805 (1.6881)
2021-10-26 09:05:18,882 Test: [140/200]	Time 0.020 (0.021)	Loss 1.6637 (1.6878)
2021-10-26 09:05:19,088 Test: [150/200]	Time 0.021 (0.021)	Loss 1.6996 (1.6870)
2021-10-26 09:05:19,300 Test: [160/200]	Time 0.018 (0.021)	Loss 1.6805 (1.6869)
2021-10-26 09:05:19,491 Test: [170/200]	Time 0.018 (0.021)	Loss 1.6536 (1.6862)
2021-10-26 09:05:19,684 Test: [180/200]	Time 0.018 (0.021)	Loss 1.6410 (1.6853)
2021-10-26 09:05:19,875 Test: [190/200]	Time 0.019 (0.021)	Loss 1.6715 (1.6858)
2021-10-26 09:05:20,588 Mean IoU score: 0.105
2021-10-26 09:05:20,588 => saving checkpoint to out
2021-10-26 09:05:21,141 Epoch: [1][0/200]	Time 0.530s (0.530s)	Speed 60.4 samples/s	Data 0.069s (0.069s)	Loss 1.61674 (1.61674)
2021-10-26 09:05:24,774 Epoch: [1][10/200]	Time 0.366s (0.378s)	Speed 87.5 samples/s	Data 0.001s (0.007s)	Loss 1.61025 (1.61299)
