2021-10-26 22:08:13,648 Namespace(eval_interval=1, frequent=10, gpus='', num_workers=4, out_dir='out')
2021-10-26 22:08:13,653 => load 200 samples
2021-10-26 22:08:13,653 => load 200 samples
2021-10-26 22:08:14,099 Epoch: [0][0/200]	Time 0.445s (0.445s)	Speed 71.9 samples/s	Data 0.060s (0.060s)	Loss 2.40597 (2.40597)
2021-10-26 22:08:17,632 Epoch: [0][10/200]	Time 0.366s (0.362s)	Speed 87.5 samples/s	Data 0.001s (0.006s)	Loss 2.34550 (2.37404)
2021-10-26 22:08:21,112 Epoch: [0][20/200]	Time 0.344s (0.355s)	Speed 93.0 samples/s	Data 0.001s (0.004s)	Loss 2.28518 (2.34463)
2021-10-26 22:08:24,644 Epoch: [0][30/200]	Time 0.361s (0.355s)	Speed 88.7 samples/s	Data 0.001s (0.003s)	Loss 2.21977 (2.31430)
2021-10-26 22:08:28,334 Epoch: [0][40/200]	Time 0.377s (0.358s)	Speed 84.9 samples/s	Data 0.001s (0.003s)	Loss 2.16330 (2.28299)
2021-10-26 22:08:32,150 Epoch: [0][50/200]	Time 0.388s (0.363s)	Speed 82.4 samples/s	Data 0.001s (0.002s)	Loss 2.08995 (2.25115)
2021-10-26 22:08:36,049 Epoch: [0][60/200]	Time 0.379s (0.367s)	Speed 84.5 samples/s	Data 0.001s (0.002s)	Loss 2.02892 (2.21913)
2021-10-26 22:08:39,931 Epoch: [0][70/200]	Time 0.392s (0.370s)	Speed 81.6 samples/s	Data 0.001s (0.002s)	Loss 1.97067 (2.18778)
2021-10-26 22:08:43,673 Epoch: [0][80/200]	Time 0.362s (0.371s)	Speed 88.4 samples/s	Data 0.001s (0.002s)	Loss 1.90891 (2.15656)
2021-10-26 22:08:47,666 Epoch: [0][90/200]	Time 0.432s (0.374s)	Speed 74.0 samples/s	Data 0.002s (0.002s)	Loss 1.83764 (2.12497)
2021-10-26 22:08:51,994 Epoch: [0][100/200]	Time 0.410s (0.380s)	Speed 78.1 samples/s	Data 0.001s (0.002s)	Loss 1.76201 (2.09245)
2021-10-26 22:08:56,070 Epoch: [0][110/200]	Time 0.450s (0.382s)	Speed 71.1 samples/s	Data 0.001s (0.002s)	Loss 1.71202 (2.06023)
2021-10-26 22:09:00,075 Epoch: [0][120/200]	Time 0.389s (0.384s)	Speed 82.4 samples/s	Data 0.001s (0.002s)	Loss 1.67093 (2.02974)
2021-10-26 22:09:03,963 Epoch: [0][130/200]	Time 0.391s (0.384s)	Speed 81.8 samples/s	Data 0.001s (0.002s)	Loss 1.65506 (2.00171)
2021-10-26 22:09:08,131 Epoch: [0][140/200]	Time 0.422s (0.386s)	Speed 75.8 samples/s	Data 0.001s (0.002s)	Loss 1.63747 (1.97651)
2021-10-26 22:09:13,007 Epoch: [0][150/200]	Time 0.638s (0.393s)	Speed 50.1 samples/s	Data 0.002s (0.002s)	Loss 1.63540 (1.95426)
2021-10-26 22:09:17,240 Epoch: [0][160/200]	Time 0.408s (0.395s)	Speed 78.4 samples/s	Data 0.001s (0.002s)	Loss 1.62961 (1.93410)
2021-10-26 22:09:21,431 Epoch: [0][170/200]	Time 0.410s (0.396s)	Speed 78.0 samples/s	Data 0.001s (0.002s)	Loss 1.62833 (1.91613)
2021-10-26 22:09:25,871 Epoch: [0][180/200]	Time 0.446s (0.399s)	Speed 71.7 samples/s	Data 0.001s (0.002s)	Loss 1.62135 (1.89982)
2021-10-26 22:09:30,119 Epoch: [0][190/200]	Time 0.429s (0.400s)	Speed 74.6 samples/s	Data 0.001s (0.002s)	Loss 1.61540 (1.88507)
2021-10-26 22:09:34,276 Test: [0/200]	Time 0.093 (0.093)	Loss 1.7047 (1.7047)
2021-10-26 22:09:34,540 Test: [10/200]	Time 0.023 (0.032)	Loss 1.5947 (1.6775)
2021-10-26 22:09:34,748 Test: [20/200]	Time 0.020 (0.027)	Loss 1.6444 (1.6811)
2021-10-26 22:09:34,961 Test: [30/200]	Time 0.021 (0.025)	Loss 1.7466 (1.6853)
2021-10-26 22:09:35,179 Test: [40/200]	Time 0.020 (0.024)	Loss 1.6850 (1.6909)
2021-10-26 22:09:35,386 Test: [50/200]	Time 0.020 (0.024)	Loss 1.7172 (1.6921)
2021-10-26 22:09:35,602 Test: [60/200]	Time 0.020 (0.023)	Loss 1.7133 (1.6922)
2021-10-26 22:09:35,841 Test: [70/200]	Time 0.023 (0.023)	Loss 1.6907 (1.6921)
2021-10-26 22:09:36,054 Test: [80/200]	Time 0.021 (0.023)	Loss 1.7385 (1.6903)
2021-10-26 22:09:36,268 Test: [90/200]	Time 0.021 (0.023)	Loss 1.7287 (1.6917)
2021-10-26 22:09:36,473 Test: [100/200]	Time 0.020 (0.023)	Loss 1.7444 (1.6914)
2021-10-26 22:09:36,691 Test: [110/200]	Time 0.025 (0.023)	Loss 1.7214 (1.6916)
2021-10-26 22:09:36,924 Test: [120/200]	Time 0.021 (0.023)	Loss 1.7178 (1.6904)
2021-10-26 22:09:37,195 Test: [130/200]	Time 0.022 (0.023)	Loss 1.6826 (1.6918)
2021-10-26 22:09:37,478 Test: [140/200]	Time 0.022 (0.023)	Loss 1.6735 (1.6913)
2021-10-26 22:09:37,817 Test: [150/200]	Time 0.033 (0.024)	Loss 1.7004 (1.6906)
2021-10-26 22:09:38,126 Test: [160/200]	Time 0.021 (0.024)	Loss 1.6857 (1.6905)
2021-10-26 22:09:38,410 Test: [170/200]	Time 0.035 (0.025)	Loss 1.6531 (1.6896)
2021-10-26 22:09:38,716 Test: [180/200]	Time 0.021 (0.025)	Loss 1.6494 (1.6887)
2021-10-26 22:09:38,935 Test: [190/200]	Time 0.022 (0.025)	Loss 1.6711 (1.6891)
2021-10-26 22:09:39,814 Mean IoU score: 0.103
2021-10-26 22:09:39,815 => saving checkpoint to out
2021-10-26 22:09:40,415 Epoch: [1][0/200]	Time 0.582s (0.582s)	Speed 55.0 samples/s	Data 0.064s (0.064s)	Loss 1.61011 (1.61011)
2021-10-26 22:09:44,771 Epoch: [1][10/200]	Time 0.433s (0.449s)	Speed 73.9 samples/s	Data 0.002s (0.007s)	Loss 1.62121 (1.61452)
