2021-11-02 18:49:53,791 Namespace(eval_interval=1, frequent=10, gpus='', num_workers=4, out_dir='out')
2021-11-02 18:49:53,796 => load 200 samples
2021-11-02 18:49:53,796 => load 200 samples
2021-11-02 18:49:54,248 Epoch: [0][0/200]	Time 0.452s (0.452s)	Speed 70.8 samples/s	Data 0.060s (0.060s)	Loss 2.53790 (2.53790)
2021-11-02 18:49:57,591 Epoch: [0][10/200]	Time 0.335s (0.345s)	Speed 95.6 samples/s	Data 0.001s (0.007s)	Loss 2.06205 (2.27096)
2021-11-02 18:50:01,169 Epoch: [0][20/200]	Time 0.339s (0.351s)	Speed 94.5 samples/s	Data 0.001s (0.004s)	Loss 1.77787 (2.09861)
2021-11-02 18:50:04,716 Epoch: [0][30/200]	Time 0.352s (0.352s)	Speed 91.0 samples/s	Data 0.001s (0.003s)	Loss 1.52931 (1.94953)
2021-11-02 18:50:08,340 Epoch: [0][40/200]	Time 0.359s (0.355s)	Speed 89.1 samples/s	Data 0.001s (0.003s)	Loss 1.31796 (1.81869)
2021-11-02 18:50:11,966 Epoch: [0][50/200]	Time 0.363s (0.356s)	Speed 88.1 samples/s	Data 0.001s (0.002s)	Loss 1.12708 (1.69985)
2021-11-02 18:50:15,642 Epoch: [0][60/200]	Time 0.374s (0.358s)	Speed 85.6 samples/s	Data 0.001s (0.002s)	Loss 0.95417 (1.59150)
2021-11-02 18:50:19,378 Epoch: [0][70/200]	Time 0.370s (0.360s)	Speed 86.4 samples/s	Data 0.001s (0.002s)	Loss 0.81905 (1.49201)
2021-11-02 18:50:23,090 Epoch: [0][80/200]	Time 0.365s (0.362s)	Speed 87.7 samples/s	Data 0.001s (0.002s)	Loss 0.69316 (1.40005)
2021-11-02 18:50:26,837 Epoch: [0][90/200]	Time 0.381s (0.363s)	Speed 84.0 samples/s	Data 0.001s (0.002s)	Loss 0.60517 (1.31645)
2021-11-02 18:50:30,616 Epoch: [0][100/200]	Time 0.371s (0.365s)	Speed 86.2 samples/s	Data 0.001s (0.002s)	Loss 0.52046 (1.24132)
2021-11-02 18:50:34,358 Epoch: [0][110/200]	Time 0.375s (0.365s)	Speed 85.3 samples/s	Data 0.001s (0.002s)	Loss 0.43944 (1.17250)
2021-11-02 18:50:38,143 Epoch: [0][120/200]	Time 0.379s (0.367s)	Speed 84.5 samples/s	Data 0.001s (0.002s)	Loss 0.38068 (1.10998)
2021-11-02 18:50:41,960 Epoch: [0][130/200]	Time 0.382s (0.368s)	Speed 83.8 samples/s	Data 0.001s (0.002s)	Loss 0.35763 (1.05470)
2021-11-02 18:50:45,769 Epoch: [0][140/200]	Time 0.383s (0.369s)	Speed 83.6 samples/s	Data 0.001s (0.002s)	Loss 0.32604 (1.00387)
2021-11-02 18:50:49,584 Epoch: [0][150/200]	Time 0.379s (0.369s)	Speed 84.4 samples/s	Data 0.001s (0.002s)	Loss 0.29816 (0.95772)
2021-11-02 18:50:53,421 Epoch: [0][160/200]	Time 0.374s (0.370s)	Speed 85.5 samples/s	Data 0.001s (0.002s)	Loss 0.27485 (0.91604)
2021-11-02 18:50:57,271 Epoch: [0][170/200]	Time 0.388s (0.371s)	Speed 82.5 samples/s	Data 0.001s (0.002s)	Loss 0.26880 (0.87816)
2021-11-02 18:51:01,206 Epoch: [0][180/200]	Time 0.410s (0.372s)	Speed 78.0 samples/s	Data 0.001s (0.001s)	Loss 0.27186 (0.84344)
2021-11-02 18:51:05,134 Epoch: [0][190/200]	Time 0.393s (0.373s)	Speed 81.4 samples/s	Data 0.001s (0.001s)	Loss 0.21477 (0.81136)
2021-11-02 18:51:08,615 Test: [0/200]	Time 0.054 (0.054)	Loss 0.4391 (0.4391)
2021-11-02 18:51:08,834 Test: [10/200]	Time 0.019 (0.025)	Loss 0.1589 (0.3651)
2021-11-02 18:51:09,046 Test: [20/200]	Time 0.020 (0.023)	Loss 0.2784 (0.3748)
2021-11-02 18:51:09,248 Test: [30/200]	Time 0.020 (0.022)	Loss 0.5199 (0.3823)
2021-11-02 18:51:09,450 Test: [40/200]	Time 0.020 (0.022)	Loss 0.3965 (0.3968)
2021-11-02 18:51:09,654 Test: [50/200]	Time 0.019 (0.021)	Loss 0.4652 (0.4004)
2021-11-02 18:51:09,859 Test: [60/200]	Time 0.019 (0.021)	Loss 0.4625 (0.4016)
2021-11-02 18:51:10,072 Test: [70/200]	Time 0.020 (0.021)	Loss 0.3845 (0.4003)
2021-11-02 18:51:10,276 Test: [80/200]	Time 0.019 (0.021)	Loss 0.4892 (0.3950)
2021-11-02 18:51:10,491 Test: [90/200]	Time 0.020 (0.021)	Loss 0.4852 (0.3987)
2021-11-02 18:51:10,695 Test: [100/200]	Time 0.019 (0.021)	Loss 0.5082 (0.3977)
2021-11-02 18:51:10,904 Test: [110/200]	Time 0.019 (0.021)	Loss 0.4728 (0.3987)
2021-11-02 18:51:11,105 Test: [120/200]	Time 0.019 (0.021)	Loss 0.4569 (0.3957)
2021-11-02 18:51:11,308 Test: [130/200]	Time 0.019 (0.021)	Loss 0.3856 (0.3996)
2021-11-02 18:51:11,513 Test: [140/200]	Time 0.019 (0.021)	Loss 0.3774 (0.3985)
2021-11-02 18:51:11,715 Test: [150/200]	Time 0.020 (0.021)	Loss 0.4329 (0.3971)
2021-11-02 18:51:11,920 Test: [160/200]	Time 0.020 (0.021)	Loss 0.4084 (0.3966)
2021-11-02 18:51:12,133 Test: [170/200]	Time 0.020 (0.021)	Loss 0.3077 (0.3944)
2021-11-02 18:51:12,343 Test: [180/200]	Time 0.020 (0.021)	Loss 0.3351 (0.3921)
2021-11-02 18:51:12,580 Test: [190/200]	Time 0.020 (0.021)	Loss 0.3377 (0.3932)
2021-11-02 18:51:13,372 Mean IoU score: 0.203
2021-11-02 18:51:13,373 => saving checkpoint to out
2021-11-02 18:51:13,917 Epoch: [1][0/200]	Time 0.528s (0.528s)	Speed 60.6 samples/s	Data 0.059s (0.059s)	Loss 0.22394 (0.22394)
2021-11-02 18:51:17,837 Epoch: [1][10/200]	Time 0.394s (0.404s)	Speed 81.3 samples/s	Data 0.001s (0.006s)	Loss 0.19670 (0.21108)
2021-11-02 18:51:21,763 Epoch: [1][20/200]	Time 0.366s (0.399s)	Speed 87.3 samples/s	Data 0.001s (0.004s)	Loss 0.19785 (0.20449)
2021-11-02 18:51:35,705 Epoch: [1][30/200]	Time 3.464s (0.720s)	Speed 9.2 samples/s	Data 0.009s (0.004s)	Loss 0.21129 (0.20277)
2021-11-02 18:51:51,878 Epoch: [1][40/200]	Time 0.453s (0.939s)	Speed 70.7 samples/s	Data 0.001s (0.004s)	Loss 0.20014 (0.20054)
2021-11-02 18:51:56,226 Epoch: [1][50/200]	Time 0.420s (0.840s)	Speed 76.2 samples/s	Data 0.001s (0.004s)	Loss 0.15973 (0.19470)
2021-11-02 18:52:00,605 Epoch: [1][60/200]	Time 0.441s (0.774s)	Speed 72.6 samples/s	Data 0.001s (0.003s)	Loss 0.15818 (0.19260)
2021-11-02 18:52:05,068 Epoch: [1][70/200]	Time 0.449s (0.728s)	Speed 71.3 samples/s	Data 0.002s (0.003s)	Loss 0.18382 (0.19001)
2021-11-02 18:52:09,554 Epoch: [1][80/200]	Time 0.450s (0.693s)	Speed 71.1 samples/s	Data 0.001s (0.003s)	Loss 0.18064 (0.18715)
2021-11-02 18:52:14,124 Epoch: [1][90/200]	Time 0.440s (0.667s)	Speed 72.7 samples/s	Data 0.001s (0.003s)	Loss 0.14079 (0.18331)
2021-11-02 18:52:18,690 Epoch: [1][100/200]	Time 0.462s (0.647s)	Speed 69.2 samples/s	Data 0.002s (0.002s)	Loss 0.15345 (0.18031)
2021-11-02 18:52:23,308 Epoch: [1][110/200]	Time 0.462s (0.630s)	Speed 69.3 samples/s	Data 0.001s (0.002s)	Loss 0.13431 (0.17691)
2021-11-02 18:52:27,954 Epoch: [1][120/200]	Time 0.463s (0.616s)	Speed 69.2 samples/s	Data 0.001s (0.002s)	Loss 0.12217 (0.17407)
2021-11-02 18:52:32,611 Epoch: [1][130/200]	Time 0.466s (0.605s)	Speed 68.6 samples/s	Data 0.001s (0.002s)	Loss 0.12944 (0.17122)
2021-11-02 18:52:37,225 Epoch: [1][140/200]	Time 0.462s (0.595s)	Speed 69.2 samples/s	Data 0.001s (0.002s)	Loss 0.13943 (0.16820)
2021-11-02 18:52:41,874 Epoch: [1][150/200]	Time 0.464s (0.586s)	Speed 69.0 samples/s	Data 0.001s (0.002s)	Loss 0.12009 (0.16538)
2021-11-02 18:52:46,469 Epoch: [1][160/200]	Time 0.454s (0.578s)	Speed 70.5 samples/s	Data 0.001s (0.002s)	Loss 0.15854 (0.16313)
2021-11-02 18:52:51,111 Epoch: [1][170/200]	Time 0.464s (0.571s)	Speed 69.0 samples/s	Data 0.002s (0.002s)	Loss 0.12038 (0.16058)
2021-11-02 18:52:55,769 Epoch: [1][180/200]	Time 0.499s (0.566s)	Speed 64.1 samples/s	Data 0.001s (0.002s)	Loss 0.11565 (0.15771)
2021-11-02 18:53:00,464 Epoch: [1][190/200]	Time 0.451s (0.561s)	Speed 71.0 samples/s	Data 0.001s (0.002s)	Loss 0.08526 (0.15508)
2021-11-02 18:53:04,737 Test: [0/200]	Time 0.062 (0.062)	Loss 0.2766 (0.2766)
2021-11-02 18:53:04,956 Test: [10/200]	Time 0.020 (0.026)	Loss 0.0808 (0.2114)
2021-11-02 18:53:05,174 Test: [20/200]	Time 0.021 (0.024)	Loss 0.1567 (0.2193)
2021-11-02 18:53:05,398 Test: [30/200]	Time 0.021 (0.023)	Loss 0.3176 (0.2252)
2021-11-02 18:53:05,617 Test: [40/200]	Time 0.021 (0.023)	Loss 0.2410 (0.2361)
2021-11-02 18:53:05,844 Test: [50/200]	Time 0.022 (0.023)	Loss 0.2975 (0.2357)
2021-11-02 18:53:06,079 Test: [60/200]	Time 0.022 (0.023)	Loss 0.2581 (0.2367)
2021-11-02 18:53:06,315 Test: [70/200]	Time 0.023 (0.023)	Loss 0.2369 (0.2362)
2021-11-02 18:53:06,563 Test: [80/200]	Time 0.022 (0.023)	Loss 0.3205 (0.2329)
2021-11-02 18:53:06,794 Test: [90/200]	Time 0.022 (0.023)	Loss 0.2883 (0.2354)
2021-11-02 18:53:07,027 Test: [100/200]	Time 0.023 (0.023)	Loss 0.2924 (0.2346)
2021-11-02 18:53:07,260 Test: [110/200]	Time 0.022 (0.023)	Loss 0.2971 (0.2355)
2021-11-02 18:53:07,502 Test: [120/200]	Time 0.022 (0.023)	Loss 0.2689 (0.2335)
2021-11-02 18:53:07,736 Test: [130/200]	Time 0.022 (0.023)	Loss 0.2050 (0.2362)
2021-11-02 18:53:07,977 Test: [140/200]	Time 0.025 (0.023)	Loss 0.2163 (0.2355)
2021-11-02 18:53:08,209 Test: [150/200]	Time 0.022 (0.023)	Loss 0.2362 (0.2338)
2021-11-02 18:53:08,445 Test: [160/200]	Time 0.022 (0.023)	Loss 0.2392 (0.2336)
2021-11-02 18:53:08,709 Test: [170/200]	Time 0.022 (0.024)	Loss 0.1843 (0.2319)
2021-11-02 18:53:08,941 Test: [180/200]	Time 0.022 (0.024)	Loss 0.2001 (0.2302)
2021-11-02 18:53:09,175 Test: [190/200]	Time 0.022 (0.024)	Loss 0.1708 (0.2309)
2021-11-02 18:53:10,182 Mean IoU score: 0.504
2021-11-02 18:53:10,183 => saving checkpoint to out
2021-11-02 18:53:10,816 Epoch: [2][0/200]	Time 0.607s (0.607s)	Speed 52.7 samples/s	Data 0.066s (0.066s)	Loss 0.09904 (0.09904)
2021-11-02 18:53:15,341 Epoch: [2][10/200]	Time 0.461s (0.466s)	Speed 69.4 samples/s	Data 0.001s (0.007s)	Loss 0.08285 (0.09097)
2021-11-02 18:53:19,899 Epoch: [2][20/200]	Time 0.464s (0.461s)	Speed 68.9 samples/s	Data 0.001s (0.004s)	Loss 0.09714 (0.09163)
2021-11-02 18:53:24,519 Epoch: [2][30/200]	Time 0.477s (0.462s)	Speed 67.1 samples/s	Data 0.001s (0.003s)	Loss 0.08839 (0.08919)
2021-11-02 18:53:29,160 Epoch: [2][40/200]	Time 0.466s (0.462s)	Speed 68.7 samples/s	Data 0.001s (0.003s)	Loss 0.08510 (0.08925)
2021-11-02 18:53:33,789 Epoch: [2][50/200]	Time 0.472s (0.462s)	Speed 67.8 samples/s	Data 0.001s (0.003s)	Loss 0.08303 (0.08712)
2021-11-02 18:53:38,464 Epoch: [2][60/200]	Time 0.472s (0.463s)	Speed 67.8 samples/s	Data 0.001s (0.002s)	Loss 0.08707 (0.08703)
2021-11-02 18:53:43,118 Epoch: [2][70/200]	Time 0.463s (0.464s)	Speed 69.1 samples/s	Data 0.001s (0.002s)	Loss 0.06591 (0.08479)
2021-11-02 18:53:47,757 Epoch: [2][80/200]	Time 0.451s (0.464s)	Speed 70.9 samples/s	Data 0.001s (0.002s)	Loss 0.06995 (0.08249)
2021-11-02 18:53:52,490 Epoch: [2][90/200]	Time 0.470s (0.465s)	Speed 68.0 samples/s	Data 0.001s (0.002s)	Loss 0.06593 (0.08038)
2021-11-02 18:53:57,133 Epoch: [2][100/200]	Time 0.461s (0.465s)	Speed 69.4 samples/s	Data 0.001s (0.002s)	Loss 0.06865 (0.07872)
2021-11-02 18:54:01,801 Epoch: [2][110/200]	Time 0.453s (0.465s)	Speed 70.6 samples/s	Data 0.001s (0.002s)	Loss 0.05552 (0.07674)
2021-11-02 18:54:06,431 Epoch: [2][120/200]	Time 0.454s (0.465s)	Speed 70.4 samples/s	Data 0.001s (0.002s)	Loss 0.06816 (0.07550)
2021-11-02 18:54:11,096 Epoch: [2][130/200]	Time 0.466s (0.465s)	Speed 68.7 samples/s	Data 0.001s (0.002s)	Loss 0.04697 (0.07441)
2021-11-02 18:54:15,728 Epoch: [2][140/200]	Time 0.455s (0.465s)	Speed 70.3 samples/s	Data 0.001s (0.002s)	Loss 0.05594 (0.07341)
2021-11-02 18:54:20,358 Epoch: [2][150/200]	Time 0.478s (0.465s)	Speed 66.9 samples/s	Data 0.001s (0.002s)	Loss 0.03658 (0.07173)
2021-11-02 18:54:25,033 Epoch: [2][160/200]	Time 0.488s (0.465s)	Speed 65.6 samples/s	Data 0.001s (0.002s)	Loss 0.04305 (0.07073)
2021-11-02 18:54:29,649 Epoch: [2][170/200]	Time 0.456s (0.465s)	Speed 70.2 samples/s	Data 0.001s (0.002s)	Loss 0.05404 (0.06954)
2021-11-02 18:54:34,328 Epoch: [2][180/200]	Time 0.485s (0.465s)	Speed 66.0 samples/s	Data 0.001s (0.002s)	Loss 0.04700 (0.06842)
2021-11-02 18:54:38,983 Epoch: [2][190/200]	Time 0.466s (0.465s)	Speed 68.7 samples/s	Data 0.001s (0.002s)	Loss 0.05196 (0.06726)
2021-11-02 18:54:43,267 Test: [0/200]	Time 0.071 (0.071)	Loss 0.1487 (0.1487)
2021-11-02 18:54:43,520 Test: [10/200]	Time 0.020 (0.030)	Loss 0.0395 (0.1130)
2021-11-02 18:54:43,742 Test: [20/200]	Time 0.021 (0.026)	Loss 0.0914 (0.1148)
2021-11-02 18:54:43,965 Test: [30/200]	Time 0.021 (0.025)	Loss 0.1614 (0.1220)
2021-11-02 18:54:44,189 Test: [40/200]	Time 0.022 (0.024)	Loss 0.1160 (0.1274)
2021-11-02 18:54:44,415 Test: [50/200]	Time 0.022 (0.024)	Loss 0.1605 (0.1265)
2021-11-02 18:54:44,644 Test: [60/200]	Time 0.023 (0.024)	Loss 0.1483 (0.1290)
2021-11-02 18:54:44,889 Test: [70/200]	Time 0.022 (0.024)	Loss 0.1016 (0.1287)
2021-11-02 18:54:45,117 Test: [80/200]	Time 0.022 (0.024)	Loss 0.1409 (0.1272)
2021-11-02 18:54:45,349 Test: [90/200]	Time 0.024 (0.024)	Loss 0.1632 (0.1290)
2021-11-02 18:54:45,580 Test: [100/200]	Time 0.023 (0.024)	Loss 0.2074 (0.1280)
2021-11-02 18:54:45,820 Test: [110/200]	Time 0.023 (0.024)	Loss 0.2064 (0.1287)
2021-11-02 18:54:46,067 Test: [120/200]	Time 0.024 (0.024)	Loss 0.1381 (0.1275)
2021-11-02 18:54:46,318 Test: [130/200]	Time 0.023 (0.024)	Loss 0.1114 (0.1286)
2021-11-02 18:54:46,562 Test: [140/200]	Time 0.023 (0.024)	Loss 0.1029 (0.1280)
2021-11-02 18:54:46,807 Test: [150/200]	Time 0.024 (0.024)	Loss 0.1352 (0.1266)
2021-11-02 18:54:47,080 Test: [160/200]	Time 0.024 (0.024)	Loss 0.1338 (0.1264)
2021-11-02 18:54:47,360 Test: [170/200]	Time 0.023 (0.024)	Loss 0.0909 (0.1250)
2021-11-02 18:54:47,605 Test: [180/200]	Time 0.023 (0.024)	Loss 0.0889 (0.1244)
2021-11-02 18:54:47,851 Test: [190/200]	Time 0.024 (0.024)	Loss 0.0885 (0.1250)
2021-11-02 18:54:48,864 Mean IoU score: 0.717
2021-11-02 18:54:48,865 => saving checkpoint to out
2021-11-02 18:54:49,487 Epoch: [3][0/200]	Time 0.602s (0.602s)	Speed 53.1 samples/s	Data 0.064s (0.064s)	Loss 0.03783 (0.03783)
2021-11-02 18:54:53,962 Epoch: [3][10/200]	Time 0.467s (0.462s)	Speed 68.5 samples/s	Data 0.001s (0.007s)	Loss 0.04080 (0.04406)
2021-11-02 18:54:58,631 Epoch: [3][20/200]	Time 0.464s (0.464s)	Speed 68.9 samples/s	Data 0.001s (0.004s)	Loss 0.04378 (0.04315)
2021-11-02 18:55:03,298 Epoch: [3][30/200]	Time 0.469s (0.465s)	Speed 68.2 samples/s	Data 0.001s (0.003s)	Loss 0.03679 (0.04237)
2021-11-02 18:55:07,934 Epoch: [3][40/200]	Time 0.458s (0.465s)	Speed 69.9 samples/s	Data 0.001s (0.003s)	Loss 0.03768 (0.04215)
2021-11-02 18:55:12,626 Epoch: [3][50/200]	Time 0.498s (0.466s)	Speed 64.3 samples/s	Data 0.001s (0.003s)	Loss 0.04057 (0.04125)
2021-11-02 18:55:17,260 Epoch: [3][60/200]	Time 0.454s (0.465s)	Speed 70.5 samples/s	Data 0.002s (0.002s)	Loss 0.04242 (0.04100)
2021-11-02 18:55:21,871 Epoch: [3][70/200]	Time 0.465s (0.465s)	Speed 68.9 samples/s	Data 0.001s (0.002s)	Loss 0.04791 (0.04096)
2021-11-02 18:55:26,555 Epoch: [3][80/200]	Time 0.465s (0.465s)	Speed 68.9 samples/s	Data 0.002s (0.002s)	Loss 0.03881 (0.04049)
2021-11-02 18:55:31,224 Epoch: [3][90/200]	Time 0.465s (0.465s)	Speed 68.9 samples/s	Data 0.001s (0.002s)	Loss 0.03425 (0.04028)
2021-11-02 18:55:35,877 Epoch: [3][100/200]	Time 0.463s (0.465s)	Speed 69.0 samples/s	Data 0.001s (0.002s)	Loss 0.02926 (0.03961)
2021-11-02 18:55:40,605 Epoch: [3][110/200]	Time 0.463s (0.466s)	Speed 69.2 samples/s	Data 0.001s (0.002s)	Loss 0.03503 (0.03919)
2021-11-02 18:55:45,213 Epoch: [3][120/200]	Time 0.453s (0.466s)	Speed 70.6 samples/s	Data 0.002s (0.002s)	Loss 0.03866 (0.03876)
2021-11-02 18:55:49,822 Epoch: [3][130/200]	Time 0.452s (0.465s)	Speed 70.9 samples/s	Data 0.001s (0.002s)	Loss 0.02915 (0.03830)
2021-11-02 18:55:54,476 Epoch: [3][140/200]	Time 0.462s (0.465s)	Speed 69.2 samples/s	Data 0.001s (0.002s)	Loss 0.03951 (0.03805)
2021-11-02 18:55:59,166 Epoch: [3][150/200]	Time 0.502s (0.465s)	Speed 63.7 samples/s	Data 0.001s (0.002s)	Loss 0.03910 (0.03786)
2021-11-02 18:56:03,798 Epoch: [3][160/200]	Time 0.470s (0.465s)	Speed 68.1 samples/s	Data 0.001s (0.002s)	Loss 0.03306 (0.03764)
2021-11-02 18:56:08,474 Epoch: [3][170/200]	Time 0.461s (0.465s)	Speed 69.4 samples/s	Data 0.001s (0.002s)	Loss 0.04168 (0.03734)
2021-11-02 18:56:13,214 Epoch: [3][180/200]	Time 0.462s (0.466s)	Speed 69.3 samples/s	Data 0.001s (0.002s)	Loss 0.05067 (0.03723)
2021-11-02 18:56:17,868 Epoch: [3][190/200]	Time 0.466s (0.466s)	Speed 68.7 samples/s	Data 0.001s (0.002s)	Loss 0.02715 (0.03683)
2021-11-02 18:56:22,154 Test: [0/200]	Time 0.075 (0.075)	Loss 0.1106 (0.1106)
2021-11-02 18:56:22,416 Test: [10/200]	Time 0.021 (0.031)	Loss 0.0238 (0.0767)
2021-11-02 18:56:22,637 Test: [20/200]	Time 0.021 (0.027)	Loss 0.0743 (0.0812)
2021-11-02 18:56:22,862 Test: [30/200]	Time 0.021 (0.025)	Loss 0.1244 (0.0864)
2021-11-02 18:56:23,088 Test: [40/200]	Time 0.021 (0.025)	Loss 0.0795 (0.0900)
2021-11-02 18:56:23,312 Test: [50/200]	Time 0.022 (0.024)	Loss 0.1105 (0.0897)
2021-11-02 18:56:23,542 Test: [60/200]	Time 0.022 (0.024)	Loss 0.1073 (0.0915)
2021-11-02 18:56:23,772 Test: [70/200]	Time 0.022 (0.024)	Loss 0.0928 (0.0913)
2021-11-02 18:56:24,008 Test: [80/200]	Time 0.022 (0.024)	Loss 0.1112 (0.0902)
2021-11-02 18:56:24,249 Test: [90/200]	Time 0.024 (0.024)	Loss 0.1142 (0.0923)
2021-11-02 18:56:24,495 Test: [100/200]	Time 0.024 (0.024)	Loss 0.1210 (0.0919)
2021-11-02 18:56:24,741 Test: [110/200]	Time 0.024 (0.024)	Loss 0.1727 (0.0928)
2021-11-02 18:56:24,986 Test: [120/200]	Time 0.024 (0.024)	Loss 0.0947 (0.0916)
2021-11-02 18:56:25,235 Test: [130/200]	Time 0.024 (0.024)	Loss 0.0906 (0.0923)
2021-11-02 18:56:25,482 Test: [140/200]	Time 0.024 (0.024)	Loss 0.0909 (0.0917)
2021-11-02 18:56:25,786 Test: [150/200]	Time 0.037 (0.025)	Loss 0.0848 (0.0907)
2021-11-02 18:56:26,128 Test: [160/200]	Time 0.039 (0.025)	Loss 0.0992 (0.0907)
2021-11-02 18:56:26,381 Test: [170/200]	Time 0.023 (0.025)	Loss 0.0833 (0.0899)
2021-11-02 18:56:26,626 Test: [180/200]	Time 0.024 (0.025)	Loss 0.0740 (0.0892)
2021-11-02 18:56:26,872 Test: [190/200]	Time 0.024 (0.025)	Loss 0.0543 (0.0891)
2021-11-02 18:56:27,884 Mean IoU score: 0.799
2021-11-02 18:56:27,885 => saving checkpoint to out
2021-11-02 18:56:28,491 Epoch: [4][0/200]	Time 0.580s (0.580s)	Speed 55.2 samples/s	Data 0.072s (0.072s)	Loss 0.02377 (0.02377)
2021-11-02 18:56:32,965 Epoch: [4][10/200]	Time 0.463s (0.459s)	Speed 69.0 samples/s	Data 0.001s (0.008s)	Loss 0.02863 (0.02823)
2021-11-02 18:56:37,621 Epoch: [4][20/200]	Time 0.469s (0.462s)	Speed 68.2 samples/s	Data 0.001s (0.005s)	Loss 0.02167 (0.02749)
2021-11-02 18:56:42,287 Epoch: [4][30/200]	Time 0.469s (0.464s)	Speed 68.2 samples/s	Data 0.001s (0.004s)	Loss 0.03078 (0.02799)
2021-11-02 18:56:46,893 Epoch: [4][40/200]	Time 0.467s (0.463s)	Speed 68.6 samples/s	Data 0.001s (0.003s)	Loss 0.02772 (0.02803)
2021-11-02 18:56:51,555 Epoch: [4][50/200]	Time 0.462s (0.464s)	Speed 69.2 samples/s	Data 0.001s (0.003s)	Loss 0.02569 (0.02750)
2021-11-02 18:56:56,197 Epoch: [4][60/200]	Time 0.466s (0.464s)	Speed 68.6 samples/s	Data 0.001s (0.003s)	Loss 0.02439 (0.02716)
2021-11-02 18:57:00,851 Epoch: [4][70/200]	Time 0.468s (0.464s)	Speed 68.4 samples/s	Data 0.001s (0.002s)	Loss 0.02351 (0.02681)
2021-11-02 18:57:05,507 Epoch: [4][80/200]	Time 0.465s (0.464s)	Speed 68.8 samples/s	Data 0.002s (0.002s)	Loss 0.02200 (0.02691)
2021-11-02 18:57:10,168 Epoch: [4][90/200]	Time 0.465s (0.464s)	Speed 68.9 samples/s	Data 0.001s (0.002s)	Loss 0.01989 (0.02667)
2021-11-02 18:57:14,839 Epoch: [4][100/200]	Time 0.471s (0.465s)	Speed 67.9 samples/s	Data 0.001s (0.002s)	Loss 0.02816 (0.02665)
2021-11-02 18:57:19,505 Epoch: [4][110/200]	Time 0.451s (0.465s)	Speed 71.0 samples/s	Data 0.001s (0.002s)	Loss 0.02731 (0.02668)
2021-11-02 18:57:24,163 Epoch: [4][120/200]	Time 0.466s (0.465s)	Speed 68.7 samples/s	Data 0.001s (0.002s)	Loss 0.02695 (0.02674)
2021-11-02 18:57:28,848 Epoch: [4][130/200]	Time 0.461s (0.465s)	Speed 69.4 samples/s	Data 0.001s (0.002s)	Loss 0.02322 (0.02667)
2021-11-02 18:57:33,481 Epoch: [4][140/200]	Time 0.464s (0.465s)	Speed 68.9 samples/s	Data 0.001s (0.002s)	Loss 0.02358 (0.02647)
2021-11-02 18:57:38,158 Epoch: [4][150/200]	Time 0.467s (0.465s)	Speed 68.5 samples/s	Data 0.002s (0.002s)	Loss 0.02713 (0.02634)
2021-11-02 18:57:42,864 Epoch: [4][160/200]	Time 0.465s (0.466s)	Speed 68.8 samples/s	Data 0.001s (0.002s)	Loss 0.02209 (0.02627)
2021-11-02 18:57:47,586 Epoch: [4][170/200]	Time 0.501s (0.466s)	Speed 63.9 samples/s	Data 0.001s (0.002s)	Loss 0.02465 (0.02619)
2021-11-02 18:57:52,218 Epoch: [4][180/200]	Time 0.464s (0.466s)	Speed 68.9 samples/s	Data 0.001s (0.002s)	Loss 0.02757 (0.02610)
2021-11-02 18:57:56,857 Epoch: [4][190/200]	Time 0.468s (0.466s)	Speed 68.4 samples/s	Data 0.001s (0.002s)	Loss 0.02287 (0.02610)
2021-11-02 18:58:01,125 Test: [0/200]	Time 0.059 (0.059)	Loss 0.1086 (0.1086)
2021-11-02 18:58:01,360 Test: [10/200]	Time 0.021 (0.027)	Loss 0.0256 (0.0727)
2021-11-02 18:58:01,585 Test: [20/200]	Time 0.021 (0.025)	Loss 0.0637 (0.0748)
2021-11-02 18:58:01,811 Test: [30/200]	Time 0.022 (0.024)	Loss 0.1092 (0.0792)
2021-11-02 18:58:02,046 Test: [40/200]	Time 0.022 (0.024)	Loss 0.0781 (0.0822)
2021-11-02 18:58:02,283 Test: [50/200]	Time 0.024 (0.024)	Loss 0.0947 (0.0812)
2021-11-02 18:58:02,532 Test: [60/200]	Time 0.023 (0.024)	Loss 0.0887 (0.0825)
2021-11-02 18:58:02,774 Test: [70/200]	Time 0.024 (0.024)	Loss 0.0674 (0.0825)
2021-11-02 18:58:03,022 Test: [80/200]	Time 0.023 (0.024)	Loss 0.0828 (0.0810)
2021-11-02 18:58:03,263 Test: [90/200]	Time 0.023 (0.024)	Loss 0.0873 (0.0833)
2021-11-02 18:58:03,505 Test: [100/200]	Time 0.024 (0.024)	Loss 0.1033 (0.0825)
2021-11-02 18:58:03,747 Test: [110/200]	Time 0.023 (0.024)	Loss 0.1480 (0.0832)
2021-11-02 18:58:03,991 Test: [120/200]	Time 0.024 (0.024)	Loss 0.0741 (0.0819)
2021-11-02 18:58:04,238 Test: [130/200]	Time 0.023 (0.024)	Loss 0.0738 (0.0826)
2021-11-02 18:58:04,482 Test: [140/200]	Time 0.023 (0.024)	Loss 0.0864 (0.0820)
2021-11-02 18:58:04,726 Test: [150/200]	Time 0.024 (0.024)	Loss 0.0689 (0.0810)
2021-11-02 18:58:04,980 Test: [160/200]	Time 0.025 (0.024)	Loss 0.0895 (0.0808)
2021-11-02 18:58:05,230 Test: [170/200]	Time 0.024 (0.024)	Loss 0.0511 (0.0801)
2021-11-02 18:58:05,472 Test: [180/200]	Time 0.023 (0.024)	Loss 0.0484 (0.0795)
2021-11-02 18:58:05,718 Test: [190/200]	Time 0.024 (0.024)	Loss 0.0444 (0.0795)
2021-11-02 18:58:06,760 Mean IoU score: 0.814
2021-11-02 18:58:06,761 => saving checkpoint to out
2021-11-02 18:58:07,397 Epoch: [5][0/200]	Time 0.618s (0.618s)	Speed 51.8 samples/s	Data 0.075s (0.075s)	Loss 0.02254 (0.02254)
2021-11-02 18:58:12,944 Epoch: [5][10/200]	Time 0.771s (0.560s)	Speed 41.5 samples/s	Data 0.002s (0.008s)	Loss 0.01976 (0.02088)
2021-11-02 18:58:22,417 Epoch: [5][20/200]	Time 0.955s (0.745s)	Speed 33.5 samples/s	Data 0.003s (0.006s)	Loss 0.01794 (0.02122)
2021-11-02 18:58:30,938 Epoch: [5][30/200]	Time 0.644s (0.779s)	Speed 49.7 samples/s	Data 0.002s (0.005s)	Loss 0.02079 (0.02109)
2021-11-02 18:58:35,583 Epoch: [5][40/200]	Time 0.429s (0.703s)	Speed 74.6 samples/s	Data 0.001s (0.004s)	Loss 0.02460 (0.02097)
2021-11-02 18:58:40,027 Epoch: [5][50/200]	Time 0.452s (0.652s)	Speed 70.8 samples/s	Data 0.001s (0.003s)	Loss 0.02110 (0.02071)
2021-11-02 18:58:44,540 Epoch: [5][60/200]	Time 0.448s (0.619s)	Speed 71.5 samples/s	Data 0.001s (0.003s)	Loss 0.02072 (0.02047)
2021-11-02 18:58:49,118 Epoch: [5][70/200]	Time 0.459s (0.596s)	Speed 69.8 samples/s	Data 0.001s (0.003s)	Loss 0.02177 (0.02049)
2021-11-02 18:58:53,767 Epoch: [5][80/200]	Time 0.462s (0.580s)	Speed 69.3 samples/s	Data 0.001s (0.003s)	Loss 0.01615 (0.02052)
2021-11-02 18:58:58,406 Epoch: [5][90/200]	Time 0.466s (0.567s)	Speed 68.6 samples/s	Data 0.001s (0.003s)	Loss 0.02355 (0.02058)
2021-11-02 18:59:02,996 Epoch: [5][100/200]	Time 0.467s (0.557s)	Speed 68.5 samples/s	Data 0.001s (0.002s)	Loss 0.02401 (0.02051)
2021-11-02 18:59:07,614 Epoch: [5][110/200]	Time 0.465s (0.548s)	Speed 68.8 samples/s	Data 0.001s (0.002s)	Loss 0.02115 (0.02044)
2021-11-02 18:59:12,254 Epoch: [5][120/200]	Time 0.462s (0.541s)	Speed 69.2 samples/s	Data 0.001s (0.002s)	Loss 0.02167 (0.02052)
2021-11-02 18:59:16,907 Epoch: [5][130/200]	Time 0.466s (0.535s)	Speed 68.6 samples/s	Data 0.001s (0.002s)	Loss 0.01500 (0.02040)
2021-11-02 18:59:21,554 Epoch: [5][140/200]	Time 0.450s (0.530s)	Speed 71.1 samples/s	Data 0.001s (0.002s)	Loss 0.02031 (0.02029)
2021-11-02 18:59:26,151 Epoch: [5][150/200]	Time 0.462s (0.526s)	Speed 69.3 samples/s	Data 0.001s (0.002s)	Loss 0.02122 (0.02031)
2021-11-02 18:59:30,815 Epoch: [5][160/200]	Time 0.462s (0.522s)	Speed 69.2 samples/s	Data 0.001s (0.002s)	Loss 0.02031 (0.02030)
2021-11-02 18:59:35,449 Epoch: [5][170/200]	Time 0.464s (0.519s)	Speed 69.0 samples/s	Data 0.001s (0.002s)	Loss 0.01572 (0.02026)
2021-11-02 18:59:40,055 Epoch: [5][180/200]	Time 0.453s (0.515s)	Speed 70.7 samples/s	Data 0.001s (0.002s)	Loss 0.01867 (0.02021)
2021-11-02 18:59:44,730 Epoch: [5][190/200]	Time 0.469s (0.513s)	Speed 68.2 samples/s	Data 0.001s (0.002s)	Loss 0.01617 (0.02020)
2021-11-02 18:59:48,982 Test: [0/200]	Time 0.062 (0.062)	Loss 0.0762 (0.0762)
2021-11-02 18:59:49,212 Test: [10/200]	Time 0.021 (0.027)	Loss 0.0161 (0.0621)
2021-11-02 18:59:49,436 Test: [20/200]	Time 0.021 (0.025)	Loss 0.0615 (0.0610)
2021-11-02 18:59:49,659 Test: [30/200]	Time 0.022 (0.024)	Loss 0.1113 (0.0666)
2021-11-02 18:59:49,886 Test: [40/200]	Time 0.021 (0.024)	Loss 0.0561 (0.0694)
2021-11-02 18:59:50,111 Test: [50/200]	Time 0.022 (0.023)	Loss 0.0842 (0.0687)
2021-11-02 18:59:50,345 Test: [60/200]	Time 0.022 (0.023)	Loss 0.0977 (0.0719)
2021-11-02 18:59:50,584 Test: [70/200]	Time 0.023 (0.023)	Loss 0.0648 (0.0720)
2021-11-02 18:59:50,827 Test: [80/200]	Time 0.024 (0.024)	Loss 0.0826 (0.0713)
2021-11-02 18:59:51,078 Test: [90/200]	Time 0.024 (0.024)	Loss 0.0866 (0.0725)
2021-11-02 18:59:51,321 Test: [100/200]	Time 0.023 (0.024)	Loss 0.1140 (0.0725)
2021-11-02 18:59:51,564 Test: [110/200]	Time 0.023 (0.024)	Loss 0.1380 (0.0728)
2021-11-02 18:59:51,810 Test: [120/200]	Time 0.024 (0.024)	Loss 0.0979 (0.0719)
2021-11-02 18:59:52,061 Test: [130/200]	Time 0.024 (0.024)	Loss 0.0676 (0.0723)
2021-11-02 18:59:52,315 Test: [140/200]	Time 0.024 (0.024)	Loss 0.0605 (0.0722)
2021-11-02 18:59:52,563 Test: [150/200]	Time 0.023 (0.024)	Loss 0.0643 (0.0713)
2021-11-02 18:59:52,807 Test: [160/200]	Time 0.023 (0.024)	Loss 0.0696 (0.0710)
2021-11-02 18:59:53,056 Test: [170/200]	Time 0.024 (0.024)	Loss 0.0682 (0.0701)
2021-11-02 18:59:53,311 Test: [180/200]	Time 0.024 (0.024)	Loss 0.0469 (0.0697)
2021-11-02 18:59:53,560 Test: [190/200]	Time 0.023 (0.024)	Loss 0.0428 (0.0696)
2021-11-02 18:59:54,589 Mean IoU score: 0.830
2021-11-02 18:59:54,589 => saving checkpoint to out
2021-11-02 18:59:55,193 Epoch: [6][0/200]	Time 0.576s (0.576s)	Speed 55.6 samples/s	Data 0.068s (0.068s)	Loss 0.01595 (0.01595)
2021-11-02 18:59:59,781 Epoch: [6][10/200]	Time 0.461s (0.469s)	Speed 69.4 samples/s	Data 0.001s (0.007s)	Loss 0.02135 (0.01800)
2021-11-02 19:00:04,422 Epoch: [6][20/200]	Time 0.463s (0.467s)	Speed 69.1 samples/s	Data 0.002s (0.005s)	Loss 0.01625 (0.01782)
2021-11-02 19:00:09,115 Epoch: [6][30/200]	Time 0.469s (0.468s)	Speed 68.3 samples/s	Data 0.001s (0.004s)	Loss 0.01417 (0.01774)
2021-11-02 19:00:13,797 Epoch: [6][40/200]	Time 0.464s (0.468s)	Speed 68.9 samples/s	Data 0.002s (0.003s)	Loss 0.01188 (0.01728)
2021-11-02 19:00:18,469 Epoch: [6][50/200]	Time 0.465s (0.468s)	Speed 68.8 samples/s	Data 0.001s (0.003s)	Loss 0.01483 (0.01702)
2021-11-02 19:00:23,114 Epoch: [6][60/200]	Time 0.464s (0.467s)	Speed 68.9 samples/s	Data 0.001s (0.003s)	Loss 0.01981 (0.01714)
2021-11-02 19:00:27,766 Epoch: [6][70/200]	Time 0.466s (0.467s)	Speed 68.7 samples/s	Data 0.001s (0.002s)	Loss 0.01483 (0.01700)
2021-11-02 19:00:32,422 Epoch: [6][80/200]	Time 0.464s (0.467s)	Speed 69.0 samples/s	Data 0.001s (0.002s)	Loss 0.01652 (0.01677)
2021-11-02 19:00:37,086 Epoch: [6][90/200]	Time 0.469s (0.467s)	Speed 68.3 samples/s	Data 0.001s (0.002s)	Loss 0.01050 (0.01660)
2021-11-02 19:00:41,748 Epoch: [6][100/200]	Time 0.466s (0.467s)	Speed 68.7 samples/s	Data 0.001s (0.002s)	Loss 0.01301 (0.01644)
2021-11-02 19:00:46,404 Epoch: [6][110/200]	Time 0.466s (0.467s)	Speed 68.7 samples/s	Data 0.001s (0.002s)	Loss 0.01383 (0.01642)
2021-11-02 19:00:51,065 Epoch: [6][120/200]	Time 0.466s (0.467s)	Speed 68.7 samples/s	Data 0.001s (0.002s)	Loss 0.01423 (0.01635)
2021-11-02 19:00:55,721 Epoch: [6][130/200]	Time 0.467s (0.466s)	Speed 68.6 samples/s	Data 0.001s (0.002s)	Loss 0.01471 (0.01622)
2021-11-02 19:01:00,917 Epoch: [6][140/200]	Time 0.690s (0.470s)	Speed 46.4 samples/s	Data 0.002s (0.002s)	Loss 0.01244 (0.01620)
2021-11-02 19:01:10,163 Epoch: [6][150/200]	Time 0.939s (0.500s)	Speed 34.1 samples/s	Data 0.003s (0.002s)	Loss 0.01741 (0.01617)
2021-11-02 19:01:19,090 Epoch: [6][160/200]	Time 0.821s (0.525s)	Speed 39.0 samples/s	Data 0.002s (0.002s)	Loss 0.01343 (0.01615)
2021-11-02 19:01:24,163 Epoch: [6][170/200]	Time 0.444s (0.524s)	Speed 72.0 samples/s	Data 0.001s (0.002s)	Loss 0.01401 (0.01616)
2021-11-02 19:01:28,570 Epoch: [6][180/200]	Time 0.448s (0.519s)	Speed 71.4 samples/s	Data 0.001s (0.002s)	Loss 0.01469 (0.01619)
2021-11-02 19:01:33,054 Epoch: [6][190/200]	Time 0.449s (0.515s)	Speed 71.2 samples/s	Data 0.001s (0.002s)	Loss 0.01389 (0.01619)
2021-11-02 19:01:37,253 Test: [0/200]	Time 0.065 (0.065)	Loss 0.0768 (0.0768)
2021-11-02 19:01:37,494 Test: [10/200]	Time 0.022 (0.028)	Loss 0.0162 (0.0650)
2021-11-02 19:01:37,727 Test: [20/200]	Time 0.022 (0.026)	Loss 0.0696 (0.0685)
2021-11-02 19:01:37,967 Test: [30/200]	Time 0.023 (0.025)	Loss 0.1455 (0.0776)
2021-11-02 19:01:38,201 Test: [40/200]	Time 0.022 (0.025)	Loss 0.0679 (0.0799)
2021-11-02 19:01:38,434 Test: [50/200]	Time 0.023 (0.024)	Loss 0.1061 (0.0802)
2021-11-02 19:01:38,674 Test: [60/200]	Time 0.023 (0.024)	Loss 0.1051 (0.0838)
2021-11-02 19:01:38,917 Test: [70/200]	Time 0.024 (0.024)	Loss 0.0746 (0.0834)
2021-11-02 19:01:39,154 Test: [80/200]	Time 0.023 (0.024)	Loss 0.0852 (0.0817)
2021-11-02 19:01:39,390 Test: [90/200]	Time 0.023 (0.024)	Loss 0.1143 (0.0833)
2021-11-02 19:01:39,633 Test: [100/200]	Time 0.023 (0.024)	Loss 0.1374 (0.0827)
2021-11-02 19:01:39,878 Test: [110/200]	Time 0.023 (0.024)	Loss 0.1436 (0.0833)
2021-11-02 19:01:40,124 Test: [120/200]	Time 0.024 (0.024)	Loss 0.1022 (0.0818)
2021-11-02 19:01:40,370 Test: [130/200]	Time 0.023 (0.024)	Loss 0.0884 (0.0821)
2021-11-02 19:01:40,615 Test: [140/200]	Time 0.024 (0.024)	Loss 0.0782 (0.0814)
2021-11-02 19:01:40,861 Test: [150/200]	Time 0.023 (0.024)	Loss 0.0618 (0.0797)
2021-11-02 19:01:41,107 Test: [160/200]	Time 0.024 (0.024)	Loss 0.0714 (0.0791)
2021-11-02 19:01:41,352 Test: [170/200]	Time 0.023 (0.024)	Loss 0.0728 (0.0781)
2021-11-02 19:01:41,597 Test: [180/200]	Time 0.023 (0.024)	Loss 0.0631 (0.0775)
2021-11-02 19:01:41,841 Test: [190/200]	Time 0.024 (0.024)	Loss 0.0402 (0.0774)
2021-11-02 19:01:42,850 Mean IoU score: 0.812
2021-11-02 19:01:42,850 => saving checkpoint to out
2021-11-02 19:01:43,476 Epoch: [7][0/200]	Time 0.611s (0.611s)	Speed 52.4 samples/s	Data 0.052s (0.052s)	Loss 0.01617 (0.01617)
2021-11-02 19:01:47,979 Epoch: [7][10/200]	Time 0.459s (0.465s)	Speed 69.7 samples/s	Data 0.001s (0.006s)	Loss 0.01622 (0.01627)
2021-11-02 19:01:52,616 Epoch: [7][20/200]	Time 0.462s (0.464s)	Speed 69.2 samples/s	Data 0.001s (0.004s)	Loss 0.01381 (0.01531)
2021-11-02 19:01:57,276 Epoch: [7][30/200]	Time 0.456s (0.465s)	Speed 70.2 samples/s	Data 0.001s (0.003s)	Loss 0.01394 (0.01480)
2021-11-02 19:02:01,907 Epoch: [7][40/200]	Time 0.459s (0.464s)	Speed 69.7 samples/s	Data 0.001s (0.003s)	Loss 0.01258 (0.01449)
2021-11-02 19:02:06,564 Epoch: [7][50/200]	Time 0.470s (0.465s)	Speed 68.0 samples/s	Data 0.001s (0.002s)	Loss 0.01743 (0.01447)
2021-11-02 19:02:11,239 Epoch: [7][60/200]	Time 0.500s (0.465s)	Speed 64.0 samples/s	Data 0.001s (0.002s)	Loss 0.01293 (0.01433)
2021-11-02 19:02:15,877 Epoch: [7][70/200]	Time 0.460s (0.465s)	Speed 69.6 samples/s	Data 0.001s (0.002s)	Loss 0.01254 (0.01403)
2021-11-02 19:02:20,511 Epoch: [7][80/200]	Time 0.456s (0.465s)	Speed 70.2 samples/s	Data 0.002s (0.002s)	Loss 0.01251 (0.01392)
2021-11-02 19:02:25,142 Epoch: [7][90/200]	Time 0.468s (0.465s)	Speed 68.4 samples/s	Data 0.001s (0.002s)	Loss 0.01444 (0.01383)
2021-11-02 19:02:29,831 Epoch: [7][100/200]	Time 0.467s (0.465s)	Speed 68.6 samples/s	Data 0.001s (0.002s)	Loss 0.01603 (0.01383)
2021-11-02 19:02:34,480 Epoch: [7][110/200]	Time 0.466s (0.465s)	Speed 68.7 samples/s	Data 0.001s (0.002s)	Loss 0.00959 (0.01379)
2021-11-02 19:02:39,165 Epoch: [7][120/200]	Time 0.465s (0.465s)	Speed 68.8 samples/s	Data 0.001s (0.002s)	Loss 0.01389 (0.01383)
2021-11-02 19:02:43,832 Epoch: [7][130/200]	Time 0.475s (0.465s)	Speed 67.3 samples/s	Data 0.001s (0.002s)	Loss 0.01219 (0.01378)
2021-11-02 19:02:48,422 Epoch: [7][140/200]	Time 0.462s (0.465s)	Speed 69.3 samples/s	Data 0.001s (0.002s)	Loss 0.01297 (0.01379)
2021-11-02 19:02:53,080 Epoch: [7][150/200]	Time 0.463s (0.465s)	Speed 69.1 samples/s	Data 0.001s (0.002s)	Loss 0.01193 (0.01369)
2021-11-02 19:02:57,724 Epoch: [7][160/200]	Time 0.456s (0.465s)	Speed 70.2 samples/s	Data 0.001s (0.002s)	Loss 0.01171 (0.01361)
2021-11-02 19:03:02,377 Epoch: [7][170/200]	Time 0.467s (0.465s)	Speed 68.5 samples/s	Data 0.001s (0.002s)	Loss 0.01075 (0.01360)
2021-11-02 19:03:07,041 Epoch: [7][180/200]	Time 0.463s (0.465s)	Speed 69.1 samples/s	Data 0.001s (0.002s)	Loss 0.01206 (0.01356)
2021-11-02 19:03:11,692 Epoch: [7][190/200]	Time 0.469s (0.465s)	Speed 68.3 samples/s	Data 0.001s (0.002s)	Loss 0.01500 (0.01360)
2021-11-02 19:03:15,984 Test: [0/200]	Time 0.063 (0.063)	Loss 0.0669 (0.0669)
2021-11-02 19:03:16,219 Test: [10/200]	Time 0.024 (0.027)	Loss 0.0108 (0.0526)
2021-11-02 19:03:16,453 Test: [20/200]	Time 0.021 (0.025)	Loss 0.0637 (0.0549)
2021-11-02 19:03:16,679 Test: [30/200]	Time 0.022 (0.024)	Loss 0.0900 (0.0609)
2021-11-02 19:03:16,925 Test: [40/200]	Time 0.022 (0.024)	Loss 0.0530 (0.0635)
2021-11-02 19:03:17,158 Test: [50/200]	Time 0.022 (0.024)	Loss 0.0729 (0.0633)
2021-11-02 19:03:17,393 Test: [60/200]	Time 0.023 (0.024)	Loss 0.0913 (0.0655)
2021-11-02 19:03:17,634 Test: [70/200]	Time 0.026 (0.024)	Loss 0.0642 (0.0665)
2021-11-02 19:03:17,872 Test: [80/200]	Time 0.023 (0.024)	Loss 0.0635 (0.0654)
2021-11-02 19:03:18,105 Test: [90/200]	Time 0.022 (0.024)	Loss 0.0764 (0.0668)
2021-11-02 19:03:18,336 Test: [100/200]	Time 0.022 (0.024)	Loss 0.0919 (0.0661)
2021-11-02 19:03:18,577 Test: [110/200]	Time 0.023 (0.024)	Loss 0.1494 (0.0669)
2021-11-02 19:03:18,817 Test: [120/200]	Time 0.023 (0.024)	Loss 0.0745 (0.0657)
2021-11-02 19:03:19,057 Test: [130/200]	Time 0.022 (0.024)	Loss 0.0702 (0.0661)
2021-11-02 19:03:19,293 Test: [140/200]	Time 0.023 (0.024)	Loss 0.0704 (0.0658)
2021-11-02 19:03:19,531 Test: [150/200]	Time 0.024 (0.024)	Loss 0.0652 (0.0648)
2021-11-02 19:03:19,781 Test: [160/200]	Time 0.024 (0.024)	Loss 0.0652 (0.0648)
2021-11-02 19:03:20,037 Test: [170/200]	Time 0.025 (0.024)	Loss 0.0424 (0.0641)
2021-11-02 19:03:20,290 Test: [180/200]	Time 0.023 (0.024)	Loss 0.0431 (0.0638)
2021-11-02 19:03:20,533 Test: [190/200]	Time 0.023 (0.024)	Loss 0.0303 (0.0636)
2021-11-02 19:03:21,564 Mean IoU score: 0.844
2021-11-02 19:03:21,564 => saving checkpoint to out
2021-11-02 19:03:22,192 Epoch: [8][0/200]	Time 0.608s (0.608s)	Speed 52.6 samples/s	Data 0.076s (0.076s)	Loss 0.01451 (0.01451)
2021-11-02 19:03:26,769 Epoch: [8][10/200]	Time 0.464s (0.471s)	Speed 69.0 samples/s	Data 0.001s (0.008s)	Loss 0.00925 (0.01265)
2021-11-02 19:03:31,497 Epoch: [8][20/200]	Time 0.495s (0.472s)	Speed 64.6 samples/s	Data 0.001s (0.005s)	Loss 0.01360 (0.01271)
2021-11-02 19:03:39,516 Epoch: [8][30/200]	Time 0.984s (0.578s)	Speed 32.5 samples/s	Data 0.002s (0.004s)	Loss 0.01295 (0.01254)
2021-11-02 19:03:48,864 Epoch: [8][40/200]	Time 0.882s (0.665s)	Speed 36.3 samples/s	Data 0.003s (0.004s)	Loss 0.01192 (0.01243)
2021-11-02 19:03:56,260 Epoch: [8][50/200]	Time 0.487s (0.680s)	Speed 65.7 samples/s	Data 0.001s (0.003s)	Loss 0.01508 (0.01234)
2021-11-02 19:04:00,719 Epoch: [8][60/200]	Time 0.441s (0.642s)	Speed 72.6 samples/s	Data 0.001s (0.003s)	Loss 0.01126 (0.01218)
2021-11-02 19:04:05,205 Epoch: [8][70/200]	Time 0.447s (0.614s)	Speed 71.5 samples/s	Data 0.001s (0.003s)	Loss 0.01164 (0.01210)
2021-11-02 19:04:09,627 Epoch: [8][80/200]	Time 0.442s (0.593s)	Speed 72.5 samples/s	Data 0.001s (0.003s)	Loss 0.01056 (0.01206)
2021-11-02 19:04:14,181 Epoch: [8][90/200]	Time 0.481s (0.578s)	Speed 66.6 samples/s	Data 0.001s (0.003s)	Loss 0.00939 (0.01207)
2021-11-02 19:04:18,782 Epoch: [8][100/200]	Time 0.452s (0.566s)	Speed 70.7 samples/s	Data 0.001s (0.002s)	Loss 0.01214 (0.01202)
2021-11-02 19:04:23,406 Epoch: [8][110/200]	Time 0.463s (0.557s)	Speed 69.2 samples/s	Data 0.001s (0.002s)	Loss 0.00901 (0.01200)
2021-11-02 19:04:28,012 Epoch: [8][120/200]	Time 0.455s (0.549s)	Speed 70.4 samples/s	Data 0.001s (0.002s)	Loss 0.01011 (0.01198)
2021-11-02 19:04:32,679 Epoch: [8][130/200]	Time 0.466s (0.543s)	Speed 68.6 samples/s	Data 0.001s (0.002s)	Loss 0.01250 (0.01198)
2021-11-02 19:04:37,279 Epoch: [8][140/200]	Time 0.453s (0.537s)	Speed 70.7 samples/s	Data 0.001s (0.002s)	Loss 0.01002 (0.01197)
2021-11-02 19:04:41,910 Epoch: [8][150/200]	Time 0.465s (0.532s)	Speed 68.8 samples/s	Data 0.001s (0.002s)	Loss 0.01226 (0.01197)
2021-11-02 19:04:46,567 Epoch: [8][160/200]	Time 0.463s (0.528s)	Speed 69.2 samples/s	Data 0.001s (0.002s)	Loss 0.01120 (0.01192)
2021-11-02 19:04:51,208 Epoch: [8][170/200]	Time 0.451s (0.524s)	Speed 71.0 samples/s	Data 0.001s (0.002s)	Loss 0.01419 (0.01195)
2021-11-02 19:04:55,948 Epoch: [8][180/200]	Time 0.490s (0.521s)	Speed 65.3 samples/s	Data 0.001s (0.002s)	Loss 0.01118 (0.01192)
2021-11-02 19:05:00,583 Epoch: [8][190/200]	Time 0.455s (0.518s)	Speed 70.3 samples/s	Data 0.002s (0.002s)	Loss 0.01474 (0.01191)
2021-11-02 19:05:04,868 Test: [0/200]	Time 0.067 (0.067)	Loss 0.0548 (0.0548)
2021-11-02 19:05:05,090 Test: [10/200]	Time 0.021 (0.026)	Loss 0.0129 (0.0501)
2021-11-02 19:05:05,312 Test: [20/200]	Time 0.021 (0.024)	Loss 0.0618 (0.0519)
2021-11-02 19:05:05,541 Test: [30/200]	Time 0.022 (0.024)	Loss 0.0756 (0.0568)
2021-11-02 19:05:05,780 Test: [40/200]	Time 0.022 (0.024)	Loss 0.0543 (0.0596)
2021-11-02 19:05:06,009 Test: [50/200]	Time 0.022 (0.024)	Loss 0.0729 (0.0596)
2021-11-02 19:05:06,244 Test: [60/200]	Time 0.022 (0.024)	Loss 0.0733 (0.0609)
2021-11-02 19:05:06,478 Test: [70/200]	Time 0.023 (0.024)	Loss 0.0483 (0.0615)
2021-11-02 19:05:06,718 Test: [80/200]	Time 0.024 (0.024)	Loss 0.0546 (0.0601)
2021-11-02 19:05:06,964 Test: [90/200]	Time 0.024 (0.024)	Loss 0.0892 (0.0619)
2021-11-02 19:05:07,209 Test: [100/200]	Time 0.024 (0.024)	Loss 0.0818 (0.0615)
2021-11-02 19:05:07,455 Test: [110/200]	Time 0.024 (0.024)	Loss 0.1530 (0.0621)
2021-11-02 19:05:07,700 Test: [120/200]	Time 0.024 (0.024)	Loss 0.0638 (0.0610)
2021-11-02 19:05:07,948 Test: [130/200]	Time 0.024 (0.024)	Loss 0.0725 (0.0613)
2021-11-02 19:05:08,218 Test: [140/200]	Time 0.024 (0.024)	Loss 0.0653 (0.0609)
2021-11-02 19:05:08,465 Test: [150/200]	Time 0.023 (0.024)	Loss 0.0489 (0.0598)
2021-11-02 19:05:08,713 Test: [160/200]	Time 0.024 (0.024)	Loss 0.0564 (0.0596)
2021-11-02 19:05:08,967 Test: [170/200]	Time 0.024 (0.024)	Loss 0.0473 (0.0590)
2021-11-02 19:05:09,217 Test: [180/200]	Time 0.024 (0.024)	Loss 0.0450 (0.0587)
2021-11-02 19:05:09,460 Test: [190/200]	Time 0.023 (0.024)	Loss 0.0292 (0.0584)
2021-11-02 19:05:10,488 Mean IoU score: 0.857
2021-11-02 19:05:10,489 => saving checkpoint to out
2021-11-02 19:05:11,096 Epoch: [9][0/200]	Time 0.581s (0.581s)	Speed 55.1 samples/s	Data 0.057s (0.057s)	Loss 0.01028 (0.01028)
2021-11-02 19:05:15,650 Epoch: [9][10/200]	Time 0.452s (0.467s)	Speed 70.8 samples/s	Data 0.001s (0.006s)	Loss 0.01297 (0.01056)
2021-11-02 19:05:20,354 Epoch: [9][20/200]	Time 0.469s (0.469s)	Speed 68.3 samples/s	Data 0.002s (0.004s)	Loss 0.01023 (0.01059)
2021-11-02 19:05:25,054 Epoch: [9][30/200]	Time 0.469s (0.469s)	Speed 68.2 samples/s	Data 0.001s (0.003s)	Loss 0.00991 (0.01084)
2021-11-02 19:05:29,746 Epoch: [9][40/200]	Time 0.457s (0.469s)	Speed 70.0 samples/s	Data 0.001s (0.003s)	Loss 0.00790 (0.01057)
2021-11-02 19:05:34,447 Epoch: [9][50/200]	Time 0.457s (0.469s)	Speed 70.0 samples/s	Data 0.002s (0.002s)	Loss 0.01383 (0.01067)
2021-11-02 19:05:39,139 Epoch: [9][60/200]	Time 0.462s (0.469s)	Speed 69.2 samples/s	Data 0.002s (0.002s)	Loss 0.01102 (0.01067)
2021-11-02 19:05:43,827 Epoch: [9][70/200]	Time 0.466s (0.469s)	Speed 68.7 samples/s	Data 0.001s (0.002s)	Loss 0.01160 (0.01067)
2021-11-02 19:05:48,534 Epoch: [9][80/200]	Time 0.469s (0.469s)	Speed 68.2 samples/s	Data 0.001s (0.002s)	Loss 0.01328 (0.01068)
2021-11-02 19:05:53,227 Epoch: [9][90/200]	Time 0.469s (0.469s)	Speed 68.2 samples/s	Data 0.001s (0.002s)	Loss 0.01398 (0.01061)
2021-11-02 19:05:57,912 Epoch: [9][100/200]	Time 0.468s (0.469s)	Speed 68.4 samples/s	Data 0.001s (0.002s)	Loss 0.01114 (0.01061)
2021-11-02 19:06:02,595 Epoch: [9][110/200]	Time 0.458s (0.469s)	Speed 69.9 samples/s	Data 0.002s (0.002s)	Loss 0.00843 (0.01056)
2021-11-02 19:06:07,304 Epoch: [9][120/200]	Time 0.470s (0.469s)	Speed 68.1 samples/s	Data 0.001s (0.002s)	Loss 0.01191 (0.01054)
2021-11-02 19:06:11,988 Epoch: [9][130/200]	Time 0.461s (0.469s)	Speed 69.4 samples/s	Data 0.001s (0.002s)	Loss 0.00946 (0.01056)
2021-11-02 19:06:16,683 Epoch: [9][140/200]	Time 0.468s (0.469s)	Speed 68.3 samples/s	Data 0.001s (0.002s)	Loss 0.01035 (0.01057)
2021-11-02 19:06:21,404 Epoch: [9][150/200]	Time 0.470s (0.469s)	Speed 68.1 samples/s	Data 0.001s (0.002s)	Loss 0.01333 (0.01060)
2021-11-02 19:06:26,058 Epoch: [9][160/200]	Time 0.468s (0.469s)	Speed 68.4 samples/s	Data 0.001s (0.002s)	Loss 0.00956 (0.01062)
2021-11-02 19:06:33,246 Epoch: [9][170/200]	Time 0.945s (0.484s)	Speed 33.9 samples/s	Data 0.002s (0.002s)	Loss 0.01268 (0.01065)
2021-11-02 19:06:42,750 Epoch: [9][180/200]	Time 0.878s (0.510s)	Speed 36.4 samples/s	Data 0.002s (0.002s)	Loss 0.00999 (0.01063)
2021-11-02 19:06:51,207 Epoch: [9][190/200]	Time 0.804s (0.527s)	Speed 39.8 samples/s	Data 0.002s (0.002s)	Loss 0.01020 (0.01068)
2021-11-02 19:06:56,002 Test: [0/200]	Time 0.069 (0.069)	Loss 0.0591 (0.0591)
2021-11-02 19:06:56,221 Test: [10/200]	Time 0.019 (0.026)	Loss 0.0154 (0.0496)
2021-11-02 19:06:56,432 Test: [20/200]	Time 0.020 (0.024)	Loss 0.0488 (0.0495)
2021-11-02 19:06:56,643 Test: [30/200]	Time 0.021 (0.023)	Loss 0.0807 (0.0546)
2021-11-02 19:06:56,864 Test: [40/200]	Time 0.021 (0.023)	Loss 0.0567 (0.0583)
2021-11-02 19:06:57,086 Test: [50/200]	Time 0.020 (0.023)	Loss 0.0689 (0.0581)
2021-11-02 19:06:57,301 Test: [60/200]	Time 0.021 (0.022)	Loss 0.0849 (0.0602)
2021-11-02 19:06:57,520 Test: [70/200]	Time 0.021 (0.022)	Loss 0.0413 (0.0608)
2021-11-02 19:06:57,747 Test: [80/200]	Time 0.022 (0.022)	Loss 0.0561 (0.0595)
2021-11-02 19:06:57,978 Test: [90/200]	Time 0.022 (0.022)	Loss 0.0801 (0.0608)
2021-11-02 19:06:58,209 Test: [100/200]	Time 0.022 (0.023)	Loss 0.0847 (0.0603)
2021-11-02 19:06:58,438 Test: [110/200]	Time 0.022 (0.023)	Loss 0.1447 (0.0610)
2021-11-02 19:06:58,665 Test: [120/200]	Time 0.021 (0.023)	Loss 0.0595 (0.0599)
2021-11-02 19:06:58,887 Test: [130/200]	Time 0.021 (0.023)	Loss 0.0606 (0.0603)
2021-11-02 19:06:59,113 Test: [140/200]	Time 0.022 (0.023)	Loss 0.0509 (0.0599)
2021-11-02 19:06:59,336 Test: [150/200]	Time 0.022 (0.023)	Loss 0.0552 (0.0589)
2021-11-02 19:06:59,573 Test: [160/200]	Time 0.023 (0.023)	Loss 0.0619 (0.0587)
2021-11-02 19:06:59,810 Test: [170/200]	Time 0.022 (0.023)	Loss 0.0426 (0.0582)
2021-11-02 19:07:00,049 Test: [180/200]	Time 0.023 (0.023)	Loss 0.0417 (0.0580)
2021-11-02 19:07:00,288 Test: [190/200]	Time 0.023 (0.023)	Loss 0.0273 (0.0578)
2021-11-02 19:07:01,260 Mean IoU score: 0.858
2021-11-02 19:07:01,261 => saving checkpoint to out
2021-11-02 19:07:01,852 Epoch: [10][0/200]	Time 0.565s (0.565s)	Speed 56.6 samples/s	Data 0.059s (0.059s)	Loss 0.00833 (0.00833)
2021-11-02 19:07:06,287 Epoch: [10][10/200]	Time 0.451s (0.455s)	Speed 70.9 samples/s	Data 0.001s (0.007s)	Loss 0.00994 (0.00981)
2021-11-02 19:07:10,883 Epoch: [10][20/200]	Time 0.459s (0.457s)	Speed 69.7 samples/s	Data 0.001s (0.004s)	Loss 0.00876 (0.00948)
2021-11-02 19:07:15,476 Epoch: [10][30/200]	Time 0.451s (0.458s)	Speed 71.0 samples/s	Data 0.001s (0.003s)	Loss 0.01137 (0.00965)
2021-11-02 19:07:20,089 Epoch: [10][40/200]	Time 0.461s (0.459s)	Speed 69.4 samples/s	Data 0.001s (0.003s)	Loss 0.01059 (0.00969)
2021-11-02 19:07:24,714 Epoch: [10][50/200]	Time 0.464s (0.459s)	Speed 68.9 samples/s	Data 0.001s (0.003s)	Loss 0.01088 (0.00985)
2021-11-02 19:07:29,333 Epoch: [10][60/200]	Time 0.455s (0.460s)	Speed 70.3 samples/s	Data 0.002s (0.002s)	Loss 0.01110 (0.00980)
2021-11-02 19:07:34,027 Epoch: [10][70/200]	Time 0.462s (0.461s)	Speed 69.3 samples/s	Data 0.001s (0.002s)	Loss 0.00934 (0.00981)
2021-11-02 19:07:38,659 Epoch: [10][80/200]	Time 0.465s (0.461s)	Speed 68.8 samples/s	Data 0.001s (0.002s)	Loss 0.00892 (0.00982)
2021-11-02 19:07:43,377 Epoch: [10][90/200]	Time 0.541s (0.463s)	Speed 59.1 samples/s	Data 0.001s (0.002s)	Loss 0.00942 (0.00980)
2021-11-02 19:07:48,045 Epoch: [10][100/200]	Time 0.471s (0.463s)	Speed 68.0 samples/s	Data 0.001s (0.002s)	Loss 0.01026 (0.00983)
2021-11-02 19:07:52,715 Epoch: [10][110/200]	Time 0.471s (0.463s)	Speed 67.9 samples/s	Data 0.001s (0.002s)	Loss 0.00988 (0.00987)
2021-11-02 19:07:57,367 Epoch: [10][120/200]	Time 0.464s (0.463s)	Speed 69.0 samples/s	Data 0.001s (0.002s)	Loss 0.01031 (0.00988)
2021-11-02 19:08:02,056 Epoch: [10][130/200]	Time 0.463s (0.464s)	Speed 69.2 samples/s	Data 0.001s (0.002s)	Loss 0.00772 (0.00988)
2021-11-02 19:08:06,758 Epoch: [10][140/200]	Time 0.463s (0.464s)	Speed 69.2 samples/s	Data 0.002s (0.002s)	Loss 0.01007 (0.00993)
2021-11-02 19:08:11,408 Epoch: [10][150/200]	Time 0.455s (0.464s)	Speed 70.4 samples/s	Data 0.001s (0.002s)	Loss 0.01483 (0.00995)
2021-11-02 19:08:16,029 Epoch: [10][160/200]	Time 0.458s (0.464s)	Speed 69.8 samples/s	Data 0.001s (0.002s)	Loss 0.01210 (0.01004)
2021-11-02 19:08:20,674 Epoch: [10][170/200]	Time 0.470s (0.464s)	Speed 68.1 samples/s	Data 0.001s (0.002s)	Loss 0.00712 (0.00999)
2021-11-02 19:08:25,316 Epoch: [10][180/200]	Time 0.469s (0.464s)	Speed 68.2 samples/s	Data 0.001s (0.002s)	Loss 0.00965 (0.01001)
2021-11-02 19:08:29,979 Epoch: [10][190/200]	Time 0.464s (0.464s)	Speed 68.9 samples/s	Data 0.001s (0.002s)	Loss 0.01081 (0.01000)
2021-11-02 19:08:34,275 Test: [0/200]	Time 0.059 (0.059)	Loss 0.0778 (0.0778)
2021-11-02 19:08:34,503 Test: [10/200]	Time 0.021 (0.026)	Loss 0.0231 (0.0609)
2021-11-02 19:08:34,725 Test: [20/200]	Time 0.020 (0.024)	Loss 0.0469 (0.0618)
2021-11-02 19:08:34,953 Test: [30/200]	Time 0.021 (0.024)	Loss 0.1045 (0.0659)
2021-11-02 19:08:35,178 Test: [40/200]	Time 0.021 (0.023)	Loss 0.0686 (0.0706)
2021-11-02 19:08:35,414 Test: [50/200]	Time 0.022 (0.023)	Loss 0.0962 (0.0688)
2021-11-02 19:08:35,650 Test: [60/200]	Time 0.023 (0.023)	Loss 0.0873 (0.0718)
2021-11-02 19:08:35,893 Test: [70/200]	Time 0.023 (0.024)	Loss 0.0614 (0.0727)
2021-11-02 19:08:36,132 Test: [80/200]	Time 0.023 (0.024)	Loss 0.0689 (0.0711)
2021-11-02 19:08:36,372 Test: [90/200]	Time 0.023 (0.024)	Loss 0.0897 (0.0729)
2021-11-02 19:08:36,618 Test: [100/200]	Time 0.024 (0.024)	Loss 0.0798 (0.0719)
2021-11-02 19:08:36,861 Test: [110/200]	Time 0.024 (0.024)	Loss 0.1625 (0.0727)
2021-11-02 19:08:37,103 Test: [120/200]	Time 0.025 (0.024)	Loss 0.0580 (0.0718)
2021-11-02 19:08:37,357 Test: [130/200]	Time 0.024 (0.024)	Loss 0.0732 (0.0726)
2021-11-02 19:08:37,609 Test: [140/200]	Time 0.024 (0.024)	Loss 0.0493 (0.0721)
2021-11-02 19:08:37,865 Test: [150/200]	Time 0.024 (0.024)	Loss 0.0652 (0.0710)
2021-11-02 19:08:38,112 Test: [160/200]	Time 0.024 (0.024)	Loss 0.0694 (0.0711)
2021-11-02 19:08:38,360 Test: [170/200]	Time 0.024 (0.024)	Loss 0.0425 (0.0706)
2021-11-02 19:08:38,612 Test: [180/200]	Time 0.024 (0.024)	Loss 0.0365 (0.0702)
2021-11-02 19:08:38,866 Test: [190/200]	Time 0.024 (0.024)	Loss 0.0268 (0.0701)
2021-11-02 19:08:39,891 Mean IoU score: 0.835
2021-11-02 19:08:39,891 => saving checkpoint to out
2021-11-02 19:08:40,513 Epoch: [11][0/200]	Time 0.607s (0.607s)	Speed 52.7 samples/s	Data 0.069s (0.069s)	Loss 0.00775 (0.00775)
2021-11-02 19:08:45,004 Epoch: [11][10/200]	Time 0.463s (0.463s)	Speed 69.2 samples/s	Data 0.001s (0.008s)	Loss 0.00746 (0.00902)
2021-11-02 19:08:49,681 Epoch: [11][20/200]	Time 0.493s (0.465s)	Speed 64.9 samples/s	Data 0.001s (0.005s)	Loss 0.00892 (0.00943)
2021-11-02 19:08:54,458 Epoch: [11][30/200]	Time 0.493s (0.469s)	Speed 64.9 samples/s	Data 0.001s (0.004s)	Loss 0.00791 (0.00922)
2021-11-02 19:08:59,123 Epoch: [11][40/200]	Time 0.465s (0.469s)	Speed 68.8 samples/s	Data 0.002s (0.003s)	Loss 0.00934 (0.00920)
2021-11-02 19:09:03,800 Epoch: [11][50/200]	Time 0.467s (0.469s)	Speed 68.5 samples/s	Data 0.001s (0.003s)	Loss 0.00941 (0.00921)
2021-11-02 19:09:09,705 Epoch: [11][60/200]	Time 0.841s (0.489s)	Speed 38.0 samples/s	Data 0.002s (0.003s)	Loss 0.00948 (0.00918)
2021-11-02 19:09:19,303 Epoch: [11][70/200]	Time 0.945s (0.555s)	Speed 33.9 samples/s	Data 0.003s (0.003s)	Loss 0.00924 (0.00921)
2021-11-02 19:09:27,616 Epoch: [11][80/200]	Time 0.570s (0.589s)	Speed 56.2 samples/s	Data 0.002s (0.003s)	Loss 0.01033 (0.00934)
2021-11-02 19:09:32,267 Epoch: [11][90/200]	Time 0.435s (0.575s)	Speed 73.5 samples/s	Data 0.001s (0.002s)	Loss 0.01006 (0.00933)
2021-11-02 19:09:36,750 Epoch: [11][100/200]	Time 0.451s (0.563s)	Speed 71.0 samples/s	Data 0.001s (0.002s)	Loss 0.00933 (0.00938)
2021-11-02 19:09:41,303 Epoch: [11][110/200]	Time 0.448s (0.553s)	Speed 71.3 samples/s	Data 0.001s (0.002s)	Loss 0.00847 (0.00932)
2021-11-02 19:09:45,871 Epoch: [11][120/200]	Time 0.463s (0.545s)	Speed 69.1 samples/s	Data 0.001s (0.002s)	Loss 0.01100 (0.00935)
2021-11-02 19:09:50,490 Epoch: [11][130/200]	Time 0.449s (0.539s)	Speed 71.3 samples/s	Data 0.001s (0.002s)	Loss 0.00952 (0.00940)
2021-11-02 19:09:55,103 Epoch: [11][140/200]	Time 0.453s (0.533s)	Speed 70.7 samples/s	Data 0.001s (0.002s)	Loss 0.01008 (0.00937)
2021-11-02 19:09:59,783 Epoch: [11][150/200]	Time 0.461s (0.529s)	Speed 69.5 samples/s	Data 0.001s (0.002s)	Loss 0.00810 (0.00937)
2021-11-02 19:10:04,428 Epoch: [11][160/200]	Time 0.466s (0.525s)	Speed 68.7 samples/s	Data 0.001s (0.002s)	Loss 0.01044 (0.00943)
2021-11-02 19:10:09,051 Epoch: [11][170/200]	Time 0.456s (0.521s)	Speed 70.1 samples/s	Data 0.001s (0.002s)	Loss 0.00880 (0.00948)
2021-11-02 19:10:13,699 Epoch: [11][180/200]	Time 0.465s (0.518s)	Speed 68.9 samples/s	Data 0.001s (0.002s)	Loss 0.00906 (0.00948)
2021-11-02 19:10:18,364 Epoch: [11][190/200]	Time 0.464s (0.515s)	Speed 69.0 samples/s	Data 0.001s (0.002s)	Loss 0.00805 (0.00950)
2021-11-02 19:10:22,665 Test: [0/200]	Time 0.075 (0.075)	Loss 0.0652 (0.0652)
2021-11-02 19:10:22,947 Test: [10/200]	Time 0.020 (0.032)	Loss 0.0202 (0.0505)
2021-11-02 19:10:23,167 Test: [20/200]	Time 0.021 (0.027)	Loss 0.0564 (0.0512)
2021-11-02 19:10:23,387 Test: [30/200]	Time 0.021 (0.026)	Loss 0.0838 (0.0565)
2021-11-02 19:10:23,610 Test: [40/200]	Time 0.022 (0.025)	Loss 0.0581 (0.0594)
2021-11-02 19:10:23,844 Test: [50/200]	Time 0.022 (0.025)	Loss 0.0745 (0.0591)
2021-11-02 19:10:24,079 Test: [60/200]	Time 0.023 (0.024)	Loss 0.0946 (0.0614)
2021-11-02 19:10:24,315 Test: [70/200]	Time 0.023 (0.024)	Loss 0.0570 (0.0620)
2021-11-02 19:10:24,560 Test: [80/200]	Time 0.023 (0.024)	Loss 0.0619 (0.0611)
2021-11-02 19:10:24,792 Test: [90/200]	Time 0.022 (0.024)	Loss 0.0847 (0.0625)
2021-11-02 19:10:25,024 Test: [100/200]	Time 0.022 (0.024)	Loss 0.0853 (0.0622)
2021-11-02 19:10:25,260 Test: [110/200]	Time 0.022 (0.024)	Loss 0.1592 (0.0630)
2021-11-02 19:10:25,492 Test: [120/200]	Time 0.023 (0.024)	Loss 0.0620 (0.0620)
2021-11-02 19:10:25,726 Test: [130/200]	Time 0.022 (0.024)	Loss 0.0728 (0.0623)
2021-11-02 19:10:25,968 Test: [140/200]	Time 0.023 (0.024)	Loss 0.0696 (0.0620)
2021-11-02 19:10:26,206 Test: [150/200]	Time 0.023 (0.024)	Loss 0.0591 (0.0609)
2021-11-02 19:10:26,454 Test: [160/200]	Time 0.022 (0.024)	Loss 0.0568 (0.0607)
2021-11-02 19:10:26,698 Test: [170/200]	Time 0.023 (0.024)	Loss 0.0440 (0.0601)
2021-11-02 19:10:26,938 Test: [180/200]	Time 0.023 (0.024)	Loss 0.0422 (0.0598)
2021-11-02 19:10:27,182 Test: [190/200]	Time 0.024 (0.024)	Loss 0.0266 (0.0594)
2021-11-02 19:10:28,204 Mean IoU score: 0.854
2021-11-02 19:10:28,205 => saving checkpoint to out
2021-11-02 19:10:28,832 Epoch: [12][0/200]	Time 0.611s (0.611s)	Speed 52.4 samples/s	Data 0.069s (0.069s)	Loss 0.00822 (0.00822)
2021-11-02 19:10:33,384 Epoch: [12][10/200]	Time 0.464s (0.469s)	Speed 69.0 samples/s	Data 0.001s (0.008s)	Loss 0.00874 (0.00870)
2021-11-02 19:10:37,967 Epoch: [12][20/200]	Time 0.457s (0.464s)	Speed 70.0 samples/s	Data 0.001s (0.005s)	Loss 0.00986 (0.00881)
2021-11-02 19:10:42,638 Epoch: [12][30/200]	Time 0.465s (0.465s)	Speed 68.8 samples/s	Data 0.001s (0.004s)	Loss 0.01005 (0.00915)
2021-11-02 19:10:47,292 Epoch: [12][40/200]	Time 0.465s (0.465s)	Speed 68.8 samples/s	Data 0.001s (0.003s)	Loss 0.01096 (0.00915)
2021-11-02 19:10:51,928 Epoch: [12][50/200]	Time 0.467s (0.465s)	Speed 68.5 samples/s	Data 0.001s (0.003s)	Loss 0.00663 (0.00919)
2021-11-02 19:10:56,595 Epoch: [12][60/200]	Time 0.467s (0.465s)	Speed 68.5 samples/s	Data 0.002s (0.003s)	Loss 0.01047 (0.00920)
2021-11-02 19:11:01,282 Epoch: [12][70/200]	Time 0.471s (0.466s)	Speed 68.0 samples/s	Data 0.001s (0.002s)	Loss 0.00845 (0.00925)
2021-11-02 19:11:05,967 Epoch: [12][80/200]	Time 0.471s (0.466s)	Speed 68.0 samples/s	Data 0.001s (0.002s)	Loss 0.00962 (0.00935)
2021-11-02 19:11:10,643 Epoch: [12][90/200]	Time 0.471s (0.466s)	Speed 67.9 samples/s	Data 0.001s (0.002s)	Loss 0.00760 (0.00939)
2021-11-02 19:11:15,302 Epoch: [12][100/200]	Time 0.460s (0.466s)	Speed 69.6 samples/s	Data 0.001s (0.002s)	Loss 0.00891 (0.00938)
2021-11-02 19:11:22,701 Epoch: [12][110/200]	Time 0.988s (0.491s)	Speed 32.4 samples/s	Data 0.003s (0.002s)	Loss 0.00974 (0.00940)
2021-11-02 19:11:32,143 Epoch: [12][120/200]	Time 0.859s (0.528s)	Speed 37.2 samples/s	Data 0.003s (0.002s)	Loss 0.00621 (0.00937)
2021-11-02 19:11:39,153 Epoch: [12][130/200]	Time 0.466s (0.541s)	Speed 68.6 samples/s	Data 0.001s (0.002s)	Loss 0.01086 (0.00939)
2021-11-02 19:11:43,600 Epoch: [12][140/200]	Time 0.441s (0.535s)	Speed 72.5 samples/s	Data 0.001s (0.002s)	Loss 0.00752 (0.00933)
2021-11-02 19:11:48,059 Epoch: [12][150/200]	Time 0.441s (0.529s)	Speed 72.6 samples/s	Data 0.001s (0.002s)	Loss 0.00960 (0.00935)
2021-11-02 19:11:52,597 Epoch: [12][160/200]	Time 0.456s (0.524s)	Speed 70.2 samples/s	Data 0.001s (0.002s)	Loss 0.00939 (0.00935)
2021-11-02 19:11:57,160 Epoch: [12][170/200]	Time 0.450s (0.520s)	Speed 71.2 samples/s	Data 0.001s (0.002s)	Loss 0.00952 (0.00936)
2021-11-02 19:12:01,728 Epoch: [12][180/200]	Time 0.451s (0.517s)	Speed 71.0 samples/s	Data 0.002s (0.002s)	Loss 0.00805 (0.00936)
2021-11-02 19:12:06,333 Epoch: [12][190/200]	Time 0.462s (0.514s)	Speed 69.3 samples/s	Data 0.002s (0.002s)	Loss 0.00753 (0.00932)
2021-11-02 19:12:10,618 Test: [0/200]	Time 0.082 (0.082)	Loss 0.0686 (0.0686)
2021-11-02 19:12:10,898 Test: [10/200]	Time 0.020 (0.033)	Loss 0.0162 (0.0532)
2021-11-02 19:12:11,117 Test: [20/200]	Time 0.021 (0.028)	Loss 0.0624 (0.0563)
2021-11-02 19:12:11,335 Test: [30/200]	Time 0.021 (0.026)	Loss 0.0755 (0.0617)
2021-11-02 19:12:11,556 Test: [40/200]	Time 0.021 (0.025)	Loss 0.0541 (0.0643)
2021-11-02 19:12:11,780 Test: [50/200]	Time 0.021 (0.024)	Loss 0.0859 (0.0642)
2021-11-02 19:12:12,005 Test: [60/200]	Time 0.021 (0.024)	Loss 0.0797 (0.0652)
2021-11-02 19:12:12,232 Test: [70/200]	Time 0.022 (0.024)	Loss 0.0558 (0.0655)
2021-11-02 19:12:12,486 Test: [80/200]	Time 0.028 (0.024)	Loss 0.0572 (0.0648)
2021-11-02 19:12:12,755 Test: [90/200]	Time 0.022 (0.024)	Loss 0.0815 (0.0664)
2021-11-02 19:12:12,986 Test: [100/200]	Time 0.023 (0.024)	Loss 0.0825 (0.0658)
2021-11-02 19:12:13,220 Test: [110/200]	Time 0.023 (0.024)	Loss 0.1827 (0.0672)
2021-11-02 19:12:13,454 Test: [120/200]	Time 0.022 (0.024)	Loss 0.0585 (0.0659)
2021-11-02 19:12:13,693 Test: [130/200]	Time 0.022 (0.024)	Loss 0.0641 (0.0661)
2021-11-02 19:12:13,929 Test: [140/200]	Time 0.023 (0.024)	Loss 0.0703 (0.0653)
2021-11-02 19:12:14,162 Test: [150/200]	Time 0.023 (0.024)	Loss 0.0626 (0.0642)
2021-11-02 19:12:14,400 Test: [160/200]	Time 0.023 (0.024)	Loss 0.0571 (0.0641)
2021-11-02 19:12:14,660 Test: [170/200]	Time 0.024 (0.024)	Loss 0.0528 (0.0637)
2021-11-02 19:12:14,905 Test: [180/200]	Time 0.023 (0.024)	Loss 0.0344 (0.0635)
2021-11-02 19:12:15,139 Test: [190/200]	Time 0.022 (0.024)	Loss 0.0249 (0.0632)
2021-11-02 19:12:16,153 Mean IoU score: 0.852
2021-11-02 19:12:16,154 => saving checkpoint to out
2021-11-02 19:12:16,783 Epoch: [13][0/200]	Time 0.616s (0.616s)	Speed 51.9 samples/s	Data 0.072s (0.072s)	Loss 0.00931 (0.00931)
2021-11-02 19:12:21,278 Epoch: [13][10/200]	Time 0.450s (0.465s)	Speed 71.0 samples/s	Data 0.001s (0.008s)	Loss 0.00718 (0.00918)
2021-11-02 19:12:25,924 Epoch: [13][20/200]	Time 0.465s (0.465s)	Speed 68.8 samples/s	Data 0.001s (0.005s)	Loss 0.00726 (0.00903)
2021-11-02 19:12:30,616 Epoch: [13][30/200]	Time 0.465s (0.466s)	Speed 68.8 samples/s	Data 0.001s (0.004s)	Loss 0.00609 (0.00887)
2021-11-02 19:12:35,288 Epoch: [13][40/200]	Time 0.466s (0.466s)	Speed 68.7 samples/s	Data 0.001s (0.003s)	Loss 0.00729 (0.00878)
2021-11-02 19:12:39,966 Epoch: [13][50/200]	Time 0.472s (0.467s)	Speed 67.8 samples/s	Data 0.001s (0.003s)	Loss 0.00863 (0.00866)
2021-11-02 19:12:44,641 Epoch: [13][60/200]	Time 0.468s (0.467s)	Speed 68.4 samples/s	Data 0.001s (0.003s)	Loss 0.00971 (0.00868)
2021-11-02 19:12:49,369 Epoch: [13][70/200]	Time 0.486s (0.468s)	Speed 65.8 samples/s	Data 0.001s (0.002s)	Loss 0.00747 (0.00861)
2021-11-02 19:12:54,105 Epoch: [13][80/200]	Time 0.468s (0.468s)	Speed 68.3 samples/s	Data 0.001s (0.002s)	Loss 0.01106 (0.00865)
2021-11-02 19:12:58,761 Epoch: [13][90/200]	Time 0.478s (0.468s)	Speed 66.9 samples/s	Data 0.002s (0.002s)	Loss 0.01023 (0.00870)
2021-11-02 19:13:03,401 Epoch: [13][100/200]	Time 0.466s (0.468s)	Speed 68.7 samples/s	Data 0.001s (0.002s)	Loss 0.00947 (0.00872)
2021-11-02 19:13:08,088 Epoch: [13][110/200]	Time 0.475s (0.468s)	Speed 67.4 samples/s	Data 0.001s (0.002s)	Loss 0.01107 (0.00867)
2021-11-02 19:13:12,766 Epoch: [13][120/200]	Time 0.466s (0.468s)	Speed 68.7 samples/s	Data 0.001s (0.002s)	Loss 0.00922 (0.00863)
2021-11-02 19:13:17,425 Epoch: [13][130/200]	Time 0.468s (0.468s)	Speed 68.3 samples/s	Data 0.001s (0.002s)	Loss 0.00749 (0.00871)
2021-11-02 19:13:22,101 Epoch: [13][140/200]	Time 0.468s (0.468s)	Speed 68.3 samples/s	Data 0.002s (0.002s)	Loss 0.00948 (0.00871)
2021-11-02 19:13:26,817 Epoch: [13][150/200]	Time 0.470s (0.468s)	Speed 68.1 samples/s	Data 0.001s (0.002s)	Loss 0.00607 (0.00866)
2021-11-02 19:13:33,585 Epoch: [13][160/200]	Time 0.946s (0.481s)	Speed 33.8 samples/s	Data 0.002s (0.002s)	Loss 0.00762 (0.00865)
2021-11-02 19:13:43,221 Epoch: [13][170/200]	Time 0.907s (0.509s)	Speed 35.3 samples/s	Data 0.002s (0.002s)	Loss 0.00754 (0.00870)
2021-11-02 19:13:51,555 Epoch: [13][180/200]	Time 0.606s (0.527s)	Speed 52.8 samples/s	Data 0.002s (0.002s)	Loss 0.01107 (0.00873)
2021-11-02 19:13:56,199 Epoch: [13][190/200]	Time 0.439s (0.524s)	Speed 72.8 samples/s	Data 0.001s (0.002s)	Loss 0.00856 (0.00874)
2021-11-02 19:14:00,290 Test: [0/200]	Time 0.056 (0.056)	Loss 0.0558 (0.0558)
2021-11-02 19:14:00,515 Test: [10/200]	Time 0.020 (0.026)	Loss 0.0113 (0.0574)
2021-11-02 19:14:00,729 Test: [20/200]	Time 0.020 (0.024)	Loss 0.0528 (0.0577)
2021-11-02 19:14:00,950 Test: [30/200]	Time 0.021 (0.023)	Loss 0.0859 (0.0600)
2021-11-02 19:14:01,167 Test: [40/200]	Time 0.020 (0.023)	Loss 0.0629 (0.0647)
2021-11-02 19:14:01,388 Test: [50/200]	Time 0.021 (0.023)	Loss 0.0806 (0.0638)
2021-11-02 19:14:01,610 Test: [60/200]	Time 0.021 (0.023)	Loss 0.0856 (0.0657)
2021-11-02 19:14:01,830 Test: [70/200]	Time 0.021 (0.022)	Loss 0.0444 (0.0662)
2021-11-02 19:14:02,056 Test: [80/200]	Time 0.022 (0.022)	Loss 0.0775 (0.0651)
2021-11-02 19:14:02,284 Test: [90/200]	Time 0.022 (0.023)	Loss 0.0915 (0.0673)
2021-11-02 19:14:02,513 Test: [100/200]	Time 0.022 (0.023)	Loss 0.0809 (0.0666)
2021-11-02 19:14:02,741 Test: [110/200]	Time 0.022 (0.023)	Loss 0.1558 (0.0675)
2021-11-02 19:14:02,970 Test: [120/200]	Time 0.022 (0.023)	Loss 0.0634 (0.0661)
2021-11-02 19:14:03,204 Test: [130/200]	Time 0.022 (0.023)	Loss 0.0742 (0.0666)
2021-11-02 19:14:03,441 Test: [140/200]	Time 0.023 (0.023)	Loss 0.0658 (0.0664)
2021-11-02 19:14:03,679 Test: [150/200]	Time 0.024 (0.023)	Loss 0.0476 (0.0652)
2021-11-02 19:14:03,923 Test: [160/200]	Time 0.024 (0.023)	Loss 0.0652 (0.0649)
2021-11-02 19:14:04,168 Test: [170/200]	Time 0.023 (0.023)	Loss 0.0525 (0.0643)
2021-11-02 19:14:04,415 Test: [180/200]	Time 0.022 (0.023)	Loss 0.0432 (0.0639)
2021-11-02 19:14:04,647 Test: [190/200]	Time 0.022 (0.023)	Loss 0.0287 (0.0639)
2021-11-02 19:14:05,634 Mean IoU score: 0.848
2021-11-02 19:14:05,635 => saving checkpoint to out
2021-11-02 19:14:06,249 Epoch: [14][0/200]	Time 0.592s (0.592s)	Speed 54.1 samples/s	Data 0.070s (0.070s)	Loss 0.00760 (0.00760)
2021-11-02 19:14:10,748 Epoch: [14][10/200]	Time 0.471s (0.463s)	Speed 68.0 samples/s	Data 0.001s (0.008s)	Loss 0.00763 (0.00971)
2021-11-02 19:14:15,378 Epoch: [14][20/200]	Time 0.469s (0.463s)	Speed 68.2 samples/s	Data 0.001s (0.005s)	Loss 0.00938 (0.00971)
2021-11-02 19:14:19,986 Epoch: [14][30/200]	Time 0.460s (0.462s)	Speed 69.6 samples/s	Data 0.001s (0.004s)	Loss 0.00874 (0.00947)
2021-11-02 19:14:24,629 Epoch: [14][40/200]	Time 0.451s (0.463s)	Speed 71.0 samples/s	Data 0.001s (0.003s)	Loss 0.01000 (0.00931)
2021-11-02 19:14:29,282 Epoch: [14][50/200]	Time 0.464s (0.463s)	Speed 68.9 samples/s	Data 0.002s (0.003s)	Loss 0.00965 (0.00917)
2021-11-02 19:14:33,933 Epoch: [14][60/200]	Time 0.465s (0.464s)	Speed 68.8 samples/s	Data 0.001s (0.003s)	Loss 0.01003 (0.00915)
2021-11-02 19:14:38,615 Epoch: [14][70/200]	Time 0.467s (0.464s)	Speed 68.5 samples/s	Data 0.001s (0.002s)	Loss 0.00812 (0.00932)
2021-11-02 19:14:43,303 Epoch: [14][80/200]	Time 0.466s (0.465s)	Speed 68.7 samples/s	Data 0.001s (0.002s)	Loss 0.02342 (0.01018)
2021-11-02 19:14:47,917 Epoch: [14][90/200]	Time 0.455s (0.464s)	Speed 70.3 samples/s	Data 0.001s (0.002s)	Loss 0.02035 (0.01143)
2021-11-02 19:14:52,555 Epoch: [14][100/200]	Time 0.465s (0.464s)	Speed 68.8 samples/s	Data 0.001s (0.002s)	Loss 0.01460 (0.01230)
2021-11-02 19:14:57,232 Epoch: [14][110/200]	Time 0.469s (0.465s)	Speed 68.3 samples/s	Data 0.001s (0.002s)	Loss 0.03027 (0.01323)
2021-11-02 19:15:01,871 Epoch: [14][120/200]	Time 0.466s (0.465s)	Speed 68.6 samples/s	Data 0.001s (0.002s)	Loss 0.01651 (0.01368)
2021-11-02 19:15:06,518 Epoch: [14][130/200]	Time 0.467s (0.465s)	Speed 68.5 samples/s	Data 0.001s (0.002s)	Loss 0.01208 (0.01396)
2021-11-02 19:15:11,169 Epoch: [14][140/200]	Time 0.455s (0.465s)	Speed 70.3 samples/s	Data 0.001s (0.002s)	Loss 0.01314 (0.01415)
2021-11-02 19:15:15,826 Epoch: [14][150/200]	Time 0.467s (0.465s)	Speed 68.5 samples/s	Data 0.001s (0.002s)	Loss 0.01922 (0.01432)
2021-11-02 19:15:20,492 Epoch: [14][160/200]	Time 0.466s (0.465s)	Speed 68.7 samples/s	Data 0.001s (0.002s)	Loss 0.01746 (0.01474)
2021-11-02 19:15:25,175 Epoch: [14][170/200]	Time 0.469s (0.465s)	Speed 68.2 samples/s	Data 0.001s (0.002s)	Loss 0.01813 (0.01502)
2021-11-02 19:15:29,849 Epoch: [14][180/200]	Time 0.466s (0.465s)	Speed 68.7 samples/s	Data 0.001s (0.002s)	Loss 0.01506 (0.01513)
2021-11-02 19:15:34,562 Epoch: [14][190/200]	Time 0.471s (0.465s)	Speed 68.0 samples/s	Data 0.001s (0.002s)	Loss 0.01486 (0.01519)
2021-11-02 19:15:38,880 Test: [0/200]	Time 0.064 (0.064)	Loss 0.0957 (0.0957)
2021-11-02 19:15:39,133 Test: [10/200]	Time 0.021 (0.029)	Loss 0.0429 (0.0737)
2021-11-02 19:15:39,357 Test: [20/200]	Time 0.021 (0.026)	Loss 0.0973 (0.0845)
2021-11-02 19:15:39,581 Test: [30/200]	Time 0.022 (0.025)	Loss 0.1032 (0.0894)
2021-11-02 19:15:39,816 Test: [40/200]	Time 0.022 (0.024)	Loss 0.0669 (0.0911)
2021-11-02 19:15:40,044 Test: [50/200]	Time 0.022 (0.024)	Loss 0.1195 (0.0911)
2021-11-02 19:15:40,280 Test: [60/200]	Time 0.024 (0.024)	Loss 0.1053 (0.0923)
2021-11-02 19:15:40,541 Test: [70/200]	Time 0.036 (0.024)	Loss 0.0753 (0.0916)
2021-11-02 19:15:40,792 Test: [80/200]	Time 0.024 (0.024)	Loss 0.0962 (0.0896)
2021-11-02 19:15:41,037 Test: [90/200]	Time 0.024 (0.024)	Loss 0.1186 (0.0921)
2021-11-02 19:15:41,288 Test: [100/200]	Time 0.024 (0.024)	Loss 0.1246 (0.0922)
2021-11-02 19:15:41,535 Test: [110/200]	Time 0.024 (0.024)	Loss 0.1751 (0.0931)
2021-11-02 19:15:41,792 Test: [120/200]	Time 0.023 (0.025)	Loss 0.1017 (0.0914)
2021-11-02 19:15:42,036 Test: [130/200]	Time 0.023 (0.025)	Loss 0.0861 (0.0921)
2021-11-02 19:15:42,279 Test: [140/200]	Time 0.024 (0.025)	Loss 0.0859 (0.0909)
2021-11-02 19:15:42,528 Test: [150/200]	Time 0.024 (0.025)	Loss 0.0870 (0.0898)
2021-11-02 19:15:42,777 Test: [160/200]	Time 0.025 (0.025)	Loss 0.1147 (0.0895)
2021-11-02 19:15:43,029 Test: [170/200]	Time 0.024 (0.025)	Loss 0.0990 (0.0891)
2021-11-02 19:15:43,280 Test: [180/200]	Time 0.023 (0.025)	Loss 0.0968 (0.0886)
2021-11-02 19:15:43,524 Test: [190/200]	Time 0.024 (0.025)	Loss 0.0433 (0.0886)
2021-11-02 19:15:44,570 Mean IoU score: 0.792
2021-11-02 19:15:44,571 => saving checkpoint to out
2021-11-02 19:15:45,208 Epoch: [15][0/200]	Time 0.615s (0.615s)	Speed 52.0 samples/s	Data 0.073s (0.073s)	Loss 0.01437 (0.01437)
2021-11-02 19:15:49,797 Epoch: [15][10/200]	Time 0.463s (0.473s)	Speed 69.1 samples/s	Data 0.001s (0.008s)	Loss 0.01104 (0.01379)
2021-11-02 19:15:54,523 Epoch: [15][20/200]	Time 0.466s (0.473s)	Speed 68.6 samples/s	Data 0.001s (0.005s)	Loss 0.00780 (0.01288)
2021-11-02 19:15:59,228 Epoch: [15][30/200]	Time 0.465s (0.472s)	Speed 68.8 samples/s	Data 0.001s (0.004s)	Loss 0.01339 (0.01301)
2021-11-02 19:16:04,185 Epoch: [15][40/200]	Time 0.600s (0.478s)	Speed 53.3 samples/s	Data 0.002s (0.003s)	Loss 0.01190 (0.01291)
2021-11-02 19:16:13,123 Epoch: [15][50/200]	Time 0.947s (0.559s)	Speed 33.8 samples/s	Data 0.002s (0.003s)	Loss 0.01158 (0.01294)
2021-11-02 19:16:22,251 Epoch: [15][60/200]	Time 0.847s (0.617s)	Speed 37.8 samples/s	Data 0.002s (0.003s)	Loss 0.01173 (0.01275)
2021-11-02 19:16:28,662 Epoch: [15][70/200]	Time 0.444s (0.621s)	Speed 72.1 samples/s	Data 0.001s (0.003s)	Loss 0.01317 (0.01264)
2021-11-02 19:16:33,053 Epoch: [15][80/200]	Time 0.442s (0.598s)	Speed 72.3 samples/s	Data 0.001s (0.003s)	Loss 0.01707 (0.01266)
2021-11-02 19:16:37,523 Epoch: [15][90/200]	Time 0.447s (0.582s)	Speed 71.6 samples/s	Data 0.001s (0.003s)	Loss 0.01433 (0.01257)
2021-11-02 19:16:42,077 Epoch: [15][100/200]	Time 0.477s (0.569s)	Speed 67.2 samples/s	Data 0.002s (0.002s)	Loss 0.01047 (0.01269)
2021-11-02 19:16:46,649 Epoch: [15][110/200]	Time 0.449s (0.559s)	Speed 71.3 samples/s	Data 0.001s (0.002s)	Loss 0.00928 (0.01269)
2021-11-02 19:16:51,311 Epoch: [15][120/200]	Time 0.464s (0.551s)	Speed 68.9 samples/s	Data 0.001s (0.002s)	Loss 0.01115 (0.01265)
2021-11-02 19:16:55,954 Epoch: [15][130/200]	Time 0.461s (0.545s)	Speed 69.4 samples/s	Data 0.001s (0.002s)	Loss 0.01318 (0.01264)
2021-11-02 19:17:00,638 Epoch: [15][140/200]	Time 0.460s (0.539s)	Speed 69.5 samples/s	Data 0.001s (0.002s)	Loss 0.01142 (0.01260)
2021-11-02 19:17:05,298 Epoch: [15][150/200]	Time 0.462s (0.534s)	Speed 69.3 samples/s	Data 0.001s (0.002s)	Loss 0.01084 (0.01266)
2021-11-02 19:17:09,933 Epoch: [15][160/200]	Time 0.463s (0.530s)	Speed 69.1 samples/s	Data 0.001s (0.002s)	Loss 0.00881 (0.01267)
2021-11-02 19:17:14,560 Epoch: [15][170/200]	Time 0.446s (0.526s)	Speed 71.7 samples/s	Data 0.001s (0.002s)	Loss 0.01527 (0.01271)
2021-11-02 19:17:19,183 Epoch: [15][180/200]	Time 0.455s (0.523s)	Speed 70.3 samples/s	Data 0.001s (0.002s)	Loss 0.01121 (0.01278)
2021-11-02 19:17:23,813 Epoch: [15][190/200]	Time 0.467s (0.519s)	Speed 68.5 samples/s	Data 0.001s (0.002s)	Loss 0.01529 (0.01295)
2021-11-02 19:17:28,080 Test: [0/200]	Time 0.070 (0.070)	Loss 0.1029 (0.1029)
2021-11-02 19:17:28,304 Test: [10/200]	Time 0.021 (0.027)	Loss 0.0150 (0.0772)
2021-11-02 19:17:28,530 Test: [20/200]	Time 0.021 (0.025)	Loss 0.0765 (0.0785)
2021-11-02 19:17:28,783 Test: [30/200]	Time 0.023 (0.025)	Loss 0.0821 (0.0833)
2021-11-02 19:17:29,023 Test: [40/200]	Time 0.023 (0.025)	Loss 0.1234 (0.0873)
2021-11-02 19:17:29,264 Test: [50/200]	Time 0.023 (0.025)	Loss 0.1328 (0.0869)
2021-11-02 19:17:29,504 Test: [60/200]	Time 0.023 (0.024)	Loss 0.1082 (0.0900)
2021-11-02 19:17:29,750 Test: [70/200]	Time 0.024 (0.025)	Loss 0.1063 (0.0906)
2021-11-02 19:17:30,003 Test: [80/200]	Time 0.024 (0.025)	Loss 0.0762 (0.0880)
2021-11-02 19:17:30,249 Test: [90/200]	Time 0.024 (0.025)	Loss 0.1017 (0.0896)
2021-11-02 19:17:30,495 Test: [100/200]	Time 0.024 (0.025)	Loss 0.1019 (0.0886)
2021-11-02 19:17:30,741 Test: [110/200]	Time 0.024 (0.025)	Loss 0.2206 (0.0895)
2021-11-02 19:17:30,992 Test: [120/200]	Time 0.023 (0.025)	Loss 0.0655 (0.0875)
2021-11-02 19:17:31,249 Test: [130/200]	Time 0.023 (0.025)	Loss 0.0734 (0.0873)
2021-11-02 19:17:31,493 Test: [140/200]	Time 0.023 (0.025)	Loss 0.0674 (0.0862)
2021-11-02 19:17:31,735 Test: [150/200]	Time 0.024 (0.025)	Loss 0.0829 (0.0850)
2021-11-02 19:17:31,987 Test: [160/200]	Time 0.024 (0.025)	Loss 0.0784 (0.0847)
2021-11-02 19:17:32,239 Test: [170/200]	Time 0.023 (0.025)	Loss 0.0523 (0.0837)
2021-11-02 19:17:32,482 Test: [180/200]	Time 0.023 (0.025)	Loss 0.0711 (0.0836)
2021-11-02 19:17:32,729 Test: [190/200]	Time 0.026 (0.025)	Loss 0.0366 (0.0842)
2021-11-02 19:17:33,758 Mean IoU score: 0.800
2021-11-02 19:17:33,758 => saving checkpoint to out
2021-11-02 19:17:34,375 Epoch: [16][0/200]	Time 0.601s (0.601s)	Speed 53.3 samples/s	Data 0.075s (0.075s)	Loss 0.01095 (0.01095)
2021-11-02 19:17:38,943 Epoch: [16][10/200]	Time 0.460s (0.470s)	Speed 69.6 samples/s	Data 0.001s (0.008s)	Loss 0.01310 (0.01157)
2021-11-02 19:17:43,594 Epoch: [16][20/200]	Time 0.474s (0.468s)	Speed 67.5 samples/s	Data 0.001s (0.005s)	Loss 0.00979 (0.01122)
2021-11-02 19:17:48,216 Epoch: [16][30/200]	Time 0.469s (0.466s)	Speed 68.3 samples/s	Data 0.001s (0.004s)	Loss 0.01028 (0.01102)
2021-11-02 19:17:52,893 Epoch: [16][40/200]	Time 0.468s (0.466s)	Speed 68.4 samples/s	Data 0.001s (0.003s)	Loss 0.01039 (0.01076)
2021-11-02 19:17:57,508 Epoch: [16][50/200]	Time 0.454s (0.465s)	Speed 70.4 samples/s	Data 0.001s (0.003s)	Loss 0.00832 (0.01039)
2021-11-02 19:18:02,155 Epoch: [16][60/200]	Time 0.466s (0.465s)	Speed 68.7 samples/s	Data 0.001s (0.003s)	Loss 0.01445 (0.01043)
2021-11-02 19:18:06,832 Epoch: [16][70/200]	Time 0.467s (0.466s)	Speed 68.5 samples/s	Data 0.001s (0.002s)	Loss 0.00895 (0.01025)
2021-11-02 19:18:11,491 Epoch: [16][80/200]	Time 0.468s (0.466s)	Speed 68.4 samples/s	Data 0.002s (0.002s)	Loss 0.01170 (0.01019)
2021-11-02 19:18:16,165 Epoch: [16][90/200]	Time 0.469s (0.466s)	Speed 68.2 samples/s	Data 0.001s (0.002s)	Loss 0.00889 (0.01013)
2021-11-02 19:18:20,889 Epoch: [16][100/200]	Time 0.460s (0.466s)	Speed 69.5 samples/s	Data 0.001s (0.002s)	Loss 0.01167 (0.01012)
2021-11-02 19:18:25,553 Epoch: [16][110/200]	Time 0.465s (0.466s)	Speed 68.8 samples/s	Data 0.001s (0.002s)	Loss 0.00772 (0.01004)
2021-11-02 19:18:30,205 Epoch: [16][120/200]	Time 0.459s (0.466s)	Speed 69.6 samples/s	Data 0.001s (0.002s)	Loss 0.00884 (0.01004)
2021-11-02 19:18:34,855 Epoch: [16][130/200]	Time 0.468s (0.466s)	Speed 68.3 samples/s	Data 0.001s (0.002s)	Loss 0.00658 (0.00991)
2021-11-02 19:18:40,253 Epoch: [16][140/200]	Time 0.732s (0.471s)	Speed 43.7 samples/s	Data 0.002s (0.002s)	Loss 0.00938 (0.00987)
2021-11-02 19:18:49,691 Epoch: [16][150/200]	Time 0.925s (0.503s)	Speed 34.6 samples/s	Data 0.002s (0.002s)	Loss 0.01048 (0.00985)
2021-11-02 19:18:58,615 Epoch: [16][160/200]	Time 0.836s (0.527s)	Speed 38.3 samples/s	Data 0.003s (0.002s)	Loss 0.00971 (0.00980)
2021-11-02 19:19:05,220 Epoch: [16][170/200]	Time 0.460s (0.535s)	Speed 69.6 samples/s	Data 0.001s (0.002s)	Loss 0.00833 (0.00978)
2021-11-02 19:19:09,626 Epoch: [16][180/200]	Time 0.464s (0.530s)	Speed 69.0 samples/s	Data 0.001s (0.002s)	Loss 0.00947 (0.00970)
2021-11-02 19:19:14,104 Epoch: [16][190/200]	Time 0.473s (0.525s)	Speed 67.7 samples/s	Data 0.001s (0.002s)	Loss 0.00840 (0.00965)
2021-11-02 19:19:18,199 Test: [0/200]	Time 0.061 (0.061)	Loss 0.0615 (0.0615)
2021-11-02 19:19:18,433 Test: [10/200]	Time 0.020 (0.027)	Loss 0.0076 (0.0507)
2021-11-02 19:19:18,647 Test: [20/200]	Time 0.021 (0.024)	Loss 0.0678 (0.0513)
2021-11-02 19:19:18,868 Test: [30/200]	Time 0.021 (0.024)	Loss 0.0642 (0.0554)
2021-11-02 19:19:19,091 Test: [40/200]	Time 0.021 (0.023)	Loss 0.0515 (0.0570)
2021-11-02 19:19:19,328 Test: [50/200]	Time 0.033 (0.023)	Loss 0.0734 (0.0572)
2021-11-02 19:19:19,554 Test: [60/200]	Time 0.021 (0.023)	Loss 0.0668 (0.0592)
2021-11-02 19:19:19,794 Test: [70/200]	Time 0.023 (0.023)	Loss 0.0461 (0.0593)
2021-11-02 19:19:20,023 Test: [80/200]	Time 0.022 (0.023)	Loss 0.0598 (0.0581)
2021-11-02 19:19:20,255 Test: [90/200]	Time 0.022 (0.023)	Loss 0.0667 (0.0596)
2021-11-02 19:19:20,489 Test: [100/200]	Time 0.023 (0.023)	Loss 0.0656 (0.0589)
2021-11-02 19:19:20,725 Test: [110/200]	Time 0.023 (0.023)	Loss 0.1670 (0.0595)
2021-11-02 19:19:20,966 Test: [120/200]	Time 0.023 (0.023)	Loss 0.0557 (0.0583)
2021-11-02 19:19:21,205 Test: [130/200]	Time 0.023 (0.023)	Loss 0.0815 (0.0585)
2021-11-02 19:19:21,437 Test: [140/200]	Time 0.023 (0.023)	Loss 0.0527 (0.0580)
2021-11-02 19:19:21,678 Test: [150/200]	Time 0.023 (0.023)	Loss 0.0436 (0.0570)
2021-11-02 19:19:21,920 Test: [160/200]	Time 0.023 (0.023)	Loss 0.0570 (0.0568)
2021-11-02 19:19:22,170 Test: [170/200]	Time 0.023 (0.024)	Loss 0.0403 (0.0561)
2021-11-02 19:19:22,411 Test: [180/200]	Time 0.023 (0.024)	Loss 0.0468 (0.0560)
2021-11-02 19:19:22,650 Test: [190/200]	Time 0.023 (0.024)	Loss 0.0237 (0.0560)
2021-11-02 19:19:23,666 Mean IoU score: 0.862
2021-11-02 19:19:23,666 => saving checkpoint to out
2021-11-02 19:19:24,305 Epoch: [17][0/200]	Time 0.620s (0.620s)	Speed 51.6 samples/s	Data 0.077s (0.077s)	Loss 0.00830 (0.00830)
2021-11-02 19:19:28,829 Epoch: [17][10/200]	Time 0.460s (0.468s)	Speed 69.6 samples/s	Data 0.001s (0.008s)	Loss 0.00773 (0.00854)
2021-11-02 19:19:33,443 Epoch: [17][20/200]	Time 0.466s (0.465s)	Speed 68.7 samples/s	Data 0.001s (0.005s)	Loss 0.00940 (0.00820)
2021-11-02 19:19:38,080 Epoch: [17][30/200]	Time 0.463s (0.464s)	Speed 69.2 samples/s	Data 0.002s (0.004s)	Loss 0.00818 (0.00817)
2021-11-02 19:19:42,728 Epoch: [17][40/200]	Time 0.446s (0.464s)	Speed 71.7 samples/s	Data 0.001s (0.003s)	Loss 0.00584 (0.00800)
2021-11-02 19:19:47,420 Epoch: [17][50/200]	Time 0.450s (0.465s)	Speed 71.2 samples/s	Data 0.001s (0.003s)	Loss 0.00797 (0.00803)
2021-11-02 19:19:52,108 Epoch: [17][60/200]	Time 0.464s (0.466s)	Speed 69.0 samples/s	Data 0.001s (0.003s)	Loss 0.01049 (0.00811)
2021-11-02 19:19:56,768 Epoch: [17][70/200]	Time 0.467s (0.466s)	Speed 68.6 samples/s	Data 0.001s (0.002s)	Loss 0.00933 (0.00808)
2021-11-02 19:20:01,436 Epoch: [17][80/200]	Time 0.463s (0.466s)	Speed 69.0 samples/s	Data 0.001s (0.002s)	Loss 0.00777 (0.00809)
2021-11-02 19:20:06,101 Epoch: [17][90/200]	Time 0.457s (0.466s)	Speed 70.0 samples/s	Data 0.001s (0.002s)	Loss 0.00630 (0.00803)
2021-11-02 19:20:10,724 Epoch: [17][100/200]	Time 0.465s (0.466s)	Speed 68.8 samples/s	Data 0.001s (0.002s)	Loss 0.00743 (0.00803)
2021-11-02 19:20:15,352 Epoch: [17][110/200]	Time 0.466s (0.465s)	Speed 68.6 samples/s	Data 0.001s (0.002s)	Loss 0.00821 (0.00803)
2021-11-02 19:20:19,982 Epoch: [17][120/200]	Time 0.468s (0.465s)	Speed 68.4 samples/s	Data 0.001s (0.002s)	Loss 0.00757 (0.00802)
2021-11-02 19:20:24,615 Epoch: [17][130/200]	Time 0.464s (0.465s)	Speed 69.0 samples/s	Data 0.001s (0.002s)	Loss 0.00743 (0.00800)
2021-11-02 19:20:29,255 Epoch: [17][140/200]	Time 0.469s (0.465s)	Speed 68.3 samples/s	Data 0.001s (0.002s)	Loss 0.01068 (0.00809)
2021-11-02 19:20:33,944 Epoch: [17][150/200]	Time 0.470s (0.465s)	Speed 68.0 samples/s	Data 0.001s (0.002s)	Loss 0.00867 (0.00807)
2021-11-02 19:20:38,633 Epoch: [17][160/200]	Time 0.469s (0.466s)	Speed 68.2 samples/s	Data 0.001s (0.002s)	Loss 0.01149 (0.00809)
2021-11-02 19:20:43,294 Epoch: [17][170/200]	Time 0.467s (0.466s)	Speed 68.5 samples/s	Data 0.001s (0.002s)	Loss 0.00607 (0.00807)
2021-11-02 19:20:47,973 Epoch: [17][180/200]	Time 0.471s (0.466s)	Speed 67.9 samples/s	Data 0.001s (0.002s)	Loss 0.00812 (0.00805)
2021-11-02 19:20:52,647 Epoch: [17][190/200]	Time 0.466s (0.466s)	Speed 68.7 samples/s	Data 0.001s (0.002s)	Loss 0.00824 (0.00804)
2021-11-02 19:20:56,922 Test: [0/200]	Time 0.071 (0.071)	Loss 0.0652 (0.0652)
2021-11-02 19:20:57,148 Test: [10/200]	Time 0.020 (0.027)	Loss 0.0108 (0.0489)
2021-11-02 19:20:57,412 Test: [20/200]	Time 0.023 (0.027)	Loss 0.0470 (0.0492)
2021-11-02 19:20:57,670 Test: [30/200]	Time 0.023 (0.026)	Loss 0.0622 (0.0525)
2021-11-02 19:20:57,919 Test: [40/200]	Time 0.024 (0.026)	Loss 0.0360 (0.0544)
2021-11-02 19:20:58,187 Test: [50/200]	Time 0.027 (0.026)	Loss 0.0692 (0.0534)
2021-11-02 19:20:58,477 Test: [60/200]	Time 0.029 (0.027)	Loss 0.0685 (0.0559)
2021-11-02 19:20:58,789 Test: [70/200]	Time 0.031 (0.027)	Loss 0.0374 (0.0562)
2021-11-02 19:20:59,125 Test: [80/200]	Time 0.034 (0.028)	Loss 0.0614 (0.0550)
2021-11-02 19:20:59,560 Test: [90/200]	Time 0.037 (0.030)	Loss 0.0622 (0.0568)
2021-11-02 19:20:59,936 Test: [100/200]	Time 0.037 (0.031)	Loss 0.0643 (0.0564)
2021-11-02 19:21:00,348 Test: [110/200]	Time 0.039 (0.031)	Loss 0.1627 (0.0571)
2021-11-02 19:21:00,765 Test: [120/200]	Time 0.042 (0.032)	Loss 0.0569 (0.0558)
2021-11-02 19:21:01,211 Test: [130/200]	Time 0.043 (0.033)	Loss 0.0680 (0.0560)
2021-11-02 19:21:01,691 Test: [140/200]	Time 0.047 (0.034)	Loss 0.0495 (0.0555)
2021-11-02 19:21:02,184 Test: [150/200]	Time 0.051 (0.035)	Loss 0.0479 (0.0545)
2021-11-02 19:21:02,763 Test: [160/200]	Time 0.052 (0.037)	Loss 0.0593 (0.0544)
2021-11-02 19:21:03,326 Test: [170/200]	Time 0.054 (0.038)	Loss 0.0392 (0.0538)
2021-11-02 19:21:03,943 Test: [180/200]	Time 0.060 (0.039)	Loss 0.0365 (0.0537)
2021-11-02 19:21:04,571 Test: [190/200]	Time 0.060 (0.040)	Loss 0.0226 (0.0536)
2021-11-02 19:21:07,029 Mean IoU score: 0.869
2021-11-02 19:21:07,030 => saving checkpoint to out
2021-11-02 19:21:08,186 Epoch: [18][0/200]	Time 1.112s (1.112s)	Speed 28.8 samples/s	Data 0.088s (0.088s)	Loss 0.00821 (0.00821)
2021-11-02 19:21:16,766 Epoch: [18][10/200]	Time 0.846s (0.881s)	Speed 37.8 samples/s	Data 0.002s (0.010s)	Loss 0.00678 (0.00749)
2021-11-02 19:21:24,326 Epoch: [18][20/200]	Time 0.502s (0.822s)	Speed 63.7 samples/s	Data 0.001s (0.006s)	Loss 0.00548 (0.00715)
2021-11-02 19:21:28,819 Epoch: [18][30/200]	Time 0.428s (0.701s)	Speed 74.7 samples/s	Data 0.001s (0.005s)	Loss 0.00666 (0.00713)
2021-11-02 19:21:33,279 Epoch: [18][40/200]	Time 0.449s (0.639s)	Speed 71.2 samples/s	Data 0.001s (0.004s)	Loss 0.00605 (0.00727)
2021-11-02 19:21:37,781 Epoch: [18][50/200]	Time 0.459s (0.602s)	Speed 69.7 samples/s	Data 0.001s (0.003s)	Loss 0.00590 (0.00726)
2021-11-02 19:21:42,344 Epoch: [18][60/200]	Time 0.456s (0.578s)	Speed 70.2 samples/s	Data 0.001s (0.003s)	Loss 0.00611 (0.00716)
2021-11-02 19:21:46,900 Epoch: [18][70/200]	Time 0.466s (0.561s)	Speed 68.7 samples/s	Data 0.001s (0.003s)	Loss 0.00759 (0.00714)
2021-11-02 19:21:51,489 Epoch: [18][80/200]	Time 0.451s (0.548s)	Speed 70.9 samples/s	Data 0.001s (0.003s)	Loss 0.00609 (0.00712)
2021-11-02 19:21:56,115 Epoch: [18][90/200]	Time 0.454s (0.539s)	Speed 70.5 samples/s	Data 0.002s (0.003s)	Loss 0.00798 (0.00717)
2021-11-02 19:22:00,752 Epoch: [18][100/200]	Time 0.466s (0.531s)	Speed 68.7 samples/s	Data 0.001s (0.002s)	Loss 0.00783 (0.00719)
2021-11-02 19:22:05,393 Epoch: [18][110/200]	Time 0.466s (0.525s)	Speed 68.7 samples/s	Data 0.001s (0.002s)	Loss 0.00572 (0.00717)
2021-11-02 19:22:10,012 Epoch: [18][120/200]	Time 0.454s (0.520s)	Speed 70.5 samples/s	Data 0.001s (0.002s)	Loss 0.00832 (0.00717)
2021-11-02 19:22:14,652 Epoch: [18][130/200]	Time 0.465s (0.516s)	Speed 68.9 samples/s	Data 0.001s (0.002s)	Loss 0.00794 (0.00720)
2021-11-02 19:22:19,274 Epoch: [18][140/200]	Time 0.466s (0.512s)	Speed 68.7 samples/s	Data 0.001s (0.002s)	Loss 0.00733 (0.00723)
2021-11-02 19:22:23,905 Epoch: [18][150/200]	Time 0.456s (0.509s)	Speed 70.2 samples/s	Data 0.001s (0.002s)	Loss 0.00620 (0.00721)
2021-11-02 19:22:28,528 Epoch: [18][160/200]	Time 0.466s (0.506s)	Speed 68.6 samples/s	Data 0.001s (0.002s)	Loss 0.00498 (0.00723)
2021-11-02 19:22:33,187 Epoch: [18][170/200]	Time 0.465s (0.504s)	Speed 68.8 samples/s	Data 0.001s (0.002s)	Loss 0.00714 (0.00722)
2021-11-02 19:22:37,894 Epoch: [18][180/200]	Time 0.502s (0.502s)	Speed 63.7 samples/s	Data 0.001s (0.002s)	Loss 0.00714 (0.00722)
2021-11-02 19:22:42,546 Epoch: [18][190/200]	Time 0.464s (0.500s)	Speed 68.9 samples/s	Data 0.001s (0.002s)	Loss 0.00706 (0.00720)
2021-11-02 19:22:46,810 Test: [0/200]	Time 0.064 (0.064)	Loss 0.0674 (0.0674)
2021-11-02 19:22:47,045 Test: [10/200]	Time 0.020 (0.027)	Loss 0.0129 (0.0508)
2021-11-02 19:22:47,264 Test: [20/200]	Time 0.020 (0.025)	Loss 0.0467 (0.0499)
2021-11-02 19:22:47,483 Test: [30/200]	Time 0.021 (0.024)	Loss 0.0672 (0.0537)
2021-11-02 19:22:47,846 Test: [40/200]	Time 0.036 (0.027)	Loss 0.0346 (0.0561)
2021-11-02 19:22:48,120 Test: [50/200]	Time 0.021 (0.027)	Loss 0.0684 (0.0550)
2021-11-02 19:22:48,340 Test: [60/200]	Time 0.021 (0.026)	Loss 0.0749 (0.0583)
2021-11-02 19:22:48,563 Test: [70/200]	Time 0.022 (0.026)	Loss 0.0374 (0.0585)
2021-11-02 19:22:48,788 Test: [80/200]	Time 0.022 (0.025)	Loss 0.0640 (0.0573)
2021-11-02 19:22:49,013 Test: [90/200]	Time 0.022 (0.025)	Loss 0.0622 (0.0590)
2021-11-02 19:22:49,243 Test: [100/200]	Time 0.023 (0.025)	Loss 0.0672 (0.0589)
2021-11-02 19:22:49,477 Test: [110/200]	Time 0.023 (0.025)	Loss 0.1710 (0.0597)
2021-11-02 19:22:49,717 Test: [120/200]	Time 0.023 (0.025)	Loss 0.0582 (0.0583)
2021-11-02 19:22:49,953 Test: [130/200]	Time 0.024 (0.024)	Loss 0.0656 (0.0585)
2021-11-02 19:22:50,186 Test: [140/200]	Time 0.023 (0.024)	Loss 0.0405 (0.0579)
2021-11-02 19:22:50,421 Test: [150/200]	Time 0.023 (0.024)	Loss 0.0491 (0.0568)
2021-11-02 19:22:50,658 Test: [160/200]	Time 0.023 (0.024)	Loss 0.0618 (0.0567)
2021-11-02 19:22:50,897 Test: [170/200]	Time 0.023 (0.024)	Loss 0.0496 (0.0562)
2021-11-02 19:22:51,137 Test: [180/200]	Time 0.023 (0.024)	Loss 0.0394 (0.0560)
2021-11-02 19:22:51,375 Test: [190/200]	Time 0.023 (0.024)	Loss 0.0223 (0.0557)
2021-11-02 19:22:52,397 Mean IoU score: 0.866
2021-11-02 19:22:52,398 => saving checkpoint to out
2021-11-02 19:22:53,016 Epoch: [19][0/200]	Time 0.597s (0.597s)	Speed 53.6 samples/s	Data 0.078s (0.078s)	Loss 0.00762 (0.00762)
2021-11-02 19:22:57,603 Epoch: [19][10/200]	Time 0.464s (0.471s)	Speed 69.0 samples/s	Data 0.001s (0.008s)	Loss 0.00644 (0.00717)
2021-11-02 19:23:02,307 Epoch: [19][20/200]	Time 0.468s (0.471s)	Speed 68.4 samples/s	Data 0.001s (0.005s)	Loss 0.00741 (0.00697)
2021-11-02 19:23:06,989 Epoch: [19][30/200]	Time 0.463s (0.470s)	Speed 69.1 samples/s	Data 0.001s (0.004s)	Loss 0.00627 (0.00669)
2021-11-02 19:23:11,652 Epoch: [19][40/200]	Time 0.471s (0.469s)	Speed 67.9 samples/s	Data 0.001s (0.003s)	Loss 0.00757 (0.00674)
2021-11-02 19:23:16,333 Epoch: [19][50/200]	Time 0.468s (0.469s)	Speed 68.4 samples/s	Data 0.001s (0.003s)	Loss 0.00789 (0.00672)
2021-11-02 19:23:21,156 Epoch: [19][60/200]	Time 0.548s (0.471s)	Speed 58.3 samples/s	Data 0.001s (0.003s)	Loss 0.00673 (0.00673)
2021-11-02 19:23:29,932 Epoch: [19][70/200]	Time 0.969s (0.528s)	Speed 33.0 samples/s	Data 0.002s (0.003s)	Loss 0.00746 (0.00677)
2021-11-02 19:23:39,111 Epoch: [19][80/200]	Time 0.880s (0.576s)	Speed 36.4 samples/s	Data 0.002s (0.003s)	Loss 0.00689 (0.00682)
2021-11-02 19:23:46,688 Epoch: [19][90/200]	Time 0.510s (0.596s)	Speed 62.7 samples/s	Data 0.001s (0.003s)	Loss 0.00614 (0.00672)
2021-11-02 19:23:51,166 Epoch: [19][100/200]	Time 0.440s (0.582s)	Speed 72.8 samples/s	Data 0.001s (0.002s)	Loss 0.00700 (0.00671)
2021-11-02 19:23:55,594 Epoch: [19][110/200]	Time 0.450s (0.569s)	Speed 71.2 samples/s	Data 0.001s (0.002s)	Loss 0.00715 (0.00671)
2021-11-02 19:24:00,114 Epoch: [19][120/200]	Time 0.433s (0.559s)	Speed 73.9 samples/s	Data 0.001s (0.002s)	Loss 0.00659 (0.00671)
2021-11-02 19:24:04,683 Epoch: [19][130/200]	Time 0.456s (0.552s)	Speed 70.2 samples/s	Data 0.001s (0.002s)	Loss 0.00651 (0.00669)
2021-11-02 19:24:09,288 Epoch: [19][140/200]	Time 0.462s (0.545s)	Speed 69.3 samples/s	Data 0.001s (0.002s)	Loss 0.00769 (0.00669)
2021-11-02 19:24:13,861 Epoch: [19][150/200]	Time 0.454s (0.539s)	Speed 70.5 samples/s	Data 0.002s (0.002s)	Loss 0.00564 (0.00670)
2021-11-02 19:24:18,566 Epoch: [19][160/200]	Time 0.485s (0.535s)	Speed 66.0 samples/s	Data 0.001s (0.002s)	Loss 0.00711 (0.00671)
2021-11-02 19:24:23,174 Epoch: [19][170/200]	Time 0.464s (0.531s)	Speed 68.9 samples/s	Data 0.001s (0.002s)	Loss 0.00650 (0.00670)
2021-11-02 19:24:27,810 Epoch: [19][180/200]	Time 0.467s (0.527s)	Speed 68.5 samples/s	Data 0.001s (0.002s)	Loss 0.00609 (0.00670)
2021-11-02 19:24:32,385 Epoch: [19][190/200]	Time 0.459s (0.523s)	Speed 69.8 samples/s	Data 0.001s (0.002s)	Loss 0.00693 (0.00671)
2021-11-02 19:24:36,704 Test: [0/200]	Time 0.066 (0.066)	Loss 0.0661 (0.0661)
2021-11-02 19:24:36,941 Test: [10/200]	Time 0.020 (0.028)	Loss 0.0090 (0.0506)
2021-11-02 19:24:37,164 Test: [20/200]	Time 0.021 (0.025)	Loss 0.0497 (0.0509)
2021-11-02 19:24:37,395 Test: [30/200]	Time 0.021 (0.024)	Loss 0.0601 (0.0541)
2021-11-02 19:24:37,627 Test: [40/200]	Time 0.022 (0.024)	Loss 0.0381 (0.0562)
2021-11-02 19:24:37,857 Test: [50/200]	Time 0.022 (0.024)	Loss 0.0814 (0.0559)
2021-11-02 19:24:38,090 Test: [60/200]	Time 0.022 (0.024)	Loss 0.0830 (0.0590)
2021-11-02 19:24:38,320 Test: [70/200]	Time 0.023 (0.024)	Loss 0.0377 (0.0592)
2021-11-02 19:24:38,553 Test: [80/200]	Time 0.022 (0.024)	Loss 0.0606 (0.0580)
2021-11-02 19:24:38,790 Test: [90/200]	Time 0.022 (0.024)	Loss 0.0634 (0.0598)
2021-11-02 19:24:39,024 Test: [100/200]	Time 0.023 (0.024)	Loss 0.0735 (0.0595)
2021-11-02 19:24:39,256 Test: [110/200]	Time 0.022 (0.024)	Loss 0.1694 (0.0601)
2021-11-02 19:24:39,489 Test: [120/200]	Time 0.022 (0.024)	Loss 0.0602 (0.0588)
2021-11-02 19:24:39,726 Test: [130/200]	Time 0.023 (0.024)	Loss 0.0655 (0.0591)
2021-11-02 19:24:39,974 Test: [140/200]	Time 0.024 (0.024)	Loss 0.0485 (0.0585)
2021-11-02 19:24:40,223 Test: [150/200]	Time 0.024 (0.024)	Loss 0.0483 (0.0574)
2021-11-02 19:24:40,475 Test: [160/200]	Time 0.023 (0.024)	Loss 0.0560 (0.0571)
2021-11-02 19:24:40,743 Test: [170/200]	Time 0.023 (0.024)	Loss 0.0461 (0.0565)
2021-11-02 19:24:40,986 Test: [180/200]	Time 0.023 (0.024)	Loss 0.0415 (0.0564)
2021-11-02 19:24:41,229 Test: [190/200]	Time 0.024 (0.024)	Loss 0.0215 (0.0564)
2021-11-02 19:24:42,249 Mean IoU score: 0.867
2021-11-02 19:24:42,250 => saving checkpoint to out
2021-11-02 19:24:42,272 saving final model state to out/final_state.pth.tar
