2021-10-27 17:49:46,970 Namespace(eval_interval=1, frequent=10, gpus='', num_workers=4, out_dir='out')
2021-10-27 17:49:46,975 => load 200 samples
2021-10-27 17:49:46,975 => load 200 samples
2021-10-27 17:49:47,408 Epoch: [0][0/200]	Time 0.433s (0.433s)	Speed 73.9 samples/s	Data 0.051s (0.051s)	Loss 2.53790 (2.53790)
2021-10-27 17:49:50,821 Epoch: [0][10/200]	Time 0.345s (0.350s)	Speed 92.8 samples/s	Data 0.001s (0.006s)	Loss 2.06205 (2.27096)
2021-10-27 17:49:54,543 Epoch: [0][20/200]	Time 0.350s (0.360s)	Speed 91.5 samples/s	Data 0.001s (0.003s)	Loss 1.77787 (2.09861)
2021-10-27 17:49:58,023 Epoch: [0][30/200]	Time 0.357s (0.356s)	Speed 89.6 samples/s	Data 0.001s (0.003s)	Loss 1.52931 (1.94953)
2021-10-27 17:50:01,583 Epoch: [0][40/200]	Time 0.363s (0.356s)	Speed 88.2 samples/s	Data 0.001s (0.002s)	Loss 1.31796 (1.81869)
2021-10-27 17:50:05,219 Epoch: [0][50/200]	Time 0.364s (0.358s)	Speed 88.0 samples/s	Data 0.001s (0.002s)	Loss 1.12708 (1.69985)
2021-10-27 17:50:08,930 Epoch: [0][60/200]	Time 0.404s (0.360s)	Speed 79.2 samples/s	Data 0.001s (0.002s)	Loss 0.95417 (1.59150)
2021-10-27 17:50:12,621 Epoch: [0][70/200]	Time 0.376s (0.361s)	Speed 85.1 samples/s	Data 0.001s (0.002s)	Loss 0.81905 (1.49201)
2021-10-27 17:50:16,389 Epoch: [0][80/200]	Time 0.380s (0.363s)	Speed 84.3 samples/s	Data 0.001s (0.002s)	Loss 0.69316 (1.40005)
2021-10-27 17:50:20,273 Epoch: [0][90/200]	Time 0.387s (0.366s)	Speed 82.7 samples/s	Data 0.001s (0.002s)	Loss 0.60517 (1.31645)
2021-10-27 17:50:24,119 Epoch: [0][100/200]	Time 0.389s (0.368s)	Speed 82.3 samples/s	Data 0.001s (0.002s)	Loss 0.52046 (1.24132)
2021-10-27 17:50:28,083 Epoch: [0][110/200]	Time 0.397s (0.370s)	Speed 80.5 samples/s	Data 0.001s (0.002s)	Loss 0.43944 (1.17250)
2021-10-27 17:50:32,101 Epoch: [0][120/200]	Time 0.402s (0.373s)	Speed 79.6 samples/s	Data 0.001s (0.002s)	Loss 0.38068 (1.10998)
2021-10-27 17:50:36,091 Epoch: [0][130/200]	Time 0.405s (0.375s)	Speed 79.0 samples/s	Data 0.001s (0.002s)	Loss 0.35763 (1.05470)
2021-10-27 17:50:40,246 Epoch: [0][140/200]	Time 0.474s (0.378s)	Speed 67.5 samples/s	Data 0.002s (0.002s)	Loss 0.32604 (1.00387)
2021-10-27 17:50:44,125 Epoch: [0][150/200]	Time 0.377s (0.378s)	Speed 84.9 samples/s	Data 0.001s (0.002s)	Loss 0.29816 (0.95772)
2021-10-27 17:50:48,098 Epoch: [0][160/200]	Time 0.397s (0.380s)	Speed 80.7 samples/s	Data 0.001s (0.001s)	Loss 0.27485 (0.91604)
2021-10-27 17:50:52,073 Epoch: [0][170/200]	Time 0.397s (0.381s)	Speed 80.6 samples/s	Data 0.001s (0.001s)	Loss 0.26880 (0.87816)
2021-10-27 17:50:56,568 Epoch: [0][180/200]	Time 0.747s (0.384s)	Speed 42.8 samples/s	Data 0.002s (0.001s)	Loss 0.27186 (0.84344)
2021-10-27 17:51:16,002 Epoch: [0][190/200]	Time 0.843s (0.466s)	Speed 38.0 samples/s	Data 0.003s (0.002s)	Loss 0.21477 (0.81136)
2021-10-27 17:51:22,788 Test: [0/200]	Time 0.111 (0.111)	Loss 0.4391 (0.4391)
2021-10-27 17:51:23,128 Test: [10/200]	Time 0.031 (0.041)	Loss 0.1589 (0.3651)
2021-10-27 17:51:23,458 Test: [20/200]	Time 0.032 (0.037)	Loss 0.2784 (0.3748)
2021-10-27 17:51:23,818 Test: [30/200]	Time 0.035 (0.037)	Loss 0.5199 (0.3823)
2021-10-27 17:51:24,186 Test: [40/200]	Time 0.033 (0.037)	Loss 0.3965 (0.3968)
2021-10-27 17:51:24,560 Test: [50/200]	Time 0.033 (0.037)	Loss 0.4652 (0.4004)
2021-10-27 17:51:24,935 Test: [60/200]	Time 0.035 (0.037)	Loss 0.4625 (0.4016)
2021-10-27 17:51:25,327 Test: [70/200]	Time 0.038 (0.037)	Loss 0.3845 (0.4003)
2021-10-27 17:51:25,694 Test: [80/200]	Time 0.035 (0.037)	Loss 0.4892 (0.3950)
2021-10-27 17:51:26,085 Test: [90/200]	Time 0.037 (0.037)	Loss 0.4852 (0.3987)
2021-10-27 17:51:26,467 Test: [100/200]	Time 0.035 (0.038)	Loss 0.5082 (0.3977)
2021-10-27 17:51:26,856 Test: [110/200]	Time 0.039 (0.038)	Loss 0.4728 (0.3987)
2021-10-27 17:51:27,246 Test: [120/200]	Time 0.038 (0.038)	Loss 0.4569 (0.3957)
2021-10-27 17:51:27,637 Test: [130/200]	Time 0.037 (0.038)	Loss 0.3856 (0.3996)
2021-10-27 17:51:28,033 Test: [140/200]	Time 0.040 (0.038)	Loss 0.3774 (0.3985)
2021-10-27 17:51:28,478 Test: [150/200]	Time 0.040 (0.038)	Loss 0.4329 (0.3971)
2021-10-27 17:51:28,906 Test: [160/200]	Time 0.040 (0.039)	Loss 0.4084 (0.3966)
2021-10-27 17:51:29,391 Test: [170/200]	Time 0.036 (0.039)	Loss 0.3077 (0.3944)
2021-10-27 17:51:29,780 Test: [180/200]	Time 0.036 (0.039)	Loss 0.3351 (0.3921)
2021-10-27 17:51:30,168 Test: [190/200]	Time 0.037 (0.039)	Loss 0.3377 (0.3932)
2021-10-27 17:51:31,877 Mean IoU score: 0.203
2021-10-27 17:51:31,878 => saving checkpoint to out
2021-10-27 17:51:32,758 Epoch: [1][0/200]	Time 0.853s (0.853s)	Speed 37.5 samples/s	Data 0.067s (0.067s)	Loss 0.22394 (0.22394)
2021-10-27 17:51:39,762 Epoch: [1][10/200]	Time 0.730s (0.714s)	Speed 43.8 samples/s	Data 0.002s (0.008s)	Loss 0.19670 (0.21108)
