2021-10-27 15:10:15,872 Namespace(eval_interval=1, frequent=10, gpus='', num_workers=4, out_dir='out')
2021-10-27 15:10:15,877 => load 200 samples
2021-10-27 15:10:15,878 => load 200 samples
2021-10-27 15:10:16,336 Epoch: [0][0/200]	Time 0.458s (0.458s)	Speed 69.9 samples/s	Data 0.055s (0.055s)	Loss 3.39341 (3.39341)
2021-10-27 15:10:19,878 Epoch: [0][10/200]	Time 0.353s (0.364s)	Speed 90.7 samples/s	Data 0.001s (0.006s)	Loss 2.91083 (3.11694)
2021-10-27 15:10:23,433 Epoch: [0][20/200]	Time 0.363s (0.360s)	Speed 88.1 samples/s	Data 0.001s (0.004s)	Loss 2.54011 (2.91806)
2021-10-27 15:10:27,261 Epoch: [0][30/200]	Time 0.409s (0.367s)	Speed 78.3 samples/s	Data 0.001s (0.003s)	Loss 2.24836 (2.74521)
2021-10-27 15:10:31,015 Epoch: [0][40/200]	Time 0.363s (0.369s)	Speed 88.1 samples/s	Data 0.001s (0.002s)	Loss 1.98766 (2.58814)
2021-10-27 15:10:34,789 Epoch: [0][50/200]	Time 0.378s (0.371s)	Speed 84.6 samples/s	Data 0.001s (0.002s)	Loss 1.72431 (2.44170)
2021-10-27 15:10:38,648 Epoch: [0][60/200]	Time 0.388s (0.373s)	Speed 82.5 samples/s	Data 0.001s (0.002s)	Loss 1.49209 (2.30328)
2021-10-27 15:10:42,551 Epoch: [0][70/200]	Time 0.395s (0.376s)	Speed 81.0 samples/s	Data 0.001s (0.002s)	Loss 1.27060 (2.17151)
2021-10-27 15:10:46,611 Epoch: [0][80/200]	Time 0.405s (0.379s)	Speed 79.0 samples/s	Data 0.001s (0.002s)	Loss 1.07460 (2.04702)
2021-10-27 15:10:50,690 Epoch: [0][90/200]	Time 0.391s (0.383s)	Speed 81.8 samples/s	Data 0.001s (0.002s)	Loss 0.91007 (1.93091)
2021-10-27 15:10:54,712 Epoch: [0][100/200]	Time 0.406s (0.384s)	Speed 78.9 samples/s	Data 0.001s (0.002s)	Loss 0.77245 (1.82150)
2021-10-27 15:10:58,772 Epoch: [0][110/200]	Time 0.397s (0.386s)	Speed 80.6 samples/s	Data 0.001s (0.002s)	Loss 0.65012 (1.72013)
2021-10-27 15:11:02,850 Epoch: [0][120/200]	Time 0.411s (0.388s)	Speed 77.9 samples/s	Data 0.001s (0.002s)	Loss 0.57612 (1.62702)
2021-10-27 15:11:06,922 Epoch: [0][130/200]	Time 0.410s (0.390s)	Speed 78.1 samples/s	Data 0.001s (0.002s)	Loss 0.46879 (1.54162)
2021-10-27 15:11:11,039 Epoch: [0][140/200]	Time 0.410s (0.391s)	Speed 78.1 samples/s	Data 0.001s (0.002s)	Loss 0.41570 (1.46361)
2021-10-27 15:11:15,162 Epoch: [0][150/200]	Time 0.410s (0.393s)	Speed 78.0 samples/s	Data 0.001s (0.002s)	Loss 0.39292 (1.39255)
2021-10-27 15:11:19,257 Epoch: [0][160/200]	Time 0.411s (0.394s)	Speed 77.8 samples/s	Data 0.001s (0.002s)	Loss 0.33903 (1.32805)
2021-10-27 15:11:23,402 Epoch: [0][170/200]	Time 0.424s (0.395s)	Speed 75.5 samples/s	Data 0.001s (0.002s)	Loss 0.31199 (1.26889)
2021-10-27 15:11:27,599 Epoch: [0][180/200]	Time 0.421s (0.396s)	Speed 76.0 samples/s	Data 0.001s (0.001s)	Loss 0.31227 (1.21541)
2021-10-27 15:11:31,811 Epoch: [0][190/200]	Time 0.422s (0.398s)	Speed 75.8 samples/s	Data 0.001s (0.001s)	Loss 0.26154 (1.16624)
2021-10-27 15:11:35,659 Test: [0/200]	Time 0.076 (0.076)	Loss 0.4934 (0.4934)
2021-10-27 15:11:35,909 Test: [10/200]	Time 0.022 (0.030)	Loss 0.1885 (0.4151)
2021-10-27 15:11:36,146 Test: [20/200]	Time 0.024 (0.027)	Loss 0.3244 (0.4251)
2021-10-27 15:11:36,390 Test: [30/200]	Time 0.024 (0.026)	Loss 0.5980 (0.4333)
2021-10-27 15:11:36,633 Test: [40/200]	Time 0.023 (0.026)	Loss 0.4390 (0.4495)
2021-10-27 15:11:36,887 Test: [50/200]	Time 0.023 (0.026)	Loss 0.5139 (0.4521)
2021-10-27 15:11:37,130 Test: [60/200]	Time 0.023 (0.025)	Loss 0.5237 (0.4543)
2021-10-27 15:11:37,370 Test: [70/200]	Time 0.023 (0.025)	Loss 0.4486 (0.4535)
2021-10-27 15:11:37,609 Test: [80/200]	Time 0.023 (0.025)	Loss 0.5649 (0.4484)
2021-10-27 15:11:37,850 Test: [90/200]	Time 0.023 (0.025)	Loss 0.5486 (0.4527)
2021-10-27 15:11:38,086 Test: [100/200]	Time 0.023 (0.025)	Loss 0.6008 (0.4517)
2021-10-27 15:11:38,329 Test: [110/200]	Time 0.024 (0.025)	Loss 0.5253 (0.4522)
2021-10-27 15:11:38,574 Test: [120/200]	Time 0.024 (0.025)	Loss 0.5091 (0.4485)
2021-10-27 15:11:38,820 Test: [130/200]	Time 0.023 (0.025)	Loss 0.4392 (0.4522)
2021-10-27 15:11:39,064 Test: [140/200]	Time 0.024 (0.025)	Loss 0.4109 (0.4507)
2021-10-27 15:11:39,306 Test: [150/200]	Time 0.023 (0.025)	Loss 0.4793 (0.4488)
2021-10-27 15:11:39,554 Test: [160/200]	Time 0.024 (0.025)	Loss 0.4320 (0.4481)
2021-10-27 15:11:39,811 Test: [170/200]	Time 0.024 (0.025)	Loss 0.3522 (0.4456)
2021-10-27 15:11:40,065 Test: [180/200]	Time 0.024 (0.025)	Loss 0.3572 (0.4429)
2021-10-27 15:11:40,310 Test: [190/200]	Time 0.023 (0.025)	Loss 0.3883 (0.4438)
2021-10-27 15:11:41,141 Mean IoU score: 0.177
2021-10-27 15:11:41,141 => saving checkpoint to out
2021-10-27 15:11:41,723 Epoch: [1][0/200]	Time 0.559s (0.559s)	Speed 57.2 samples/s	Data 0.049s (0.049s)	Loss 0.24687 (0.24687)
2021-10-27 15:11:45,979 Epoch: [1][10/200]	Time 0.426s (0.438s)	Speed 75.1 samples/s	Data 0.001s (0.006s)	Loss 0.24307 (0.25305)
2021-10-27 15:11:50,243 Epoch: [1][20/200]	Time 0.420s (0.432s)	Speed 76.3 samples/s	Data 0.001s (0.004s)	Loss 0.24109 (0.24066)
2021-10-27 15:11:54,373 Epoch: [1][30/200]	Time 0.412s (0.426s)	Speed 77.6 samples/s	Data 0.001s (0.003s)	Loss 0.26954 (0.23600)
2021-10-27 15:11:58,597 Epoch: [1][40/200]	Time 0.426s (0.425s)	Speed 75.1 samples/s	Data 0.001s (0.002s)	Loss 0.22843 (0.22854)
2021-10-27 15:12:02,802 Epoch: [1][50/200]	Time 0.423s (0.424s)	Speed 75.7 samples/s	Data 0.001s (0.002s)	Loss 0.19620 (0.22323)
2021-10-27 15:12:07,397 Epoch: [1][60/200]	Time 0.664s (0.430s)	Speed 48.2 samples/s	Data 0.001s (0.002s)	Loss 0.20405 (0.21937)
2021-10-27 15:12:26,055 Epoch: [1][70/200]	Time 0.859s (0.632s)	Speed 37.3 samples/s	Data 0.003s (0.003s)	Loss 0.16859 (0.21521)
2021-10-27 15:12:33,965 Epoch: [1][80/200]	Time 0.774s (0.652s)	Speed 41.4 samples/s	Data 0.002s (0.002s)	Loss 0.16536 (0.21052)
2021-10-27 15:12:40,682 Epoch: [1][90/200]	Time 0.501s (0.654s)	Speed 63.9 samples/s	Data 0.001s (0.002s)	Loss 0.16857 (0.20597)
2021-10-27 15:12:45,333 Epoch: [1][100/200]	Time 0.458s (0.635s)	Speed 69.8 samples/s	Data 0.001s (0.002s)	Loss 0.15880 (0.20225)
2021-10-27 15:12:49,959 Epoch: [1][110/200]	Time 0.464s (0.620s)	Speed 69.0 samples/s	Data 0.001s (0.002s)	Loss 0.15395 (0.19823)
2021-10-27 15:12:54,670 Epoch: [1][120/200]	Time 0.474s (0.607s)	Speed 67.5 samples/s	Data 0.001s (0.002s)	Loss 0.13810 (0.19476)
2021-10-27 15:12:59,391 Epoch: [1][130/200]	Time 0.474s (0.597s)	Speed 67.5 samples/s	Data 0.001s (0.002s)	Loss 0.14267 (0.19127)
2021-10-27 15:13:04,166 Epoch: [1][140/200]	Time 0.484s (0.589s)	Speed 66.1 samples/s	Data 0.001s (0.002s)	Loss 0.15707 (0.18762)
2021-10-27 15:13:08,935 Epoch: [1][150/200]	Time 0.458s (0.581s)	Speed 69.9 samples/s	Data 0.001s (0.002s)	Loss 0.12039 (0.18437)
2021-10-27 15:13:13,672 Epoch: [1][160/200]	Time 0.474s (0.575s)	Speed 67.5 samples/s	Data 0.001s (0.002s)	Loss 0.13312 (0.18127)
2021-10-27 15:13:18,506 Epoch: [1][170/200]	Time 0.476s (0.569s)	Speed 67.2 samples/s	Data 0.001s (0.002s)	Loss 0.12669 (0.17783)
2021-10-27 15:13:23,275 Epoch: [1][180/200]	Time 0.476s (0.564s)	Speed 67.3 samples/s	Data 0.001s (0.002s)	Loss 0.10815 (0.17448)
2021-10-27 15:13:28,665 Epoch: [1][190/200]	Time 0.844s (0.563s)	Speed 37.9 samples/s	Data 0.001s (0.002s)	Loss 0.11499 (0.17121)
2021-10-27 15:13:33,678 Test: [0/200]	Time 0.075 (0.075)	Loss 0.2717 (0.2717)
2021-10-27 15:13:33,969 Test: [10/200]	Time 0.026 (0.033)	Loss 0.0741 (0.2009)
2021-10-27 15:13:34,249 Test: [20/200]	Time 0.027 (0.031)	Loss 0.1432 (0.2067)
2021-10-27 15:13:34,542 Test: [30/200]	Time 0.027 (0.030)	Loss 0.2901 (0.2130)
2021-10-27 15:13:34,830 Test: [40/200]	Time 0.027 (0.030)	Loss 0.2031 (0.2231)
2021-10-27 15:13:35,110 Test: [50/200]	Time 0.027 (0.030)	Loss 0.2791 (0.2230)
2021-10-27 15:13:35,395 Test: [60/200]	Time 0.033 (0.029)	Loss 0.2638 (0.2245)
2021-10-27 15:13:35,769 Test: [70/200]	Time 0.027 (0.031)	Loss 0.2196 (0.2245)
2021-10-27 15:13:36,047 Test: [80/200]	Time 0.027 (0.030)	Loss 0.3202 (0.2212)
2021-10-27 15:13:36,354 Test: [90/200]	Time 0.027 (0.030)	Loss 0.2705 (0.2239)
2021-10-27 15:13:36,636 Test: [100/200]	Time 0.027 (0.030)	Loss 0.2827 (0.2233)
2021-10-27 15:13:36,919 Test: [110/200]	Time 0.027 (0.030)	Loss 0.2893 (0.2241)
2021-10-27 15:13:37,201 Test: [120/200]	Time 0.028 (0.030)	Loss 0.2626 (0.2223)
2021-10-27 15:13:37,511 Test: [130/200]	Time 0.028 (0.030)	Loss 0.1996 (0.2245)
2021-10-27 15:13:37,803 Test: [140/200]	Time 0.028 (0.030)	Loss 0.2127 (0.2237)
2021-10-27 15:13:38,093 Test: [150/200]	Time 0.028 (0.030)	Loss 0.2379 (0.2224)
2021-10-27 15:13:38,389 Test: [160/200]	Time 0.028 (0.030)	Loss 0.2362 (0.2222)
2021-10-27 15:13:38,681 Test: [170/200]	Time 0.028 (0.030)	Loss 0.1914 (0.2206)
2021-10-27 15:13:39,064 Test: [180/200]	Time 0.025 (0.030)	Loss 0.1783 (0.2190)
2021-10-27 15:13:39,334 Test: [190/200]	Time 0.025 (0.030)	Loss 0.1475 (0.2196)
2021-10-27 15:13:40,315 Mean IoU score: 0.516
2021-10-27 15:13:40,316 => saving checkpoint to out
2021-10-27 15:13:40,973 Epoch: [2][0/200]	Time 0.630s (0.630s)	Speed 50.8 samples/s	Data 0.072s (0.072s)	Loss 0.10718 (0.10718)
2021-10-27 15:13:45,657 Epoch: [2][10/200]	Time 0.471s (0.483s)	Speed 67.9 samples/s	Data 0.001s (0.008s)	Loss 0.08525 (0.10104)
2021-10-27 15:13:50,451 Epoch: [2][20/200]	Time 0.482s (0.481s)	Speed 66.4 samples/s	Data 0.001s (0.005s)	Loss 0.09864 (0.09911)
2021-10-27 15:13:55,253 Epoch: [2][30/200]	Time 0.480s (0.481s)	Speed 66.6 samples/s	Data 0.001s (0.004s)	Loss 0.08290 (0.09606)
2021-10-27 15:14:01,535 Epoch: [2][40/200]	Time 0.818s (0.517s)	Speed 39.1 samples/s	Data 0.002s (0.003s)	Loss 0.07368 (0.09371)
2021-10-27 15:14:10,311 Epoch: [2][50/200]	Time 0.853s (0.588s)	Speed 37.5 samples/s	Data 0.003s (0.003s)	Loss 0.09718 (0.09260)
2021-10-27 15:14:18,390 Epoch: [2][60/200]	Time 0.793s (0.624s)	Speed 40.3 samples/s	Data 0.002s (0.003s)	Loss 0.08521 (0.09025)
