2021-10-25 22:16:33,523 Namespace(eval_interval=1, frequent=10, gpus='', num_workers=4, out_dir='out')
2021-10-25 22:16:33,528 => load 200 samples
2021-10-25 22:16:33,529 => load 200 samples
2021-10-25 22:16:33,977 Epoch: [0][0/200]	Time 0.448s (0.448s)	Speed 71.4 samples/s	Data 0.060s (0.060s)	Loss 2.40604 (2.40604)
2021-10-25 22:16:37,492 Epoch: [0][10/200]	Time 0.337s (0.360s)	Speed 95.1 samples/s	Data 0.001s (0.006s)	Loss 2.34168 (2.37233)
2021-10-25 22:16:40,996 Epoch: [0][20/200]	Time 0.347s (0.356s)	Speed 92.3 samples/s	Data 0.001s (0.004s)	Loss 2.28542 (2.34333)
2021-10-25 22:16:44,421 Epoch: [0][30/200]	Time 0.330s (0.351s)	Speed 97.0 samples/s	Data 0.001s (0.003s)	Loss 2.22424 (2.31405)
2021-10-25 22:16:47,834 Epoch: [0][40/200]	Time 0.341s (0.349s)	Speed 93.9 samples/s	Data 0.001s (0.003s)	Loss 2.15560 (2.28301)
2021-10-25 22:16:51,252 Epoch: [0][50/200]	Time 0.355s (0.348s)	Speed 90.1 samples/s	Data 0.001s (0.002s)	Loss 2.09153 (2.25133)
2021-10-25 22:16:54,879 Epoch: [0][60/200]	Time 0.362s (0.350s)	Speed 88.3 samples/s	Data 0.001s (0.002s)	Loss 2.02872 (2.21991)
2021-10-25 22:16:58,599 Epoch: [0][70/200]	Time 0.370s (0.353s)	Speed 86.4 samples/s	Data 0.001s (0.002s)	Loss 1.97032 (2.18876)
2021-10-25 22:17:02,394 Epoch: [0][80/200]	Time 0.385s (0.356s)	Speed 83.1 samples/s	Data 0.001s (0.002s)	Loss 1.90056 (2.15702)
2021-10-25 22:17:06,228 Epoch: [0][90/200]	Time 0.381s (0.359s)	Speed 83.9 samples/s	Data 0.001s (0.002s)	Loss 1.83034 (2.12436)
2021-10-25 22:17:10,047 Epoch: [0][100/200]	Time 0.378s (0.362s)	Speed 84.7 samples/s	Data 0.001s (0.002s)	Loss 1.75479 (2.09095)
2021-10-25 22:17:13,897 Epoch: [0][110/200]	Time 0.387s (0.364s)	Speed 82.6 samples/s	Data 0.001s (0.002s)	Loss 1.69759 (2.05782)
2021-10-25 22:17:17,747 Epoch: [0][120/200]	Time 0.388s (0.365s)	Speed 82.5 samples/s	Data 0.001s (0.002s)	Loss 1.66365 (2.02672)
2021-10-25 22:17:21,716 Epoch: [0][130/200]	Time 0.408s (0.368s)	Speed 78.5 samples/s	Data 0.001s (0.002s)	Loss 1.65288 (1.99904)
2021-10-25 22:17:25,938 Epoch: [0][140/200]	Time 0.420s (0.372s)	Speed 76.1 samples/s	Data 0.001s (0.002s)	Loss 1.64114 (1.97397)
2021-10-25 22:17:29,892 Epoch: [0][150/200]	Time 0.373s (0.373s)	Speed 85.8 samples/s	Data 0.001s (0.002s)	Loss 1.63309 (1.95154)
2021-10-25 22:17:33,813 Epoch: [0][160/200]	Time 0.406s (0.374s)	Speed 78.8 samples/s	Data 0.001s (0.002s)	Loss 1.62583 (1.93157)
2021-10-25 22:17:37,884 Epoch: [0][170/200]	Time 0.400s (0.376s)	Speed 80.0 samples/s	Data 0.001s (0.002s)	Loss 1.63024 (1.91369)
2021-10-25 22:17:41,863 Epoch: [0][180/200]	Time 0.387s (0.378s)	Speed 82.6 samples/s	Data 0.001s (0.002s)	Loss 1.63218 (1.89754)
2021-10-25 22:17:45,937 Epoch: [0][190/200]	Time 0.403s (0.379s)	Speed 79.4 samples/s	Data 0.001s (0.001s)	Loss 1.60843 (1.88284)
2021-10-25 22:17:49,422 Test: [0/200]	Time 0.050 (0.050)	Loss 1.6944 (1.6944)
2021-10-25 22:17:49,647 Test: [10/200]	Time 0.019 (0.025)	Loss 1.5948 (1.6745)
2021-10-25 22:17:49,856 Test: [20/200]	Time 0.020 (0.023)	Loss 1.6438 (1.6772)
2021-10-25 22:17:50,061 Test: [30/200]	Time 0.020 (0.022)	Loss 1.7370 (1.6815)
2021-10-25 22:17:50,274 Test: [40/200]	Time 0.020 (0.022)	Loss 1.6792 (1.6866)
2021-10-25 22:17:50,486 Test: [50/200]	Time 0.020 (0.022)	Loss 1.7078 (1.6878)
2021-10-25 22:17:50,695 Test: [60/200]	Time 0.020 (0.022)	Loss 1.7024 (1.6881)
2021-10-25 22:17:50,902 Test: [70/200]	Time 0.020 (0.022)	Loss 1.6837 (1.6883)
2021-10-25 22:17:51,108 Test: [80/200]	Time 0.020 (0.021)	Loss 1.7346 (1.6867)
2021-10-25 22:17:51,315 Test: [90/200]	Time 0.020 (0.021)	Loss 1.7259 (1.6879)
2021-10-25 22:17:51,522 Test: [100/200]	Time 0.020 (0.021)	Loss 1.7468 (1.6878)
2021-10-25 22:17:51,732 Test: [110/200]	Time 0.020 (0.021)	Loss 1.7243 (1.6879)
2021-10-25 22:17:51,939 Test: [120/200]	Time 0.020 (0.021)	Loss 1.7180 (1.6867)
2021-10-25 22:17:52,146 Test: [130/200]	Time 0.020 (0.021)	Loss 1.6805 (1.6881)
2021-10-25 22:17:52,353 Test: [140/200]	Time 0.020 (0.021)	Loss 1.6637 (1.6878)
2021-10-25 22:17:52,559 Test: [150/200]	Time 0.020 (0.021)	Loss 1.6996 (1.6870)
2021-10-25 22:17:52,813 Test: [160/200]	Time 0.020 (0.021)	Loss 1.6805 (1.6869)
2021-10-25 22:17:53,022 Test: [170/200]	Time 0.020 (0.021)	Loss 1.6536 (1.6862)
2021-10-25 22:17:53,231 Test: [180/200]	Time 0.020 (0.021)	Loss 1.6410 (1.6853)
2021-10-25 22:17:53,443 Test: [190/200]	Time 0.020 (0.021)	Loss 1.6715 (1.6858)
2021-10-25 22:17:54,194 Mean IoU score: 0.105
2021-10-25 22:17:54,195 => saving checkpoint to out
2021-10-25 22:17:54,738 Epoch: [1][0/200]	Time 0.531s (0.531s)	Speed 60.3 samples/s	Data 0.070s (0.070s)	Loss 1.61674 (1.61674)
2021-10-25 22:17:58,581 Epoch: [1][10/200]	Time 0.386s (0.398s)	Speed 82.9 samples/s	Data 0.001s (0.007s)	Loss 1.61025 (1.61299)
2021-10-25 22:18:02,493 Epoch: [1][20/200]	Time 0.396s (0.395s)	Speed 80.8 samples/s	Data 0.001s (0.004s)	Loss 1.61041 (1.61109)
2021-10-25 22:18:06,801 Epoch: [1][30/200]	Time 0.431s (0.406s)	Speed 74.2 samples/s	Data 0.001s (0.003s)	Loss 1.62110 (1.61175)
2021-10-25 22:18:11,102 Epoch: [1][40/200]	Time 0.410s (0.412s)	Speed 78.1 samples/s	Data 0.001s (0.003s)	Loss 1.61480 (1.61232)
2021-10-25 22:18:15,314 Epoch: [1][50/200]	Time 0.420s (0.414s)	Speed 76.2 samples/s	Data 0.002s (0.003s)	Loss 1.60590 (1.61093)
2021-10-25 22:18:20,604 Epoch: [1][60/200]	Time 0.709s (0.433s)	Speed 45.1 samples/s	Data 0.002s (0.002s)	Loss 1.60327 (1.61129)
2021-10-25 22:18:47,758 Epoch: [1][70/200]	Time 1.001s (0.754s)	Speed 32.0 samples/s	Data 0.003s (0.003s)	Loss 1.61563 (1.61140)
2021-10-25 22:18:54,579 Epoch: [1][80/200]	Time 0.485s (0.745s)	Speed 66.0 samples/s	Data 0.002s (0.003s)	Loss 1.61691 (1.61111)
2021-10-25 22:18:59,028 Epoch: [1][90/200]	Time 0.439s (0.712s)	Speed 72.9 samples/s	Data 0.001s (0.003s)	Loss 1.59927 (1.61052)
2021-10-25 22:19:03,457 Epoch: [1][100/200]	Time 0.452s (0.686s)	Speed 70.8 samples/s	Data 0.001s (0.003s)	Loss 1.61063 (1.61039)
2021-10-25 22:19:08,054 Epoch: [1][110/200]	Time 0.461s (0.665s)	Speed 69.5 samples/s	Data 0.001s (0.003s)	Loss 1.60224 (1.60997)
2021-10-25 22:19:12,721 Epoch: [1][120/200]	Time 0.463s (0.649s)	Speed 69.2 samples/s	Data 0.001s (0.002s)	Loss 1.59614 (1.60965)
2021-10-25 22:19:17,428 Epoch: [1][130/200]	Time 0.474s (0.635s)	Speed 67.6 samples/s	Data 0.001s (0.002s)	Loss 1.60717 (1.60950)
2021-10-25 22:19:22,192 Epoch: [1][140/200]	Time 0.484s (0.624s)	Speed 66.2 samples/s	Data 0.002s (0.002s)	Loss 1.61140 (1.60920)
2021-10-25 22:19:26,976 Epoch: [1][150/200]	Time 0.473s (0.614s)	Speed 67.7 samples/s	Data 0.001s (0.002s)	Loss 1.60468 (1.60883)
2021-10-25 22:19:31,817 Epoch: [1][160/200]	Time 0.467s (0.606s)	Speed 68.5 samples/s	Data 0.001s (0.002s)	Loss 1.61725 (1.60866)
2021-10-25 22:19:36,702 Epoch: [1][170/200]	Time 0.465s (0.599s)	Speed 68.9 samples/s	Data 0.002s (0.002s)	Loss 1.60461 (1.60846)
2021-10-25 22:19:41,499 Epoch: [1][180/200]	Time 0.480s (0.593s)	Speed 66.7 samples/s	Data 0.001s (0.002s)	Loss 1.60724 (1.60822)
2021-10-25 22:19:46,272 Epoch: [1][190/200]	Time 0.477s (0.587s)	Speed 67.0 samples/s	Data 0.001s (0.002s)	Loss 1.59495 (1.60802)
2021-10-25 22:19:50,600 Test: [0/200]	Time 0.059 (0.059)	Loss 1.6791 (1.6791)
2021-10-25 22:19:50,847 Test: [10/200]	Time 0.021 (0.028)	Loss 1.5851 (1.6604)
2021-10-25 22:19:51,099 Test: [20/200]	Time 0.027 (0.027)	Loss 1.6314 (1.6628)
2021-10-25 22:19:51,405 Test: [30/200]	Time 0.039 (0.028)	Loss 1.7193 (1.6670)
2021-10-25 22:19:51,709 Test: [40/200]	Time 0.024 (0.028)	Loss 1.6634 (1.6719)
2021-10-25 22:19:51,950 Test: [50/200]	Time 0.022 (0.028)	Loss 1.6909 (1.6729)
2021-10-25 22:19:52,200 Test: [60/200]	Time 0.024 (0.027)	Loss 1.6880 (1.6733)
2021-10-25 22:19:52,451 Test: [70/200]	Time 0.023 (0.027)	Loss 1.6674 (1.6735)
2021-10-25 22:19:52,692 Test: [80/200]	Time 0.023 (0.027)	Loss 1.7179 (1.6720)
2021-10-25 22:19:52,936 Test: [90/200]	Time 0.023 (0.026)	Loss 1.7086 (1.6733)
2021-10-25 22:19:53,178 Test: [100/200]	Time 0.023 (0.026)	Loss 1.7262 (1.6731)
2021-10-25 22:19:53,421 Test: [110/200]	Time 0.023 (0.026)	Loss 1.7070 (1.6732)
2021-10-25 22:19:53,677 Test: [120/200]	Time 0.023 (0.026)	Loss 1.6988 (1.6720)
2021-10-25 22:19:53,921 Test: [130/200]	Time 0.023 (0.026)	Loss 1.6646 (1.6733)
2021-10-25 22:19:54,169 Test: [140/200]	Time 0.024 (0.026)	Loss 1.6529 (1.6729)
2021-10-25 22:19:54,415 Test: [150/200]	Time 0.024 (0.026)	Loss 1.6829 (1.6722)
2021-10-25 22:19:54,665 Test: [160/200]	Time 0.025 (0.026)	Loss 1.6663 (1.6721)
2021-10-25 22:19:54,916 Test: [170/200]	Time 0.024 (0.026)	Loss 1.6410 (1.6714)
2021-10-25 22:19:55,167 Test: [180/200]	Time 0.025 (0.026)	Loss 1.6283 (1.6706)
2021-10-25 22:19:55,427 Test: [190/200]	Time 0.025 (0.026)	Loss 1.6540 (1.6710)
2021-10-25 22:19:56,473 Mean IoU score: 0.127
2021-10-25 22:19:56,473 => saving checkpoint to out
2021-10-25 22:19:57,116 Epoch: [2][0/200]	Time 0.616s (0.616s)	Speed 52.0 samples/s	Data 0.078s (0.078s)	Loss 1.61040 (1.61040)
2021-10-25 22:20:01,724 Epoch: [2][10/200]	Time 0.474s (0.475s)	Speed 67.6 samples/s	Data 0.002s (0.008s)	Loss 1.59831 (1.60139)
2021-10-25 22:20:06,503 Epoch: [2][20/200]	Time 0.522s (0.476s)	Speed 61.3 samples/s	Data 0.002s (0.005s)	Loss 1.61518 (1.60434)
2021-10-25 22:20:11,791 Epoch: [2][30/200]	Time 0.786s (0.493s)	Speed 40.7 samples/s	Data 0.001s (0.004s)	Loss 1.60265 (1.60265)
2021-10-25 22:20:17,370 Epoch: [2][40/200]	Time 0.552s (0.509s)	Speed 58.0 samples/s	Data 0.001s (0.003s)	Loss 1.60642 (1.60336)
2021-10-25 22:20:22,744 Epoch: [2][50/200]	Time 0.552s (0.515s)	Speed 57.9 samples/s	Data 0.002s (0.003s)	Loss 1.60895 (1.60367)
2021-10-25 22:20:28,232 Epoch: [2][60/200]	Time 0.493s (0.520s)	Speed 64.8 samples/s	Data 0.001s (0.003s)	Loss 1.61546 (1.60498)
2021-10-25 22:20:33,026 Epoch: [2][70/200]	Time 0.472s (0.514s)	Speed 67.8 samples/s	Data 0.001s (0.003s)	Loss 1.60397 (1.60493)
2021-10-25 22:20:37,898 Epoch: [2][80/200]	Time 0.533s (0.511s)	Speed 60.0 samples/s	Data 0.002s (0.002s)	Loss 1.61187 (1.60495)
2021-10-25 22:20:42,684 Epoch: [2][90/200]	Time 0.474s (0.508s)	Speed 67.5 samples/s	Data 0.001s (0.002s)	Loss 1.60212 (1.60492)
2021-10-25 22:20:47,567 Epoch: [2][100/200]	Time 0.486s (0.506s)	Speed 65.9 samples/s	Data 0.001s (0.002s)	Loss 1.60746 (1.60502)
2021-10-25 22:20:52,369 Epoch: [2][110/200]	Time 0.467s (0.503s)	Speed 68.5 samples/s	Data 0.001s (0.002s)	Loss 1.60883 (1.60470)
2021-10-25 22:20:57,223 Epoch: [2][120/200]	Time 0.518s (0.502s)	Speed 61.7 samples/s	Data 0.001s (0.002s)	Loss 1.61003 (1.60482)
2021-10-25 22:21:02,186 Epoch: [2][130/200]	Time 0.474s (0.501s)	Speed 67.5 samples/s	Data 0.001s (0.002s)	Loss 1.60010 (1.60509)
2021-10-25 22:21:07,047 Epoch: [2][140/200]	Time 0.478s (0.500s)	Speed 66.9 samples/s	Data 0.001s (0.002s)	Loss 1.61237 (1.60526)
2021-10-25 22:21:11,855 Epoch: [2][150/200]	Time 0.497s (0.499s)	Speed 64.4 samples/s	Data 0.001s (0.002s)	Loss 1.59115 (1.60486)
2021-10-25 22:21:16,660 Epoch: [2][160/200]	Time 0.486s (0.498s)	Speed 65.8 samples/s	Data 0.001s (0.002s)	Loss 1.60136 (1.60498)
2021-10-25 22:21:21,375 Epoch: [2][170/200]	Time 0.463s (0.496s)	Speed 69.0 samples/s	Data 0.001s (0.002s)	Loss 1.61235 (1.60481)
2021-10-25 22:21:26,263 Epoch: [2][180/200]	Time 0.481s (0.496s)	Speed 66.5 samples/s	Data 0.002s (0.002s)	Loss 1.59812 (1.60487)
2021-10-25 22:21:31,286 Epoch: [2][190/200]	Time 0.475s (0.496s)	Speed 67.4 samples/s	Data 0.001s (0.002s)	Loss 1.60632 (1.60478)
2021-10-25 22:21:35,694 Test: [0/200]	Time 0.059 (0.059)	Loss 1.6788 (1.6788)
2021-10-25 22:21:35,926 Test: [10/200]	Time 0.021 (0.026)	Loss 1.5836 (1.6586)
2021-10-25 22:21:36,154 Test: [20/200]	Time 0.024 (0.025)	Loss 1.6290 (1.6608)
2021-10-25 22:21:36,390 Test: [30/200]	Time 0.023 (0.024)	Loss 1.7106 (1.6646)
2021-10-25 22:21:36,637 Test: [40/200]	Time 0.023 (0.024)	Loss 1.6610 (1.6693)
2021-10-25 22:21:36,879 Test: [50/200]	Time 0.022 (0.024)	Loss 1.6878 (1.6702)
2021-10-25 22:21:37,133 Test: [60/200]	Time 0.024 (0.025)	Loss 1.6836 (1.6707)
2021-10-25 22:21:37,502 Test: [70/200]	Time 0.038 (0.026)	Loss 1.6648 (1.6709)
2021-10-25 22:21:37,740 Test: [80/200]	Time 0.022 (0.026)	Loss 1.7147 (1.6694)
2021-10-25 22:21:37,974 Test: [90/200]	Time 0.022 (0.026)	Loss 1.7062 (1.6707)
2021-10-25 22:21:38,210 Test: [100/200]	Time 0.023 (0.025)	Loss 1.7234 (1.6705)
2021-10-25 22:21:38,449 Test: [110/200]	Time 0.023 (0.025)	Loss 1.7046 (1.6706)
2021-10-25 22:21:38,716 Test: [120/200]	Time 0.023 (0.025)	Loss 1.6964 (1.6694)
2021-10-25 22:21:38,955 Test: [130/200]	Time 0.023 (0.025)	Loss 1.6622 (1.6707)
2021-10-25 22:21:39,194 Test: [140/200]	Time 0.023 (0.025)	Loss 1.6519 (1.6704)
2021-10-25 22:21:39,431 Test: [150/200]	Time 0.023 (0.025)	Loss 1.6799 (1.6697)
2021-10-25 22:21:39,671 Test: [160/200]	Time 0.023 (0.025)	Loss 1.6626 (1.6696)
2021-10-25 22:21:39,914 Test: [170/200]	Time 0.023 (0.025)	Loss 1.6392 (1.6689)
2021-10-25 22:21:40,167 Test: [180/200]	Time 0.027 (0.025)	Loss 1.6246 (1.6681)
2021-10-25 22:21:40,419 Test: [190/200]	Time 0.024 (0.025)	Loss 1.6520 (1.6686)
2021-10-25 22:21:41,441 Mean IoU score: 0.134
2021-10-25 22:21:41,442 => saving checkpoint to out
2021-10-25 22:21:42,073 Epoch: [3][0/200]	Time 0.604s (0.604s)	Speed 53.0 samples/s	Data 0.071s (0.071s)	Loss 1.60310 (1.60310)
2021-10-25 22:21:46,662 Epoch: [3][10/200]	Time 0.460s (0.472s)	Speed 69.6 samples/s	Data 0.001s (0.008s)	Loss 1.60576 (1.60431)
2021-10-25 22:21:51,425 Epoch: [3][20/200]	Time 0.466s (0.474s)	Speed 68.7 samples/s	Data 0.001s (0.005s)	Loss 1.60706 (1.60492)
2021-10-25 22:21:56,297 Epoch: [3][30/200]	Time 0.482s (0.478s)	Speed 66.4 samples/s	Data 0.001s (0.004s)	Loss 1.59839 (1.60464)
2021-10-25 22:22:01,099 Epoch: [3][40/200]	Time 0.461s (0.479s)	Speed 69.5 samples/s	Data 0.001s (0.003s)	Loss 1.60772 (1.60456)
2021-10-25 22:22:05,940 Epoch: [3][50/200]	Time 0.492s (0.480s)	Speed 65.0 samples/s	Data 0.001s (0.003s)	Loss 1.61027 (1.60434)
2021-10-25 22:22:10,959 Epoch: [3][60/200]	Time 0.506s (0.483s)	Speed 63.3 samples/s	Data 0.001s (0.003s)	Loss 1.60656 (1.60464)
2021-10-25 22:22:16,764 Epoch: [3][70/200]	Time 0.802s (0.497s)	Speed 39.9 samples/s	Data 0.002s (0.002s)	Loss 1.61378 (1.60458)
2021-10-25 22:22:26,532 Epoch: [3][80/200]	Time 0.977s (0.556s)	Speed 32.8 samples/s	Data 0.003s (0.002s)	Loss 1.60525 (1.60448)
2021-10-25 22:22:36,308 Epoch: [3][90/200]	Time 1.231s (0.603s)	Speed 26.0 samples/s	Data 0.003s (0.003s)	Loss 1.60083 (1.60459)
2021-10-25 22:22:41,471 Epoch: [3][100/200]	Time 0.441s (0.594s)	Speed 72.6 samples/s	Data 0.001s (0.002s)	Loss 1.59237 (1.60419)
2021-10-25 22:22:46,046 Epoch: [3][110/200]	Time 0.459s (0.582s)	Speed 69.7 samples/s	Data 0.002s (0.002s)	Loss 1.60901 (1.60419)
2021-10-25 22:22:50,744 Epoch: [3][120/200]	Time 0.467s (0.573s)	Speed 68.5 samples/s	Data 0.001s (0.002s)	Loss 1.61017 (1.60427)
2021-10-25 22:22:55,540 Epoch: [3][130/200]	Time 0.531s (0.565s)	Speed 60.2 samples/s	Data 0.001s (0.002s)	Loss 1.59578 (1.60424)
2021-10-25 22:23:00,389 Epoch: [3][140/200]	Time 0.512s (0.560s)	Speed 62.5 samples/s	Data 0.001s (0.002s)	Loss 1.60029 (1.60413)
2021-10-25 22:23:05,114 Epoch: [3][150/200]	Time 0.476s (0.554s)	Speed 67.2 samples/s	Data 0.001s (0.002s)	Loss 1.61188 (1.60422)
2021-10-25 22:23:09,847 Epoch: [3][160/200]	Time 0.473s (0.549s)	Speed 67.6 samples/s	Data 0.001s (0.002s)	Loss 1.60245 (1.60418)
2021-10-25 22:23:15,179 Epoch: [3][170/200]	Time 0.490s (0.548s)	Speed 65.3 samples/s	Data 0.001s (0.002s)	Loss 1.61597 (1.60410)
2021-10-25 22:23:20,078 Epoch: [3][180/200]	Time 0.487s (0.545s)	Speed 65.7 samples/s	Data 0.001s (0.002s)	Loss 1.62366 (1.60421)
2021-10-25 22:23:24,978 Epoch: [3][190/200]	Time 0.476s (0.542s)	Speed 67.3 samples/s	Data 0.002s (0.002s)	Loss 1.59604 (1.60387)
2021-10-25 22:23:29,402 Test: [0/200]	Time 0.061 (0.061)	Loss 1.6791 (1.6791)
2021-10-25 22:23:29,761 Test: [10/200]	Time 0.036 (0.038)	Loss 1.5829 (1.6578)
2021-10-25 22:23:30,045 Test: [20/200]	Time 0.021 (0.034)	Loss 1.6279 (1.6606)
2021-10-25 22:23:30,281 Test: [30/200]	Time 0.023 (0.030)	Loss 1.7219 (1.6647)
2021-10-25 22:23:30,629 Test: [40/200]	Time 0.022 (0.031)	Loss 1.6599 (1.6693)
2021-10-25 22:23:30,868 Test: [50/200]	Time 0.024 (0.030)	Loss 1.6891 (1.6703)
2021-10-25 22:23:31,114 Test: [60/200]	Time 0.023 (0.029)	Loss 1.6856 (1.6707)
2021-10-25 22:23:31,353 Test: [70/200]	Time 0.024 (0.028)	Loss 1.6659 (1.6708)
2021-10-25 22:23:31,611 Test: [80/200]	Time 0.024 (0.028)	Loss 1.7136 (1.6693)
2021-10-25 22:23:31,865 Test: [90/200]	Time 0.024 (0.028)	Loss 1.7056 (1.6705)
2021-10-25 22:23:32,122 Test: [100/200]	Time 0.026 (0.028)	Loss 1.7225 (1.6704)
2021-10-25 22:23:32,497 Test: [110/200]	Time 0.024 (0.028)	Loss 1.7044 (1.6704)
2021-10-25 22:23:32,744 Test: [120/200]	Time 0.023 (0.028)	Loss 1.6948 (1.6693)
2021-10-25 22:23:32,991 Test: [130/200]	Time 0.022 (0.028)	Loss 1.6622 (1.6705)
2021-10-25 22:23:33,235 Test: [140/200]	Time 0.024 (0.028)	Loss 1.6506 (1.6702)
2021-10-25 22:23:33,478 Test: [150/200]	Time 0.024 (0.027)	Loss 1.6795 (1.6695)
2021-10-25 22:23:33,726 Test: [160/200]	Time 0.024 (0.027)	Loss 1.6645 (1.6694)
2021-10-25 22:23:33,966 Test: [170/200]	Time 0.023 (0.027)	Loss 1.6379 (1.6687)
2021-10-25 22:23:34,204 Test: [180/200]	Time 0.023 (0.027)	Loss 1.6258 (1.6679)
2021-10-25 22:23:34,448 Test: [190/200]	Time 0.024 (0.027)	Loss 1.6505 (1.6683)
2021-10-25 22:23:35,473 Mean IoU score: 0.143
2021-10-25 22:23:35,474 => saving checkpoint to out
2021-10-25 22:23:36,120 Epoch: [4][0/200]	Time 0.619s (0.619s)	Speed 51.7 samples/s	Data 0.062s (0.062s)	Loss 1.60067 (1.60067)
2021-10-25 22:23:40,765 Epoch: [4][10/200]	Time 0.479s (0.479s)	Speed 66.8 samples/s	Data 0.001s (0.007s)	Loss 1.60170 (1.60382)
2021-10-25 22:23:45,515 Epoch: [4][20/200]	Time 0.491s (0.477s)	Speed 65.2 samples/s	Data 0.002s (0.004s)	Loss 1.59525 (1.60273)
2021-10-25 22:23:50,473 Epoch: [4][30/200]	Time 0.478s (0.483s)	Speed 66.9 samples/s	Data 0.001s (0.003s)	Loss 1.61278 (1.60318)
2021-10-25 22:23:55,262 Epoch: [4][40/200]	Time 0.474s (0.482s)	Speed 67.5 samples/s	Data 0.001s (0.003s)	Loss 1.59690 (1.60279)
2021-10-25 22:24:01,176 Epoch: [4][50/200]	Time 0.894s (0.503s)	Speed 35.8 samples/s	Data 0.002s (0.003s)	Loss 1.60332 (1.60267)
2021-10-25 22:24:12,422 Epoch: [4][60/200]	Time 1.162s (0.605s)	Speed 27.5 samples/s	Data 0.004s (0.003s)	Loss 1.60325 (1.60261)
2021-10-25 22:24:21,484 Epoch: [4][70/200]	Time 0.850s (0.648s)	Speed 37.7 samples/s	Data 0.002s (0.003s)	Loss 1.60000 (1.60236)
2021-10-25 22:24:26,726 Epoch: [4][80/200]	Time 0.493s (0.632s)	Speed 65.0 samples/s	Data 0.001s (0.003s)	Loss 1.60316 (1.60320)
2021-10-25 22:24:31,441 Epoch: [4][90/200]	Time 0.447s (0.615s)	Speed 71.6 samples/s	Data 0.001s (0.002s)	Loss 1.59405 (1.60314)
2021-10-25 22:24:36,221 Epoch: [4][100/200]	Time 0.490s (0.601s)	Speed 65.3 samples/s	Data 0.002s (0.002s)	Loss 1.60493 (1.60331)
2021-10-25 22:24:40,881 Epoch: [4][110/200]	Time 0.478s (0.589s)	Speed 66.9 samples/s	Data 0.001s (0.002s)	Loss 1.61262 (1.60345)
2021-10-25 22:24:45,605 Epoch: [4][120/200]	Time 0.469s (0.579s)	Speed 68.3 samples/s	Data 0.001s (0.002s)	Loss 1.59823 (1.60381)
2021-10-25 22:24:50,293 Epoch: [4][130/200]	Time 0.476s (0.571s)	Speed 67.2 samples/s	Data 0.001s (0.002s)	Loss 1.59531 (1.60385)
2021-10-25 22:24:54,970 Epoch: [4][140/200]	Time 0.470s (0.564s)	Speed 68.0 samples/s	Data 0.001s (0.002s)	Loss 1.60689 (1.60385)
2021-10-25 22:24:59,750 Epoch: [4][150/200]	Time 0.512s (0.558s)	Speed 62.5 samples/s	Data 0.001s (0.002s)	Loss 1.60985 (1.60373)
2021-10-25 22:25:04,597 Epoch: [4][160/200]	Time 0.466s (0.553s)	Speed 68.7 samples/s	Data 0.001s (0.002s)	Loss 1.59380 (1.60361)
2021-10-25 22:25:09,375 Epoch: [4][170/200]	Time 0.482s (0.549s)	Speed 66.4 samples/s	Data 0.001s (0.002s)	Loss 1.60903 (1.60341)
2021-10-25 22:25:14,147 Epoch: [4][180/200]	Time 0.455s (0.545s)	Speed 70.3 samples/s	Data 0.001s (0.002s)	Loss 1.60690 (1.60335)
2021-10-25 22:25:18,983 Epoch: [4][190/200]	Time 0.480s (0.542s)	Speed 66.7 samples/s	Data 0.001s (0.002s)	Loss 1.60091 (1.60347)
2021-10-25 22:25:23,491 Test: [0/200]	Time 0.079 (0.079)	Loss 1.6748 (1.6748)
2021-10-25 22:25:23,782 Test: [10/200]	Time 0.021 (0.034)	Loss 1.5837 (1.6577)
2021-10-25 22:25:24,019 Test: [20/200]	Time 0.023 (0.029)	Loss 1.6298 (1.6601)
2021-10-25 22:25:24,373 Test: [30/200]	Time 0.022 (0.031)	Loss 1.7126 (1.6644)
2021-10-25 22:25:24,609 Test: [40/200]	Time 0.023 (0.029)	Loss 1.6617 (1.6693)
2021-10-25 22:25:24,944 Test: [50/200]	Time 0.026 (0.030)	Loss 1.6892 (1.6705)
2021-10-25 22:25:25,182 Test: [60/200]	Time 0.023 (0.029)	Loss 1.6828 (1.6709)
2021-10-25 22:25:25,440 Test: [70/200]	Time 0.024 (0.029)	Loss 1.6645 (1.6711)
2021-10-25 22:25:25,686 Test: [80/200]	Time 0.024 (0.028)	Loss 1.7185 (1.6698)
2021-10-25 22:25:25,927 Test: [90/200]	Time 0.025 (0.028)	Loss 1.7075 (1.6709)
2021-10-25 22:25:26,186 Test: [100/200]	Time 0.027 (0.027)	Loss 1.7255 (1.6708)
2021-10-25 22:25:26,439 Test: [110/200]	Time 0.025 (0.027)	Loss 1.7073 (1.6709)
2021-10-25 22:25:26,694 Test: [120/200]	Time 0.024 (0.027)	Loss 1.6991 (1.6697)
2021-10-25 22:25:26,961 Test: [130/200]	Time 0.025 (0.027)	Loss 1.6633 (1.6710)
2021-10-25 22:25:27,220 Test: [140/200]	Time 0.026 (0.027)	Loss 1.6479 (1.6706)
2021-10-25 22:25:27,493 Test: [150/200]	Time 0.027 (0.027)	Loss 1.6809 (1.6699)
2021-10-25 22:25:27,820 Test: [160/200]	Time 0.024 (0.027)	Loss 1.6602 (1.6698)
2021-10-25 22:25:28,070 Test: [170/200]	Time 0.024 (0.027)	Loss 1.6396 (1.6692)
2021-10-25 22:25:28,324 Test: [180/200]	Time 0.025 (0.027)	Loss 1.6254 (1.6683)
2021-10-25 22:25:28,577 Test: [190/200]	Time 0.025 (0.027)	Loss 1.6542 (1.6688)
2021-10-25 22:25:29,621 Mean IoU score: 0.107
2021-10-25 22:25:29,622 => saving checkpoint to out
2021-10-25 22:25:30,262 Epoch: [5][0/200]	Time 0.617s (0.617s)	Speed 51.8 samples/s	Data 0.068s (0.068s)	Loss 1.60416 (1.60416)
2021-10-25 22:25:34,986 Epoch: [5][10/200]	Time 0.483s (0.486s)	Speed 66.3 samples/s	Data 0.001s (0.008s)	Loss 1.61015 (1.60313)
2021-10-25 22:25:39,718 Epoch: [5][20/200]	Time 0.468s (0.480s)	Speed 68.4 samples/s	Data 0.001s (0.005s)	Loss 1.59506 (1.60479)
2021-10-25 22:25:45,702 Epoch: [5][30/200]	Time 0.851s (0.518s)	Speed 37.6 samples/s	Data 0.002s (0.004s)	Loss 1.60648 (1.60504)
2021-10-25 22:25:55,645 Epoch: [5][40/200]	Time 0.943s (0.634s)	Speed 33.9 samples/s	Data 0.003s (0.003s)	Loss 1.60628 (1.60433)
2021-10-25 22:26:04,522 Epoch: [5][50/200]	Time 0.872s (0.684s)	Speed 36.7 samples/s	Data 0.002s (0.003s)	Loss 1.60013 (1.60387)
2021-10-25 22:26:09,564 Epoch: [5][60/200]	Time 0.456s (0.654s)	Speed 70.2 samples/s	Data 0.001s (0.003s)	Loss 1.60646 (1.60307)
2021-10-25 22:26:14,107 Epoch: [5][70/200]	Time 0.457s (0.626s)	Speed 70.1 samples/s	Data 0.001s (0.003s)	Loss 1.61061 (1.60322)
2021-10-25 22:26:18,749 Epoch: [5][80/200]	Time 0.474s (0.606s)	Speed 67.5 samples/s	Data 0.001s (0.003s)	Loss 1.59524 (1.60313)
2021-10-25 22:26:23,501 Epoch: [5][90/200]	Time 0.470s (0.592s)	Speed 68.0 samples/s	Data 0.002s (0.002s)	Loss 1.61679 (1.60352)
2021-10-25 22:26:28,259 Epoch: [5][100/200]	Time 0.481s (0.580s)	Speed 66.5 samples/s	Data 0.001s (0.002s)	Loss 1.61655 (1.60351)
2021-10-25 22:26:33,459 Epoch: [5][110/200]	Time 0.554s (0.575s)	Speed 57.8 samples/s	Data 0.002s (0.002s)	Loss 1.60464 (1.60356)
2021-10-25 22:26:39,686 Epoch: [5][120/200]	Time 0.924s (0.579s)	Speed 34.6 samples/s	Data 0.003s (0.002s)	Loss 1.60456 (1.60355)
2021-10-25 22:26:45,532 Epoch: [5][130/200]	Time 0.651s (0.579s)	Speed 49.2 samples/s	Data 0.001s (0.002s)	Loss 1.59284 (1.60336)
2021-10-25 22:26:50,486 Epoch: [5][140/200]	Time 0.515s (0.573s)	Speed 62.2 samples/s	Data 0.001s (0.002s)	Loss 1.60256 (1.60320)
2021-10-25 22:26:55,739 Epoch: [5][150/200]	Time 0.483s (0.570s)	Speed 66.2 samples/s	Data 0.001s (0.002s)	Loss 1.60207 (1.60326)
2021-10-25 22:27:00,852 Epoch: [5][160/200]	Time 0.511s (0.567s)	Speed 62.7 samples/s	Data 0.002s (0.002s)	Loss 1.60551 (1.60327)
2021-10-25 22:27:06,388 Epoch: [5][170/200]	Time 0.481s (0.566s)	Speed 66.5 samples/s	Data 0.001s (0.002s)	Loss 1.59467 (1.60323)
2021-10-25 22:27:11,330 Epoch: [5][180/200]	Time 0.590s (0.562s)	Speed 54.2 samples/s	Data 0.001s (0.002s)	Loss 1.59583 (1.60306)
2021-10-25 22:27:20,305 Epoch: [5][190/200]	Time 1.046s (0.579s)	Speed 30.6 samples/s	Data 0.002s (0.002s)	Loss 1.60357 (1.60308)
2021-10-25 22:27:29,213 Test: [0/200]	Time 0.119 (0.119)	Loss 1.6786 (1.6786)
2021-10-25 22:27:29,643 Test: [10/200]	Time 0.041 (0.050)	Loss 1.5826 (1.6573)
2021-10-25 22:27:30,119 Test: [20/200]	Time 0.043 (0.049)	Loss 1.6287 (1.6603)
2021-10-25 22:27:30,580 Test: [30/200]	Time 0.044 (0.048)	Loss 1.7154 (1.6644)
2021-10-25 22:27:31,052 Test: [40/200]	Time 0.044 (0.048)	Loss 1.6592 (1.6690)
2021-10-25 22:27:31,492 Test: [50/200]	Time 0.042 (0.047)	Loss 1.6872 (1.6698)
2021-10-25 22:27:31,950 Test: [60/200]	Time 0.045 (0.047)	Loss 1.6881 (1.6702)
2021-10-25 22:27:32,425 Test: [70/200]	Time 0.046 (0.047)	Loss 1.6656 (1.6704)
2021-10-25 22:27:32,897 Test: [80/200]	Time 0.045 (0.047)	Loss 1.7126 (1.6689)
2021-10-25 22:27:33,387 Test: [90/200]	Time 0.048 (0.047)	Loss 1.7045 (1.6702)
2021-10-25 22:27:33,866 Test: [100/200]	Time 0.045 (0.047)	Loss 1.7211 (1.6701)
2021-10-25 22:27:34,346 Test: [110/200]	Time 0.045 (0.047)	Loss 1.7029 (1.6700)
2021-10-25 22:27:34,818 Test: [120/200]	Time 0.045 (0.047)	Loss 1.6939 (1.6687)
2021-10-25 22:27:35,311 Test: [130/200]	Time 0.041 (0.047)	Loss 1.6613 (1.6699)
2021-10-25 22:27:35,708 Test: [140/200]	Time 0.036 (0.047)	Loss 1.6503 (1.6696)
2021-10-25 22:27:36,066 Test: [150/200]	Time 0.033 (0.046)	Loss 1.6782 (1.6689)
2021-10-25 22:27:36,382 Test: [160/200]	Time 0.030 (0.045)	Loss 1.6635 (1.6688)
2021-10-25 22:27:36,693 Test: [170/200]	Time 0.029 (0.044)	Loss 1.6376 (1.6681)
2021-10-25 22:27:36,979 Test: [180/200]	Time 0.027 (0.044)	Loss 1.6236 (1.6673)
2021-10-25 22:27:37,252 Test: [190/200]	Time 0.026 (0.043)	Loss 1.6500 (1.6677)
2021-10-25 22:27:38,306 Mean IoU score: 0.145
2021-10-25 22:27:38,307 => saving checkpoint to out
2021-10-25 22:27:38,935 Epoch: [6][0/200]	Time 0.608s (0.608s)	Speed 52.6 samples/s	Data 0.060s (0.060s)	Loss 1.59968 (1.59968)
2021-10-25 22:27:43,311 Epoch: [6][10/200]	Time 0.437s (0.453s)	Speed 73.2 samples/s	Data 0.001s (0.007s)	Loss 1.60824 (1.60243)
2021-10-25 22:27:47,842 Epoch: [6][20/200]	Time 0.462s (0.453s)	Speed 69.2 samples/s	Data 0.001s (0.004s)	Loss 1.59575 (1.60281)
2021-10-25 22:27:52,484 Epoch: [6][30/200]	Time 0.462s (0.457s)	Speed 69.3 samples/s	Data 0.001s (0.003s)	Loss 1.59471 (1.60336)
2021-10-25 22:27:57,177 Epoch: [6][40/200]	Time 0.475s (0.460s)	Speed 67.4 samples/s	Data 0.001s (0.003s)	Loss 1.59256 (1.60257)
2021-10-25 22:28:01,981 Epoch: [6][50/200]	Time 0.473s (0.464s)	Speed 67.7 samples/s	Data 0.001s (0.003s)	Loss 1.60279 (1.60237)
2021-10-25 22:28:06,804 Epoch: [6][60/200]	Time 0.470s (0.467s)	Speed 68.1 samples/s	Data 0.001s (0.002s)	Loss 1.60767 (1.60287)
2021-10-25 22:28:11,584 Epoch: [6][70/200]	Time 0.473s (0.468s)	Speed 67.7 samples/s	Data 0.001s (0.002s)	Loss 1.60785 (1.60304)
2021-10-25 22:28:16,422 Epoch: [6][80/200]	Time 0.511s (0.470s)	Speed 62.6 samples/s	Data 0.002s (0.002s)	Loss 1.60415 (1.60256)
2021-10-25 22:28:21,304 Epoch: [6][90/200]	Time 0.474s (0.472s)	Speed 67.5 samples/s	Data 0.001s (0.002s)	Loss 1.59574 (1.60242)
2021-10-25 22:28:26,043 Epoch: [6][100/200]	Time 0.476s (0.472s)	Speed 67.2 samples/s	Data 0.001s (0.002s)	Loss 1.59524 (1.60195)
2021-10-25 22:28:30,878 Epoch: [6][110/200]	Time 0.501s (0.473s)	Speed 63.8 samples/s	Data 0.001s (0.002s)	Loss 1.60257 (1.60236)
2021-10-25 22:28:35,632 Epoch: [6][120/200]	Time 0.481s (0.474s)	Speed 66.6 samples/s	Data 0.001s (0.002s)	Loss 1.59519 (1.60220)
2021-10-25 22:28:40,498 Epoch: [6][130/200]	Time 0.503s (0.475s)	Speed 63.6 samples/s	Data 0.001s (0.002s)	Loss 1.60228 (1.60211)
2021-10-25 22:28:45,532 Epoch: [6][140/200]	Time 0.507s (0.477s)	Speed 63.2 samples/s	Data 0.001s (0.002s)	Loss 1.59268 (1.60234)
2021-10-25 22:28:53,773 Epoch: [6][150/200]	Time 1.062s (0.500s)	Speed 30.1 samples/s	Data 0.003s (0.002s)	Loss 1.61093 (1.60231)
2021-10-25 22:29:04,521 Epoch: [6][160/200]	Time 1.110s (0.535s)	Speed 28.8 samples/s	Data 0.003s (0.002s)	Loss 1.59968 (1.60239)
2021-10-25 22:29:13,153 Epoch: [6][170/200]	Time 0.504s (0.555s)	Speed 63.6 samples/s	Data 0.001s (0.002s)	Loss 1.60226 (1.60259)
2021-10-25 22:29:17,764 Epoch: [6][180/200]	Time 0.444s (0.549s)	Speed 72.1 samples/s	Data 0.001s (0.002s)	Loss 1.60412 (1.60278)
2021-10-25 22:29:22,241 Epoch: [6][190/200]	Time 0.445s (0.544s)	Speed 71.9 samples/s	Data 0.002s (0.002s)	Loss 1.60159 (1.60295)
2021-10-25 22:29:26,493 Test: [0/200]	Time 0.069 (0.069)	Loss 1.6750 (1.6750)
2021-10-25 22:29:26,719 Test: [10/200]	Time 0.021 (0.027)	Loss 1.5825 (1.6558)
2021-10-25 22:29:26,947 Test: [20/200]	Time 0.022 (0.025)	Loss 1.6274 (1.6581)
2021-10-25 22:29:27,173 Test: [30/200]	Time 0.022 (0.024)	Loss 1.7127 (1.6622)
2021-10-25 22:29:27,403 Test: [40/200]	Time 0.025 (0.024)	Loss 1.6589 (1.6668)
2021-10-25 22:29:27,635 Test: [50/200]	Time 0.022 (0.024)	Loss 1.6852 (1.6678)
2021-10-25 22:29:27,872 Test: [60/200]	Time 0.023 (0.024)	Loss 1.6825 (1.6683)
2021-10-25 22:29:28,112 Test: [70/200]	Time 0.023 (0.024)	Loss 1.6633 (1.6686)
2021-10-25 22:29:28,370 Test: [80/200]	Time 0.024 (0.024)	Loss 1.7124 (1.6671)
2021-10-25 22:29:28,645 Test: [90/200]	Time 0.023 (0.024)	Loss 1.7038 (1.6684)
2021-10-25 22:29:28,887 Test: [100/200]	Time 0.023 (0.024)	Loss 1.7209 (1.6683)
2021-10-25 22:29:29,132 Test: [110/200]	Time 0.023 (0.024)	Loss 1.7028 (1.6684)
2021-10-25 22:29:29,372 Test: [120/200]	Time 0.023 (0.024)	Loss 1.6933 (1.6671)
2021-10-25 22:29:29,617 Test: [130/200]	Time 0.024 (0.024)	Loss 1.6596 (1.6684)
2021-10-25 22:29:29,865 Test: [140/200]	Time 0.024 (0.024)	Loss 1.6504 (1.6681)
2021-10-25 22:29:30,114 Test: [150/200]	Time 0.024 (0.024)	Loss 1.6784 (1.6674)
2021-10-25 22:29:30,364 Test: [160/200]	Time 0.025 (0.024)	Loss 1.6624 (1.6673)
2021-10-25 22:29:30,614 Test: [170/200]	Time 0.024 (0.024)	Loss 1.6373 (1.6667)
2021-10-25 22:29:30,869 Test: [180/200]	Time 0.024 (0.025)	Loss 1.6227 (1.6659)
2021-10-25 22:29:31,123 Test: [190/200]	Time 0.024 (0.025)	Loss 1.6495 (1.6663)
2021-10-25 22:29:32,127 Mean IoU score: 0.143
2021-10-25 22:29:32,128 => saving checkpoint to out
2021-10-25 22:29:32,747 Epoch: [7][0/200]	Time 0.606s (0.606s)	Speed 52.8 samples/s	Data 0.078s (0.078s)	Loss 1.60706 (1.60706)
2021-10-25 22:29:37,510 Epoch: [7][10/200]	Time 0.514s (0.488s)	Speed 62.2 samples/s	Data 0.002s (0.008s)	Loss 1.61293 (1.60911)
2021-10-25 22:29:42,276 Epoch: [7][20/200]	Time 0.474s (0.483s)	Speed 67.5 samples/s	Data 0.001s (0.005s)	Loss 1.59988 (1.60600)
2021-10-25 22:29:47,034 Epoch: [7][30/200]	Time 0.474s (0.480s)	Speed 67.5 samples/s	Data 0.001s (0.004s)	Loss 1.60616 (1.60459)
2021-10-25 22:29:51,846 Epoch: [7][40/200]	Time 0.468s (0.481s)	Speed 68.3 samples/s	Data 0.001s (0.003s)	Loss 1.59513 (1.60397)
2021-10-25 22:29:56,603 Epoch: [7][50/200]	Time 0.473s (0.480s)	Speed 67.6 samples/s	Data 0.001s (0.003s)	Loss 1.61474 (1.60429)
2021-10-25 22:30:01,350 Epoch: [7][60/200]	Time 0.476s (0.479s)	Speed 67.3 samples/s	Data 0.001s (0.003s)	Loss 1.60275 (1.60421)
2021-10-25 22:30:06,181 Epoch: [7][70/200]	Time 0.496s (0.479s)	Speed 64.5 samples/s	Data 0.001s (0.002s)	Loss 1.59430 (1.60309)
2021-10-25 22:30:10,971 Epoch: [7][80/200]	Time 0.497s (0.479s)	Speed 64.4 samples/s	Data 0.001s (0.002s)	Loss 1.60625 (1.60305)
2021-10-25 22:30:17,862 Epoch: [7][90/200]	Time 0.940s (0.502s)	Speed 34.0 samples/s	Data 0.002s (0.002s)	Loss 1.60619 (1.60289)
2021-10-25 22:30:27,653 Epoch: [7][100/200]	Time 0.913s (0.550s)	Speed 35.0 samples/s	Data 0.003s (0.002s)	Loss 1.61203 (1.60308)
2021-10-25 22:30:36,362 Epoch: [7][110/200]	Time 0.847s (0.579s)	Speed 37.8 samples/s	Data 0.003s (0.002s)	Loss 1.59562 (1.60312)
2021-10-25 22:30:41,678 Epoch: [7][120/200]	Time 0.454s (0.575s)	Speed 70.5 samples/s	Data 0.001s (0.002s)	Loss 1.60361 (1.60342)
2021-10-25 22:30:46,283 Epoch: [7][130/200]	Time 0.499s (0.566s)	Speed 64.1 samples/s	Data 0.001s (0.002s)	Loss 1.60587 (1.60345)
2021-10-25 22:30:50,825 Epoch: [7][140/200]	Time 0.465s (0.558s)	Speed 68.9 samples/s	Data 0.001s (0.002s)	Loss 1.60395 (1.60354)
2021-10-25 22:30:55,521 Epoch: [7][150/200]	Time 0.467s (0.552s)	Speed 68.6 samples/s	Data 0.001s (0.002s)	Loss 1.59737 (1.60319)
2021-10-25 22:31:00,243 Epoch: [7][160/200]	Time 0.471s (0.547s)	Speed 67.9 samples/s	Data 0.001s (0.002s)	Loss 1.58994 (1.60300)
2021-10-25 22:31:04,906 Epoch: [7][170/200]	Time 0.462s (0.542s)	Speed 69.3 samples/s	Data 0.001s (0.002s)	Loss 1.59604 (1.60298)
2021-10-25 22:31:09,613 Epoch: [7][180/200]	Time 0.477s (0.539s)	Speed 67.0 samples/s	Data 0.001s (0.002s)	Loss 1.60001 (1.60270)
2021-10-25 22:31:14,371 Epoch: [7][190/200]	Time 0.478s (0.535s)	Speed 66.9 samples/s	Data 0.001s (0.002s)	Loss 1.60488 (1.60274)
2021-10-25 22:31:18,721 Test: [0/200]	Time 0.065 (0.065)	Loss 1.6734 (1.6734)
2021-10-25 22:31:18,946 Test: [10/200]	Time 0.021 (0.026)	Loss 1.5825 (1.6554)
2021-10-25 22:31:19,170 Test: [20/200]	Time 0.022 (0.024)	Loss 1.6270 (1.6579)
2021-10-25 22:31:19,400 Test: [30/200]	Time 0.023 (0.024)	Loss 1.7112 (1.6619)
2021-10-25 22:31:19,634 Test: [40/200]	Time 0.022 (0.024)	Loss 1.6587 (1.6665)
2021-10-25 22:31:19,875 Test: [50/200]	Time 0.025 (0.024)	Loss 1.6852 (1.6676)
2021-10-25 22:31:20,106 Test: [60/200]	Time 0.023 (0.024)	Loss 1.6852 (1.6681)
2021-10-25 22:31:20,347 Test: [70/200]	Time 0.023 (0.024)	Loss 1.6620 (1.6683)
2021-10-25 22:31:20,586 Test: [80/200]	Time 0.023 (0.024)	Loss 1.7122 (1.6669)
2021-10-25 22:31:20,833 Test: [90/200]	Time 0.023 (0.024)	Loss 1.7039 (1.6681)
2021-10-25 22:31:21,074 Test: [100/200]	Time 0.023 (0.024)	Loss 1.7204 (1.6680)
2021-10-25 22:31:21,318 Test: [110/200]	Time 0.023 (0.024)	Loss 1.7022 (1.6681)
2021-10-25 22:31:21,562 Test: [120/200]	Time 0.023 (0.024)	Loss 1.6932 (1.6669)
2021-10-25 22:31:21,806 Test: [130/200]	Time 0.023 (0.024)	Loss 1.6596 (1.6681)
2021-10-25 22:31:22,057 Test: [140/200]	Time 0.023 (0.024)	Loss 1.6495 (1.6678)
2021-10-25 22:31:22,304 Test: [150/200]	Time 0.024 (0.024)	Loss 1.6780 (1.6672)
2021-10-25 22:31:22,563 Test: [160/200]	Time 0.025 (0.024)	Loss 1.6620 (1.6670)
2021-10-25 22:31:22,819 Test: [170/200]	Time 0.024 (0.024)	Loss 1.6362 (1.6664)
2021-10-25 22:31:23,070 Test: [180/200]	Time 0.024 (0.024)	Loss 1.6223 (1.6656)
2021-10-25 22:31:23,312 Test: [190/200]	Time 0.025 (0.024)	Loss 1.6492 (1.6661)
2021-10-25 22:31:24,337 Mean IoU score: 0.150
2021-10-25 22:31:24,337 => saving checkpoint to out
2021-10-25 22:31:24,965 Epoch: [8][0/200]	Time 0.610s (0.610s)	Speed 52.5 samples/s	Data 0.073s (0.073s)	Loss 1.61321 (1.61321)
2021-10-25 22:31:29,582 Epoch: [8][10/200]	Time 0.476s (0.475s)	Speed 67.2 samples/s	Data 0.001s (0.008s)	Loss 1.59058 (1.60417)
2021-10-25 22:31:34,350 Epoch: [8][20/200]	Time 0.477s (0.476s)	Speed 67.2 samples/s	Data 0.001s (0.005s)	Loss 1.60335 (1.60469)
2021-10-25 22:31:39,187 Epoch: [8][30/200]	Time 0.498s (0.478s)	Speed 64.3 samples/s	Data 0.001s (0.004s)	Loss 1.60585 (1.60443)
2021-10-25 22:31:43,931 Epoch: [8][40/200]	Time 0.472s (0.477s)	Speed 67.9 samples/s	Data 0.001s (0.003s)	Loss 1.60376 (1.60449)
2021-10-25 22:31:48,725 Epoch: [8][50/200]	Time 0.487s (0.478s)	Speed 65.7 samples/s	Data 0.001s (0.003s)	Loss 1.61202 (1.60420)
2021-10-25 22:31:56,516 Epoch: [8][60/200]	Time 0.993s (0.527s)	Speed 32.2 samples/s	Data 0.003s (0.003s)	Loss 1.60144 (1.60373)
2021-10-25 22:32:06,134 Epoch: [8][70/200]	Time 0.924s (0.588s)	Speed 34.6 samples/s	Data 0.002s (0.003s)	Loss 1.59938 (1.60344)
2021-10-25 22:32:14,851 Epoch: [8][80/200]	Time 0.828s (0.623s)	Speed 38.7 samples/s	Data 0.003s (0.003s)	Loss 1.59441 (1.60340)
2021-10-25 22:32:22,303 Epoch: [8][90/200]	Time 0.503s (0.637s)	Speed 63.7 samples/s	Data 0.002s (0.003s)	Loss 1.59078 (1.60331)
2021-10-25 22:32:26,848 Epoch: [8][100/200]	Time 0.441s (0.619s)	Speed 72.6 samples/s	Data 0.002s (0.003s)	Loss 1.59837 (1.60322)
2021-10-25 22:32:31,402 Epoch: [8][110/200]	Time 0.457s (0.604s)	Speed 70.0 samples/s	Data 0.001s (0.002s)	Loss 1.58847 (1.60293)
2021-10-25 22:32:36,129 Epoch: [8][120/200]	Time 0.498s (0.593s)	Speed 64.3 samples/s	Data 0.001s (0.002s)	Loss 1.59661 (1.60290)
2021-10-25 22:32:40,783 Epoch: [8][130/200]	Time 0.474s (0.583s)	Speed 67.5 samples/s	Data 0.001s (0.002s)	Loss 1.60368 (1.60299)
2021-10-25 22:32:45,455 Epoch: [8][140/200]	Time 0.473s (0.575s)	Speed 67.7 samples/s	Data 0.001s (0.002s)	Loss 1.59562 (1.60291)
2021-10-25 22:32:50,173 Epoch: [8][150/200]	Time 0.472s (0.568s)	Speed 67.8 samples/s	Data 0.001s (0.002s)	Loss 1.60077 (1.60289)
2021-10-25 22:32:54,925 Epoch: [8][160/200]	Time 0.471s (0.563s)	Speed 68.0 samples/s	Data 0.001s (0.002s)	Loss 1.60353 (1.60268)
2021-10-25 22:32:59,808 Epoch: [8][170/200]	Time 0.496s (0.558s)	Speed 64.6 samples/s	Data 0.001s (0.002s)	Loss 1.61036 (1.60277)
2021-10-25 22:33:04,756 Epoch: [8][180/200]	Time 0.513s (0.555s)	Speed 62.4 samples/s	Data 0.002s (0.002s)	Loss 1.60516 (1.60274)
2021-10-25 22:33:09,904 Epoch: [8][190/200]	Time 0.484s (0.553s)	Speed 66.2 samples/s	Data 0.001s (0.002s)	Loss 1.60554 (1.60272)
2021-10-25 22:33:14,274 Test: [0/200]	Time 0.079 (0.079)	Loss 1.6767 (1.6767)
2021-10-25 22:33:14,502 Test: [10/200]	Time 0.022 (0.028)	Loss 1.5825 (1.6559)
2021-10-25 22:33:14,767 Test: [20/200]	Time 0.022 (0.027)	Loss 1.6279 (1.6586)
2021-10-25 22:33:14,997 Test: [30/200]	Time 0.022 (0.026)	Loss 1.7150 (1.6627)
2021-10-25 22:33:15,247 Test: [40/200]	Time 0.023 (0.026)	Loss 1.6583 (1.6673)
2021-10-25 22:33:15,491 Test: [50/200]	Time 0.024 (0.025)	Loss 1.6847 (1.6682)
2021-10-25 22:33:15,737 Test: [60/200]	Time 0.023 (0.025)	Loss 1.6874 (1.6688)
2021-10-25 22:33:16,004 Test: [70/200]	Time 0.029 (0.025)	Loss 1.6657 (1.6692)
2021-10-25 22:33:16,253 Test: [80/200]	Time 0.024 (0.025)	Loss 1.7118 (1.6677)
2021-10-25 22:33:16,502 Test: [90/200]	Time 0.024 (0.025)	Loss 1.7034 (1.6689)
2021-10-25 22:33:16,775 Test: [100/200]	Time 0.029 (0.026)	Loss 1.7204 (1.6688)
2021-10-25 22:33:17,042 Test: [110/200]	Time 0.024 (0.026)	Loss 1.7027 (1.6688)
2021-10-25 22:33:17,295 Test: [120/200]	Time 0.024 (0.026)	Loss 1.6934 (1.6676)
2021-10-25 22:33:17,549 Test: [130/200]	Time 0.024 (0.026)	Loss 1.6595 (1.6688)
2021-10-25 22:33:17,798 Test: [140/200]	Time 0.024 (0.026)	Loss 1.6493 (1.6685)
2021-10-25 22:33:18,085 Test: [150/200]	Time 0.041 (0.026)	Loss 1.6779 (1.6678)
2021-10-25 22:33:18,356 Test: [160/200]	Time 0.026 (0.026)	Loss 1.6639 (1.6677)
2021-10-25 22:33:18,604 Test: [170/200]	Time 0.023 (0.026)	Loss 1.6367 (1.6670)
2021-10-25 22:33:18,856 Test: [180/200]	Time 0.024 (0.026)	Loss 1.6239 (1.6662)
2021-10-25 22:33:19,109 Test: [190/200]	Time 0.025 (0.026)	Loss 1.6493 (1.6667)
2021-10-25 22:33:20,153 Mean IoU score: 0.148
2021-10-25 22:33:20,154 => saving checkpoint to out
2021-10-25 22:33:20,770 Epoch: [9][0/200]	Time 0.594s (0.594s)	Speed 53.9 samples/s	Data 0.058s (0.058s)	Loss 1.60598 (1.60598)
2021-10-25 22:33:25,780 Epoch: [9][10/200]	Time 0.646s (0.509s)	Speed 49.5 samples/s	Data 0.002s (0.007s)	Loss 1.60722 (1.60061)
2021-10-25 22:33:35,674 Epoch: [9][20/200]	Time 1.056s (0.738s)	Speed 30.3 samples/s	Data 0.003s (0.005s)	Loss 1.60173 (1.59993)
2021-10-25 22:33:45,632 Epoch: [9][30/200]	Time 0.883s (0.821s)	Speed 36.3 samples/s	Data 0.002s (0.004s)	Loss 1.60065 (1.60156)
2021-10-25 22:33:53,209 Epoch: [9][40/200]	Time 0.502s (0.806s)	Speed 63.8 samples/s	Data 0.001s (0.004s)	Loss 1.58807 (1.60073)
2021-10-25 22:33:57,840 Epoch: [9][50/200]	Time 0.453s (0.738s)	Speed 70.6 samples/s	Data 0.001s (0.003s)	Loss 1.61608 (1.60166)
2021-10-25 22:34:02,444 Epoch: [9][60/200]	Time 0.500s (0.693s)	Speed 64.0 samples/s	Data 0.001s (0.003s)	Loss 1.60515 (1.60183)
2021-10-25 22:34:07,080 Epoch: [9][70/200]	Time 0.471s (0.661s)	Speed 67.9 samples/s	Data 0.002s (0.003s)	Loss 1.61066 (1.60172)
2021-10-25 22:34:11,780 Epoch: [9][80/200]	Time 0.475s (0.637s)	Speed 67.3 samples/s	Data 0.001s (0.003s)	Loss 1.61560 (1.60179)
2021-10-25 22:34:16,503 Epoch: [9][90/200]	Time 0.477s (0.619s)	Speed 67.1 samples/s	Data 0.001s (0.002s)	Loss 1.61482 (1.60165)
2021-10-25 22:34:21,423 Epoch: [9][100/200]	Time 0.522s (0.606s)	Speed 61.3 samples/s	Data 0.002s (0.002s)	Loss 1.60237 (1.60186)
2021-10-25 22:34:26,290 Epoch: [9][110/200]	Time 0.511s (0.596s)	Speed 62.6 samples/s	Data 0.001s (0.002s)	Loss 1.58853 (1.60171)
2021-10-25 22:34:31,010 Epoch: [9][120/200]	Time 0.468s (0.585s)	Speed 68.4 samples/s	Data 0.001s (0.002s)	Loss 1.60994 (1.60176)
2021-10-25 22:34:35,825 Epoch: [9][130/200]	Time 0.479s (0.577s)	Speed 66.8 samples/s	Data 0.001s (0.002s)	Loss 1.59763 (1.60179)
2021-10-25 22:34:40,610 Epoch: [9][140/200]	Time 0.465s (0.570s)	Speed 68.8 samples/s	Data 0.002s (0.002s)	Loss 1.60413 (1.60201)
2021-10-25 22:34:45,387 Epoch: [9][150/200]	Time 0.477s (0.564s)	Speed 67.1 samples/s	Data 0.001s (0.002s)	Loss 1.60961 (1.60213)
2021-10-25 22:34:50,229 Epoch: [9][160/200]	Time 0.504s (0.559s)	Speed 63.4 samples/s	Data 0.001s (0.002s)	Loss 1.60305 (1.60227)
2021-10-25 22:34:55,187 Epoch: [9][170/200]	Time 0.476s (0.556s)	Speed 67.2 samples/s	Data 0.001s (0.002s)	Loss 1.61176 (1.60230)
2021-10-25 22:35:00,185 Epoch: [9][180/200]	Time 0.634s (0.553s)	Speed 50.5 samples/s	Data 0.002s (0.002s)	Loss 1.59279 (1.60223)
2021-10-25 22:35:09,181 Epoch: [9][190/200]	Time 0.999s (0.571s)	Speed 32.0 samples/s	Data 0.003s (0.002s)	Loss 1.60232 (1.60239)
2021-10-25 22:35:17,738 Test: [0/200]	Time 0.117 (0.117)	Loss 1.6767 (1.6767)
2021-10-25 22:35:18,165 Test: [10/200]	Time 0.039 (0.049)	Loss 1.5826 (1.6560)
2021-10-25 22:35:18,666 Test: [20/200]	Time 0.038 (0.050)	Loss 1.6270 (1.6593)
2021-10-25 22:35:19,077 Test: [30/200]	Time 0.042 (0.047)	Loss 1.7198 (1.6636)
2021-10-25 22:35:19,515 Test: [40/200]	Time 0.041 (0.046)	Loss 1.6583 (1.6684)
2021-10-25 22:35:19,950 Test: [50/200]	Time 0.041 (0.046)	Loss 1.6851 (1.6693)
2021-10-25 22:35:20,391 Test: [60/200]	Time 0.041 (0.045)	Loss 1.6878 (1.6697)
2021-10-25 22:35:20,830 Test: [70/200]	Time 0.045 (0.045)	Loss 1.6632 (1.6698)
2021-10-25 22:35:21,317 Test: [80/200]	Time 0.047 (0.046)	Loss 1.7122 (1.6683)
2021-10-25 22:35:21,822 Test: [90/200]	Time 0.047 (0.046)	Loss 1.7035 (1.6697)
2021-10-25 22:35:22,317 Test: [100/200]	Time 0.047 (0.046)	Loss 1.7206 (1.6696)
2021-10-25 22:35:22,806 Test: [110/200]	Time 0.048 (0.047)	Loss 1.7027 (1.6697)
2021-10-25 22:35:23,285 Test: [120/200]	Time 0.043 (0.047)	Loss 1.6935 (1.6685)
2021-10-25 22:35:23,739 Test: [130/200]	Time 0.044 (0.047)	Loss 1.6613 (1.6696)
2021-10-25 22:35:24,226 Test: [140/200]	Time 0.046 (0.047)	Loss 1.6505 (1.6693)
2021-10-25 22:35:24,710 Test: [150/200]	Time 0.047 (0.047)	Loss 1.6780 (1.6687)
2021-10-25 22:35:25,192 Test: [160/200]	Time 0.045 (0.047)	Loss 1.6642 (1.6685)
2021-10-25 22:35:25,671 Test: [170/200]	Time 0.049 (0.047)	Loss 1.6378 (1.6679)
2021-10-25 22:35:26,113 Test: [180/200]	Time 0.038 (0.047)	Loss 1.6251 (1.6671)
2021-10-25 22:35:26,479 Test: [190/200]	Time 0.032 (0.046)	Loss 1.6493 (1.6675)
2021-10-25 22:35:27,696 Mean IoU score: 0.147
2021-10-25 22:35:27,697 => saving checkpoint to out
2021-10-25 22:35:28,336 Epoch: [10][0/200]	Time 0.616s (0.616s)	Speed 52.0 samples/s	Data 0.081s (0.081s)	Loss 1.59589 (1.59589)
2021-10-25 22:35:32,845 Epoch: [10][10/200]	Time 0.445s (0.466s)	Speed 71.9 samples/s	Data 0.001s (0.009s)	Loss 1.59820 (1.60207)
2021-10-25 22:35:37,382 Epoch: [10][20/200]	Time 0.466s (0.460s)	Speed 68.7 samples/s	Data 0.001s (0.005s)	Loss 1.59967 (1.60165)
2021-10-25 22:35:42,026 Epoch: [10][30/200]	Time 0.473s (0.461s)	Speed 67.6 samples/s	Data 0.001s (0.004s)	Loss 1.60829 (1.60157)
2021-10-25 22:35:46,745 Epoch: [10][40/200]	Time 0.470s (0.464s)	Speed 68.1 samples/s	Data 0.002s (0.003s)	Loss 1.60419 (1.60129)
2021-10-25 22:35:51,493 Epoch: [10][50/200]	Time 0.474s (0.466s)	Speed 67.6 samples/s	Data 0.002s (0.003s)	Loss 1.60587 (1.60169)
2021-10-25 22:35:56,260 Epoch: [10][60/200]	Time 0.471s (0.468s)	Speed 67.9 samples/s	Data 0.001s (0.003s)	Loss 1.61250 (1.60189)
2021-10-25 22:36:01,004 Epoch: [10][70/200]	Time 0.480s (0.469s)	Speed 66.7 samples/s	Data 0.001s (0.003s)	Loss 1.59971 (1.60194)
2021-10-25 22:36:05,782 Epoch: [10][80/200]	Time 0.476s (0.470s)	Speed 67.2 samples/s	Data 0.001s (0.002s)	Loss 1.59694 (1.60180)
2021-10-25 22:36:10,611 Epoch: [10][90/200]	Time 0.501s (0.471s)	Speed 63.9 samples/s	Data 0.001s (0.002s)	Loss 1.60039 (1.60167)
2021-10-25 22:36:15,372 Epoch: [10][100/200]	Time 0.473s (0.472s)	Speed 67.7 samples/s	Data 0.001s (0.002s)	Loss 1.61093 (1.60200)
2021-10-25 22:36:20,155 Epoch: [10][110/200]	Time 0.481s (0.472s)	Speed 66.5 samples/s	Data 0.001s (0.002s)	Loss 1.59680 (1.60213)
2021-10-25 22:36:24,953 Epoch: [10][120/200]	Time 0.478s (0.473s)	Speed 66.9 samples/s	Data 0.001s (0.002s)	Loss 1.60148 (1.60207)
2021-10-25 22:36:29,763 Epoch: [10][130/200]	Time 0.475s (0.474s)	Speed 67.3 samples/s	Data 0.001s (0.002s)	Loss 1.58798 (1.60185)
2021-10-25 22:36:35,845 Epoch: [10][140/200]	Time 0.855s (0.483s)	Speed 37.4 samples/s	Data 0.002s (0.002s)	Loss 1.59936 (1.60202)
2021-10-25 22:36:45,734 Epoch: [10][150/200]	Time 1.011s (0.517s)	Speed 31.6 samples/s	Data 0.003s (0.002s)	Loss 1.62168 (1.60214)
2021-10-25 22:36:54,716 Epoch: [10][160/200]	Time 0.839s (0.540s)	Speed 38.1 samples/s	Data 0.003s (0.002s)	Loss 1.61644 (1.60242)
2021-10-25 22:37:02,532 Epoch: [10][170/200]	Time 0.529s (0.554s)	Speed 60.5 samples/s	Data 0.001s (0.002s)	Loss 1.59186 (1.60227)
2021-10-25 22:37:07,124 Epoch: [10][180/200]	Time 0.443s (0.549s)	Speed 72.2 samples/s	Data 0.001s (0.002s)	Loss 1.60144 (1.60237)
2021-10-25 22:37:11,675 Epoch: [10][190/200]	Time 0.454s (0.544s)	Speed 70.5 samples/s	Data 0.001s (0.002s)	Loss 1.61154 (1.60230)
2021-10-25 22:37:15,880 Test: [0/200]	Time 0.069 (0.069)	Loss 1.6726 (1.6726)
2021-10-25 22:37:16,109 Test: [10/200]	Time 0.021 (0.027)	Loss 1.5823 (1.6546)
2021-10-25 22:37:16,331 Test: [20/200]	Time 0.021 (0.025)	Loss 1.6267 (1.6570)
2021-10-25 22:37:16,561 Test: [30/200]	Time 0.022 (0.024)	Loss 1.7055 (1.6607)
2021-10-25 22:37:16,794 Test: [40/200]	Time 0.022 (0.024)	Loss 1.6576 (1.6654)
2021-10-25 22:37:17,042 Test: [50/200]	Time 0.022 (0.024)	Loss 1.6848 (1.6665)
2021-10-25 22:37:17,283 Test: [60/200]	Time 0.023 (0.024)	Loss 1.6789 (1.6670)
2021-10-25 22:37:17,523 Test: [70/200]	Time 0.024 (0.024)	Loss 1.6605 (1.6672)
2021-10-25 22:37:17,777 Test: [80/200]	Time 0.022 (0.024)	Loss 1.7109 (1.6658)
2021-10-25 22:37:18,015 Test: [90/200]	Time 0.022 (0.024)	Loss 1.7026 (1.6670)
2021-10-25 22:37:18,249 Test: [100/200]	Time 0.023 (0.024)	Loss 1.7199 (1.6670)
2021-10-25 22:37:18,488 Test: [110/200]	Time 0.023 (0.024)	Loss 1.7017 (1.6670)
2021-10-25 22:37:18,729 Test: [120/200]	Time 0.023 (0.024)	Loss 1.6930 (1.6658)
2021-10-25 22:37:18,974 Test: [130/200]	Time 0.023 (0.024)	Loss 1.6587 (1.6670)
2021-10-25 22:37:19,220 Test: [140/200]	Time 0.024 (0.024)	Loss 1.6495 (1.6668)
2021-10-25 22:37:19,464 Test: [150/200]	Time 0.024 (0.024)	Loss 1.6772 (1.6662)
2021-10-25 22:37:19,710 Test: [160/200]	Time 0.024 (0.024)	Loss 1.6601 (1.6661)
2021-10-25 22:37:19,959 Test: [170/200]	Time 0.024 (0.024)	Loss 1.6367 (1.6654)
2021-10-25 22:37:20,203 Test: [180/200]	Time 0.023 (0.024)	Loss 1.6221 (1.6646)
2021-10-25 22:37:20,448 Test: [190/200]	Time 0.023 (0.024)	Loss 1.6487 (1.6651)
2021-10-25 22:37:21,461 Mean IoU score: 0.146
2021-10-25 22:37:21,462 => saving checkpoint to out
2021-10-25 22:37:22,090 Epoch: [11][0/200]	Time 0.613s (0.613s)	Speed 52.2 samples/s	Data 0.065s (0.065s)	Loss 1.59581 (1.59581)
2021-10-25 22:37:26,690 Epoch: [11][10/200]	Time 0.468s (0.474s)	Speed 68.4 samples/s	Data 0.001s (0.007s)	Loss 1.58788 (1.59890)
2021-10-25 22:37:31,435 Epoch: [11][20/200]	Time 0.478s (0.474s)	Speed 66.9 samples/s	Data 0.001s (0.004s)	Loss 1.60353 (1.60089)
2021-10-25 22:37:36,178 Epoch: [11][30/200]	Time 0.466s (0.474s)	Speed 68.6 samples/s	Data 0.001s (0.003s)	Loss 1.58827 (1.60039)
2021-10-25 22:37:40,923 Epoch: [11][40/200]	Time 0.479s (0.474s)	Speed 66.8 samples/s	Data 0.001s (0.003s)	Loss 1.60321 (1.60054)
2021-10-25 22:37:45,737 Epoch: [11][50/200]	Time 0.460s (0.476s)	Speed 69.6 samples/s	Data 0.002s (0.003s)	Loss 1.60365 (1.60047)
2021-10-25 22:37:50,471 Epoch: [11][60/200]	Time 0.472s (0.475s)	Speed 67.8 samples/s	Data 0.001s (0.002s)	Loss 1.60573 (1.60053)
2021-10-25 22:37:55,257 Epoch: [11][70/200]	Time 0.485s (0.476s)	Speed 65.9 samples/s	Data 0.001s (0.002s)	Loss 1.60692 (1.60085)
2021-10-25 22:38:00,058 Epoch: [11][80/200]	Time 0.521s (0.476s)	Speed 61.5 samples/s	Data 0.001s (0.002s)	Loss 1.61152 (1.60149)
2021-10-25 22:38:04,746 Epoch: [11][90/200]	Time 0.468s (0.475s)	Speed 68.4 samples/s	Data 0.001s (0.002s)	Loss 1.61035 (1.60162)
2021-10-25 22:38:09,504 Epoch: [11][100/200]	Time 0.477s (0.476s)	Speed 67.2 samples/s	Data 0.002s (0.002s)	Loss 1.59485 (1.60192)
2021-10-25 22:38:16,148 Epoch: [11][110/200]	Time 0.913s (0.493s)	Speed 35.1 samples/s	Data 0.003s (0.002s)	Loss 1.59961 (1.60178)
2021-10-25 22:38:26,617 Epoch: [11][120/200]	Time 0.943s (0.538s)	Speed 33.9 samples/s	Data 0.002s (0.002s)	Loss 1.60806 (1.60185)
2021-10-25 22:38:35,411 Epoch: [11][130/200]	Time 0.846s (0.564s)	Speed 37.8 samples/s	Data 0.002s (0.002s)	Loss 1.60822 (1.60200)
2021-10-25 22:38:42,781 Epoch: [11][140/200]	Time 0.506s (0.577s)	Speed 63.3 samples/s	Data 0.001s (0.002s)	Loss 1.60504 (1.60192)
2021-10-25 22:38:47,789 Epoch: [11][150/200]	Time 0.458s (0.572s)	Speed 69.9 samples/s	Data 0.001s (0.002s)	Loss 1.59483 (1.60181)
2021-10-25 22:38:52,396 Epoch: [11][160/200]	Time 0.477s (0.565s)	Speed 67.1 samples/s	Data 0.001s (0.002s)	Loss 1.60618 (1.60191)
2021-10-25 22:38:57,090 Epoch: [11][170/200]	Time 0.484s (0.559s)	Speed 66.1 samples/s	Data 0.001s (0.002s)	Loss 1.59729 (1.60214)
2021-10-25 22:39:02,173 Epoch: [11][180/200]	Time 0.558s (0.556s)	Speed 57.3 samples/s	Data 0.001s (0.002s)	Loss 1.60206 (1.60200)
2021-10-25 22:39:06,975 Epoch: [11][190/200]	Time 0.484s (0.552s)	Speed 66.1 samples/s	Data 0.001s (0.002s)	Loss 1.60047 (1.60215)
2021-10-25 22:39:11,337 Test: [0/200]	Time 0.063 (0.063)	Loss 1.6729 (1.6729)
2021-10-25 22:39:11,572 Test: [10/200]	Time 0.022 (0.027)	Loss 1.5822 (1.6546)
2021-10-25 22:39:11,800 Test: [20/200]	Time 0.022 (0.025)	Loss 1.6263 (1.6568)
2021-10-25 22:39:12,037 Test: [30/200]	Time 0.023 (0.025)	Loss 1.7052 (1.6604)
2021-10-25 22:39:12,273 Test: [40/200]	Time 0.023 (0.024)	Loss 1.6571 (1.6650)
2021-10-25 22:39:12,572 Test: [50/200]	Time 0.022 (0.025)	Loss 1.6836 (1.6661)
2021-10-25 22:39:12,811 Test: [60/200]	Time 0.023 (0.025)	Loss 1.6803 (1.6666)
2021-10-25 22:39:13,054 Test: [70/200]	Time 0.029 (0.025)	Loss 1.6602 (1.6669)
2021-10-25 22:39:13,319 Test: [80/200]	Time 0.023 (0.025)	Loss 1.7105 (1.6655)
2021-10-25 22:39:13,570 Test: [90/200]	Time 0.023 (0.025)	Loss 1.7019 (1.6667)
2021-10-25 22:39:13,813 Test: [100/200]	Time 0.023 (0.025)	Loss 1.7186 (1.6666)
2021-10-25 22:39:14,081 Test: [110/200]	Time 0.030 (0.025)	Loss 1.7012 (1.6667)
2021-10-25 22:39:14,363 Test: [120/200]	Time 0.023 (0.026)	Loss 1.6920 (1.6654)
2021-10-25 22:39:14,605 Test: [130/200]	Time 0.023 (0.025)	Loss 1.6582 (1.6667)
2021-10-25 22:39:14,850 Test: [140/200]	Time 0.023 (0.025)	Loss 1.6473 (1.6664)
2021-10-25 22:39:15,092 Test: [150/200]	Time 0.024 (0.025)	Loss 1.6768 (1.6658)
2021-10-25 22:39:15,348 Test: [160/200]	Time 0.024 (0.025)	Loss 1.6603 (1.6656)
2021-10-25 22:39:15,607 Test: [170/200]	Time 0.024 (0.025)	Loss 1.6363 (1.6650)
2021-10-25 22:39:15,857 Test: [180/200]	Time 0.024 (0.025)	Loss 1.6218 (1.6642)
2021-10-25 22:39:16,108 Test: [190/200]	Time 0.024 (0.025)	Loss 1.6478 (1.6646)
2021-10-25 22:39:17,166 Mean IoU score: 0.150
2021-10-25 22:39:17,167 => saving checkpoint to out
2021-10-25 22:39:17,802 Epoch: [12][0/200]	Time 0.607s (0.607s)	Speed 52.7 samples/s	Data 0.065s (0.065s)	Loss 1.60141 (1.60141)
2021-10-25 22:39:22,512 Epoch: [12][10/200]	Time 0.471s (0.483s)	Speed 67.9 samples/s	Data 0.002s (0.007s)	Loss 1.59711 (1.60101)
2021-10-25 22:39:27,225 Epoch: [12][20/200]	Time 0.464s (0.478s)	Speed 68.9 samples/s	Data 0.001s (0.004s)	Loss 1.60237 (1.60075)
2021-10-25 22:39:31,944 Epoch: [12][30/200]	Time 0.472s (0.476s)	Speed 67.8 samples/s	Data 0.001s (0.003s)	Loss 1.60743 (1.60273)
2021-10-25 22:39:36,752 Epoch: [12][40/200]	Time 0.503s (0.477s)	Speed 63.6 samples/s	Data 0.001s (0.003s)	Loss 1.61496 (1.60303)
2021-10-25 22:39:41,813 Epoch: [12][50/200]	Time 0.476s (0.483s)	Speed 67.3 samples/s	Data 0.001s (0.003s)	Loss 1.59524 (1.60294)
2021-10-25 22:39:46,926 Epoch: [12][60/200]	Time 0.585s (0.487s)	Speed 54.7 samples/s	Data 0.001s (0.002s)	Loss 1.60528 (1.60254)
2021-10-25 22:39:56,784 Epoch: [12][70/200]	Time 1.231s (0.558s)	Speed 26.0 samples/s	Data 0.003s (0.003s)	Loss 1.60482 (1.60255)
2021-10-25 22:40:06,969 Epoch: [12][80/200]	Time 1.117s (0.614s)	Speed 28.7 samples/s	Data 0.003s (0.003s)	Loss 1.60580 (1.60270)
2021-10-25 22:40:16,013 Epoch: [12][90/200]	Time 0.594s (0.646s)	Speed 53.8 samples/s	Data 0.002s (0.003s)	Loss 1.58823 (1.60236)
2021-10-25 22:40:20,724 Epoch: [12][100/200]	Time 0.448s (0.629s)	Speed 71.4 samples/s	Data 0.001s (0.002s)	Loss 1.59773 (1.60226)
2021-10-25 22:40:25,294 Epoch: [12][110/200]	Time 0.456s (0.614s)	Speed 70.2 samples/s	Data 0.001s (0.002s)	Loss 1.60102 (1.60227)
2021-10-25 22:40:29,974 Epoch: [12][120/200]	Time 0.463s (0.601s)	Speed 69.0 samples/s	Data 0.001s (0.002s)	Loss 1.58917 (1.60216)
2021-10-25 22:40:34,724 Epoch: [12][130/200]	Time 0.510s (0.592s)	Speed 62.7 samples/s	Data 0.001s (0.002s)	Loss 1.60769 (1.60224)
2021-10-25 22:40:39,745 Epoch: [12][140/200]	Time 0.492s (0.585s)	Speed 65.0 samples/s	Data 0.001s (0.002s)	Loss 1.59877 (1.60203)
2021-10-25 22:40:44,659 Epoch: [12][150/200]	Time 0.486s (0.579s)	Speed 65.8 samples/s	Data 0.002s (0.002s)	Loss 1.60427 (1.60207)
2021-10-25 22:40:49,491 Epoch: [12][160/200]	Time 0.476s (0.573s)	Speed 67.2 samples/s	Data 0.001s (0.002s)	Loss 1.60374 (1.60214)
2021-10-25 22:40:54,455 Epoch: [12][170/200]	Time 0.474s (0.569s)	Speed 67.5 samples/s	Data 0.002s (0.002s)	Loss 1.60232 (1.60228)
2021-10-25 22:40:59,245 Epoch: [12][180/200]	Time 0.482s (0.564s)	Speed 66.4 samples/s	Data 0.001s (0.002s)	Loss 1.60174 (1.60232)
2021-10-25 22:41:04,629 Epoch: [12][190/200]	Time 0.521s (0.562s)	Speed 61.4 samples/s	Data 0.002s (0.002s)	Loss 1.59570 (1.60211)
2021-10-25 22:41:09,358 Test: [0/200]	Time 0.081 (0.081)	Loss 1.6720 (1.6720)
2021-10-25 22:41:09,608 Test: [10/200]	Time 0.027 (0.030)	Loss 1.5822 (1.6540)
2021-10-25 22:41:09,917 Test: [20/200]	Time 0.026 (0.030)	Loss 1.6265 (1.6561)
2021-10-25 22:41:10,175 Test: [30/200]	Time 0.024 (0.029)	Loss 1.7030 (1.6597)
2021-10-25 22:41:10,580 Test: [40/200]	Time 0.040 (0.032)	Loss 1.6568 (1.6643)
2021-10-25 22:41:10,845 Test: [50/200]	Time 0.022 (0.031)	Loss 1.6834 (1.6655)
2021-10-25 22:41:11,091 Test: [60/200]	Time 0.024 (0.030)	Loss 1.6802 (1.6659)
2021-10-25 22:41:11,338 Test: [70/200]	Time 0.024 (0.029)	Loss 1.6602 (1.6662)
2021-10-25 22:41:11,580 Test: [80/200]	Time 0.023 (0.028)	Loss 1.7101 (1.6649)
2021-10-25 22:41:11,838 Test: [90/200]	Time 0.025 (0.028)	Loss 1.7012 (1.6661)
2021-10-25 22:41:12,090 Test: [100/200]	Time 0.023 (0.028)	Loss 1.7183 (1.6660)
2021-10-25 22:41:12,334 Test: [110/200]	Time 0.024 (0.028)	Loss 1.7008 (1.6661)
2021-10-25 22:41:12,617 Test: [120/200]	Time 0.025 (0.028)	Loss 1.6915 (1.6649)
2021-10-25 22:41:12,893 Test: [130/200]	Time 0.026 (0.028)	Loss 1.6578 (1.6662)
2021-10-25 22:41:13,189 Test: [140/200]	Time 0.030 (0.028)	Loss 1.6476 (1.6659)
2021-10-25 22:41:13,506 Test: [150/200]	Time 0.032 (0.028)	Loss 1.6763 (1.6653)
2021-10-25 22:41:13,851 Test: [160/200]	Time 0.034 (0.028)	Loss 1.6581 (1.6652)
2021-10-25 22:41:14,219 Test: [170/200]	Time 0.036 (0.029)	Loss 1.6362 (1.6646)
2021-10-25 22:41:14,656 Test: [180/200]	Time 0.038 (0.030)	Loss 1.6217 (1.6637)
2021-10-25 22:41:15,086 Test: [190/200]	Time 0.041 (0.030)	Loss 1.6475 (1.6642)
2021-10-25 22:41:17,041 Mean IoU score: 0.173
2021-10-25 22:41:17,042 => saving checkpoint to out
2021-10-25 22:41:18,141 Epoch: [13][0/200]	Time 1.058s (1.058s)	Speed 30.2 samples/s	Data 0.091s (0.091s)	Loss 1.60743 (1.60743)
2021-10-25 22:41:27,424 Epoch: [13][10/200]	Time 0.897s (0.940s)	Speed 35.7 samples/s	Data 0.002s (0.010s)	Loss 1.59377 (1.60535)
2021-10-25 22:41:36,630 Epoch: [13][20/200]	Time 0.909s (0.931s)	Speed 35.2 samples/s	Data 0.003s (0.007s)	Loss 1.59077 (1.60392)
2021-10-25 22:41:43,374 Epoch: [13][30/200]	Time 0.495s (0.848s)	Speed 64.7 samples/s	Data 0.001s (0.005s)	Loss 1.58907 (1.60224)
2021-10-25 22:41:48,609 Epoch: [13][40/200]	Time 0.486s (0.769s)	Speed 65.8 samples/s	Data 0.002s (0.004s)	Loss 1.59899 (1.60189)
2021-10-25 22:41:53,686 Epoch: [13][50/200]	Time 0.513s (0.718s)	Speed 62.4 samples/s	Data 0.002s (0.004s)	Loss 1.59709 (1.60167)
2021-10-25 22:41:58,839 Epoch: [13][60/200]	Time 0.483s (0.685s)	Speed 66.3 samples/s	Data 0.001s (0.003s)	Loss 1.60787 (1.60188)
2021-10-25 22:42:04,719 Epoch: [13][70/200]	Time 0.675s (0.671s)	Speed 47.4 samples/s	Data 0.002s (0.003s)	Loss 1.59481 (1.60138)
2021-10-25 22:42:11,259 Epoch: [13][80/200]	Time 0.548s (0.669s)	Speed 58.4 samples/s	Data 0.002s (0.003s)	Loss 1.60903 (1.60139)
2021-10-25 22:42:16,537 Epoch: [13][90/200]	Time 0.516s (0.653s)	Speed 62.0 samples/s	Data 0.002s (0.003s)	Loss 1.60589 (1.60150)
2021-10-25 22:42:21,762 Epoch: [13][100/200]	Time 0.508s (0.640s)	Speed 63.0 samples/s	Data 0.001s (0.003s)	Loss 1.59788 (1.60154)
2021-10-25 22:42:27,038 Epoch: [13][110/200]	Time 0.516s (0.630s)	Speed 62.0 samples/s	Data 0.001s (0.003s)	Loss 1.61187 (1.60131)
2021-10-25 22:42:32,483 Epoch: [13][120/200]	Time 0.712s (0.623s)	Speed 45.0 samples/s	Data 0.002s (0.003s)	Loss 1.60877 (1.60123)
2021-10-25 22:42:45,196 Epoch: [13][130/200]	Time 1.271s (0.673s)	Speed 25.2 samples/s	Data 0.004s (0.003s)	Loss 1.59390 (1.60155)
2021-10-25 22:42:56,578 Epoch: [13][140/200]	Time 1.048s (0.706s)	Speed 30.5 samples/s	Data 0.003s (0.003s)	Loss 1.61047 (1.60158)
2021-10-25 22:43:06,055 Epoch: [13][150/200]	Time 0.582s (0.722s)	Speed 55.0 samples/s	Data 0.002s (0.003s)	Loss 1.59167 (1.60147)
2021-10-25 22:43:11,093 Epoch: [13][160/200]	Time 0.468s (0.708s)	Speed 68.3 samples/s	Data 0.001s (0.003s)	Loss 1.59646 (1.60141)
2021-10-25 22:43:16,165 Epoch: [13][170/200]	Time 0.567s (0.696s)	Speed 56.4 samples/s	Data 0.002s (0.003s)	Loss 1.59184 (1.60149)
2021-10-25 22:43:21,245 Epoch: [13][180/200]	Time 0.503s (0.686s)	Speed 63.6 samples/s	Data 0.002s (0.002s)	Loss 1.61389 (1.60171)
2021-10-25 22:43:26,500 Epoch: [13][190/200]	Time 0.572s (0.678s)	Speed 55.9 samples/s	Data 0.002s (0.002s)	Loss 1.59903 (1.60166)
2021-10-25 22:43:31,593 Test: [0/200]	Time 0.073 (0.073)	Loss 1.6803 (1.6803)
2021-10-25 22:43:31,850 Test: [10/200]	Time 0.023 (0.030)	Loss 1.5826 (1.6566)
2021-10-25 22:43:32,149 Test: [20/200]	Time 0.025 (0.030)	Loss 1.6313 (1.6595)
2021-10-25 22:43:32,428 Test: [30/200]	Time 0.024 (0.029)	Loss 1.7124 (1.6633)
2021-10-25 22:43:32,696 Test: [40/200]	Time 0.026 (0.029)	Loss 1.6583 (1.6678)
2021-10-25 22:43:32,962 Test: [50/200]	Time 0.025 (0.028)	Loss 1.6860 (1.6687)
2021-10-25 22:43:33,236 Test: [60/200]	Time 0.026 (0.028)	Loss 1.6879 (1.6692)
2021-10-25 22:43:33,526 Test: [70/200]	Time 0.036 (0.028)	Loss 1.6666 (1.6694)
2021-10-25 22:43:33,920 Test: [80/200]	Time 0.035 (0.030)	Loss 1.7108 (1.6679)
2021-10-25 22:43:34,214 Test: [90/200]	Time 0.031 (0.030)	Loss 1.7031 (1.6691)
2021-10-25 22:43:34,621 Test: [100/200]	Time 0.027 (0.031)	Loss 1.7191 (1.6691)
2021-10-25 22:43:34,925 Test: [110/200]	Time 0.029 (0.031)	Loss 1.7026 (1.6692)
2021-10-25 22:43:35,221 Test: [120/200]	Time 0.024 (0.031)	Loss 1.6937 (1.6680)
2021-10-25 22:43:35,565 Test: [130/200]	Time 0.039 (0.031)	Loss 1.6602 (1.6692)
2021-10-25 22:43:35,846 Test: [140/200]	Time 0.039 (0.031)	Loss 1.6509 (1.6689)
2021-10-25 22:43:36,178 Test: [150/200]	Time 0.040 (0.031)	Loss 1.6784 (1.6683)
2021-10-25 22:43:36,524 Test: [160/200]	Time 0.040 (0.031)	Loss 1.6643 (1.6682)
2021-10-25 22:43:36,873 Test: [170/200]	Time 0.024 (0.031)	Loss 1.6373 (1.6676)
2021-10-25 22:43:37,159 Test: [180/200]	Time 0.040 (0.031)	Loss 1.6242 (1.6667)
2021-10-25 22:43:37,457 Test: [190/200]	Time 0.024 (0.031)	Loss 1.6486 (1.6671)
2021-10-25 22:43:38,561 Mean IoU score: 0.170
2021-10-25 22:43:38,561 => saving checkpoint to out
2021-10-25 22:43:39,269 Epoch: [14][0/200]	Time 0.684s (0.684s)	Speed 46.8 samples/s	Data 0.072s (0.072s)	Loss 1.59922 (1.59922)
2021-10-25 22:43:44,644 Epoch: [14][10/200]	Time 0.541s (0.551s)	Speed 59.1 samples/s	Data 0.001s (0.008s)	Loss 1.59576 (1.60397)
2021-10-25 22:43:50,655 Epoch: [14][20/200]	Time 0.542s (0.575s)	Speed 59.0 samples/s	Data 0.002s (0.005s)	Loss 1.60379 (1.60434)
2021-10-25 22:44:02,383 Epoch: [14][30/200]	Time 1.800s (0.768s)	Speed 17.8 samples/s	Data 0.005s (0.004s)	Loss 1.60104 (1.60424)
2021-10-25 22:44:16,009 Epoch: [14][40/200]	Time 0.968s (0.913s)	Speed 33.1 samples/s	Data 0.003s (0.004s)	Loss 1.60555 (1.60363)
2021-10-25 22:44:24,920 Epoch: [14][50/200]	Time 0.586s (0.909s)	Speed 54.6 samples/s	Data 0.002s (0.004s)	Loss 1.60638 (1.60299)
2021-10-25 22:44:30,730 Epoch: [14][60/200]	Time 0.506s (0.855s)	Speed 63.3 samples/s	Data 0.002s (0.004s)	Loss 1.59995 (1.60314)
2021-10-25 22:44:36,181 Epoch: [14][70/200]	Time 0.476s (0.811s)	Speed 67.2 samples/s	Data 0.001s (0.003s)	Loss 1.59154 (1.60246)
2021-10-25 22:44:41,311 Epoch: [14][80/200]	Time 0.518s (0.774s)	Speed 61.7 samples/s	Data 0.001s (0.003s)	Loss 1.60352 (1.60222)
2021-10-25 22:44:46,612 Epoch: [14][90/200]	Time 0.545s (0.748s)	Speed 58.7 samples/s	Data 0.001s (0.003s)	Loss 1.60281 (1.60218)
2021-10-25 22:44:51,505 Epoch: [14][100/200]	Time 0.490s (0.722s)	Speed 65.3 samples/s	Data 0.001s (0.003s)	Loss 1.60157 (1.60166)
2021-10-25 22:44:56,544 Epoch: [14][110/200]	Time 0.547s (0.702s)	Speed 58.5 samples/s	Data 0.002s (0.003s)	Loss 1.62064 (1.60215)
2021-10-25 22:45:01,702 Epoch: [14][120/200]	Time 0.535s (0.687s)	Speed 59.8 samples/s	Data 0.003s (0.003s)	Loss 1.59884 (1.60203)
2021-10-25 22:45:06,902 Epoch: [14][130/200]	Time 0.506s (0.674s)	Speed 63.2 samples/s	Data 0.001s (0.003s)	Loss 1.59912 (1.60205)
2021-10-25 22:45:15,628 Epoch: [14][140/200]	Time 1.489s (0.688s)	Speed 21.5 samples/s	Data 0.004s (0.003s)	Loss 1.59481 (1.60203)
2021-10-25 22:45:27,292 Epoch: [14][150/200]	Time 1.139s (0.720s)	Speed 28.1 samples/s	Data 0.003s (0.003s)	Loss 1.60123 (1.60186)
2021-10-25 22:45:37,593 Epoch: [14][160/200]	Time 1.002s (0.739s)	Speed 31.9 samples/s	Data 0.003s (0.003s)	Loss 1.60468 (1.60183)
2021-10-25 22:45:44,730 Epoch: [14][170/200]	Time 0.494s (0.738s)	Speed 64.8 samples/s	Data 0.002s (0.003s)	Loss 1.60026 (1.60172)
2021-10-25 22:45:49,612 Epoch: [14][180/200]	Time 0.479s (0.724s)	Speed 66.8 samples/s	Data 0.001s (0.003s)	Loss 1.59505 (1.60189)
2021-10-25 22:45:54,895 Epoch: [14][190/200]	Time 0.484s (0.714s)	Speed 66.1 samples/s	Data 0.002s (0.002s)	Loss 1.60791 (1.60184)
2021-10-25 22:45:59,694 Test: [0/200]	Time 0.117 (0.117)	Loss 1.6751 (1.6751)
2021-10-25 22:46:00,076 Test: [10/200]	Time 0.035 (0.045)	Loss 1.5824 (1.6549)
2021-10-25 22:46:00,418 Test: [20/200]	Time 0.036 (0.040)	Loss 1.6267 (1.6569)
2021-10-25 22:46:00,711 Test: [30/200]	Time 0.022 (0.037)	Loss 1.7059 (1.6605)
2021-10-25 22:46:00,956 Test: [40/200]	Time 0.024 (0.034)	Loss 1.6574 (1.6652)
2021-10-25 22:46:01,303 Test: [50/200]	Time 0.038 (0.034)	Loss 1.6834 (1.6663)
2021-10-25 22:46:01,555 Test: [60/200]	Time 0.024 (0.032)	Loss 1.6817 (1.6667)
2021-10-25 22:46:01,812 Test: [70/200]	Time 0.029 (0.031)	Loss 1.6601 (1.6669)
2021-10-25 22:46:02,150 Test: [80/200]	Time 0.039 (0.032)	Loss 1.7106 (1.6655)
2021-10-25 22:46:02,551 Test: [90/200]	Time 0.038 (0.033)	Loss 1.7021 (1.6667)
2021-10-25 22:46:02,880 Test: [100/200]	Time 0.023 (0.033)	Loss 1.7182 (1.6666)
2021-10-25 22:46:03,121 Test: [110/200]	Time 0.023 (0.032)	Loss 1.7016 (1.6667)
2021-10-25 22:46:03,438 Test: [120/200]	Time 0.038 (0.032)	Loss 1.6921 (1.6655)
2021-10-25 22:46:03,800 Test: [130/200]	Time 0.029 (0.032)	Loss 1.6579 (1.6668)
2021-10-25 22:46:04,047 Test: [140/200]	Time 0.024 (0.032)	Loss 1.6489 (1.6666)
2021-10-25 22:46:04,362 Test: [150/200]	Time 0.030 (0.032)	Loss 1.6767 (1.6660)
2021-10-25 22:46:04,662 Test: [160/200]	Time 0.025 (0.032)	Loss 1.6595 (1.6659)
2021-10-25 22:46:04,916 Test: [170/200]	Time 0.024 (0.031)	Loss 1.6370 (1.6652)
2021-10-25 22:46:05,182 Test: [180/200]	Time 0.035 (0.031)	Loss 1.6222 (1.6644)
2021-10-25 22:46:05,444 Test: [190/200]	Time 0.024 (0.031)	Loss 1.6476 (1.6648)
2021-10-25 22:46:06,480 Mean IoU score: 0.174
2021-10-25 22:46:06,480 => saving checkpoint to out
2021-10-25 22:46:07,208 Epoch: [15][0/200]	Time 0.699s (0.699s)	Speed 45.8 samples/s	Data 0.060s (0.060s)	Loss 1.60916 (1.60916)
2021-10-25 22:46:12,164 Epoch: [15][10/200]	Time 0.489s (0.514s)	Speed 65.5 samples/s	Data 0.001s (0.007s)	Loss 1.60408 (1.60285)
2021-10-25 22:46:17,228 Epoch: [15][20/200]	Time 0.497s (0.510s)	Speed 64.4 samples/s	Data 0.001s (0.004s)	Loss 1.59491 (1.60212)
2021-10-25 22:46:22,608 Epoch: [15][30/200]	Time 0.573s (0.519s)	Speed 55.8 samples/s	Data 0.001s (0.003s)	Loss 1.60700 (1.60284)
2021-10-25 22:46:27,981 Epoch: [15][40/200]	Time 0.495s (0.524s)	Speed 64.6 samples/s	Data 0.001s (0.003s)	Loss 1.60100 (1.60271)
2021-10-25 22:46:34,240 Epoch: [15][50/200]	Time 0.922s (0.544s)	Speed 34.7 samples/s	Data 0.002s (0.003s)	Loss 1.59242 (1.60233)
2021-10-25 22:46:47,821 Epoch: [15][60/200]	Time 1.198s (0.677s)	Speed 26.7 samples/s	Data 0.003s (0.003s)	Loss 1.59892 (1.60190)
2021-10-25 22:46:59,246 Epoch: [15][70/200]	Time 1.162s (0.743s)	Speed 27.5 samples/s	Data 0.003s (0.003s)	Loss 1.60614 (1.60173)
2021-10-25 22:47:09,233 Epoch: [15][80/200]	Time 0.505s (0.774s)	Speed 63.3 samples/s	Data 0.001s (0.003s)	Loss 1.60755 (1.60138)
2021-10-25 22:47:14,536 Epoch: [15][90/200]	Time 0.471s (0.748s)	Speed 68.0 samples/s	Data 0.002s (0.003s)	Loss 1.60190 (1.60135)
2021-10-25 22:47:19,520 Epoch: [15][100/200]	Time 0.500s (0.723s)	Speed 64.0 samples/s	Data 0.001s (0.003s)	Loss 1.59156 (1.60145)
2021-10-25 22:47:25,088 Epoch: [15][110/200]	Time 0.569s (0.708s)	Speed 56.3 samples/s	Data 0.002s (0.003s)	Loss 1.59175 (1.60179)
2021-10-25 22:47:30,588 Epoch: [15][120/200]	Time 0.507s (0.695s)	Speed 63.1 samples/s	Data 0.001s (0.002s)	Loss 1.60140 (1.60168)
2021-10-25 22:47:35,847 Epoch: [15][130/200]	Time 0.506s (0.682s)	Speed 63.3 samples/s	Data 0.002s (0.002s)	Loss 1.59481 (1.60189)
2021-10-25 22:47:41,594 Epoch: [15][140/200]	Time 0.637s (0.674s)	Speed 50.3 samples/s	Data 0.002s (0.002s)	Loss 1.59781 (1.60194)
2021-10-25 22:47:47,228 Epoch: [15][150/200]	Time 0.503s (0.667s)	Speed 63.7 samples/s	Data 0.002s (0.002s)	Loss 1.59216 (1.60205)
2021-10-25 22:47:56,030 Epoch: [15][160/200]	Time 1.564s (0.680s)	Speed 20.5 samples/s	Data 0.005s (0.002s)	Loss 1.59385 (1.60213)
2021-10-25 22:48:10,664 Epoch: [15][170/200]	Time 1.460s (0.726s)	Speed 21.9 samples/s	Data 0.003s (0.002s)	Loss 1.60813 (1.60199)
2021-10-25 22:48:20,051 Epoch: [15][180/200]	Time 0.802s (0.738s)	Speed 39.9 samples/s	Data 0.002s (0.002s)	Loss 1.60356 (1.60204)
2021-10-25 22:48:26,911 Epoch: [15][190/200]	Time 0.473s (0.735s)	Speed 67.6 samples/s	Data 0.001s (0.002s)	Loss 1.61128 (1.60210)
2021-10-25 22:48:31,669 Test: [0/200]	Time 0.077 (0.077)	Loss 1.6679 (1.6679)
2021-10-25 22:48:32,044 Test: [10/200]	Time 0.040 (0.041)	Loss 1.5823 (1.6541)
2021-10-25 22:48:32,437 Test: [20/200]	Time 0.038 (0.040)	Loss 1.6264 (1.6564)
2021-10-25 22:48:32,745 Test: [30/200]	Time 0.029 (0.037)	Loss 1.7028 (1.6600)
2021-10-25 22:48:33,137 Test: [40/200]	Time 0.025 (0.038)	Loss 1.6571 (1.6647)
2021-10-25 22:48:33,528 Test: [50/200]	Time 0.038 (0.038)	Loss 1.6849 (1.6659)
2021-10-25 22:48:33,816 Test: [60/200]	Time 0.031 (0.036)	Loss 1.6836 (1.6664)
2021-10-25 22:48:34,073 Test: [70/200]	Time 0.025 (0.035)	Loss 1.6604 (1.6666)
2021-10-25 22:48:34,338 Test: [80/200]	Time 0.028 (0.034)	Loss 1.7101 (1.6653)
2021-10-25 22:48:34,746 Test: [90/200]	Time 0.040 (0.035)	Loss 1.7014 (1.6665)
2021-10-25 22:48:35,035 Test: [100/200]	Time 0.024 (0.034)	Loss 1.7168 (1.6663)
2021-10-25 22:48:35,325 Test: [110/200]	Time 0.040 (0.034)	Loss 1.7008 (1.6664)
2021-10-25 22:48:35,671 Test: [120/200]	Time 0.033 (0.034)	Loss 1.6920 (1.6652)
2021-10-25 22:48:36,126 Test: [130/200]	Time 0.044 (0.035)	Loss 1.6579 (1.6664)
2021-10-25 22:48:36,551 Test: [140/200]	Time 0.034 (0.035)	Loss 1.6479 (1.6661)
2021-10-25 22:48:36,924 Test: [150/200]	Time 0.037 (0.035)	Loss 1.6768 (1.6655)
2021-10-25 22:48:37,314 Test: [160/200]	Time 0.041 (0.036)	Loss 1.6605 (1.6654)
2021-10-25 22:48:37,694 Test: [170/200]	Time 0.038 (0.036)	Loss 1.6364 (1.6648)
2021-10-25 22:48:38,082 Test: [180/200]	Time 0.037 (0.036)	Loss 1.6222 (1.6640)
2021-10-25 22:48:38,557 Test: [190/200]	Time 0.044 (0.036)	Loss 1.6469 (1.6644)
2021-10-25 22:48:39,865 Mean IoU score: 0.165
2021-10-25 22:48:39,865 => saving checkpoint to out
2021-10-25 22:48:40,703 Epoch: [16][0/200]	Time 0.813s (0.813s)	Speed 39.4 samples/s	Data 0.073s (0.073s)	Loss 1.60493 (1.60493)
2021-10-25 22:48:45,519 Epoch: [16][10/200]	Time 0.471s (0.512s)	Speed 68.0 samples/s	Data 0.001s (0.008s)	Loss 1.59996 (1.60104)
2021-10-25 22:48:50,202 Epoch: [16][20/200]	Time 0.463s (0.491s)	Speed 69.2 samples/s	Data 0.001s (0.005s)	Loss 1.60073 (1.60185)
2021-10-25 22:48:54,912 Epoch: [16][30/200]	Time 0.470s (0.485s)	Speed 68.0 samples/s	Data 0.001s (0.004s)	Loss 1.59596 (1.60176)
2021-10-25 22:48:59,627 Epoch: [16][40/200]	Time 0.475s (0.481s)	Speed 67.4 samples/s	Data 0.001s (0.003s)	Loss 1.60522 (1.60144)
2021-10-25 22:49:04,377 Epoch: [16][50/200]	Time 0.475s (0.480s)	Speed 67.3 samples/s	Data 0.001s (0.003s)	Loss 1.59473 (1.60115)
2021-10-25 22:49:09,602 Epoch: [16][60/200]	Time 0.549s (0.487s)	Speed 58.2 samples/s	Data 0.001s (0.003s)	Loss 1.61639 (1.60185)
2021-10-25 22:49:18,418 Epoch: [16][70/200]	Time 1.052s (0.543s)	Speed 30.4 samples/s	Data 0.003s (0.003s)	Loss 1.60173 (1.60176)
2021-10-25 22:49:28,818 Epoch: [16][80/200]	Time 1.076s (0.604s)	Speed 29.8 samples/s	Data 0.003s (0.003s)	Loss 1.61169 (1.60193)
2021-10-25 22:49:42,271 Epoch: [16][90/200]	Time 0.919s (0.686s)	Speed 34.8 samples/s	Data 0.003s (0.003s)	Loss 1.59759 (1.60195)
2021-10-25 22:49:50,147 Epoch: [16][100/200]	Time 0.480s (0.696s)	Speed 66.6 samples/s	Data 0.001s (0.003s)	Loss 1.60626 (1.60230)
2021-10-25 22:49:54,840 Epoch: [16][110/200]	Time 0.465s (0.675s)	Speed 68.8 samples/s	Data 0.002s (0.003s)	Loss 1.59027 (1.60216)
2021-10-25 22:49:59,537 Epoch: [16][120/200]	Time 0.469s (0.658s)	Speed 68.2 samples/s	Data 0.002s (0.003s)	Loss 1.60559 (1.60248)
2021-10-25 22:50:05,069 Epoch: [16][130/200]	Time 0.494s (0.650s)	Speed 64.8 samples/s	Data 0.001s (0.002s)	Loss 1.59532 (1.60214)
2021-10-25 22:50:09,927 Epoch: [16][140/200]	Time 0.480s (0.639s)	Speed 66.7 samples/s	Data 0.002s (0.002s)	Loss 1.59850 (1.60215)
2021-10-25 22:50:14,755 Epoch: [16][150/200]	Time 0.463s (0.628s)	Speed 69.1 samples/s	Data 0.001s (0.002s)	Loss 1.61108 (1.60218)
2021-10-25 22:50:19,883 Epoch: [16][160/200]	Time 0.479s (0.621s)	Speed 66.8 samples/s	Data 0.002s (0.002s)	Loss 1.60482 (1.60210)
2021-10-25 22:50:24,796 Epoch: [16][170/200]	Time 0.476s (0.613s)	Speed 67.2 samples/s	Data 0.002s (0.002s)	Loss 1.60455 (1.60212)
2021-10-25 22:50:29,662 Epoch: [16][180/200]	Time 0.492s (0.606s)	Speed 65.0 samples/s	Data 0.001s (0.002s)	Loss 1.60481 (1.60191)
2021-10-25 22:50:34,525 Epoch: [16][190/200]	Time 0.467s (0.600s)	Speed 68.6 samples/s	Data 0.001s (0.002s)	Loss 1.60073 (1.60186)
2021-10-25 22:50:39,037 Test: [0/200]	Time 0.071 (0.071)	Loss 1.6687 (1.6687)
2021-10-25 22:50:39,397 Test: [10/200]	Time 0.037 (0.039)	Loss 1.5821 (1.6533)
2021-10-25 22:50:39,811 Test: [20/200]	Time 0.056 (0.040)	Loss 1.6260 (1.6559)
2021-10-25 22:50:40,240 Test: [30/200]	Time 0.037 (0.041)	Loss 1.7033 (1.6596)
2021-10-25 22:50:40,736 Test: [40/200]	Time 0.069 (0.043)	Loss 1.6563 (1.6642)
2021-10-25 22:50:41,179 Test: [50/200]	Time 0.044 (0.043)	Loss 1.6820 (1.6653)
2021-10-25 22:50:41,656 Test: [60/200]	Time 0.048 (0.044)	Loss 1.6837 (1.6659)
2021-10-25 22:50:42,206 Test: [70/200]	Time 0.055 (0.046)	Loss 1.6613 (1.6662)
2021-10-25 22:50:42,761 Test: [80/200]	Time 0.056 (0.047)	Loss 1.7091 (1.6648)
2021-10-25 22:50:43,352 Test: [90/200]	Time 0.068 (0.048)	Loss 1.7004 (1.6661)
2021-10-25 22:50:44,061 Test: [100/200]	Time 0.072 (0.050)	Loss 1.7157 (1.6660)
2021-10-25 22:50:44,687 Test: [110/200]	Time 0.058 (0.052)	Loss 1.7003 (1.6660)
2021-10-25 22:50:45,325 Test: [120/200]	Time 0.064 (0.053)	Loss 1.6910 (1.6649)
2021-10-25 22:50:46,013 Test: [130/200]	Time 0.067 (0.054)	Loss 1.6570 (1.6661)
2021-10-25 22:50:46,723 Test: [140/200]	Time 0.069 (0.055)	Loss 1.6490 (1.6659)
2021-10-25 22:50:47,477 Test: [150/200]	Time 0.082 (0.056)	Loss 1.6759 (1.6653)
2021-10-25 22:50:48,237 Test: [160/200]	Time 0.071 (0.058)	Loss 1.6607 (1.6651)
2021-10-25 22:50:49,014 Test: [170/200]	Time 0.107 (0.059)	Loss 1.6358 (1.6645)
2021-10-25 22:50:49,777 Test: [180/200]	Time 0.070 (0.060)	Loss 1.6216 (1.6637)
2021-10-25 22:50:50,550 Test: [190/200]	Time 0.064 (0.061)	Loss 1.6464 (1.6641)
2021-10-25 22:50:53,024 Mean IoU score: 0.175
2021-10-25 22:50:53,026 => saving checkpoint to out
2021-10-25 22:50:54,162 Epoch: [17][0/200]	Time 1.091s (1.091s)	Speed 29.3 samples/s	Data 0.091s (0.091s)	Loss 1.59681 (1.59681)
2021-10-25 22:51:02,907 Epoch: [17][10/200]	Time 0.846s (0.894s)	Speed 37.8 samples/s	Data 0.002s (0.010s)	Loss 1.60058 (1.60292)
2021-10-25 22:51:11,701 Epoch: [17][20/200]	Time 0.894s (0.887s)	Speed 35.8 samples/s	Data 0.003s (0.007s)	Loss 1.60546 (1.60163)
2021-10-25 22:51:16,746 Epoch: [17][30/200]	Time 0.453s (0.764s)	Speed 70.6 samples/s	Data 0.001s (0.005s)	Loss 1.60019 (1.60233)
2021-10-25 22:51:21,446 Epoch: [17][40/200]	Time 0.480s (0.692s)	Speed 66.7 samples/s	Data 0.001s (0.004s)	Loss 1.59146 (1.60193)
2021-10-25 22:51:26,265 Epoch: [17][50/200]	Time 0.498s (0.651s)	Speed 64.3 samples/s	Data 0.001s (0.004s)	Loss 1.60149 (1.60226)
2021-10-25 22:51:31,061 Epoch: [17][60/200]	Time 0.478s (0.623s)	Speed 66.9 samples/s	Data 0.001s (0.003s)	Loss 1.60476 (1.60213)
2021-10-25 22:51:35,982 Epoch: [17][70/200]	Time 0.474s (0.604s)	Speed 67.5 samples/s	Data 0.001s (0.003s)	Loss 1.60623 (1.60189)
2021-10-25 22:51:40,822 Epoch: [17][80/200]	Time 0.485s (0.590s)	Speed 66.0 samples/s	Data 0.001s (0.003s)	Loss 1.59602 (1.60175)
2021-10-25 22:51:45,870 Epoch: [17][90/200]	Time 0.519s (0.580s)	Speed 61.6 samples/s	Data 0.002s (0.003s)	Loss 1.59139 (1.60143)
2021-10-25 22:51:50,948 Epoch: [17][100/200]	Time 0.489s (0.573s)	Speed 65.5 samples/s	Data 0.001s (0.003s)	Loss 1.60129 (1.60133)
2021-10-25 22:51:55,926 Epoch: [17][110/200]	Time 0.486s (0.566s)	Speed 65.8 samples/s	Data 0.002s (0.003s)	Loss 1.59905 (1.60152)
2021-10-25 22:52:01,399 Epoch: [17][120/200]	Time 0.705s (0.565s)	Speed 45.4 samples/s	Data 0.002s (0.002s)	Loss 1.60086 (1.60160)
2021-10-25 22:52:06,629 Epoch: [17][130/200]	Time 0.489s (0.562s)	Speed 65.4 samples/s	Data 0.001s (0.002s)	Loss 1.60593 (1.60149)
2021-10-25 22:52:14,778 Epoch: [17][140/200]	Time 1.123s (0.579s)	Speed 28.5 samples/s	Data 0.003s (0.002s)	Loss 1.61860 (1.60182)
2021-10-25 22:52:24,948 Epoch: [17][150/200]	Time 0.962s (0.608s)	Speed 33.3 samples/s	Data 0.003s (0.002s)	Loss 1.59968 (1.60165)
2021-10-25 22:52:33,730 Epoch: [17][160/200]	Time 0.841s (0.625s)	Speed 38.0 samples/s	Data 0.002s (0.002s)	Loss 1.62026 (1.60180)
2021-10-25 22:52:41,201 Epoch: [17][170/200]	Time 0.473s (0.632s)	Speed 67.7 samples/s	Data 0.001s (0.002s)	Loss 1.58963 (1.60168)
2021-10-25 22:52:45,955 Epoch: [17][180/200]	Time 0.455s (0.624s)	Speed 70.3 samples/s	Data 0.001s (0.002s)	Loss 1.59815 (1.60164)
2021-10-25 22:52:50,645 Epoch: [17][190/200]	Time 0.481s (0.616s)	Speed 66.5 samples/s	Data 0.001s (0.002s)	Loss 1.60343 (1.60161)
2021-10-25 22:52:55,051 Test: [0/200]	Time 0.063 (0.063)	Loss 1.6691 (1.6691)
2021-10-25 22:52:55,280 Test: [10/200]	Time 0.021 (0.027)	Loss 1.5822 (1.6528)
2021-10-25 22:52:55,509 Test: [20/200]	Time 0.022 (0.025)	Loss 1.6261 (1.6555)
2021-10-25 22:52:55,753 Test: [30/200]	Time 0.026 (0.025)	Loss 1.7006 (1.6590)
2021-10-25 22:52:55,992 Test: [40/200]	Time 0.022 (0.024)	Loss 1.6565 (1.6637)
2021-10-25 22:52:56,316 Test: [50/200]	Time 0.036 (0.026)	Loss 1.6822 (1.6648)
2021-10-25 22:52:56,602 Test: [60/200]	Time 0.022 (0.026)	Loss 1.6805 (1.6653)
2021-10-25 22:52:56,840 Test: [70/200]	Time 0.024 (0.026)	Loss 1.6606 (1.6657)
2021-10-25 22:52:57,160 Test: [80/200]	Time 0.039 (0.027)	Loss 1.7093 (1.6643)
2021-10-25 22:52:57,400 Test: [90/200]	Time 0.022 (0.026)	Loss 1.7005 (1.6656)
2021-10-25 22:52:57,639 Test: [100/200]	Time 0.025 (0.026)	Loss 1.7153 (1.6654)
2021-10-25 22:52:57,897 Test: [110/200]	Time 0.023 (0.026)	Loss 1.7002 (1.6655)
2021-10-25 22:52:58,145 Test: [120/200]	Time 0.024 (0.026)	Loss 1.6911 (1.6643)
2021-10-25 22:52:58,405 Test: [130/200]	Time 0.027 (0.026)	Loss 1.6569 (1.6656)
2021-10-25 22:52:58,677 Test: [140/200]	Time 0.026 (0.026)	Loss 1.6483 (1.6653)
2021-10-25 22:52:58,939 Test: [150/200]	Time 0.025 (0.026)	Loss 1.6757 (1.6647)
2021-10-25 22:52:59,215 Test: [160/200]	Time 0.030 (0.026)	Loss 1.6597 (1.6646)
2021-10-25 22:52:59,473 Test: [170/200]	Time 0.024 (0.026)	Loss 1.6355 (1.6640)
2021-10-25 22:52:59,741 Test: [180/200]	Time 0.025 (0.026)	Loss 1.6214 (1.6632)
2021-10-25 22:52:59,994 Test: [190/200]	Time 0.024 (0.026)	Loss 1.6454 (1.6636)
2021-10-25 22:53:01,047 Mean IoU score: 0.183
2021-10-25 22:53:01,048 => saving checkpoint to out
2021-10-25 22:53:01,663 Epoch: [18][0/200]	Time 0.588s (0.588s)	Speed 54.4 samples/s	Data 0.065s (0.065s)	Loss 1.60985 (1.60985)
2021-10-25 22:53:06,383 Epoch: [18][10/200]	Time 0.464s (0.483s)	Speed 68.9 samples/s	Data 0.001s (0.007s)	Loss 1.60137 (1.60490)
2021-10-25 22:53:11,168 Epoch: [18][20/200]	Time 0.473s (0.481s)	Speed 67.7 samples/s	Data 0.001s (0.004s)	Loss 1.59086 (1.60244)
2021-10-25 22:53:16,087 Epoch: [18][30/200]	Time 0.488s (0.484s)	Speed 65.6 samples/s	Data 0.001s (0.003s)	Loss 1.59316 (1.60117)
2021-10-25 22:53:21,053 Epoch: [18][40/200]	Time 0.477s (0.487s)	Speed 67.1 samples/s	Data 0.002s (0.003s)	Loss 1.58882 (1.60175)
2021-10-25 22:53:25,910 Epoch: [18][50/200]	Time 0.493s (0.487s)	Speed 64.9 samples/s	Data 0.001s (0.003s)	Loss 1.59420 (1.60123)
2021-10-25 22:53:30,831 Epoch: [18][60/200]	Time 0.478s (0.488s)	Speed 67.0 samples/s	Data 0.001s (0.002s)	Loss 1.59577 (1.60007)
2021-10-25 22:53:38,142 Epoch: [18][70/200]	Time 1.065s (0.522s)	Speed 30.0 samples/s	Data 0.003s (0.002s)	Loss 1.59752 (1.59936)
2021-10-25 22:53:48,833 Epoch: [18][80/200]	Time 0.960s (0.590s)	Speed 33.3 samples/s	Data 0.002s (0.002s)	Loss 1.58313 (1.59877)
2021-10-25 22:53:57,989 Epoch: [18][90/200]	Time 0.931s (0.625s)	Speed 34.4 samples/s	Data 0.003s (0.003s)	Loss 1.60475 (1.59869)
2021-10-25 22:54:07,946 Epoch: [18][100/200]	Time 0.822s (0.662s)	Speed 38.9 samples/s	Data 0.003s (0.003s)	Loss 1.59965 (1.59843)
2021-10-25 22:54:13,113 Epoch: [18][110/200]	Time 0.498s (0.649s)	Speed 64.3 samples/s	Data 0.002s (0.002s)	Loss 1.59265 (1.59807)
2021-10-25 22:54:18,093 Epoch: [18][120/200]	Time 0.508s (0.637s)	Speed 63.0 samples/s	Data 0.002s (0.002s)	Loss 1.60113 (1.59785)
2021-10-25 22:54:23,121 Epoch: [18][130/200]	Time 0.607s (0.626s)	Speed 52.7 samples/s	Data 0.002s (0.002s)	Loss 1.59820 (1.59779)
2021-10-25 22:54:27,989 Epoch: [18][140/200]	Time 0.473s (0.616s)	Speed 67.7 samples/s	Data 0.001s (0.002s)	Loss 1.59564 (1.59772)
2021-10-25 22:54:32,991 Epoch: [18][150/200]	Time 0.507s (0.609s)	Speed 63.1 samples/s	Data 0.001s (0.002s)	Loss 1.58800 (1.59742)
2021-10-25 22:54:37,984 Epoch: [18][160/200]	Time 0.510s (0.602s)	Speed 62.8 samples/s	Data 0.001s (0.002s)	Loss 1.58119 (1.59734)
2021-10-25 22:54:42,928 Epoch: [18][170/200]	Time 0.461s (0.596s)	Speed 69.4 samples/s	Data 0.001s (0.002s)	Loss 1.59561 (1.59724)
2021-10-25 22:54:47,951 Epoch: [18][180/200]	Time 0.490s (0.590s)	Speed 65.4 samples/s	Data 0.001s (0.002s)	Loss 1.59404 (1.59712)
2021-10-25 22:54:52,815 Epoch: [18][190/200]	Time 0.490s (0.585s)	Speed 65.3 samples/s	Data 0.001s (0.002s)	Loss 1.59889 (1.59696)
2021-10-25 22:54:57,301 Test: [0/200]	Time 0.078 (0.078)	Loss 1.6508 (1.6508)
2021-10-25 22:54:57,535 Test: [10/200]	Time 0.023 (0.028)	Loss 1.5774 (1.6437)
2021-10-25 22:54:57,766 Test: [20/200]	Time 0.024 (0.026)	Loss 1.6215 (1.6460)
2021-10-25 22:54:58,001 Test: [30/200]	Time 0.023 (0.025)	Loss 1.6753 (1.6478)
2021-10-25 22:54:58,240 Test: [40/200]	Time 0.022 (0.025)	Loss 1.6435 (1.6524)
2021-10-25 22:54:58,512 Test: [50/200]	Time 0.023 (0.025)	Loss 1.6578 (1.6538)
2021-10-25 22:54:58,748 Test: [60/200]	Time 0.023 (0.025)	Loss 1.6660 (1.6539)
2021-10-25 22:54:58,981 Test: [70/200]	Time 0.023 (0.025)	Loss 1.6470 (1.6538)
2021-10-25 22:54:59,219 Test: [80/200]	Time 0.023 (0.025)	Loss 1.7031 (1.6528)
2021-10-25 22:54:59,458 Test: [90/200]	Time 0.023 (0.025)	Loss 1.6899 (1.6542)
2021-10-25 22:54:59,712 Test: [100/200]	Time 0.024 (0.025)	Loss 1.7042 (1.6537)
2021-10-25 22:54:59,961 Test: [110/200]	Time 0.024 (0.025)	Loss 1.6896 (1.6541)
2021-10-25 22:55:00,211 Test: [120/200]	Time 0.023 (0.025)	Loss 1.6824 (1.6529)
2021-10-25 22:55:00,462 Test: [130/200]	Time 0.024 (0.025)	Loss 1.6478 (1.6539)
2021-10-25 22:55:00,748 Test: [140/200]	Time 0.025 (0.025)	Loss 1.6475 (1.6536)
2021-10-25 22:55:01,005 Test: [150/200]	Time 0.023 (0.025)	Loss 1.6610 (1.6532)
2021-10-25 22:55:01,256 Test: [160/200]	Time 0.025 (0.025)	Loss 1.6395 (1.6528)
2021-10-25 22:55:01,507 Test: [170/200]	Time 0.024 (0.025)	Loss 1.6319 (1.6521)
2021-10-25 22:55:01,764 Test: [180/200]	Time 0.025 (0.025)	Loss 1.6130 (1.6513)
2021-10-25 22:55:02,025 Test: [190/200]	Time 0.025 (0.025)	Loss 1.6318 (1.6518)
2021-10-25 22:55:03,094 Mean IoU score: 0.218
2021-10-25 22:55:03,095 => saving checkpoint to out
2021-10-25 22:55:03,741 Epoch: [19][0/200]	Time 0.627s (0.627s)	Speed 51.0 samples/s	Data 0.087s (0.087s)	Loss 1.60095 (1.60095)
2021-10-25 22:55:09,006 Epoch: [19][10/200]	Time 0.716s (0.536s)	Speed 44.7 samples/s	Data 0.002s (0.009s)	Loss 1.59004 (1.59795)
2021-10-25 22:55:20,202 Epoch: [19][20/200]	Time 0.977s (0.814s)	Speed 32.7 samples/s	Data 0.003s (0.006s)	Loss 1.60085 (1.59682)
2021-10-25 22:55:29,084 Epoch: [19][30/200]	Time 0.862s (0.838s)	Speed 37.1 samples/s	Data 0.003s (0.005s)	Loss 1.59631 (1.59526)
2021-10-25 22:55:37,357 Epoch: [19][40/200]	Time 0.590s (0.835s)	Speed 54.2 samples/s	Data 0.002s (0.004s)	Loss 1.60272 (1.59556)
2021-10-25 22:55:42,041 Epoch: [19][50/200]	Time 0.452s (0.763s)	Speed 70.8 samples/s	Data 0.001s (0.004s)	Loss 1.59662 (1.59538)
2021-10-25 22:55:46,600 Epoch: [19][60/200]	Time 0.457s (0.713s)	Speed 70.0 samples/s	Data 0.001s (0.003s)	Loss 1.59103 (1.59533)
2021-10-25 22:55:51,500 Epoch: [19][70/200]	Time 0.587s (0.681s)	Speed 54.5 samples/s	Data 0.001s (0.003s)	Loss 1.59501 (1.59557)
2021-10-25 22:55:56,371 Epoch: [19][80/200]	Time 0.464s (0.657s)	Speed 69.0 samples/s	Data 0.001s (0.003s)	Loss 1.59659 (1.59584)
2021-10-25 22:56:01,258 Epoch: [19][90/200]	Time 0.511s (0.639s)	Speed 62.6 samples/s	Data 0.001s (0.003s)	Loss 1.59089 (1.59537)
2021-10-25 22:56:06,390 Epoch: [19][100/200]	Time 0.472s (0.626s)	Speed 67.8 samples/s	Data 0.001s (0.003s)	Loss 1.59450 (1.59537)
2021-10-25 22:56:11,408 Epoch: [19][110/200]	Time 0.485s (0.615s)	Speed 66.0 samples/s	Data 0.001s (0.003s)	Loss 1.59421 (1.59520)
2021-10-25 22:56:16,288 Epoch: [19][120/200]	Time 0.486s (0.605s)	Speed 65.9 samples/s	Data 0.001s (0.002s)	Loss 1.59545 (1.59515)
2021-10-25 22:56:21,077 Epoch: [19][130/200]	Time 0.486s (0.595s)	Speed 65.8 samples/s	Data 0.001s (0.002s)	Loss 1.58696 (1.59501)
2021-10-25 22:56:26,058 Epoch: [19][140/200]	Time 0.481s (0.588s)	Speed 66.6 samples/s	Data 0.001s (0.002s)	Loss 1.59761 (1.59487)
2021-10-25 22:56:32,103 Epoch: [19][150/200]	Time 0.795s (0.589s)	Speed 40.3 samples/s	Data 0.002s (0.002s)	Loss 1.58837 (1.59508)
2021-10-25 22:56:42,776 Epoch: [19][160/200]	Time 1.087s (0.619s)	Speed 29.4 samples/s	Data 0.003s (0.002s)	Loss 1.60606 (1.59505)
2021-10-25 22:56:53,314 Epoch: [19][170/200]	Time 0.936s (0.644s)	Speed 34.2 samples/s	Data 0.003s (0.002s)	Loss 1.59585 (1.59496)
2021-10-25 22:57:02,212 Epoch: [19][180/200]	Time 0.845s (0.658s)	Speed 37.9 samples/s	Data 0.002s (0.002s)	Loss 1.59609 (1.59502)
2021-10-25 22:57:07,704 Epoch: [19][190/200]	Time 0.575s (0.652s)	Speed 55.7 samples/s	Data 0.002s (0.002s)	Loss 1.59465 (1.59517)
2021-10-25 22:57:12,027 Test: [0/200]	Time 0.074 (0.074)	Loss 1.6514 (1.6514)
2021-10-25 22:57:12,255 Test: [10/200]	Time 0.021 (0.027)	Loss 1.5773 (1.6418)
2021-10-25 22:57:12,478 Test: [20/200]	Time 0.022 (0.025)	Loss 1.6211 (1.6444)
2021-10-25 22:57:12,767 Test: [30/200]	Time 0.030 (0.026)	Loss 1.6733 (1.6463)
2021-10-25 22:57:13,086 Test: [40/200]	Time 0.023 (0.028)	Loss 1.6442 (1.6509)
2021-10-25 22:57:13,327 Test: [50/200]	Time 0.022 (0.027)	Loss 1.6563 (1.6523)
2021-10-25 22:57:13,575 Test: [60/200]	Time 0.024 (0.027)	Loss 1.6658 (1.6527)
2021-10-25 22:57:13,866 Test: [70/200]	Time 0.024 (0.027)	Loss 1.6476 (1.6526)
2021-10-25 22:57:14,116 Test: [80/200]	Time 0.025 (0.027)	Loss 1.7011 (1.6516)
2021-10-25 22:57:14,498 Test: [90/200]	Time 0.038 (0.028)	Loss 1.6871 (1.6530)
2021-10-25 22:57:14,800 Test: [100/200]	Time 0.026 (0.028)	Loss 1.7007 (1.6526)
2021-10-25 22:57:15,091 Test: [110/200]	Time 0.023 (0.028)	Loss 1.6878 (1.6530)
2021-10-25 22:57:15,344 Test: [120/200]	Time 0.025 (0.028)	Loss 1.6802 (1.6518)
2021-10-25 22:57:15,603 Test: [130/200]	Time 0.024 (0.028)	Loss 1.6455 (1.6527)
2021-10-25 22:57:15,855 Test: [140/200]	Time 0.024 (0.028)	Loss 1.6479 (1.6525)
2021-10-25 22:57:16,260 Test: [150/200]	Time 0.040 (0.029)	Loss 1.6583 (1.6522)
2021-10-25 22:57:16,673 Test: [160/200]	Time 0.040 (0.029)	Loss 1.6418 (1.6518)
2021-10-25 22:57:17,061 Test: [170/200]	Time 0.037 (0.030)	Loss 1.6305 (1.6512)
2021-10-25 22:57:17,445 Test: [180/200]	Time 0.035 (0.030)	Loss 1.6112 (1.6503)
2021-10-25 22:57:17,685 Test: [190/200]	Time 0.023 (0.030)	Loss 1.6296 (1.6508)
2021-10-25 22:57:18,735 Mean IoU score: 0.239
2021-10-25 22:57:18,736 => saving checkpoint to out
2021-10-25 22:57:18,753 saving final model state to out/final_state.pth.tar
