2021-10-26 22:17:32,619 Namespace(eval_interval=1, frequent=10, gpus='', num_workers=4, out_dir='out')
2021-10-26 22:17:32,624 => load 200 samples
2021-10-26 22:17:32,624 => load 200 samples
2021-10-26 22:17:33,042 Epoch: [0][0/200]	Time 0.417s (0.417s)	Speed 76.7 samples/s	Data 0.056s (0.056s)	Loss 2.40597 (2.40597)
2021-10-26 22:17:36,440 Epoch: [0][10/200]	Time 0.335s (0.347s)	Speed 95.6 samples/s	Data 0.001s (0.006s)	Loss 2.34550 (2.37404)
2021-10-26 22:17:39,825 Epoch: [0][20/200]	Time 0.344s (0.343s)	Speed 93.0 samples/s	Data 0.001s (0.004s)	Loss 2.28518 (2.34463)
2021-10-26 22:17:43,292 Epoch: [0][30/200]	Time 0.351s (0.344s)	Speed 91.2 samples/s	Data 0.001s (0.003s)	Loss 2.21977 (2.31430)
2021-10-26 22:17:46,821 Epoch: [0][40/200]	Time 0.353s (0.346s)	Speed 90.8 samples/s	Data 0.001s (0.002s)	Loss 2.16330 (2.28299)
2021-10-26 22:17:50,482 Epoch: [0][50/200]	Time 0.369s (0.350s)	Speed 86.8 samples/s	Data 0.001s (0.002s)	Loss 2.08995 (2.25115)
2021-10-26 22:17:54,247 Epoch: [0][60/200]	Time 0.381s (0.354s)	Speed 84.1 samples/s	Data 0.001s (0.002s)	Loss 2.02892 (2.21913)
2021-10-26 22:17:58,066 Epoch: [0][70/200]	Time 0.376s (0.358s)	Speed 85.2 samples/s	Data 0.001s (0.002s)	Loss 1.97067 (2.18778)
2021-10-26 22:18:01,933 Epoch: [0][80/200]	Time 0.383s (0.362s)	Speed 83.4 samples/s	Data 0.001s (0.002s)	Loss 1.90891 (2.15656)
2021-10-26 22:18:05,838 Epoch: [0][90/200]	Time 0.395s (0.365s)	Speed 81.0 samples/s	Data 0.001s (0.002s)	Loss 1.83764 (2.12497)
2021-10-26 22:18:09,938 Epoch: [0][100/200]	Time 0.400s (0.369s)	Speed 80.0 samples/s	Data 0.001s (0.002s)	Loss 1.76201 (2.09245)
2021-10-26 22:18:14,022 Epoch: [0][110/200]	Time 0.406s (0.373s)	Speed 78.8 samples/s	Data 0.001s (0.002s)	Loss 1.71202 (2.06023)
2021-10-26 22:18:18,063 Epoch: [0][120/200]	Time 0.426s (0.376s)	Speed 75.1 samples/s	Data 0.001s (0.002s)	Loss 1.67093 (2.02974)
2021-10-26 22:18:22,166 Epoch: [0][130/200]	Time 0.442s (0.378s)	Speed 72.4 samples/s	Data 0.001s (0.002s)	Loss 1.65506 (2.00171)
2021-10-26 22:18:26,217 Epoch: [0][140/200]	Time 0.406s (0.380s)	Speed 78.7 samples/s	Data 0.001s (0.002s)	Loss 1.63747 (1.97651)
2021-10-26 22:18:30,255 Epoch: [0][150/200]	Time 0.404s (0.382s)	Speed 79.1 samples/s	Data 0.001s (0.002s)	Loss 1.63540 (1.95426)
2021-10-26 22:18:34,381 Epoch: [0][160/200]	Time 0.417s (0.384s)	Speed 76.8 samples/s	Data 0.001s (0.001s)	Loss 1.62961 (1.93410)
2021-10-26 22:18:38,279 Epoch: [0][170/200]	Time 0.398s (0.384s)	Speed 80.4 samples/s	Data 0.001s (0.001s)	Loss 1.62833 (1.91613)
2021-10-26 22:18:42,202 Epoch: [0][180/200]	Time 0.384s (0.384s)	Speed 83.3 samples/s	Data 0.001s (0.001s)	Loss 1.62135 (1.89982)
2021-10-26 22:18:46,203 Epoch: [0][190/200]	Time 0.402s (0.385s)	Speed 79.7 samples/s	Data 0.001s (0.001s)	Loss 1.61540 (1.88507)
2021-10-26 22:18:49,897 Test: [0/200]	Time 0.057 (0.057)	Loss 1.7047 (1.7047)
2021-10-26 22:18:50,119 Test: [10/200]	Time 0.020 (0.025)	Loss 1.5947 (1.6775)
2021-10-26 22:18:50,329 Test: [20/200]	Time 0.020 (0.023)	Loss 1.6444 (1.6811)
2021-10-26 22:18:50,549 Test: [30/200]	Time 0.021 (0.023)	Loss 1.7466 (1.6853)
2021-10-26 22:18:50,764 Test: [40/200]	Time 0.021 (0.023)	Loss 1.6850 (1.6909)
2021-10-26 22:18:50,987 Test: [50/200]	Time 0.021 (0.022)	Loss 1.7172 (1.6921)
2021-10-26 22:18:51,287 Test: [60/200]	Time 0.034 (0.024)	Loss 1.7133 (1.6922)
2021-10-26 22:18:51,612 Test: [70/200]	Time 0.022 (0.025)	Loss 1.6907 (1.6921)
2021-10-26 22:18:51,835 Test: [80/200]	Time 0.022 (0.025)	Loss 1.7385 (1.6903)
2021-10-26 22:18:52,054 Test: [90/200]	Time 0.021 (0.024)	Loss 1.7287 (1.6917)
2021-10-26 22:18:52,272 Test: [100/200]	Time 0.021 (0.024)	Loss 1.7444 (1.6914)
2021-10-26 22:18:52,491 Test: [110/200]	Time 0.021 (0.024)	Loss 1.7214 (1.6916)
2021-10-26 22:18:52,710 Test: [120/200]	Time 0.021 (0.024)	Loss 1.7178 (1.6904)
2021-10-26 22:18:52,929 Test: [130/200]	Time 0.021 (0.024)	Loss 1.6826 (1.6918)
2021-10-26 22:18:53,147 Test: [140/200]	Time 0.021 (0.023)	Loss 1.6735 (1.6913)
2021-10-26 22:18:53,365 Test: [150/200]	Time 0.021 (0.023)	Loss 1.7004 (1.6906)
2021-10-26 22:18:53,586 Test: [160/200]	Time 0.022 (0.023)	Loss 1.6857 (1.6905)
2021-10-26 22:18:53,804 Test: [170/200]	Time 0.021 (0.023)	Loss 1.6531 (1.6896)
2021-10-26 22:18:54,019 Test: [180/200]	Time 0.020 (0.023)	Loss 1.6494 (1.6887)
2021-10-26 22:18:54,232 Test: [190/200]	Time 0.021 (0.023)	Loss 1.6711 (1.6891)
2021-10-26 22:18:55,064 Mean IoU score: 0.103
2021-10-26 22:18:55,065 => saving checkpoint to out
2021-10-26 22:18:55,611 Epoch: [1][0/200]	Time 0.521s (0.521s)	Speed 61.5 samples/s	Data 0.062s (0.062s)	Loss 1.61011 (1.61011)
2021-10-26 22:18:59,732 Epoch: [1][10/200]	Time 0.406s (0.422s)	Speed 78.8 samples/s	Data 0.001s (0.007s)	Loss 1.62121 (1.61452)
