2021-10-26 09:11:04,124 Namespace(eval_interval=1, frequent=10, gpus='', num_workers=4, out_dir='out')
2021-10-26 09:11:04,129 => load 200 samples
2021-10-26 09:11:04,129 => load 200 samples
2021-10-26 09:11:04,569 Epoch: [0][0/200]	Time 0.440s (0.440s)	Speed 72.8 samples/s	Data 0.047s (0.047s)	Loss 2.40604 (2.40604)
2021-10-26 09:11:08,040 Epoch: [0][10/200]	Time 0.339s (0.356s)	Speed 94.3 samples/s	Data 0.001s (0.005s)	Loss 2.34168 (2.37233)
2021-10-26 09:11:11,446 Epoch: [0][20/200]	Time 0.335s (0.348s)	Speed 95.6 samples/s	Data 0.001s (0.003s)	Loss 2.28542 (2.34333)
2021-10-26 09:11:14,968 Epoch: [0][30/200]	Time 0.365s (0.350s)	Speed 87.6 samples/s	Data 0.001s (0.003s)	Loss 2.22424 (2.31405)
2021-10-26 09:11:18,340 Epoch: [0][40/200]	Time 0.334s (0.347s)	Speed 95.9 samples/s	Data 0.001s (0.002s)	Loss 2.15560 (2.28301)
2021-10-26 09:11:21,762 Epoch: [0][50/200]	Time 0.353s (0.346s)	Speed 90.6 samples/s	Data 0.001s (0.002s)	Loss 2.09153 (2.25133)
2021-10-26 09:11:25,273 Epoch: [0][60/200]	Time 0.350s (0.347s)	Speed 91.4 samples/s	Data 0.001s (0.002s)	Loss 2.02872 (2.21991)
2021-10-26 09:11:28,846 Epoch: [0][70/200]	Time 0.350s (0.348s)	Speed 91.5 samples/s	Data 0.001s (0.002s)	Loss 1.97032 (2.18876)
2021-10-26 09:11:32,481 Epoch: [0][80/200]	Time 0.367s (0.350s)	Speed 87.1 samples/s	Data 0.001s (0.002s)	Loss 1.90056 (2.15702)
2021-10-26 09:11:36,213 Epoch: [0][90/200]	Time 0.371s (0.353s)	Speed 86.4 samples/s	Data 0.001s (0.002s)	Loss 1.83034 (2.12436)
2021-10-26 09:11:39,980 Epoch: [0][100/200]	Time 0.370s (0.355s)	Speed 86.5 samples/s	Data 0.001s (0.002s)	Loss 1.75479 (2.09095)
2021-10-26 09:11:43,760 Epoch: [0][110/200]	Time 0.377s (0.357s)	Speed 84.9 samples/s	Data 0.001s (0.002s)	Loss 1.69759 (2.05782)
2021-10-26 09:11:47,583 Epoch: [0][120/200]	Time 0.386s (0.359s)	Speed 82.9 samples/s	Data 0.001s (0.002s)	Loss 1.66365 (2.02672)
2021-10-26 09:11:51,407 Epoch: [0][130/200]	Time 0.394s (0.361s)	Speed 81.2 samples/s	Data 0.001s (0.001s)	Loss 1.65288 (1.99904)
2021-10-26 09:11:55,264 Epoch: [0][140/200]	Time 0.390s (0.363s)	Speed 82.1 samples/s	Data 0.001s (0.001s)	Loss 1.64114 (1.97397)
2021-10-26 09:11:59,137 Epoch: [0][150/200]	Time 0.384s (0.364s)	Speed 83.3 samples/s	Data 0.001s (0.001s)	Loss 1.63309 (1.95154)
2021-10-26 09:12:03,013 Epoch: [0][160/200]	Time 0.389s (0.366s)	Speed 82.2 samples/s	Data 0.001s (0.001s)	Loss 1.62583 (1.93157)
2021-10-26 09:12:06,872 Epoch: [0][170/200]	Time 0.380s (0.367s)	Speed 84.2 samples/s	Data 0.001s (0.001s)	Loss 1.63024 (1.91369)
2021-10-26 09:12:10,755 Epoch: [0][180/200]	Time 0.387s (0.368s)	Speed 82.6 samples/s	Data 0.001s (0.001s)	Loss 1.63218 (1.89754)
2021-10-26 09:12:14,613 Epoch: [0][190/200]	Time 0.402s (0.369s)	Speed 79.6 samples/s	Data 0.001s (0.001s)	Loss 1.60843 (1.88284)
2021-10-26 09:12:18,191 Test: [0/200]	Time 0.082 (0.082)	Loss 1.6944 (1.6944)
2021-10-26 09:12:18,403 Test: [10/200]	Time 0.018 (0.027)	Loss 1.5948 (1.6745)
2021-10-26 09:12:18,592 Test: [20/200]	Time 0.018 (0.023)	Loss 1.6438 (1.6772)
2021-10-26 09:12:18,786 Test: [30/200]	Time 0.020 (0.022)	Loss 1.7370 (1.6815)
2021-10-26 09:12:18,979 Test: [40/200]	Time 0.018 (0.021)	Loss 1.6792 (1.6866)
2021-10-26 09:12:19,171 Test: [50/200]	Time 0.018 (0.021)	Loss 1.7078 (1.6878)
2021-10-26 09:12:19,365 Test: [60/200]	Time 0.018 (0.021)	Loss 1.7024 (1.6881)
2021-10-26 09:12:19,563 Test: [70/200]	Time 0.019 (0.020)	Loss 1.6837 (1.6883)
2021-10-26 09:12:19,751 Test: [80/200]	Time 0.018 (0.020)	Loss 1.7346 (1.6867)
2021-10-26 09:12:19,947 Test: [90/200]	Time 0.019 (0.020)	Loss 1.7259 (1.6879)
2021-10-26 09:12:20,140 Test: [100/200]	Time 0.019 (0.020)	Loss 1.7468 (1.6878)
2021-10-26 09:12:20,332 Test: [110/200]	Time 0.019 (0.020)	Loss 1.7243 (1.6879)
2021-10-26 09:12:20,523 Test: [120/200]	Time 0.018 (0.020)	Loss 1.7180 (1.6867)
2021-10-26 09:12:20,717 Test: [130/200]	Time 0.018 (0.020)	Loss 1.6805 (1.6881)
2021-10-26 09:12:20,907 Test: [140/200]	Time 0.018 (0.020)	Loss 1.6637 (1.6878)
2021-10-26 09:12:21,100 Test: [150/200]	Time 0.019 (0.020)	Loss 1.6996 (1.6870)
2021-10-26 09:12:21,298 Test: [160/200]	Time 0.019 (0.020)	Loss 1.6805 (1.6869)
2021-10-26 09:12:21,498 Test: [170/200]	Time 0.018 (0.020)	Loss 1.6536 (1.6862)
2021-10-26 09:12:21,688 Test: [180/200]	Time 0.018 (0.020)	Loss 1.6410 (1.6853)
2021-10-26 09:12:21,879 Test: [190/200]	Time 0.018 (0.020)	Loss 1.6715 (1.6858)
2021-10-26 09:12:22,638 Mean IoU score: 0.105
2021-10-26 09:12:22,639 => saving checkpoint to out
2021-10-26 09:12:23,178 Epoch: [1][0/200]	Time 0.516s (0.516s)	Speed 62.0 samples/s	Data 0.056s (0.056s)	Loss 1.61674 (1.61674)
2021-10-26 09:12:26,936 Epoch: [1][10/200]	Time 0.371s (0.389s)	Speed 86.4 samples/s	Data 0.001s (0.006s)	Loss 1.61025 (1.61299)
2021-10-26 09:12:30,745 Epoch: [1][20/200]	Time 0.389s (0.385s)	Speed 82.4 samples/s	Data 0.001s (0.004s)	Loss 1.61041 (1.61109)
2021-10-26 09:12:34,570 Epoch: [1][30/200]	Time 0.382s (0.384s)	Speed 83.7 samples/s	Data 0.001s (0.003s)	Loss 1.62110 (1.61175)
2021-10-26 09:12:38,413 Epoch: [1][40/200]	Time 0.381s (0.384s)	Speed 84.0 samples/s	Data 0.001s (0.003s)	Loss 1.61480 (1.61232)
2021-10-26 09:12:42,323 Epoch: [1][50/200]	Time 0.383s (0.386s)	Speed 83.5 samples/s	Data 0.001s (0.002s)	Loss 1.60590 (1.61093)
2021-10-26 09:12:55,312 Epoch: [1][60/200]	Time 3.043s (0.535s)	Speed 10.5 samples/s	Data 0.009s (0.002s)	Loss 1.60327 (1.61129)
2021-10-26 09:13:10,837 Epoch: [1][70/200]	Time 0.450s (0.679s)	Speed 71.2 samples/s	Data 0.001s (0.003s)	Loss 1.61563 (1.61140)
2021-10-26 09:13:15,145 Epoch: [1][80/200]	Time 0.439s (0.648s)	Speed 73.0 samples/s	Data 0.002s (0.003s)	Loss 1.61691 (1.61111)
2021-10-26 09:13:19,572 Epoch: [1][90/200]	Time 0.445s (0.625s)	Speed 71.9 samples/s	Data 0.001s (0.002s)	Loss 1.59927 (1.61052)
2021-10-26 09:13:24,112 Epoch: [1][100/200]	Time 0.453s (0.608s)	Speed 70.7 samples/s	Data 0.002s (0.002s)	Loss 1.61063 (1.61039)
2021-10-26 09:13:28,723 Epoch: [1][110/200]	Time 0.460s (0.595s)	Speed 69.6 samples/s	Data 0.001s (0.002s)	Loss 1.60224 (1.60997)
2021-10-26 09:13:33,351 Epoch: [1][120/200]	Time 0.470s (0.584s)	Speed 68.0 samples/s	Data 0.001s (0.002s)	Loss 1.59614 (1.60965)
2021-10-26 09:13:38,047 Epoch: [1][130/200]	Time 0.470s (0.575s)	Speed 68.1 samples/s	Data 0.001s (0.002s)	Loss 1.60717 (1.60950)
2021-10-26 09:13:42,784 Epoch: [1][140/200]	Time 0.470s (0.568s)	Speed 68.0 samples/s	Data 0.001s (0.002s)	Loss 1.61140 (1.60920)
2021-10-26 09:13:47,480 Epoch: [1][150/200]	Time 0.475s (0.562s)	Speed 67.4 samples/s	Data 0.001s (0.002s)	Loss 1.60468 (1.60883)
2021-10-26 09:13:52,166 Epoch: [1][160/200]	Time 0.456s (0.556s)	Speed 70.1 samples/s	Data 0.002s (0.002s)	Loss 1.61725 (1.60866)
2021-10-26 09:13:56,853 Epoch: [1][170/200]	Time 0.459s (0.551s)	Speed 69.8 samples/s	Data 0.001s (0.002s)	Loss 1.60461 (1.60846)
2021-10-26 09:14:01,559 Epoch: [1][180/200]	Time 0.476s (0.546s)	Speed 67.2 samples/s	Data 0.001s (0.002s)	Loss 1.60724 (1.60822)
2021-10-26 09:14:06,305 Epoch: [1][190/200]	Time 0.457s (0.543s)	Speed 70.1 samples/s	Data 0.001s (0.002s)	Loss 1.59495 (1.60802)
2021-10-26 09:14:10,586 Test: [0/200]	Time 0.068 (0.068)	Loss 1.6791 (1.6791)
2021-10-26 09:14:10,871 Test: [10/200]	Time 0.026 (0.032)	Loss 1.5851 (1.6604)
2021-10-26 09:14:11,134 Test: [20/200]	Time 0.021 (0.029)	Loss 1.6314 (1.6628)
2021-10-26 09:14:11,354 Test: [30/200]	Time 0.021 (0.027)	Loss 1.7193 (1.6670)
2021-10-26 09:14:11,587 Test: [40/200]	Time 0.026 (0.026)	Loss 1.6634 (1.6719)
2021-10-26 09:14:11,878 Test: [50/200]	Time 0.022 (0.027)	Loss 1.6909 (1.6729)
2021-10-26 09:14:12,105 Test: [60/200]	Time 0.022 (0.026)	Loss 1.6880 (1.6733)
2021-10-26 09:14:12,336 Test: [70/200]	Time 0.023 (0.026)	Loss 1.6674 (1.6735)
2021-10-26 09:14:12,569 Test: [80/200]	Time 0.022 (0.025)	Loss 1.7179 (1.6720)
2021-10-26 09:14:12,802 Test: [90/200]	Time 0.022 (0.025)	Loss 1.7086 (1.6733)
2021-10-26 09:14:13,037 Test: [100/200]	Time 0.022 (0.025)	Loss 1.7262 (1.6731)
2021-10-26 09:14:13,277 Test: [110/200]	Time 0.023 (0.025)	Loss 1.7070 (1.6732)
2021-10-26 09:14:13,529 Test: [120/200]	Time 0.023 (0.025)	Loss 1.6988 (1.6720)
2021-10-26 09:14:13,777 Test: [130/200]	Time 0.023 (0.025)	Loss 1.6646 (1.6733)
2021-10-26 09:14:14,023 Test: [140/200]	Time 0.024 (0.025)	Loss 1.6529 (1.6729)
2021-10-26 09:14:14,266 Test: [150/200]	Time 0.024 (0.025)	Loss 1.6829 (1.6722)
2021-10-26 09:14:14,538 Test: [160/200]	Time 0.024 (0.025)	Loss 1.6663 (1.6721)
2021-10-26 09:14:14,794 Test: [170/200]	Time 0.024 (0.025)	Loss 1.6410 (1.6714)
2021-10-26 09:14:15,042 Test: [180/200]	Time 0.024 (0.025)	Loss 1.6283 (1.6706)
2021-10-26 09:14:15,302 Test: [190/200]	Time 0.024 (0.025)	Loss 1.6540 (1.6710)
2021-10-26 09:14:16,325 Mean IoU score: 0.127
2021-10-26 09:14:16,326 => saving checkpoint to out
2021-10-26 09:14:16,909 Epoch: [2][0/200]	Time 0.555s (0.555s)	Speed 57.6 samples/s	Data 0.052s (0.052s)	Loss 1.61040 (1.61040)
2021-10-26 09:14:21,515 Epoch: [2][10/200]	Time 0.473s (0.469s)	Speed 67.6 samples/s	Data 0.001s (0.006s)	Loss 1.59831 (1.60139)
2021-10-26 09:14:26,237 Epoch: [2][20/200]	Time 0.474s (0.471s)	Speed 67.5 samples/s	Data 0.001s (0.004s)	Loss 1.61518 (1.60434)
2021-10-26 09:14:30,907 Epoch: [2][30/200]	Time 0.465s (0.469s)	Speed 68.8 samples/s	Data 0.001s (0.003s)	Loss 1.60265 (1.60265)
2021-10-26 09:14:35,609 Epoch: [2][40/200]	Time 0.461s (0.470s)	Speed 69.5 samples/s	Data 0.001s (0.003s)	Loss 1.60642 (1.60336)
2021-10-26 09:14:40,231 Epoch: [2][50/200]	Time 0.468s (0.468s)	Speed 68.3 samples/s	Data 0.001s (0.002s)	Loss 1.60895 (1.60367)
2021-10-26 09:14:44,908 Epoch: [2][60/200]	Time 0.468s (0.468s)	Speed 68.3 samples/s	Data 0.001s (0.002s)	Loss 1.61546 (1.60498)
2021-10-26 09:14:49,627 Epoch: [2][70/200]	Time 0.465s (0.469s)	Speed 68.8 samples/s	Data 0.001s (0.002s)	Loss 1.60397 (1.60493)
2021-10-26 09:14:54,311 Epoch: [2][80/200]	Time 0.504s (0.469s)	Speed 63.5 samples/s	Data 0.001s (0.002s)	Loss 1.61187 (1.60495)
2021-10-26 09:14:59,028 Epoch: [2][90/200]	Time 0.472s (0.469s)	Speed 67.8 samples/s	Data 0.001s (0.002s)	Loss 1.60212 (1.60492)
2021-10-26 09:15:03,728 Epoch: [2][100/200]	Time 0.468s (0.469s)	Speed 68.4 samples/s	Data 0.001s (0.002s)	Loss 1.60746 (1.60502)
2021-10-26 09:15:08,436 Epoch: [2][110/200]	Time 0.478s (0.469s)	Speed 66.9 samples/s	Data 0.001s (0.002s)	Loss 1.60883 (1.60470)
2021-10-26 09:15:13,160 Epoch: [2][120/200]	Time 0.472s (0.469s)	Speed 67.7 samples/s	Data 0.001s (0.002s)	Loss 1.61003 (1.60482)
2021-10-26 09:15:17,866 Epoch: [2][130/200]	Time 0.480s (0.470s)	Speed 66.7 samples/s	Data 0.001s (0.002s)	Loss 1.60010 (1.60509)
2021-10-26 09:15:22,754 Epoch: [2][140/200]	Time 0.506s (0.471s)	Speed 63.3 samples/s	Data 0.001s (0.002s)	Loss 1.61237 (1.60526)
2021-10-26 09:15:27,476 Epoch: [2][150/200]	Time 0.464s (0.471s)	Speed 69.0 samples/s	Data 0.001s (0.002s)	Loss 1.59115 (1.60486)
2021-10-26 09:15:32,182 Epoch: [2][160/200]	Time 0.470s (0.471s)	Speed 68.2 samples/s	Data 0.001s (0.002s)	Loss 1.60136 (1.60498)
2021-10-26 09:15:36,976 Epoch: [2][170/200]	Time 0.458s (0.471s)	Speed 69.9 samples/s	Data 0.001s (0.002s)	Loss 1.61235 (1.60481)
2021-10-26 09:15:41,748 Epoch: [2][180/200]	Time 0.483s (0.472s)	Speed 66.3 samples/s	Data 0.001s (0.002s)	Loss 1.59812 (1.60487)
2021-10-26 09:15:46,547 Epoch: [2][190/200]	Time 0.475s (0.472s)	Speed 67.4 samples/s	Data 0.001s (0.002s)	Loss 1.60632 (1.60478)
2021-10-26 09:15:50,898 Test: [0/200]	Time 0.073 (0.073)	Loss 1.6788 (1.6788)
2021-10-26 09:15:51,189 Test: [10/200]	Time 0.023 (0.033)	Loss 1.5836 (1.6586)
2021-10-26 09:15:51,433 Test: [20/200]	Time 0.024 (0.029)	Loss 1.6290 (1.6608)
2021-10-26 09:15:51,684 Test: [30/200]	Time 0.023 (0.028)	Loss 1.7106 (1.6646)
2021-10-26 09:15:51,929 Test: [40/200]	Time 0.023 (0.027)	Loss 1.6610 (1.6693)
2021-10-26 09:15:52,173 Test: [50/200]	Time 0.024 (0.026)	Loss 1.6878 (1.6702)
2021-10-26 09:15:52,426 Test: [60/200]	Time 0.024 (0.026)	Loss 1.6836 (1.6707)
2021-10-26 09:15:52,676 Test: [70/200]	Time 0.024 (0.026)	Loss 1.6648 (1.6709)
2021-10-26 09:15:52,983 Test: [80/200]	Time 0.029 (0.027)	Loss 1.7147 (1.6694)
2021-10-26 09:15:53,287 Test: [90/200]	Time 0.030 (0.027)	Loss 1.7062 (1.6707)
2021-10-26 09:15:53,538 Test: [100/200]	Time 0.024 (0.027)	Loss 1.7234 (1.6705)
2021-10-26 09:15:53,782 Test: [110/200]	Time 0.023 (0.027)	Loss 1.7046 (1.6706)
2021-10-26 09:15:54,026 Test: [120/200]	Time 0.023 (0.026)	Loss 1.6964 (1.6694)
2021-10-26 09:15:54,271 Test: [130/200]	Time 0.024 (0.026)	Loss 1.6622 (1.6707)
2021-10-26 09:15:54,523 Test: [140/200]	Time 0.024 (0.026)	Loss 1.6519 (1.6704)
2021-10-26 09:15:54,791 Test: [150/200]	Time 0.024 (0.026)	Loss 1.6799 (1.6697)
2021-10-26 09:15:55,042 Test: [160/200]	Time 0.024 (0.026)	Loss 1.6626 (1.6696)
2021-10-26 09:15:55,292 Test: [170/200]	Time 0.024 (0.026)	Loss 1.6392 (1.6689)
2021-10-26 09:15:55,542 Test: [180/200]	Time 0.024 (0.026)	Loss 1.6246 (1.6681)
2021-10-26 09:15:55,828 Test: [190/200]	Time 0.023 (0.026)	Loss 1.6520 (1.6686)
2021-10-26 09:15:56,819 Mean IoU score: 0.134
2021-10-26 09:15:56,820 => saving checkpoint to out
2021-10-26 09:15:57,444 Epoch: [3][0/200]	Time 0.598s (0.598s)	Speed 53.5 samples/s	Data 0.066s (0.066s)	Loss 1.60310 (1.60310)
2021-10-26 09:16:02,012 Epoch: [3][10/200]	Time 0.460s (0.470s)	Speed 69.5 samples/s	Data 0.001s (0.007s)	Loss 1.60576 (1.60431)
2021-10-26 09:16:06,805 Epoch: [3][20/200]	Time 0.467s (0.474s)	Speed 68.5 samples/s	Data 0.001s (0.004s)	Loss 1.60706 (1.60492)
2021-10-26 09:16:11,467 Epoch: [3][30/200]	Time 0.468s (0.472s)	Speed 68.4 samples/s	Data 0.001s (0.003s)	Loss 1.59839 (1.60464)
2021-10-26 09:16:16,210 Epoch: [3][40/200]	Time 0.488s (0.472s)	Speed 65.6 samples/s	Data 0.001s (0.003s)	Loss 1.60772 (1.60456)
