2021-10-27 17:52:20,389 Namespace(eval_interval=1, frequent=10, gpus='', num_workers=4, out_dir='out')
2021-10-27 17:52:20,394 => load 200 samples
2021-10-27 17:52:20,395 => load 200 samples
2021-10-27 17:52:20,855 Epoch: [0][0/200]	Time 0.460s (0.460s)	Speed 69.5 samples/s	Data 0.079s (0.079s)	Loss 2.53790 (2.53790)
2021-10-27 17:52:24,305 Epoch: [0][10/200]	Time 0.343s (0.355s)	Speed 93.4 samples/s	Data 0.001s (0.008s)	Loss 2.06205 (2.27096)
2021-10-27 17:52:27,771 Epoch: [0][20/200]	Time 0.340s (0.351s)	Speed 94.3 samples/s	Data 0.001s (0.005s)	Loss 1.77787 (2.09861)
2021-10-27 17:52:31,322 Epoch: [0][30/200]	Time 0.359s (0.352s)	Speed 89.2 samples/s	Data 0.001s (0.004s)	Loss 1.52931 (1.94953)
2021-10-27 17:52:34,893 Epoch: [0][40/200]	Time 0.356s (0.354s)	Speed 89.8 samples/s	Data 0.001s (0.003s)	Loss 1.31796 (1.81869)
2021-10-27 17:52:38,639 Epoch: [0][50/200]	Time 0.431s (0.358s)	Speed 74.3 samples/s	Data 0.001s (0.003s)	Loss 1.12708 (1.69985)
2021-10-27 17:52:44,300 Epoch: [0][60/200]	Time 0.731s (0.392s)	Speed 43.7 samples/s	Data 0.002s (0.002s)	Loss 0.95417 (1.59150)
2021-10-27 17:52:56,337 Epoch: [0][70/200]	Time 0.965s (0.506s)	Speed 33.2 samples/s	Data 0.003s (0.003s)	Loss 0.81905 (1.49201)
2021-10-27 17:53:04,635 Epoch: [0][80/200]	Time 0.778s (0.546s)	Speed 41.1 samples/s	Data 0.002s (0.003s)	Loss 0.69316 (1.40005)
2021-10-27 17:53:12,043 Epoch: [0][90/200]	Time 0.730s (0.568s)	Speed 43.9 samples/s	Data 0.002s (0.003s)	Loss 0.60517 (1.31645)
2021-10-27 17:53:19,520 Epoch: [0][100/200]	Time 0.738s (0.585s)	Speed 43.4 samples/s	Data 0.002s (0.003s)	Loss 0.52046 (1.24132)
2021-10-27 17:53:26,875 Epoch: [0][110/200]	Time 0.722s (0.599s)	Speed 44.3 samples/s	Data 0.002s (0.002s)	Loss 0.43944 (1.17250)
2021-10-27 17:53:34,164 Epoch: [0][120/200]	Time 0.741s (0.610s)	Speed 43.2 samples/s	Data 0.002s (0.002s)	Loss 0.38068 (1.10998)
2021-10-27 17:53:40,716 Epoch: [0][130/200]	Time 0.460s (0.613s)	Speed 69.5 samples/s	Data 0.001s (0.002s)	Loss 0.35763 (1.05470)
2021-10-27 17:53:45,161 Epoch: [0][140/200]	Time 0.437s (0.601s)	Speed 73.2 samples/s	Data 0.001s (0.002s)	Loss 0.32604 (1.00387)
2021-10-27 17:53:49,533 Epoch: [0][150/200]	Time 0.437s (0.590s)	Speed 73.2 samples/s	Data 0.001s (0.002s)	Loss 0.29816 (0.95772)
2021-10-27 17:53:53,945 Epoch: [0][160/200]	Time 0.430s (0.581s)	Speed 74.4 samples/s	Data 0.001s (0.002s)	Loss 0.27485 (0.91604)
2021-10-27 17:53:58,382 Epoch: [0][170/200]	Time 0.467s (0.573s)	Speed 68.6 samples/s	Data 0.001s (0.002s)	Loss 0.26880 (0.87816)
2021-10-27 17:54:02,843 Epoch: [0][180/200]	Time 0.438s (0.566s)	Speed 73.1 samples/s	Data 0.001s (0.002s)	Loss 0.27186 (0.84344)
2021-10-27 17:54:07,326 Epoch: [0][190/200]	Time 0.445s (0.560s)	Speed 71.9 samples/s	Data 0.002s (0.002s)	Loss 0.21477 (0.81136)
2021-10-27 17:54:11,828 Test: [0/200]	Time 0.095 (0.095)	Loss 0.4391 (0.4391)
2021-10-27 17:54:12,151 Test: [10/200]	Time 0.029 (0.038)	Loss 0.1589 (0.3651)
2021-10-27 17:54:12,485 Test: [20/200]	Time 0.032 (0.036)	Loss 0.2784 (0.3748)
2021-10-27 17:54:12,825 Test: [30/200]	Time 0.033 (0.035)	Loss 0.5199 (0.3823)
2021-10-27 17:54:13,184 Test: [40/200]	Time 0.037 (0.035)	Loss 0.3965 (0.3968)
2021-10-27 17:54:13,593 Test: [50/200]	Time 0.036 (0.036)	Loss 0.4652 (0.4004)
2021-10-27 17:54:14,009 Test: [60/200]	Time 0.040 (0.037)	Loss 0.4625 (0.4016)
2021-10-27 17:54:14,499 Test: [70/200]	Time 0.071 (0.039)	Loss 0.3845 (0.4003)
2021-10-27 17:54:15,000 Test: [80/200]	Time 0.042 (0.040)	Loss 0.4892 (0.3950)
2021-10-27 17:54:15,452 Test: [90/200]	Time 0.043 (0.041)	Loss 0.4852 (0.3987)
2021-10-27 17:54:15,908 Test: [100/200]	Time 0.046 (0.041)	Loss 0.5082 (0.3977)
2021-10-27 17:54:16,565 Test: [110/200]	Time 0.041 (0.044)	Loss 0.4728 (0.3987)
2021-10-27 17:54:16,993 Test: [120/200]	Time 0.043 (0.043)	Loss 0.4569 (0.3957)
2021-10-27 17:54:17,447 Test: [130/200]	Time 0.044 (0.044)	Loss 0.3856 (0.3996)
2021-10-27 17:54:17,925 Test: [140/200]	Time 0.044 (0.044)	Loss 0.3774 (0.3985)
2021-10-27 17:54:18,376 Test: [150/200]	Time 0.043 (0.044)	Loss 0.4329 (0.3971)
2021-10-27 17:54:18,835 Test: [160/200]	Time 0.044 (0.044)	Loss 0.4084 (0.3966)
2021-10-27 17:54:19,291 Test: [170/200]	Time 0.043 (0.044)	Loss 0.3077 (0.3944)
2021-10-27 17:54:19,752 Test: [180/200]	Time 0.043 (0.044)	Loss 0.3351 (0.3921)
2021-10-27 17:54:20,207 Test: [190/200]	Time 0.044 (0.044)	Loss 0.3377 (0.3932)
2021-10-27 17:54:22,094 Mean IoU score: 0.203
2021-10-27 17:54:22,097 => saving checkpoint to out
2021-10-27 17:54:23,028 Epoch: [1][0/200]	Time 0.895s (0.895s)	Speed 35.8 samples/s	Data 0.082s (0.082s)	Loss 0.22394 (0.22394)
2021-10-27 17:54:30,318 Epoch: [1][10/200]	Time 0.747s (0.744s)	Speed 42.8 samples/s	Data 0.002s (0.009s)	Loss 0.19670 (0.21108)
2021-10-27 17:54:37,749 Epoch: [1][20/200]	Time 0.738s (0.744s)	Speed 43.3 samples/s	Data 0.002s (0.006s)	Loss 0.19785 (0.20449)
2021-10-27 17:54:45,087 Epoch: [1][30/200]	Time 0.724s (0.740s)	Speed 44.2 samples/s	Data 0.002s (0.005s)	Loss 0.21129 (0.20277)
2021-10-27 17:54:52,435 Epoch: [1][40/200]	Time 0.749s (0.739s)	Speed 42.7 samples/s	Data 0.002s (0.004s)	Loss 0.20014 (0.20054)
2021-10-27 17:54:58,299 Epoch: [1][50/200]	Time 0.441s (0.709s)	Speed 72.6 samples/s	Data 0.001s (0.004s)	Loss 0.15973 (0.19470)
2021-10-27 17:55:02,629 Epoch: [1][60/200]	Time 0.440s (0.664s)	Speed 72.7 samples/s	Data 0.001s (0.003s)	Loss 0.15818 (0.19260)
2021-10-27 17:55:06,998 Epoch: [1][70/200]	Time 0.441s (0.632s)	Speed 72.5 samples/s	Data 0.001s (0.003s)	Loss 0.18382 (0.19001)
2021-10-27 17:55:11,363 Epoch: [1][80/200]	Time 0.432s (0.608s)	Speed 74.2 samples/s	Data 0.002s (0.003s)	Loss 0.18064 (0.18715)
2021-10-27 17:55:15,810 Epoch: [1][90/200]	Time 0.438s (0.590s)	Speed 73.0 samples/s	Data 0.001s (0.003s)	Loss 0.14079 (0.18331)
2021-10-27 17:55:20,280 Epoch: [1][100/200]	Time 0.449s (0.576s)	Speed 71.2 samples/s	Data 0.001s (0.003s)	Loss 0.15345 (0.18031)
2021-10-27 17:55:24,756 Epoch: [1][110/200]	Time 0.447s (0.564s)	Speed 71.6 samples/s	Data 0.001s (0.002s)	Loss 0.13431 (0.17691)
2021-10-27 17:55:30,523 Epoch: [1][120/200]	Time 0.775s (0.565s)	Speed 41.3 samples/s	Data 0.002s (0.002s)	Loss 0.12217 (0.17407)
2021-10-27 17:55:38,931 Epoch: [1][130/200]	Time 0.827s (0.586s)	Speed 38.7 samples/s	Data 0.002s (0.002s)	Loss 0.12944 (0.17122)
2021-10-27 17:55:46,872 Epoch: [1][140/200]	Time 0.767s (0.601s)	Speed 41.7 samples/s	Data 0.002s (0.002s)	Loss 0.13943 (0.16820)
2021-10-27 17:55:54,375 Epoch: [1][150/200]	Time 0.739s (0.611s)	Speed 43.3 samples/s	Data 0.002s (0.002s)	Loss 0.12009 (0.16538)
2021-10-27 17:56:01,784 Epoch: [1][160/200]	Time 0.743s (0.619s)	Speed 43.1 samples/s	Data 0.002s (0.002s)	Loss 0.15854 (0.16313)
2021-10-27 17:56:09,122 Epoch: [1][170/200]	Time 0.721s (0.626s)	Speed 44.4 samples/s	Data 0.002s (0.002s)	Loss 0.12038 (0.16058)
2021-10-27 17:56:16,421 Epoch: [1][180/200]	Time 0.735s (0.631s)	Speed 43.6 samples/s	Data 0.002s (0.002s)	Loss 0.11565 (0.15771)
2021-10-27 17:56:21,716 Epoch: [1][190/200]	Time 0.431s (0.626s)	Speed 74.2 samples/s	Data 0.001s (0.002s)	Loss 0.08526 (0.15508)
2021-10-27 17:56:25,662 Test: [0/200]	Time 0.057 (0.057)	Loss 0.2766 (0.2766)
2021-10-27 17:56:25,877 Test: [10/200]	Time 0.019 (0.025)	Loss 0.0808 (0.2114)
2021-10-27 17:56:26,086 Test: [20/200]	Time 0.020 (0.023)	Loss 0.1567 (0.2193)
2021-10-27 17:56:26,298 Test: [30/200]	Time 0.020 (0.022)	Loss 0.3176 (0.2252)
2021-10-27 17:56:26,512 Test: [40/200]	Time 0.021 (0.022)	Loss 0.2410 (0.2361)
2021-10-27 17:56:26,726 Test: [50/200]	Time 0.020 (0.022)	Loss 0.2975 (0.2357)
2021-10-27 17:56:26,944 Test: [60/200]	Time 0.021 (0.022)	Loss 0.2581 (0.2367)
2021-10-27 17:56:27,168 Test: [70/200]	Time 0.022 (0.022)	Loss 0.2369 (0.2362)
2021-10-27 17:56:27,400 Test: [80/200]	Time 0.022 (0.022)	Loss 0.3205 (0.2329)
2021-10-27 17:56:27,634 Test: [90/200]	Time 0.023 (0.022)	Loss 0.2883 (0.2354)
2021-10-27 17:56:27,867 Test: [100/200]	Time 0.022 (0.022)	Loss 0.2924 (0.2346)
2021-10-27 17:56:28,097 Test: [110/200]	Time 0.022 (0.022)	Loss 0.2971 (0.2355)
2021-10-27 17:56:28,378 Test: [120/200]	Time 0.022 (0.023)	Loss 0.2689 (0.2335)
2021-10-27 17:56:28,620 Test: [130/200]	Time 0.033 (0.023)	Loss 0.2050 (0.2362)
2021-10-27 17:56:28,851 Test: [140/200]	Time 0.022 (0.023)	Loss 0.2163 (0.2355)
2021-10-27 17:56:29,085 Test: [150/200]	Time 0.022 (0.023)	Loss 0.2362 (0.2338)
2021-10-27 17:56:29,331 Test: [160/200]	Time 0.023 (0.023)	Loss 0.2392 (0.2336)
2021-10-27 17:56:29,569 Test: [170/200]	Time 0.022 (0.023)	Loss 0.1843 (0.2319)
2021-10-27 17:56:29,823 Test: [180/200]	Time 0.031 (0.023)	Loss 0.2001 (0.2302)
2021-10-27 17:56:30,054 Test: [190/200]	Time 0.022 (0.023)	Loss 0.1708 (0.2309)
2021-10-27 17:56:31,000 Mean IoU score: 0.504
2021-10-27 17:56:31,003 => saving checkpoint to out
2021-10-27 17:56:31,555 Epoch: [2][0/200]	Time 0.535s (0.535s)	Speed 59.8 samples/s	Data 0.069s (0.069s)	Loss 0.09904 (0.09904)
2021-10-27 17:56:35,966 Epoch: [2][10/200]	Time 0.437s (0.450s)	Speed 73.2 samples/s	Data 0.001s (0.007s)	Loss 0.08285 (0.09097)
2021-10-27 17:56:40,443 Epoch: [2][20/200]	Time 0.438s (0.449s)	Speed 73.1 samples/s	Data 0.001s (0.005s)	Loss 0.09714 (0.09163)
2021-10-27 17:56:44,930 Epoch: [2][30/200]	Time 0.454s (0.449s)	Speed 70.5 samples/s	Data 0.001s (0.004s)	Loss 0.08839 (0.08919)
2021-10-27 17:56:49,450 Epoch: [2][40/200]	Time 0.441s (0.450s)	Speed 72.6 samples/s	Data 0.001s (0.003s)	Loss 0.08510 (0.08925)
2021-10-27 17:56:54,216 Epoch: [2][50/200]	Time 0.577s (0.455s)	Speed 55.5 samples/s	Data 0.001s (0.003s)	Loss 0.08303 (0.08712)
2021-10-27 17:57:02,153 Epoch: [2][60/200]	Time 0.895s (0.510s)	Speed 35.8 samples/s	Data 0.002s (0.003s)	Loss 0.08707 (0.08703)
2021-10-27 17:57:10,244 Epoch: [2][70/200]	Time 0.810s (0.552s)	Speed 39.5 samples/s	Data 0.002s (0.003s)	Loss 0.06591 (0.08479)
2021-10-27 17:57:17,661 Epoch: [2][80/200]	Time 0.731s (0.576s)	Speed 43.8 samples/s	Data 0.002s (0.003s)	Loss 0.06995 (0.08249)
2021-10-27 17:57:25,083 Epoch: [2][90/200]	Time 0.741s (0.594s)	Speed 43.2 samples/s	Data 0.002s (0.002s)	Loss 0.06593 (0.08038)
2021-10-27 17:57:32,769 Epoch: [2][100/200]	Time 0.813s (0.611s)	Speed 39.3 samples/s	Data 0.002s (0.002s)	Loss 0.06865 (0.07872)
2021-10-27 17:57:40,341 Epoch: [2][110/200]	Time 0.736s (0.625s)	Speed 43.5 samples/s	Data 0.002s (0.002s)	Loss 0.05552 (0.07674)
2021-10-27 17:57:45,939 Epoch: [2][120/200]	Time 0.429s (0.619s)	Speed 74.5 samples/s	Data 0.001s (0.002s)	Loss 0.06816 (0.07550)
2021-10-27 17:57:50,267 Epoch: [2][130/200]	Time 0.434s (0.605s)	Speed 73.7 samples/s	Data 0.001s (0.002s)	Loss 0.04697 (0.07441)
2021-10-27 17:57:54,622 Epoch: [2][140/200]	Time 0.436s (0.593s)	Speed 73.4 samples/s	Data 0.001s (0.002s)	Loss 0.05594 (0.07341)
2021-10-27 17:57:59,027 Epoch: [2][150/200]	Time 0.434s (0.583s)	Speed 73.7 samples/s	Data 0.001s (0.002s)	Loss 0.03658 (0.07173)
2021-10-27 17:58:03,504 Epoch: [2][160/200]	Time 0.451s (0.574s)	Speed 70.9 samples/s	Data 0.001s (0.002s)	Loss 0.04305 (0.07073)
2021-10-27 17:58:08,032 Epoch: [2][170/200]	Time 0.447s (0.567s)	Speed 71.6 samples/s	Data 0.001s (0.002s)	Loss 0.05404 (0.06954)
2021-10-27 17:58:13,910 Epoch: [2][180/200]	Time 0.775s (0.568s)	Speed 41.3 samples/s	Data 0.002s (0.002s)	Loss 0.04700 (0.06842)
2021-10-27 17:58:22,274 Epoch: [2][190/200]	Time 0.828s (0.582s)	Speed 38.6 samples/s	Data 0.002s (0.002s)	Loss 0.05196 (0.06726)
2021-10-27 17:58:29,335 Test: [0/200]	Time 0.099 (0.099)	Loss 0.1487 (0.1487)
2021-10-27 17:58:29,675 Test: [10/200]	Time 0.032 (0.040)	Loss 0.0395 (0.1130)
2021-10-27 17:58:30,019 Test: [20/200]	Time 0.033 (0.037)	Loss 0.0914 (0.1148)
2021-10-27 17:58:30,374 Test: [30/200]	Time 0.039 (0.037)	Loss 0.1614 (0.1220)
2021-10-27 17:58:30,754 Test: [40/200]	Time 0.034 (0.037)	Loss 0.1160 (0.1274)
2021-10-27 17:58:31,119 Test: [50/200]	Time 0.035 (0.037)	Loss 0.1605 (0.1265)
2021-10-27 17:58:31,504 Test: [60/200]	Time 0.039 (0.037)	Loss 0.1483 (0.1290)
2021-10-27 17:58:31,911 Test: [70/200]	Time 0.038 (0.038)	Loss 0.1016 (0.1287)
2021-10-27 17:58:32,324 Test: [80/200]	Time 0.040 (0.038)	Loss 0.1409 (0.1272)
2021-10-27 17:58:32,768 Test: [90/200]	Time 0.040 (0.039)	Loss 0.1632 (0.1290)
2021-10-27 17:58:33,184 Test: [100/200]	Time 0.039 (0.039)	Loss 0.2074 (0.1280)
2021-10-27 17:58:33,584 Test: [110/200]	Time 0.040 (0.039)	Loss 0.2064 (0.1287)
2021-10-27 17:58:33,990 Test: [120/200]	Time 0.039 (0.039)	Loss 0.1381 (0.1275)
2021-10-27 17:58:34,399 Test: [130/200]	Time 0.039 (0.039)	Loss 0.1114 (0.1286)
2021-10-27 17:58:34,856 Test: [140/200]	Time 0.039 (0.040)	Loss 0.1029 (0.1280)
2021-10-27 17:58:35,252 Test: [150/200]	Time 0.037 (0.040)	Loss 0.1352 (0.1266)
2021-10-27 17:58:35,648 Test: [160/200]	Time 0.038 (0.040)	Loss 0.1338 (0.1264)
2021-10-27 17:58:36,084 Test: [170/200]	Time 0.039 (0.040)	Loss 0.0909 (0.1250)
2021-10-27 17:58:36,496 Test: [180/200]	Time 0.040 (0.040)	Loss 0.0889 (0.1244)
2021-10-27 17:58:36,927 Test: [190/200]	Time 0.039 (0.040)	Loss 0.0885 (0.1250)
2021-10-27 17:58:38,643 Mean IoU score: 0.717
2021-10-27 17:58:38,644 => saving checkpoint to out
2021-10-27 17:58:39,545 Epoch: [3][0/200]	Time 0.864s (0.864s)	Speed 37.0 samples/s	Data 0.070s (0.070s)	Loss 0.03783 (0.03783)
2021-10-27 17:58:46,477 Epoch: [3][10/200]	Time 0.730s (0.709s)	Speed 43.8 samples/s	Data 0.002s (0.008s)	Loss 0.04080 (0.04406)
2021-10-27 17:58:53,807 Epoch: [3][20/200]	Time 0.719s (0.720s)	Speed 44.5 samples/s	Data 0.002s (0.005s)	Loss 0.04378 (0.04315)
2021-10-27 17:59:00,475 Epoch: [3][30/200]	Time 0.478s (0.703s)	Speed 67.0 samples/s	Data 0.001s (0.004s)	Loss 0.03679 (0.04237)
2021-10-27 17:59:04,839 Epoch: [3][40/200]	Time 0.435s (0.638s)	Speed 73.6 samples/s	Data 0.001s (0.004s)	Loss 0.03768 (0.04215)
2021-10-27 17:59:09,240 Epoch: [3][50/200]	Time 0.451s (0.599s)	Speed 70.9 samples/s	Data 0.001s (0.003s)	Loss 0.04057 (0.04125)
2021-10-27 17:59:13,802 Epoch: [3][60/200]	Time 0.445s (0.576s)	Speed 72.0 samples/s	Data 0.001s (0.003s)	Loss 0.04242 (0.04100)
2021-10-27 17:59:18,332 Epoch: [3][70/200]	Time 0.441s (0.558s)	Speed 72.5 samples/s	Data 0.001s (0.003s)	Loss 0.04791 (0.04096)
2021-10-27 17:59:22,816 Epoch: [3][80/200]	Time 0.451s (0.545s)	Speed 71.0 samples/s	Data 0.001s (0.002s)	Loss 0.03881 (0.04049)
2021-10-27 17:59:27,336 Epoch: [3][90/200]	Time 0.451s (0.535s)	Speed 70.9 samples/s	Data 0.001s (0.002s)	Loss 0.03425 (0.04028)
2021-10-27 17:59:34,061 Epoch: [3][100/200]	Time 0.827s (0.548s)	Speed 38.7 samples/s	Data 0.003s (0.002s)	Loss 0.02926 (0.03961)
2021-10-27 17:59:42,412 Epoch: [3][110/200]	Time 0.793s (0.574s)	Speed 40.4 samples/s	Data 0.002s (0.002s)	Loss 0.03503 (0.03919)
2021-10-27 17:59:50,011 Epoch: [3][120/200]	Time 0.734s (0.590s)	Speed 43.6 samples/s	Data 0.002s (0.002s)	Loss 0.03866 (0.03876)
2021-10-27 17:59:57,474 Epoch: [3][130/200]	Time 0.749s (0.601s)	Speed 42.7 samples/s	Data 0.002s (0.002s)	Loss 0.02915 (0.03830)
2021-10-27 18:00:04,842 Epoch: [3][140/200]	Time 0.744s (0.611s)	Speed 43.0 samples/s	Data 0.002s (0.002s)	Loss 0.03951 (0.03805)
2021-10-27 18:00:12,245 Epoch: [3][150/200]	Time 0.735s (0.620s)	Speed 43.5 samples/s	Data 0.002s (0.002s)	Loss 0.03910 (0.03786)
2021-10-27 18:00:18,197 Epoch: [3][160/200]	Time 0.445s (0.618s)	Speed 72.0 samples/s	Data 0.001s (0.002s)	Loss 0.03306 (0.03764)
2021-10-27 18:00:22,515 Epoch: [3][170/200]	Time 0.438s (0.607s)	Speed 73.0 samples/s	Data 0.001s (0.002s)	Loss 0.04168 (0.03734)
2021-10-27 18:00:26,913 Epoch: [3][180/200]	Time 0.436s (0.598s)	Speed 73.4 samples/s	Data 0.001s (0.002s)	Loss 0.05067 (0.03723)
2021-10-27 18:00:31,331 Epoch: [3][190/200]	Time 0.471s (0.590s)	Speed 67.9 samples/s	Data 0.001s (0.002s)	Loss 0.02715 (0.03683)
2021-10-27 18:00:35,417 Test: [0/200]	Time 0.057 (0.057)	Loss 0.1106 (0.1106)
2021-10-27 18:00:35,632 Test: [10/200]	Time 0.020 (0.025)	Loss 0.0238 (0.0767)
2021-10-27 18:00:35,860 Test: [20/200]	Time 0.020 (0.024)	Loss 0.0743 (0.0812)
2021-10-27 18:00:36,078 Test: [30/200]	Time 0.021 (0.023)	Loss 0.1244 (0.0864)
2021-10-27 18:00:36,309 Test: [40/200]	Time 0.021 (0.023)	Loss 0.0795 (0.0900)
2021-10-27 18:00:36,533 Test: [50/200]	Time 0.022 (0.023)	Loss 0.1105 (0.0897)
2021-10-27 18:00:36,758 Test: [60/200]	Time 0.022 (0.023)	Loss 0.1073 (0.0915)
2021-10-27 18:00:36,982 Test: [70/200]	Time 0.022 (0.023)	Loss 0.0928 (0.0913)
2021-10-27 18:00:37,206 Test: [80/200]	Time 0.022 (0.023)	Loss 0.1112 (0.0902)
2021-10-27 18:00:37,438 Test: [90/200]	Time 0.022 (0.023)	Loss 0.1142 (0.0923)
2021-10-27 18:00:37,727 Test: [100/200]	Time 0.022 (0.023)	Loss 0.1210 (0.0919)
2021-10-27 18:00:37,952 Test: [110/200]	Time 0.022 (0.023)	Loss 0.1727 (0.0928)
2021-10-27 18:00:38,176 Test: [120/200]	Time 0.022 (0.023)	Loss 0.0947 (0.0916)
2021-10-27 18:00:38,411 Test: [130/200]	Time 0.022 (0.023)	Loss 0.0906 (0.0923)
2021-10-27 18:00:38,638 Test: [140/200]	Time 0.022 (0.023)	Loss 0.0909 (0.0917)
2021-10-27 18:00:38,865 Test: [150/200]	Time 0.022 (0.023)	Loss 0.0848 (0.0907)
2021-10-27 18:00:39,094 Test: [160/200]	Time 0.022 (0.023)	Loss 0.0992 (0.0907)
2021-10-27 18:00:39,330 Test: [170/200]	Time 0.022 (0.023)	Loss 0.0833 (0.0899)
2021-10-27 18:00:39,563 Test: [180/200]	Time 0.021 (0.023)	Loss 0.0740 (0.0892)
2021-10-27 18:00:39,800 Test: [190/200]	Time 0.032 (0.023)	Loss 0.0543 (0.0891)
2021-10-27 18:00:40,933 Mean IoU score: 0.799
2021-10-27 18:00:40,934 => saving checkpoint to out
2021-10-27 18:00:41,648 Epoch: [4][0/200]	Time 0.692s (0.692s)	Speed 46.3 samples/s	Data 0.051s (0.051s)	Loss 0.02377 (0.02377)
2021-10-27 18:00:49,006 Epoch: [4][10/200]	Time 0.821s (0.732s)	Speed 39.0 samples/s	Data 0.002s (0.006s)	Loss 0.02863 (0.02823)
2021-10-27 18:00:57,027 Epoch: [4][20/200]	Time 0.777s (0.765s)	Speed 41.2 samples/s	Data 0.002s (0.005s)	Loss 0.02167 (0.02749)
2021-10-27 18:01:04,467 Epoch: [4][30/200]	Time 0.748s (0.758s)	Speed 42.8 samples/s	Data 0.002s (0.004s)	Loss 0.03078 (0.02799)
2021-10-27 18:01:12,104 Epoch: [4][40/200]	Time 0.754s (0.760s)	Speed 42.5 samples/s	Data 0.002s (0.003s)	Loss 0.02772 (0.02803)
2021-10-27 18:01:19,506 Epoch: [4][50/200]	Time 0.743s (0.756s)	Speed 43.1 samples/s	Data 0.002s (0.003s)	Loss 0.02569 (0.02750)
2021-10-27 18:01:25,809 Epoch: [4][60/200]	Time 0.447s (0.735s)	Speed 71.6 samples/s	Data 0.001s (0.003s)	Loss 0.02439 (0.02716)
2021-10-27 18:01:30,168 Epoch: [4][70/200]	Time 0.466s (0.693s)	Speed 68.7 samples/s	Data 0.001s (0.003s)	Loss 0.02351 (0.02681)
2021-10-27 18:01:34,478 Epoch: [4][80/200]	Time 0.424s (0.661s)	Speed 75.4 samples/s	Data 0.001s (0.003s)	Loss 0.02200 (0.02691)
2021-10-27 18:01:38,888 Epoch: [4][90/200]	Time 0.439s (0.637s)	Speed 72.9 samples/s	Data 0.001s (0.002s)	Loss 0.01989 (0.02667)
2021-10-27 18:01:43,378 Epoch: [4][100/200]	Time 0.451s (0.618s)	Speed 70.9 samples/s	Data 0.001s (0.002s)	Loss 0.02816 (0.02665)
2021-10-27 18:01:47,835 Epoch: [4][110/200]	Time 0.438s (0.603s)	Speed 73.0 samples/s	Data 0.001s (0.002s)	Loss 0.02731 (0.02668)
2021-10-27 18:01:52,301 Epoch: [4][120/200]	Time 0.455s (0.590s)	Speed 70.3 samples/s	Data 0.001s (0.002s)	Loss 0.02695 (0.02674)
2021-10-27 18:01:56,942 Epoch: [4][130/200]	Time 0.505s (0.580s)	Speed 63.3 samples/s	Data 0.001s (0.002s)	Loss 0.02322 (0.02667)
2021-10-27 18:02:04,453 Epoch: [4][140/200]	Time 0.853s (0.592s)	Speed 37.5 samples/s	Data 0.002s (0.002s)	Loss 0.02358 (0.02647)
2021-10-27 18:02:12,633 Epoch: [4][150/200]	Time 0.772s (0.607s)	Speed 41.5 samples/s	Data 0.002s (0.002s)	Loss 0.02713 (0.02634)
2021-10-27 18:02:20,274 Epoch: [4][160/200]	Time 0.741s (0.617s)	Speed 43.2 samples/s	Data 0.002s (0.002s)	Loss 0.02209 (0.02627)
2021-10-27 18:02:27,716 Epoch: [4][170/200]	Time 0.739s (0.624s)	Speed 43.3 samples/s	Data 0.002s (0.002s)	Loss 0.02465 (0.02619)
2021-10-27 18:02:35,037 Epoch: [4][180/200]	Time 0.735s (0.630s)	Speed 43.6 samples/s	Data 0.002s (0.002s)	Loss 0.02757 (0.02610)
2021-10-27 18:02:42,429 Epoch: [4][190/200]	Time 0.728s (0.636s)	Speed 44.0 samples/s	Data 0.002s (0.002s)	Loss 0.02287 (0.02610)
2021-10-27 18:02:48,886 Test: [0/200]	Time 0.073 (0.073)	Loss 0.1086 (0.1086)
2021-10-27 18:02:49,170 Test: [10/200]	Time 0.023 (0.032)	Loss 0.0256 (0.0727)
2021-10-27 18:02:49,401 Test: [20/200]	Time 0.022 (0.028)	Loss 0.0637 (0.0748)
2021-10-27 18:02:49,657 Test: [30/200]	Time 0.022 (0.027)	Loss 0.1092 (0.0792)
2021-10-27 18:02:49,887 Test: [40/200]	Time 0.022 (0.026)	Loss 0.0781 (0.0822)
2021-10-27 18:02:50,111 Test: [50/200]	Time 0.022 (0.025)	Loss 0.0947 (0.0812)
2021-10-27 18:02:50,338 Test: [60/200]	Time 0.022 (0.025)	Loss 0.0887 (0.0825)
2021-10-27 18:02:50,564 Test: [70/200]	Time 0.022 (0.025)	Loss 0.0674 (0.0825)
2021-10-27 18:02:50,789 Test: [80/200]	Time 0.022 (0.024)	Loss 0.0828 (0.0810)
2021-10-27 18:02:51,014 Test: [90/200]	Time 0.021 (0.024)	Loss 0.0873 (0.0833)
2021-10-27 18:02:51,246 Test: [100/200]	Time 0.022 (0.024)	Loss 0.1033 (0.0825)
2021-10-27 18:02:51,476 Test: [110/200]	Time 0.022 (0.024)	Loss 0.1480 (0.0832)
2021-10-27 18:02:51,708 Test: [120/200]	Time 0.022 (0.024)	Loss 0.0741 (0.0819)
2021-10-27 18:02:51,934 Test: [130/200]	Time 0.021 (0.024)	Loss 0.0738 (0.0826)
2021-10-27 18:02:52,155 Test: [140/200]	Time 0.021 (0.024)	Loss 0.0864 (0.0820)
2021-10-27 18:02:52,375 Test: [150/200]	Time 0.021 (0.024)	Loss 0.0689 (0.0810)
2021-10-27 18:02:52,599 Test: [160/200]	Time 0.021 (0.024)	Loss 0.0895 (0.0808)
2021-10-27 18:02:52,819 Test: [170/200]	Time 0.021 (0.023)	Loss 0.0511 (0.0801)
2021-10-27 18:02:53,047 Test: [180/200]	Time 0.022 (0.023)	Loss 0.0484 (0.0795)
2021-10-27 18:02:53,274 Test: [190/200]	Time 0.022 (0.023)	Loss 0.0444 (0.0795)
2021-10-27 18:02:54,228 Mean IoU score: 0.814
2021-10-27 18:02:54,229 => saving checkpoint to out
2021-10-27 18:02:54,253 saving final model state to out/final_state.pth.tar
